ARM GAS  /tmp/cctQDRV9.s 			page 1


   1              		.cpu cortex-m7
   2              		.eabi_attribute 28, 1
   3              		.eabi_attribute 20, 1
   4              		.eabi_attribute 21, 1
   5              		.eabi_attribute 23, 3
   6              		.eabi_attribute 24, 1
   7              		.eabi_attribute 25, 1
   8              		.eabi_attribute 26, 1
   9              		.eabi_attribute 30, 1
  10              		.eabi_attribute 34, 1
  11              		.eabi_attribute 18, 4
  12              		.file	"gpio.c"
  13              		.text
  14              	.Ltext0:
  15              		.cfi_sections	.debug_frame
  16              		.section	.text.MX_GPIO_Init,"ax",%progbits
  17              		.align	1
  18              		.global	MX_GPIO_Init
  19              		.syntax unified
  20              		.thumb
  21              		.thumb_func
  22              		.fpu fpv5-d16
  24              	MX_GPIO_Init:
  25              	.LFB350:
  26              		.file 1 "Core/Src/gpio.c"
   1:Core/Src/gpio.c **** /* USER CODE BEGIN Header */
   2:Core/Src/gpio.c **** /**
   3:Core/Src/gpio.c ****   ******************************************************************************
   4:Core/Src/gpio.c ****   * @file    gpio.c
   5:Core/Src/gpio.c ****   * @brief   This file provides code for the configuration
   6:Core/Src/gpio.c ****   *          of all used GPIO pins.
   7:Core/Src/gpio.c ****   ******************************************************************************
   8:Core/Src/gpio.c ****   * @attention
   9:Core/Src/gpio.c ****   *
  10:Core/Src/gpio.c ****   * Copyright (c) 2023 STMicroelectronics.
  11:Core/Src/gpio.c ****   * All rights reserved.
  12:Core/Src/gpio.c ****   *
  13:Core/Src/gpio.c ****   * This software is licensed under terms that can be found in the LICENSE file
  14:Core/Src/gpio.c ****   * in the root directory of this software component.
  15:Core/Src/gpio.c ****   * If no LICENSE file comes with this software, it is provided AS-IS.
  16:Core/Src/gpio.c ****   *
  17:Core/Src/gpio.c ****   ******************************************************************************
  18:Core/Src/gpio.c ****   */
  19:Core/Src/gpio.c **** /* USER CODE END Header */
  20:Core/Src/gpio.c **** 
  21:Core/Src/gpio.c **** /* Includes ------------------------------------------------------------------*/
  22:Core/Src/gpio.c **** #include "gpio.h"
  23:Core/Src/gpio.c **** 
  24:Core/Src/gpio.c **** /* USER CODE BEGIN 0 */
  25:Core/Src/gpio.c **** 
  26:Core/Src/gpio.c **** /* USER CODE END 0 */
  27:Core/Src/gpio.c **** 
  28:Core/Src/gpio.c **** /*----------------------------------------------------------------------------*/
  29:Core/Src/gpio.c **** /* Configure GPIO                                                             */
  30:Core/Src/gpio.c **** /*----------------------------------------------------------------------------*/
  31:Core/Src/gpio.c **** /* USER CODE BEGIN 1 */
  32:Core/Src/gpio.c **** 
ARM GAS  /tmp/cctQDRV9.s 			page 2


  33:Core/Src/gpio.c **** /* USER CODE END 1 */
  34:Core/Src/gpio.c **** 
  35:Core/Src/gpio.c **** /** Configure pins
  36:Core/Src/gpio.c ****      PH0-OSC_IN (PH0)   ------> RCC_OSC_IN
  37:Core/Src/gpio.c ****      PH1-OSC_OUT (PH1)   ------> RCC_OSC_OUT
  38:Core/Src/gpio.c **** */
  39:Core/Src/gpio.c **** void MX_GPIO_Init(void)
  40:Core/Src/gpio.c **** {
  27              		.loc 1 40 0
  28              		.cfi_startproc
  29              		@ args = 0, pretend = 0, frame = 32
  30              		@ frame_needed = 0, uses_anonymous_args = 0
  31 0000 F0B5     		push	{r4, r5, r6, r7, lr}
  32              	.LCFI0:
  33              		.cfi_def_cfa_offset 20
  34              		.cfi_offset 4, -20
  35              		.cfi_offset 5, -16
  36              		.cfi_offset 6, -12
  37              		.cfi_offset 7, -8
  38              		.cfi_offset 14, -4
  39 0002 89B0     		sub	sp, sp, #36
  40              	.LCFI1:
  41              		.cfi_def_cfa_offset 56
  41:Core/Src/gpio.c **** 
  42:Core/Src/gpio.c ****   GPIO_InitTypeDef GPIO_InitStruct = {0};
  42              		.loc 1 42 0
  43 0004 0024     		movs	r4, #0
  44 0006 0394     		str	r4, [sp, #12]
  45 0008 0494     		str	r4, [sp, #16]
  46 000a 0594     		str	r4, [sp, #20]
  47 000c 0694     		str	r4, [sp, #24]
  48 000e 0794     		str	r4, [sp, #28]
  49              	.LBB2:
  43:Core/Src/gpio.c **** 
  44:Core/Src/gpio.c ****   /* GPIO Ports Clock Enable */
  45:Core/Src/gpio.c ****   __HAL_RCC_GPIOC_CLK_ENABLE();
  50              		.loc 1 45 0
  51 0010 244B     		ldr	r3, .L3
  52 0012 D3F8E020 		ldr	r2, [r3, #224]
  53 0016 42F00402 		orr	r2, r2, #4
  54 001a C3F8E020 		str	r2, [r3, #224]
  55 001e D3F8E020 		ldr	r2, [r3, #224]
  56 0022 02F00402 		and	r2, r2, #4
  57 0026 0092     		str	r2, [sp]
  58 0028 009A     		ldr	r2, [sp]
  59              	.LBE2:
  60              	.LBB3:
  46:Core/Src/gpio.c ****   __HAL_RCC_GPIOH_CLK_ENABLE();
  61              		.loc 1 46 0
  62 002a D3F8E020 		ldr	r2, [r3, #224]
  63 002e 42F08002 		orr	r2, r2, #128
  64 0032 C3F8E020 		str	r2, [r3, #224]
  65 0036 D3F8E020 		ldr	r2, [r3, #224]
  66 003a 02F08002 		and	r2, r2, #128
  67 003e 0192     		str	r2, [sp, #4]
  68 0040 019A     		ldr	r2, [sp, #4]
  69              	.LBE3:
ARM GAS  /tmp/cctQDRV9.s 			page 3


  70              	.LBB4:
  47:Core/Src/gpio.c ****   __HAL_RCC_GPIOA_CLK_ENABLE();
  71              		.loc 1 47 0
  72 0042 D3F8E020 		ldr	r2, [r3, #224]
  73 0046 42F00102 		orr	r2, r2, #1
  74 004a C3F8E020 		str	r2, [r3, #224]
  75 004e D3F8E030 		ldr	r3, [r3, #224]
  76 0052 03F00103 		and	r3, r3, #1
  77 0056 0293     		str	r3, [sp, #8]
  78 0058 029B     		ldr	r3, [sp, #8]
  79              	.LBE4:
  48:Core/Src/gpio.c **** 
  49:Core/Src/gpio.c ****   /*Configure GPIO pin Output Level */
  50:Core/Src/gpio.c ****   HAL_GPIO_WritePin(BLUE_LED_GPIO_Port, BLUE_LED_Pin, GPIO_PIN_RESET);
  80              		.loc 1 50 0
  81 005a 134F     		ldr	r7, .L3+4
  82 005c 2246     		mov	r2, r4
  83 005e 4FF40051 		mov	r1, #8192
  84 0062 3846     		mov	r0, r7
  85 0064 FFF7FEFF 		bl	HAL_GPIO_WritePin
  86              	.LVL0:
  51:Core/Src/gpio.c **** 
  52:Core/Src/gpio.c ****   /*Configure GPIO pin Output Level */
  53:Core/Src/gpio.c ****   HAL_GPIO_WritePin(GPIOA, RES_Pin|DC_Pin|CS_Pin|BLK_Pin, GPIO_PIN_SET);
  87              		.loc 1 53 0
  88 0068 104D     		ldr	r5, .L3+8
  89 006a 0122     		movs	r2, #1
  90 006c 0F21     		movs	r1, #15
  91 006e 2846     		mov	r0, r5
  92 0070 FFF7FEFF 		bl	HAL_GPIO_WritePin
  93              	.LVL1:
  54:Core/Src/gpio.c **** 
  55:Core/Src/gpio.c ****   /*Configure GPIO pin : PtPin */
  56:Core/Src/gpio.c ****   GPIO_InitStruct.Pin = BLUE_LED_Pin;
  94              		.loc 1 56 0
  95 0074 4FF40053 		mov	r3, #8192
  96 0078 0393     		str	r3, [sp, #12]
  57:Core/Src/gpio.c ****   GPIO_InitStruct.Mode = GPIO_MODE_OUTPUT_PP;
  97              		.loc 1 57 0
  98 007a 0126     		movs	r6, #1
  99 007c 0496     		str	r6, [sp, #16]
  58:Core/Src/gpio.c ****   GPIO_InitStruct.Pull = GPIO_NOPULL;
 100              		.loc 1 58 0
 101 007e 0594     		str	r4, [sp, #20]
  59:Core/Src/gpio.c ****   GPIO_InitStruct.Speed = GPIO_SPEED_FREQ_LOW;
 102              		.loc 1 59 0
 103 0080 0694     		str	r4, [sp, #24]
  60:Core/Src/gpio.c ****   HAL_GPIO_Init(BLUE_LED_GPIO_Port, &GPIO_InitStruct);
 104              		.loc 1 60 0
 105 0082 03A9     		add	r1, sp, #12
 106 0084 3846     		mov	r0, r7
 107 0086 FFF7FEFF 		bl	HAL_GPIO_Init
 108              	.LVL2:
  61:Core/Src/gpio.c **** 
  62:Core/Src/gpio.c ****   /*Configure GPIO pins : PAPin PAPin PAPin PAPin */
  63:Core/Src/gpio.c ****   GPIO_InitStruct.Pin = RES_Pin|DC_Pin|CS_Pin|BLK_Pin;
 109              		.loc 1 63 0
ARM GAS  /tmp/cctQDRV9.s 			page 4


 110 008a 0F23     		movs	r3, #15
 111 008c 0393     		str	r3, [sp, #12]
  64:Core/Src/gpio.c ****   GPIO_InitStruct.Mode = GPIO_MODE_OUTPUT_PP;
 112              		.loc 1 64 0
 113 008e 0496     		str	r6, [sp, #16]
  65:Core/Src/gpio.c ****   GPIO_InitStruct.Pull = GPIO_NOPULL;
 114              		.loc 1 65 0
 115 0090 0594     		str	r4, [sp, #20]
  66:Core/Src/gpio.c ****   GPIO_InitStruct.Speed = GPIO_SPEED_FREQ_HIGH;
 116              		.loc 1 66 0
 117 0092 0223     		movs	r3, #2
 118 0094 0693     		str	r3, [sp, #24]
  67:Core/Src/gpio.c ****   HAL_GPIO_Init(GPIOA, &GPIO_InitStruct);
 119              		.loc 1 67 0
 120 0096 03A9     		add	r1, sp, #12
 121 0098 2846     		mov	r0, r5
 122 009a FFF7FEFF 		bl	HAL_GPIO_Init
 123              	.LVL3:
  68:Core/Src/gpio.c **** 
  69:Core/Src/gpio.c **** }
 124              		.loc 1 69 0
 125 009e 09B0     		add	sp, sp, #36
 126              	.LCFI2:
 127              		.cfi_def_cfa_offset 20
 128              		@ sp needed
 129 00a0 F0BD     		pop	{r4, r5, r6, r7, pc}
 130              	.L4:
 131 00a2 00BF     		.align	2
 132              	.L3:
 133 00a4 00440258 		.word	1476543488
 134 00a8 00080258 		.word	1476528128
 135 00ac 00000258 		.word	1476526080
 136              		.cfi_endproc
 137              	.LFE350:
 139              		.text
 140              	.Letext0:
 141              		.file 2 "/opt/gcc-arm-none-eabi-7-2017-q4-major/arm-none-eabi/include/machine/_default_types.h"
 142              		.file 3 "/opt/gcc-arm-none-eabi-7-2017-q4-major/arm-none-eabi/include/sys/_stdint.h"
 143              		.file 4 "Drivers/CMSIS/Include/core_cm7.h"
 144              		.file 5 "Drivers/CMSIS/Device/ST/STM32H7xx/Include/system_stm32h7xx.h"
 145              		.file 6 "Drivers/CMSIS/Device/ST/STM32H7xx/Include/stm32h743xx.h"
 146              		.file 7 "/opt/gcc-arm-none-eabi-7-2017-q4-major/arm-none-eabi/include/sys/lock.h"
 147              		.file 8 "/opt/gcc-arm-none-eabi-7-2017-q4-major/arm-none-eabi/include/sys/_types.h"
 148              		.file 9 "/opt/gcc-arm-none-eabi-7-2017-q4-major/lib/gcc/arm-none-eabi/7.2.1/include/stddef.h"
 149              		.file 10 "/opt/gcc-arm-none-eabi-7-2017-q4-major/arm-none-eabi/include/sys/reent.h"
 150              		.file 11 "/opt/gcc-arm-none-eabi-7-2017-q4-major/arm-none-eabi/include/math.h"
 151              		.file 12 "Drivers/STM32H7xx_HAL_Driver/Inc/stm32h7xx_hal_def.h"
 152              		.file 13 "Drivers/STM32H7xx_HAL_Driver/Inc/stm32h7xx_hal_gpio.h"
 153              		.file 14 "Drivers/STM32H7xx_HAL_Driver/Inc/stm32h7xx_hal_dma.h"
 154              		.file 15 "Drivers/STM32H7xx_HAL_Driver/Inc/stm32h7xx_hal_flash.h"
 155              		.file 16 "Drivers/STM32H7xx_HAL_Driver/Inc/stm32h7xx_hal_spi.h"
 156              		.file 17 "Drivers/STM32H7xx_HAL_Driver/Inc/stm32h7xx_hal.h"
 157              		.file 18 "Drivers/lvgl/lvgl/src/hal/../draw/../misc/../font/../misc/lv_area.h"
 158              		.file 19 "Drivers/lvgl/lvgl/src/hal/../draw/../misc/../font/lv_font.h"
 159              		.file 20 "Drivers/lvgl/lvgl/src/hal/../draw/../misc/lv_color.h"
 160              		.file 21 "Drivers/lvgl/lvgl/src/hal/../draw/../misc/lv_txt.h"
 161              		.file 22 "Drivers/lvgl/lvgl/src/hal/../draw/../misc/lv_style.h"
ARM GAS  /tmp/cctQDRV9.s 			page 5


 162              		.file 23 "Drivers/lvgl/lvgl/src/core/lv_obj.h"
 163              		.file 24 "Drivers/lvgl/lvgl/src/hal/../misc/lv_ll.h"
 164              		.file 25 "Drivers/lvgl/lvgl/src/core/lv_group.h"
 165              		.file 26 "Drivers/lvgl/lvgl/src/core/lv_obj_scroll.h"
 166              		.file 27 "Drivers/lvgl/lvgl/src/core/lv_obj_style.h"
 167              		.file 28 "Drivers/lvgl/lvgl/src/core/lv_obj_class.h"
 168              		.file 29 "Drivers/lvgl/lvgl/src/core/lv_event.h"
 169              		.file 30 "Drivers/lvgl/lvgl/src/widgets/lv_arc.h"
 170              		.file 31 "Drivers/lvgl/lvgl/src/widgets/lv_btn.h"
 171              		.file 32 "Drivers/lvgl/lvgl/src/widgets/lv_img.h"
 172              		.file 33 "Drivers/lvgl/lvgl/src/widgets/lv_label.h"
 173              		.file 34 "Drivers/lvgl/lvgl/src/widgets/lv_line.h"
 174              		.file 35 "Drivers/lvgl/lvgl/src/widgets/lv_table.h"
 175              		.file 36 "Drivers/lvgl/lvgl/src/widgets/lv_checkbox.h"
 176              		.file 37 "Drivers/lvgl/lvgl/src/widgets/lv_bar.h"
 177              		.file 38 "Drivers/lvgl/lvgl/src/widgets/lv_slider.h"
 178              		.file 39 "Drivers/lvgl/lvgl/src/widgets/lv_btnmatrix.h"
 179              		.file 40 "Drivers/lvgl/lvgl/src/widgets/lv_dropdown.h"
 180              		.file 41 "Drivers/lvgl/lvgl/src/widgets/lv_roller.h"
 181              		.file 42 "Drivers/lvgl/lvgl/src/widgets/lv_textarea.h"
 182              		.file 43 "Drivers/lvgl/lvgl/src/widgets/lv_canvas.h"
 183              		.file 44 "Drivers/lvgl/lvgl/src/widgets/lv_switch.h"
 184              		.file 45 "Drivers/lvgl/lvgl/src/extra/layouts/flex/lv_flex.h"
 185              		.file 46 "Drivers/lvgl/lvgl/src/extra/layouts/grid/lv_grid.h"
 186              		.file 47 "Drivers/lvgl/lvgl/src/extra/widgets/animimg/lv_animimg.h"
 187              		.file 48 "Drivers/lvgl/lvgl/src/extra/widgets/calendar/lv_calendar.h"
 188              		.file 49 "Drivers/lvgl/lvgl/src/extra/widgets/calendar/lv_calendar_header_arrow.h"
 189              		.file 50 "Drivers/lvgl/lvgl/src/extra/widgets/calendar/lv_calendar_header_dropdown.h"
 190              		.file 51 "Drivers/lvgl/lvgl/src/extra/widgets/chart/lv_chart.h"
 191              		.file 52 "Drivers/lvgl/lvgl/src/extra/widgets/keyboard/lv_keyboard.h"
 192              		.file 53 "Drivers/lvgl/lvgl/src/extra/widgets/list/lv_list.h"
 193              		.file 54 "Drivers/lvgl/lvgl/src/extra/widgets/menu/lv_menu.h"
 194              		.file 55 "Drivers/lvgl/lvgl/src/extra/widgets/msgbox/lv_msgbox.h"
 195              		.file 56 "Drivers/lvgl/lvgl/src/extra/widgets/meter/lv_meter.h"
 196              		.file 57 "Drivers/lvgl/lvgl/src/extra/widgets/spinbox/lv_spinbox.h"
 197              		.file 58 "Drivers/lvgl/lvgl/src/extra/widgets/spinner/lv_spinner.h"
 198              		.file 59 "Drivers/lvgl/lvgl/src/extra/widgets/tabview/lv_tabview.h"
 199              		.file 60 "Drivers/lvgl/lvgl/src/extra/widgets/tileview/lv_tileview.h"
 200              		.file 61 "Drivers/lvgl/lvgl/src/extra/widgets/win/lv_win.h"
 201              		.file 62 "Drivers/lvgl/lvgl/src/extra/widgets/colorwheel/lv_colorwheel.h"
 202              		.file 63 "Drivers/lvgl/lvgl/src/extra/widgets/led/lv_led.h"
 203              		.file 64 "Drivers/lvgl/lvgl/src/extra/widgets/imgbtn/lv_imgbtn.h"
 204              		.file 65 "Drivers/lvgl/lvgl/src/extra/widgets/span/lv_span.h"
 205              		.file 66 "Drivers/ST7789/fonts.h"
 206              		.file 67 "Drivers/ST7789/st7789.h"
ARM GAS  /tmp/cctQDRV9.s 			page 6


DEFINED SYMBOLS
                            *ABS*:0000000000000000 gpio.c
     /tmp/cctQDRV9.s:17     .text.MX_GPIO_Init:0000000000000000 $t
     /tmp/cctQDRV9.s:24     .text.MX_GPIO_Init:0000000000000000 MX_GPIO_Init
     /tmp/cctQDRV9.s:133    .text.MX_GPIO_Init:00000000000000a4 $d

UNDEFINED SYMBOLS
HAL_GPIO_WritePin
HAL_GPIO_Init
