ARM GAS  /tmp/cckibKly.s 			page 1


   1              		.cpu cortex-m7
   2              		.eabi_attribute 28, 1
   3              		.eabi_attribute 20, 1
   4              		.eabi_attribute 21, 1
   5              		.eabi_attribute 23, 3
   6              		.eabi_attribute 24, 1
   7              		.eabi_attribute 25, 1
   8              		.eabi_attribute 26, 1
   9              		.eabi_attribute 30, 1
  10              		.eabi_attribute 34, 1
  11              		.eabi_attribute 18, 4
  12              		.file	"lv_async.c"
  13              		.text
  14              	.Ltext0:
  15              		.cfi_sections	.debug_frame
  16              		.section	.text.lv_async_timer_cb,"ax",%progbits
  17              		.align	1
  18              		.syntax unified
  19              		.thumb
  20              		.thumb_func
  21              		.fpu fpv5-d16
  23              	lv_async_timer_cb:
  24              	.LFB4:
  25              		.file 1 "Drivers/lvgl/lvgl/src/misc/lv_async.c"
   1:Drivers/lvgl/lvgl/src/misc/lv_async.c **** /**
   2:Drivers/lvgl/lvgl/src/misc/lv_async.c ****  * @file lv_async.c
   3:Drivers/lvgl/lvgl/src/misc/lv_async.c ****  *
   4:Drivers/lvgl/lvgl/src/misc/lv_async.c ****  */
   5:Drivers/lvgl/lvgl/src/misc/lv_async.c **** 
   6:Drivers/lvgl/lvgl/src/misc/lv_async.c **** /*********************
   7:Drivers/lvgl/lvgl/src/misc/lv_async.c ****  *      INCLUDES
   8:Drivers/lvgl/lvgl/src/misc/lv_async.c ****  *********************/
   9:Drivers/lvgl/lvgl/src/misc/lv_async.c **** 
  10:Drivers/lvgl/lvgl/src/misc/lv_async.c **** #include "lv_async.h"
  11:Drivers/lvgl/lvgl/src/misc/lv_async.c **** #include "lv_mem.h"
  12:Drivers/lvgl/lvgl/src/misc/lv_async.c **** #include "lv_timer.h"
  13:Drivers/lvgl/lvgl/src/misc/lv_async.c **** 
  14:Drivers/lvgl/lvgl/src/misc/lv_async.c **** /*********************
  15:Drivers/lvgl/lvgl/src/misc/lv_async.c ****  *      DEFINES
  16:Drivers/lvgl/lvgl/src/misc/lv_async.c ****  *********************/
  17:Drivers/lvgl/lvgl/src/misc/lv_async.c **** 
  18:Drivers/lvgl/lvgl/src/misc/lv_async.c **** /**********************
  19:Drivers/lvgl/lvgl/src/misc/lv_async.c ****  *      TYPEDEFS
  20:Drivers/lvgl/lvgl/src/misc/lv_async.c ****  **********************/
  21:Drivers/lvgl/lvgl/src/misc/lv_async.c **** 
  22:Drivers/lvgl/lvgl/src/misc/lv_async.c **** typedef struct _lv_async_info_t {
  23:Drivers/lvgl/lvgl/src/misc/lv_async.c ****     lv_async_cb_t cb;
  24:Drivers/lvgl/lvgl/src/misc/lv_async.c ****     void * user_data;
  25:Drivers/lvgl/lvgl/src/misc/lv_async.c **** } lv_async_info_t;
  26:Drivers/lvgl/lvgl/src/misc/lv_async.c **** 
  27:Drivers/lvgl/lvgl/src/misc/lv_async.c **** /**********************
  28:Drivers/lvgl/lvgl/src/misc/lv_async.c ****  *  STATIC PROTOTYPES
  29:Drivers/lvgl/lvgl/src/misc/lv_async.c ****  **********************/
  30:Drivers/lvgl/lvgl/src/misc/lv_async.c **** 
  31:Drivers/lvgl/lvgl/src/misc/lv_async.c **** static void lv_async_timer_cb(lv_timer_t * timer);
  32:Drivers/lvgl/lvgl/src/misc/lv_async.c **** 
  33:Drivers/lvgl/lvgl/src/misc/lv_async.c **** /**********************
ARM GAS  /tmp/cckibKly.s 			page 2


  34:Drivers/lvgl/lvgl/src/misc/lv_async.c ****  *  STATIC VARIABLES
  35:Drivers/lvgl/lvgl/src/misc/lv_async.c ****  **********************/
  36:Drivers/lvgl/lvgl/src/misc/lv_async.c **** 
  37:Drivers/lvgl/lvgl/src/misc/lv_async.c **** /**********************
  38:Drivers/lvgl/lvgl/src/misc/lv_async.c ****  *      MACROS
  39:Drivers/lvgl/lvgl/src/misc/lv_async.c ****  **********************/
  40:Drivers/lvgl/lvgl/src/misc/lv_async.c **** 
  41:Drivers/lvgl/lvgl/src/misc/lv_async.c **** /**********************
  42:Drivers/lvgl/lvgl/src/misc/lv_async.c ****  *   GLOBAL FUNCTIONS
  43:Drivers/lvgl/lvgl/src/misc/lv_async.c ****  **********************/
  44:Drivers/lvgl/lvgl/src/misc/lv_async.c **** 
  45:Drivers/lvgl/lvgl/src/misc/lv_async.c **** lv_res_t lv_async_call(lv_async_cb_t async_xcb, void * user_data)
  46:Drivers/lvgl/lvgl/src/misc/lv_async.c **** {
  47:Drivers/lvgl/lvgl/src/misc/lv_async.c ****     /*Allocate an info structure*/
  48:Drivers/lvgl/lvgl/src/misc/lv_async.c ****     lv_async_info_t * info = lv_mem_alloc(sizeof(lv_async_info_t));
  49:Drivers/lvgl/lvgl/src/misc/lv_async.c **** 
  50:Drivers/lvgl/lvgl/src/misc/lv_async.c ****     if(info == NULL)
  51:Drivers/lvgl/lvgl/src/misc/lv_async.c ****         return LV_RES_INV;
  52:Drivers/lvgl/lvgl/src/misc/lv_async.c **** 
  53:Drivers/lvgl/lvgl/src/misc/lv_async.c ****     /*Create a new timer*/
  54:Drivers/lvgl/lvgl/src/misc/lv_async.c ****     lv_timer_t * timer = lv_timer_create(lv_async_timer_cb, 0, info);
  55:Drivers/lvgl/lvgl/src/misc/lv_async.c **** 
  56:Drivers/lvgl/lvgl/src/misc/lv_async.c ****     if(timer == NULL) {
  57:Drivers/lvgl/lvgl/src/misc/lv_async.c ****         lv_mem_free(info);
  58:Drivers/lvgl/lvgl/src/misc/lv_async.c ****         return LV_RES_INV;
  59:Drivers/lvgl/lvgl/src/misc/lv_async.c ****     }
  60:Drivers/lvgl/lvgl/src/misc/lv_async.c **** 
  61:Drivers/lvgl/lvgl/src/misc/lv_async.c ****     info->cb = async_xcb;
  62:Drivers/lvgl/lvgl/src/misc/lv_async.c ****     info->user_data = user_data;
  63:Drivers/lvgl/lvgl/src/misc/lv_async.c **** 
  64:Drivers/lvgl/lvgl/src/misc/lv_async.c ****     lv_timer_set_repeat_count(timer, 1);
  65:Drivers/lvgl/lvgl/src/misc/lv_async.c ****     return LV_RES_OK;
  66:Drivers/lvgl/lvgl/src/misc/lv_async.c **** }
  67:Drivers/lvgl/lvgl/src/misc/lv_async.c **** 
  68:Drivers/lvgl/lvgl/src/misc/lv_async.c **** lv_res_t lv_async_call_cancel(lv_async_cb_t async_xcb, void * user_data)
  69:Drivers/lvgl/lvgl/src/misc/lv_async.c **** {
  70:Drivers/lvgl/lvgl/src/misc/lv_async.c ****     lv_timer_t * timer = lv_timer_get_next(NULL);
  71:Drivers/lvgl/lvgl/src/misc/lv_async.c ****     lv_res_t res = LV_RES_INV;
  72:Drivers/lvgl/lvgl/src/misc/lv_async.c **** 
  73:Drivers/lvgl/lvgl/src/misc/lv_async.c ****     while(timer != NULL) {
  74:Drivers/lvgl/lvgl/src/misc/lv_async.c ****         /*Find the next timer node*/
  75:Drivers/lvgl/lvgl/src/misc/lv_async.c ****         lv_timer_t * timer_next = lv_timer_get_next(timer);
  76:Drivers/lvgl/lvgl/src/misc/lv_async.c **** 
  77:Drivers/lvgl/lvgl/src/misc/lv_async.c ****         /*Find async timer callback*/
  78:Drivers/lvgl/lvgl/src/misc/lv_async.c ****         if(timer->timer_cb == lv_async_timer_cb) {
  79:Drivers/lvgl/lvgl/src/misc/lv_async.c ****             lv_async_info_t * info = (lv_async_info_t *)timer->user_data;
  80:Drivers/lvgl/lvgl/src/misc/lv_async.c **** 
  81:Drivers/lvgl/lvgl/src/misc/lv_async.c ****             /*Match user function callback and user data*/
  82:Drivers/lvgl/lvgl/src/misc/lv_async.c ****             if(info->cb == async_xcb && info->user_data == user_data) {
  83:Drivers/lvgl/lvgl/src/misc/lv_async.c ****                 lv_timer_del(timer);
  84:Drivers/lvgl/lvgl/src/misc/lv_async.c ****                 lv_mem_free(info);
  85:Drivers/lvgl/lvgl/src/misc/lv_async.c ****                 res = LV_RES_OK;
  86:Drivers/lvgl/lvgl/src/misc/lv_async.c ****             }
  87:Drivers/lvgl/lvgl/src/misc/lv_async.c ****         }
  88:Drivers/lvgl/lvgl/src/misc/lv_async.c **** 
  89:Drivers/lvgl/lvgl/src/misc/lv_async.c ****         timer = timer_next;
  90:Drivers/lvgl/lvgl/src/misc/lv_async.c ****     }
ARM GAS  /tmp/cckibKly.s 			page 3


  91:Drivers/lvgl/lvgl/src/misc/lv_async.c **** 
  92:Drivers/lvgl/lvgl/src/misc/lv_async.c ****     return res;
  93:Drivers/lvgl/lvgl/src/misc/lv_async.c **** }
  94:Drivers/lvgl/lvgl/src/misc/lv_async.c **** 
  95:Drivers/lvgl/lvgl/src/misc/lv_async.c **** /**********************
  96:Drivers/lvgl/lvgl/src/misc/lv_async.c ****  *   STATIC FUNCTIONS
  97:Drivers/lvgl/lvgl/src/misc/lv_async.c ****  **********************/
  98:Drivers/lvgl/lvgl/src/misc/lv_async.c **** 
  99:Drivers/lvgl/lvgl/src/misc/lv_async.c **** static void lv_async_timer_cb(lv_timer_t * timer)
 100:Drivers/lvgl/lvgl/src/misc/lv_async.c **** {
  26              		.loc 1 100 0
  27              		.cfi_startproc
  28              		@ args = 0, pretend = 0, frame = 0
  29              		@ frame_needed = 0, uses_anonymous_args = 0
  30              	.LVL0:
  31 0000 10B5     		push	{r4, lr}
  32              	.LCFI0:
  33              		.cfi_def_cfa_offset 8
  34              		.cfi_offset 4, -8
  35              		.cfi_offset 14, -4
 101:Drivers/lvgl/lvgl/src/misc/lv_async.c ****     lv_async_info_t * info = (lv_async_info_t *)timer->user_data;
  36              		.loc 1 101 0
  37 0002 C468     		ldr	r4, [r0, #12]
  38              	.LVL1:
 102:Drivers/lvgl/lvgl/src/misc/lv_async.c **** 
 103:Drivers/lvgl/lvgl/src/misc/lv_async.c ****     info->cb(info->user_data);
  39              		.loc 1 103 0
  40 0004 2368     		ldr	r3, [r4]
  41 0006 6068     		ldr	r0, [r4, #4]
  42              	.LVL2:
  43 0008 9847     		blx	r3
  44              	.LVL3:
 104:Drivers/lvgl/lvgl/src/misc/lv_async.c ****     lv_mem_free(info);
  45              		.loc 1 104 0
  46 000a 2046     		mov	r0, r4
  47 000c FFF7FEFF 		bl	lv_mem_free
  48              	.LVL4:
 105:Drivers/lvgl/lvgl/src/misc/lv_async.c **** }
  49              		.loc 1 105 0
  50 0010 10BD     		pop	{r4, pc}
  51              		.cfi_endproc
  52              	.LFE4:
  54              		.section	.text.lv_async_call,"ax",%progbits
  55              		.align	1
  56              		.global	lv_async_call
  57              		.syntax unified
  58              		.thumb
  59              		.thumb_func
  60              		.fpu fpv5-d16
  62              	lv_async_call:
  63              	.LFB2:
  46:Drivers/lvgl/lvgl/src/misc/lv_async.c ****     /*Allocate an info structure*/
  64              		.loc 1 46 0
  65              		.cfi_startproc
  66              		@ args = 0, pretend = 0, frame = 0
  67              		@ frame_needed = 0, uses_anonymous_args = 0
  68              	.LVL5:
ARM GAS  /tmp/cckibKly.s 			page 4


  69 0000 70B5     		push	{r4, r5, r6, lr}
  70              	.LCFI1:
  71              		.cfi_def_cfa_offset 16
  72              		.cfi_offset 4, -16
  73              		.cfi_offset 5, -12
  74              		.cfi_offset 6, -8
  75              		.cfi_offset 14, -4
  76 0002 0646     		mov	r6, r0
  77 0004 0D46     		mov	r5, r1
  48:Drivers/lvgl/lvgl/src/misc/lv_async.c **** 
  78              		.loc 1 48 0
  79 0006 0820     		movs	r0, #8
  80              	.LVL6:
  81 0008 FFF7FEFF 		bl	lv_mem_alloc
  82              	.LVL7:
  50:Drivers/lvgl/lvgl/src/misc/lv_async.c ****         return LV_RES_INV;
  83              		.loc 1 50 0
  84 000c 90B1     		cbz	r0, .L6
  85 000e 0446     		mov	r4, r0
  54:Drivers/lvgl/lvgl/src/misc/lv_async.c **** 
  86              		.loc 1 54 0
  87 0010 0246     		mov	r2, r0
  88 0012 0021     		movs	r1, #0
  89 0014 0848     		ldr	r0, .L9
  90              	.LVL8:
  91 0016 FFF7FEFF 		bl	lv_timer_create
  92              	.LVL9:
  56:Drivers/lvgl/lvgl/src/misc/lv_async.c ****         lv_mem_free(info);
  93              		.loc 1 56 0
  94 001a 30B1     		cbz	r0, .L8
  61:Drivers/lvgl/lvgl/src/misc/lv_async.c ****     info->user_data = user_data;
  95              		.loc 1 61 0
  96 001c 2660     		str	r6, [r4]
  62:Drivers/lvgl/lvgl/src/misc/lv_async.c **** 
  97              		.loc 1 62 0
  98 001e 6560     		str	r5, [r4, #4]
  64:Drivers/lvgl/lvgl/src/misc/lv_async.c ****     return LV_RES_OK;
  99              		.loc 1 64 0
 100 0020 0121     		movs	r1, #1
 101 0022 FFF7FEFF 		bl	lv_timer_set_repeat_count
 102              	.LVL10:
  65:Drivers/lvgl/lvgl/src/misc/lv_async.c **** }
 103              		.loc 1 65 0
 104 0026 0120     		movs	r0, #1
 105 0028 05E0     		b	.L4
 106              	.LVL11:
 107              	.L8:
  57:Drivers/lvgl/lvgl/src/misc/lv_async.c ****         return LV_RES_INV;
 108              		.loc 1 57 0
 109 002a 2046     		mov	r0, r4
 110              	.LVL12:
 111 002c FFF7FEFF 		bl	lv_mem_free
 112              	.LVL13:
  58:Drivers/lvgl/lvgl/src/misc/lv_async.c ****     }
 113              		.loc 1 58 0
 114 0030 0020     		movs	r0, #0
 115 0032 00E0     		b	.L4
ARM GAS  /tmp/cckibKly.s 			page 5


 116              	.LVL14:
 117              	.L6:
  51:Drivers/lvgl/lvgl/src/misc/lv_async.c **** 
 118              		.loc 1 51 0
 119 0034 0020     		movs	r0, #0
 120              	.LVL15:
 121              	.L4:
  66:Drivers/lvgl/lvgl/src/misc/lv_async.c **** 
 122              		.loc 1 66 0
 123 0036 70BD     		pop	{r4, r5, r6, pc}
 124              	.LVL16:
 125              	.L10:
 126              		.align	2
 127              	.L9:
 128 0038 00000000 		.word	lv_async_timer_cb
 129              		.cfi_endproc
 130              	.LFE2:
 132              		.section	.text.lv_async_call_cancel,"ax",%progbits
 133              		.align	1
 134              		.global	lv_async_call_cancel
 135              		.syntax unified
 136              		.thumb
 137              		.thumb_func
 138              		.fpu fpv5-d16
 140              	lv_async_call_cancel:
 141              	.LFB3:
  69:Drivers/lvgl/lvgl/src/misc/lv_async.c ****     lv_timer_t * timer = lv_timer_get_next(NULL);
 142              		.loc 1 69 0
 143              		.cfi_startproc
 144              		@ args = 0, pretend = 0, frame = 0
 145              		@ frame_needed = 0, uses_anonymous_args = 0
 146              	.LVL17:
 147 0000 2DE9F843 		push	{r3, r4, r5, r6, r7, r8, r9, lr}
 148              	.LCFI2:
 149              		.cfi_def_cfa_offset 32
 150              		.cfi_offset 3, -32
 151              		.cfi_offset 4, -28
 152              		.cfi_offset 5, -24
 153              		.cfi_offset 6, -20
 154              		.cfi_offset 7, -16
 155              		.cfi_offset 8, -12
 156              		.cfi_offset 9, -8
 157              		.cfi_offset 14, -4
 158 0004 0746     		mov	r7, r0
 159 0006 8946     		mov	r9, r1
  70:Drivers/lvgl/lvgl/src/misc/lv_async.c ****     lv_res_t res = LV_RES_INV;
 160              		.loc 1 70 0
 161 0008 0020     		movs	r0, #0
 162              	.LVL18:
 163 000a FFF7FEFF 		bl	lv_timer_get_next
 164              	.LVL19:
 165 000e 0446     		mov	r4, r0
 166              	.LVL20:
  71:Drivers/lvgl/lvgl/src/misc/lv_async.c **** 
 167              		.loc 1 71 0
 168 0010 4FF00008 		mov	r8, #0
  73:Drivers/lvgl/lvgl/src/misc/lv_async.c ****         /*Find the next timer node*/
ARM GAS  /tmp/cckibKly.s 			page 6


 169              		.loc 1 73 0
 170 0014 00E0     		b	.L12
 171              	.LVL21:
 172              	.L13:
 173              	.LBB2:
 174              	.LBB3:
  85:Drivers/lvgl/lvgl/src/misc/lv_async.c ****             }
 175              		.loc 1 85 0
 176 0016 2C46     		mov	r4, r5
 177              	.LVL22:
 178              	.L12:
 179              	.LBE3:
 180              	.LBE2:
  73:Drivers/lvgl/lvgl/src/misc/lv_async.c ****         /*Find the next timer node*/
 181              		.loc 1 73 0
 182 0018 BCB1     		cbz	r4, .L16
 183              	.LBB5:
  75:Drivers/lvgl/lvgl/src/misc/lv_async.c **** 
 184              		.loc 1 75 0
 185 001a 2046     		mov	r0, r4
 186 001c FFF7FEFF 		bl	lv_timer_get_next
 187              	.LVL23:
 188 0020 0546     		mov	r5, r0
 189              	.LVL24:
  78:Drivers/lvgl/lvgl/src/misc/lv_async.c ****             lv_async_info_t * info = (lv_async_info_t *)timer->user_data;
 190              		.loc 1 78 0
 191 0022 A268     		ldr	r2, [r4, #8]
 192 0024 0A4B     		ldr	r3, .L17
 193 0026 9A42     		cmp	r2, r3
 194 0028 F5D1     		bne	.L13
 195              	.LBB4:
  79:Drivers/lvgl/lvgl/src/misc/lv_async.c **** 
 196              		.loc 1 79 0
 197 002a E668     		ldr	r6, [r4, #12]
 198              	.LVL25:
  82:Drivers/lvgl/lvgl/src/misc/lv_async.c ****                 lv_timer_del(timer);
 199              		.loc 1 82 0
 200 002c 3368     		ldr	r3, [r6]
 201 002e BB42     		cmp	r3, r7
 202 0030 F1D1     		bne	.L13
  82:Drivers/lvgl/lvgl/src/misc/lv_async.c ****                 lv_timer_del(timer);
 203              		.loc 1 82 0 is_stmt 0 discriminator 1
 204 0032 7368     		ldr	r3, [r6, #4]
 205 0034 4B45     		cmp	r3, r9
 206 0036 EED1     		bne	.L13
  83:Drivers/lvgl/lvgl/src/misc/lv_async.c ****                 lv_mem_free(info);
 207              		.loc 1 83 0 is_stmt 1
 208 0038 2046     		mov	r0, r4
 209              	.LVL26:
 210 003a FFF7FEFF 		bl	lv_timer_del
 211              	.LVL27:
  84:Drivers/lvgl/lvgl/src/misc/lv_async.c ****                 res = LV_RES_OK;
 212              		.loc 1 84 0
 213 003e 3046     		mov	r0, r6
 214 0040 FFF7FEFF 		bl	lv_mem_free
 215              	.LVL28:
  85:Drivers/lvgl/lvgl/src/misc/lv_async.c ****             }
ARM GAS  /tmp/cckibKly.s 			page 7


 216              		.loc 1 85 0
 217 0044 4FF00108 		mov	r8, #1
 218 0048 E5E7     		b	.L13
 219              	.LVL29:
 220              	.L16:
 221              	.LBE4:
 222              	.LBE5:
  93:Drivers/lvgl/lvgl/src/misc/lv_async.c **** 
 223              		.loc 1 93 0
 224 004a 4046     		mov	r0, r8
 225 004c BDE8F883 		pop	{r3, r4, r5, r6, r7, r8, r9, pc}
 226              	.LVL30:
 227              	.L18:
 228              		.align	2
 229              	.L17:
 230 0050 00000000 		.word	lv_async_timer_cb
 231              		.cfi_endproc
 232              	.LFE3:
 234              		.text
 235              	.Letext0:
 236              		.file 2 "/opt/gcc-arm-none-eabi-7-2017-q4-major/arm-none-eabi/include/machine/_default_types.h"
 237              		.file 3 "/opt/gcc-arm-none-eabi-7-2017-q4-major/arm-none-eabi/include/sys/_stdint.h"
 238              		.file 4 "Drivers/lvgl/lvgl/src/misc/lv_types.h"
 239              		.file 5 "Drivers/lvgl/lvgl/src/misc/lv_async.h"
 240              		.file 6 "/opt/gcc-arm-none-eabi-7-2017-q4-major/arm-none-eabi/include/sys/lock.h"
 241              		.file 7 "/opt/gcc-arm-none-eabi-7-2017-q4-major/arm-none-eabi/include/sys/_types.h"
 242              		.file 8 "/opt/gcc-arm-none-eabi-7-2017-q4-major/lib/gcc/arm-none-eabi/7.2.1/include/stddef.h"
 243              		.file 9 "/opt/gcc-arm-none-eabi-7-2017-q4-major/arm-none-eabi/include/sys/reent.h"
 244              		.file 10 "Drivers/lvgl/lvgl/src/misc/lv_timer.h"
 245              		.file 11 "Drivers/lvgl/lvgl/src/misc/lv_mem.h"
ARM GAS  /tmp/cckibKly.s 			page 8


DEFINED SYMBOLS
                            *ABS*:0000000000000000 lv_async.c
     /tmp/cckibKly.s:17     .text.lv_async_timer_cb:0000000000000000 $t
     /tmp/cckibKly.s:23     .text.lv_async_timer_cb:0000000000000000 lv_async_timer_cb
     /tmp/cckibKly.s:55     .text.lv_async_call:0000000000000000 $t
     /tmp/cckibKly.s:62     .text.lv_async_call:0000000000000000 lv_async_call
     /tmp/cckibKly.s:128    .text.lv_async_call:0000000000000038 $d
     /tmp/cckibKly.s:133    .text.lv_async_call_cancel:0000000000000000 $t
     /tmp/cckibKly.s:140    .text.lv_async_call_cancel:0000000000000000 lv_async_call_cancel
     /tmp/cckibKly.s:230    .text.lv_async_call_cancel:0000000000000050 $d

UNDEFINED SYMBOLS
lv_mem_free
lv_mem_alloc
lv_timer_create
lv_timer_set_repeat_count
lv_timer_get_next
lv_timer_del
