ARM GAS  /tmp/ccGv5GhJ.s 			page 1


   1              		.cpu cortex-m7
   2              		.eabi_attribute 28, 1
   3              		.eabi_attribute 20, 1
   4              		.eabi_attribute 21, 1
   5              		.eabi_attribute 23, 3
   6              		.eabi_attribute 24, 1
   7              		.eabi_attribute 25, 1
   8              		.eabi_attribute 26, 1
   9              		.eabi_attribute 30, 1
  10              		.eabi_attribute 34, 1
  11              		.eabi_attribute 18, 4
  12              		.file	"lv_btn.c"
  13              		.text
  14              	.Ltext0:
  15              		.cfi_sections	.debug_frame
  16              		.section	.text.lv_btn_constructor,"ax",%progbits
  17              		.align	1
  18              		.syntax unified
  19              		.thumb
  20              		.thumb_func
  21              		.fpu fpv5-d16
  23              	lv_btn_constructor:
  24              	.LFB165:
  25              		.file 1 "Drivers/lvgl/lvgl/src/widgets/lv_btn.c"
   1:Drivers/lvgl/lvgl/src/widgets/lv_btn.c **** /**
   2:Drivers/lvgl/lvgl/src/widgets/lv_btn.c ****  * @file lv_btn.c
   3:Drivers/lvgl/lvgl/src/widgets/lv_btn.c ****  *
   4:Drivers/lvgl/lvgl/src/widgets/lv_btn.c ****  */
   5:Drivers/lvgl/lvgl/src/widgets/lv_btn.c **** 
   6:Drivers/lvgl/lvgl/src/widgets/lv_btn.c **** /*********************
   7:Drivers/lvgl/lvgl/src/widgets/lv_btn.c ****  *      INCLUDES
   8:Drivers/lvgl/lvgl/src/widgets/lv_btn.c ****  *********************/
   9:Drivers/lvgl/lvgl/src/widgets/lv_btn.c **** 
  10:Drivers/lvgl/lvgl/src/widgets/lv_btn.c **** #include "lv_btn.h"
  11:Drivers/lvgl/lvgl/src/widgets/lv_btn.c **** #if LV_USE_BTN != 0
  12:Drivers/lvgl/lvgl/src/widgets/lv_btn.c **** 
  13:Drivers/lvgl/lvgl/src/widgets/lv_btn.c **** #include "../extra/layouts/flex/lv_flex.h"
  14:Drivers/lvgl/lvgl/src/widgets/lv_btn.c **** 
  15:Drivers/lvgl/lvgl/src/widgets/lv_btn.c **** /*********************
  16:Drivers/lvgl/lvgl/src/widgets/lv_btn.c ****  *      DEFINES
  17:Drivers/lvgl/lvgl/src/widgets/lv_btn.c ****  *********************/
  18:Drivers/lvgl/lvgl/src/widgets/lv_btn.c **** #define MY_CLASS &lv_btn_class
  19:Drivers/lvgl/lvgl/src/widgets/lv_btn.c **** 
  20:Drivers/lvgl/lvgl/src/widgets/lv_btn.c **** /**********************
  21:Drivers/lvgl/lvgl/src/widgets/lv_btn.c ****  *      TYPEDEFS
  22:Drivers/lvgl/lvgl/src/widgets/lv_btn.c ****  **********************/
  23:Drivers/lvgl/lvgl/src/widgets/lv_btn.c **** 
  24:Drivers/lvgl/lvgl/src/widgets/lv_btn.c **** /**********************
  25:Drivers/lvgl/lvgl/src/widgets/lv_btn.c ****  *  STATIC PROTOTYPES
  26:Drivers/lvgl/lvgl/src/widgets/lv_btn.c ****  **********************/
  27:Drivers/lvgl/lvgl/src/widgets/lv_btn.c **** static void lv_btn_constructor(const lv_obj_class_t * class_p, lv_obj_t * obj);
  28:Drivers/lvgl/lvgl/src/widgets/lv_btn.c **** 
  29:Drivers/lvgl/lvgl/src/widgets/lv_btn.c **** /**********************
  30:Drivers/lvgl/lvgl/src/widgets/lv_btn.c ****  *  STATIC VARIABLES
  31:Drivers/lvgl/lvgl/src/widgets/lv_btn.c ****  **********************/
  32:Drivers/lvgl/lvgl/src/widgets/lv_btn.c **** const lv_obj_class_t lv_btn_class  = {
  33:Drivers/lvgl/lvgl/src/widgets/lv_btn.c ****     .constructor_cb = lv_btn_constructor,
ARM GAS  /tmp/ccGv5GhJ.s 			page 2


  34:Drivers/lvgl/lvgl/src/widgets/lv_btn.c ****     .width_def = LV_SIZE_CONTENT,
  35:Drivers/lvgl/lvgl/src/widgets/lv_btn.c ****     .height_def = LV_SIZE_CONTENT,
  36:Drivers/lvgl/lvgl/src/widgets/lv_btn.c ****     .group_def = LV_OBJ_CLASS_GROUP_DEF_TRUE,
  37:Drivers/lvgl/lvgl/src/widgets/lv_btn.c ****     .instance_size = sizeof(lv_btn_t),
  38:Drivers/lvgl/lvgl/src/widgets/lv_btn.c ****     .base_class = &lv_obj_class
  39:Drivers/lvgl/lvgl/src/widgets/lv_btn.c **** };
  40:Drivers/lvgl/lvgl/src/widgets/lv_btn.c **** 
  41:Drivers/lvgl/lvgl/src/widgets/lv_btn.c **** /**********************
  42:Drivers/lvgl/lvgl/src/widgets/lv_btn.c ****  *      MACROS
  43:Drivers/lvgl/lvgl/src/widgets/lv_btn.c ****  **********************/
  44:Drivers/lvgl/lvgl/src/widgets/lv_btn.c **** 
  45:Drivers/lvgl/lvgl/src/widgets/lv_btn.c **** /**********************
  46:Drivers/lvgl/lvgl/src/widgets/lv_btn.c ****  *   GLOBAL FUNCTIONS
  47:Drivers/lvgl/lvgl/src/widgets/lv_btn.c ****  **********************/
  48:Drivers/lvgl/lvgl/src/widgets/lv_btn.c **** 
  49:Drivers/lvgl/lvgl/src/widgets/lv_btn.c **** lv_obj_t * lv_btn_create(lv_obj_t * parent)
  50:Drivers/lvgl/lvgl/src/widgets/lv_btn.c **** {
  51:Drivers/lvgl/lvgl/src/widgets/lv_btn.c ****     LV_LOG_INFO("begin");
  52:Drivers/lvgl/lvgl/src/widgets/lv_btn.c ****     lv_obj_t * obj = lv_obj_class_create_obj(MY_CLASS, parent);
  53:Drivers/lvgl/lvgl/src/widgets/lv_btn.c ****     lv_obj_class_init_obj(obj);
  54:Drivers/lvgl/lvgl/src/widgets/lv_btn.c ****     return obj;
  55:Drivers/lvgl/lvgl/src/widgets/lv_btn.c **** }
  56:Drivers/lvgl/lvgl/src/widgets/lv_btn.c **** 
  57:Drivers/lvgl/lvgl/src/widgets/lv_btn.c **** /**********************
  58:Drivers/lvgl/lvgl/src/widgets/lv_btn.c ****  *   STATIC FUNCTIONS
  59:Drivers/lvgl/lvgl/src/widgets/lv_btn.c ****  **********************/
  60:Drivers/lvgl/lvgl/src/widgets/lv_btn.c **** 
  61:Drivers/lvgl/lvgl/src/widgets/lv_btn.c **** static void lv_btn_constructor(const lv_obj_class_t * class_p, lv_obj_t * obj)
  62:Drivers/lvgl/lvgl/src/widgets/lv_btn.c **** {
  26              		.loc 1 62 0
  27              		.cfi_startproc
  28              		@ args = 0, pretend = 0, frame = 0
  29              		@ frame_needed = 0, uses_anonymous_args = 0
  30              	.LVL0:
  31 0000 10B5     		push	{r4, lr}
  32              	.LCFI0:
  33              		.cfi_def_cfa_offset 8
  34              		.cfi_offset 4, -8
  35              		.cfi_offset 14, -4
  36 0002 0C46     		mov	r4, r1
  63:Drivers/lvgl/lvgl/src/widgets/lv_btn.c ****     LV_UNUSED(class_p);
  64:Drivers/lvgl/lvgl/src/widgets/lv_btn.c ****     LV_TRACE_OBJ_CREATE("begin");
  65:Drivers/lvgl/lvgl/src/widgets/lv_btn.c **** 
  66:Drivers/lvgl/lvgl/src/widgets/lv_btn.c ****     lv_obj_clear_flag(obj, LV_OBJ_FLAG_SCROLLABLE);
  37              		.loc 1 66 0
  38 0004 1021     		movs	r1, #16
  39              	.LVL1:
  40 0006 2046     		mov	r0, r4
  41              	.LVL2:
  42 0008 FFF7FEFF 		bl	lv_obj_clear_flag
  43              	.LVL3:
  67:Drivers/lvgl/lvgl/src/widgets/lv_btn.c ****     lv_obj_add_flag(obj, LV_OBJ_FLAG_SCROLL_ON_FOCUS);
  44              		.loc 1 67 0
  45 000c 4FF48061 		mov	r1, #1024
  46 0010 2046     		mov	r0, r4
  47 0012 FFF7FEFF 		bl	lv_obj_add_flag
  48              	.LVL4:
ARM GAS  /tmp/ccGv5GhJ.s 			page 3


  68:Drivers/lvgl/lvgl/src/widgets/lv_btn.c **** 
  69:Drivers/lvgl/lvgl/src/widgets/lv_btn.c ****     LV_TRACE_OBJ_CREATE("finished");
  70:Drivers/lvgl/lvgl/src/widgets/lv_btn.c **** }
  49              		.loc 1 70 0
  50 0016 10BD     		pop	{r4, pc}
  51              		.cfi_endproc
  52              	.LFE165:
  54              		.section	.text.lv_btn_create,"ax",%progbits
  55              		.align	1
  56              		.global	lv_btn_create
  57              		.syntax unified
  58              		.thumb
  59              		.thumb_func
  60              		.fpu fpv5-d16
  62              	lv_btn_create:
  63              	.LFB164:
  50:Drivers/lvgl/lvgl/src/widgets/lv_btn.c ****     LV_LOG_INFO("begin");
  64              		.loc 1 50 0
  65              		.cfi_startproc
  66              		@ args = 0, pretend = 0, frame = 0
  67              		@ frame_needed = 0, uses_anonymous_args = 0
  68              	.LVL5:
  69 0000 10B5     		push	{r4, lr}
  70              	.LCFI1:
  71              		.cfi_def_cfa_offset 8
  72              		.cfi_offset 4, -8
  73              		.cfi_offset 14, -4
  52:Drivers/lvgl/lvgl/src/widgets/lv_btn.c ****     lv_obj_class_init_obj(obj);
  74              		.loc 1 52 0
  75 0002 0146     		mov	r1, r0
  76 0004 0348     		ldr	r0, .L5
  77              	.LVL6:
  78 0006 FFF7FEFF 		bl	lv_obj_class_create_obj
  79              	.LVL7:
  80 000a 0446     		mov	r4, r0
  81              	.LVL8:
  53:Drivers/lvgl/lvgl/src/widgets/lv_btn.c ****     return obj;
  82              		.loc 1 53 0
  83 000c FFF7FEFF 		bl	lv_obj_class_init_obj
  84              	.LVL9:
  55:Drivers/lvgl/lvgl/src/widgets/lv_btn.c **** 
  85              		.loc 1 55 0
  86 0010 2046     		mov	r0, r4
  87 0012 10BD     		pop	{r4, pc}
  88              	.LVL10:
  89              	.L6:
  90              		.align	2
  91              	.L5:
  92 0014 00000000 		.word	.LANCHOR0
  93              		.cfi_endproc
  94              	.LFE164:
  96              		.global	lv_btn_class
  97              		.section	.rodata.lv_btn_class,"a",%progbits
  98              		.align	2
  99              		.set	.LANCHOR0,. + 0
 102              	lv_btn_class:
 103 0000 00000000 		.word	lv_obj_class
ARM GAS  /tmp/ccGv5GhJ.s 			page 4


 104 0004 00000000 		.word	lv_btn_constructor
 105 0008 00000000 		.space	12
 105      00000000 
 105      00000000 
 106 0014 D127     		.short	10193
 107 0016 D127     		.short	10193
 108 0018 44       		.byte	68
 109 0019 02       		.byte	2
 110 001a 00       		.byte	0
 111 001b 00       		.space	1
 112              		.text
 113              	.Letext0:
 114              		.file 2 "/opt/gcc-arm-none-eabi-7-2017-q4-major/arm-none-eabi/include/machine/_default_types.h"
 115              		.file 3 "/opt/gcc-arm-none-eabi-7-2017-q4-major/arm-none-eabi/include/sys/_stdint.h"
 116              		.file 4 "Drivers/lvgl/lvgl/src/widgets/../core/../misc/../font/../misc/lv_area.h"
 117              		.file 5 "Drivers/lvgl/lvgl/src/widgets/../core/../misc/../font/lv_font.h"
 118              		.file 6 "/opt/gcc-arm-none-eabi-7-2017-q4-major/arm-none-eabi/include/sys/lock.h"
 119              		.file 7 "/opt/gcc-arm-none-eabi-7-2017-q4-major/arm-none-eabi/include/sys/_types.h"
 120              		.file 8 "/opt/gcc-arm-none-eabi-7-2017-q4-major/lib/gcc/arm-none-eabi/7.2.1/include/stddef.h"
 121              		.file 9 "/opt/gcc-arm-none-eabi-7-2017-q4-major/arm-none-eabi/include/sys/reent.h"
 122              		.file 10 "Drivers/lvgl/lvgl/src/widgets/../core/../misc/lv_color.h"
 123              		.file 11 "Drivers/lvgl/lvgl/src/widgets/../core/../misc/lv_txt.h"
 124              		.file 12 "Drivers/lvgl/lvgl/src/widgets/../core/../misc/lv_style.h"
 125              		.file 13 "Drivers/lvgl/lvgl/src/widgets/../core/lv_obj.h"
 126              		.file 14 "Drivers/lvgl/lvgl/src/widgets/../core/../hal/../misc/lv_ll.h"
 127              		.file 15 "Drivers/lvgl/lvgl/src/widgets/../core/lv_group.h"
 128              		.file 16 "Drivers/lvgl/lvgl/src/widgets/../core/lv_obj_scroll.h"
 129              		.file 17 "Drivers/lvgl/lvgl/src/widgets/../core/lv_obj_style.h"
 130              		.file 18 "Drivers/lvgl/lvgl/src/widgets/../core/lv_obj_class.h"
 131              		.file 19 "Drivers/lvgl/lvgl/src/widgets/../core/lv_event.h"
 132              		.file 20 "Drivers/lvgl/lvgl/src/widgets/lv_btn.h"
 133              		.file 21 "Drivers/lvgl/lvgl/src/widgets/../extra/layouts/flex/lv_flex.h"
ARM GAS  /tmp/ccGv5GhJ.s 			page 5


DEFINED SYMBOLS
                            *ABS*:0000000000000000 lv_btn.c
     /tmp/ccGv5GhJ.s:17     .text.lv_btn_constructor:0000000000000000 $t
     /tmp/ccGv5GhJ.s:23     .text.lv_btn_constructor:0000000000000000 lv_btn_constructor
     /tmp/ccGv5GhJ.s:55     .text.lv_btn_create:0000000000000000 $t
     /tmp/ccGv5GhJ.s:62     .text.lv_btn_create:0000000000000000 lv_btn_create
     /tmp/ccGv5GhJ.s:92     .text.lv_btn_create:0000000000000014 $d
     /tmp/ccGv5GhJ.s:102    .rodata.lv_btn_class:0000000000000000 lv_btn_class
     /tmp/ccGv5GhJ.s:98     .rodata.lv_btn_class:0000000000000000 $d

UNDEFINED SYMBOLS
lv_obj_clear_flag
lv_obj_add_flag
lv_obj_class_create_obj
lv_obj_class_init_obj
lv_obj_class
