ARM GAS  /tmp/ccDtYVjW.s 			page 1


   1              		.cpu cortex-m7
   2              		.eabi_attribute 28, 1
   3              		.eabi_attribute 20, 1
   4              		.eabi_attribute 21, 1
   5              		.eabi_attribute 23, 3
   6              		.eabi_attribute 24, 1
   7              		.eabi_attribute 25, 1
   8              		.eabi_attribute 26, 1
   9              		.eabi_attribute 30, 1
  10              		.eabi_attribute 34, 1
  11              		.eabi_attribute 18, 4
  12              		.file	"lv_draw_triangle.c"
  13              		.text
  14              	.Ltext0:
  15              		.cfi_sections	.debug_frame
  16              		.section	.text.lv_draw_polygon,"ax",%progbits
  17              		.align	1
  18              		.global	lv_draw_polygon
  19              		.syntax unified
  20              		.thumb
  21              		.thumb_func
  22              		.fpu fpv5-d16
  24              	lv_draw_polygon:
  25              	.LFB55:
  26              		.file 1 "Drivers/lvgl/lvgl/src/draw/lv_draw_triangle.c"
   1:Drivers/lvgl/lvgl/src/draw/lv_draw_triangle.c **** /**
   2:Drivers/lvgl/lvgl/src/draw/lv_draw_triangle.c ****  * @file lv_draw_triangle.c
   3:Drivers/lvgl/lvgl/src/draw/lv_draw_triangle.c ****  *
   4:Drivers/lvgl/lvgl/src/draw/lv_draw_triangle.c ****  */
   5:Drivers/lvgl/lvgl/src/draw/lv_draw_triangle.c **** 
   6:Drivers/lvgl/lvgl/src/draw/lv_draw_triangle.c **** /*********************
   7:Drivers/lvgl/lvgl/src/draw/lv_draw_triangle.c ****  *      INCLUDES
   8:Drivers/lvgl/lvgl/src/draw/lv_draw_triangle.c ****  *********************/
   9:Drivers/lvgl/lvgl/src/draw/lv_draw_triangle.c **** #include "lv_draw.h"
  10:Drivers/lvgl/lvgl/src/draw/lv_draw_triangle.c **** #include "lv_draw_triangle.h"
  11:Drivers/lvgl/lvgl/src/draw/lv_draw_triangle.c **** #include "../misc/lv_math.h"
  12:Drivers/lvgl/lvgl/src/draw/lv_draw_triangle.c **** #include "../misc/lv_mem.h"
  13:Drivers/lvgl/lvgl/src/draw/lv_draw_triangle.c **** 
  14:Drivers/lvgl/lvgl/src/draw/lv_draw_triangle.c **** /*********************
  15:Drivers/lvgl/lvgl/src/draw/lv_draw_triangle.c ****  *      DEFINES
  16:Drivers/lvgl/lvgl/src/draw/lv_draw_triangle.c ****  *********************/
  17:Drivers/lvgl/lvgl/src/draw/lv_draw_triangle.c **** 
  18:Drivers/lvgl/lvgl/src/draw/lv_draw_triangle.c **** /**********************
  19:Drivers/lvgl/lvgl/src/draw/lv_draw_triangle.c ****  *      TYPEDEFS
  20:Drivers/lvgl/lvgl/src/draw/lv_draw_triangle.c ****  **********************/
  21:Drivers/lvgl/lvgl/src/draw/lv_draw_triangle.c **** 
  22:Drivers/lvgl/lvgl/src/draw/lv_draw_triangle.c **** /**********************
  23:Drivers/lvgl/lvgl/src/draw/lv_draw_triangle.c ****  *  STATIC PROTOTYPES
  24:Drivers/lvgl/lvgl/src/draw/lv_draw_triangle.c ****  **********************/
  25:Drivers/lvgl/lvgl/src/draw/lv_draw_triangle.c **** 
  26:Drivers/lvgl/lvgl/src/draw/lv_draw_triangle.c **** /**********************
  27:Drivers/lvgl/lvgl/src/draw/lv_draw_triangle.c ****  *  STATIC VARIABLES
  28:Drivers/lvgl/lvgl/src/draw/lv_draw_triangle.c ****  **********************/
  29:Drivers/lvgl/lvgl/src/draw/lv_draw_triangle.c **** 
  30:Drivers/lvgl/lvgl/src/draw/lv_draw_triangle.c **** /**********************
  31:Drivers/lvgl/lvgl/src/draw/lv_draw_triangle.c ****  *      MACROS
  32:Drivers/lvgl/lvgl/src/draw/lv_draw_triangle.c ****  **********************/
ARM GAS  /tmp/ccDtYVjW.s 			page 2


  33:Drivers/lvgl/lvgl/src/draw/lv_draw_triangle.c **** 
  34:Drivers/lvgl/lvgl/src/draw/lv_draw_triangle.c **** /**********************
  35:Drivers/lvgl/lvgl/src/draw/lv_draw_triangle.c ****  *   GLOBAL FUNCTIONS
  36:Drivers/lvgl/lvgl/src/draw/lv_draw_triangle.c ****  **********************/
  37:Drivers/lvgl/lvgl/src/draw/lv_draw_triangle.c **** 
  38:Drivers/lvgl/lvgl/src/draw/lv_draw_triangle.c **** void lv_draw_polygon(struct _lv_draw_ctx_t * draw_ctx, const lv_draw_rect_dsc_t * draw_dsc, const l
  39:Drivers/lvgl/lvgl/src/draw/lv_draw_triangle.c ****                      uint16_t point_cnt)
  40:Drivers/lvgl/lvgl/src/draw/lv_draw_triangle.c **** {
  27              		.loc 1 40 0
  28              		.cfi_startproc
  29              		@ args = 0, pretend = 0, frame = 0
  30              		@ frame_needed = 0, uses_anonymous_args = 0
  31              	.LVL0:
  32 0000 10B5     		push	{r4, lr}
  33              	.LCFI0:
  34              		.cfi_def_cfa_offset 8
  35              		.cfi_offset 4, -8
  36              		.cfi_offset 14, -4
  41:Drivers/lvgl/lvgl/src/draw/lv_draw_triangle.c ****     draw_ctx->draw_polygon(draw_ctx, draw_dsc, points, point_cnt);
  37              		.loc 1 41 0
  38 0002 846A     		ldr	r4, [r0, #40]
  39 0004 A047     		blx	r4
  40              	.LVL1:
  42:Drivers/lvgl/lvgl/src/draw/lv_draw_triangle.c **** }
  41              		.loc 1 42 0
  42 0006 10BD     		pop	{r4, pc}
  43              		.cfi_endproc
  44              	.LFE55:
  46              		.section	.text.lv_draw_triangle,"ax",%progbits
  47              		.align	1
  48              		.global	lv_draw_triangle
  49              		.syntax unified
  50              		.thumb
  51              		.thumb_func
  52              		.fpu fpv5-d16
  54              	lv_draw_triangle:
  55              	.LFB56:
  43:Drivers/lvgl/lvgl/src/draw/lv_draw_triangle.c **** 
  44:Drivers/lvgl/lvgl/src/draw/lv_draw_triangle.c **** void lv_draw_triangle(struct _lv_draw_ctx_t * draw_ctx, const lv_draw_rect_dsc_t * draw_dsc, const 
  45:Drivers/lvgl/lvgl/src/draw/lv_draw_triangle.c **** {
  56              		.loc 1 45 0
  57              		.cfi_startproc
  58              		@ args = 0, pretend = 0, frame = 0
  59              		@ frame_needed = 0, uses_anonymous_args = 0
  60              	.LVL2:
  61 0000 10B5     		push	{r4, lr}
  62              	.LCFI1:
  63              		.cfi_def_cfa_offset 8
  64              		.cfi_offset 4, -8
  65              		.cfi_offset 14, -4
  46:Drivers/lvgl/lvgl/src/draw/lv_draw_triangle.c **** 
  47:Drivers/lvgl/lvgl/src/draw/lv_draw_triangle.c ****     draw_ctx->draw_polygon(draw_ctx, draw_dsc, points, 3);
  66              		.loc 1 47 0
  67 0002 846A     		ldr	r4, [r0, #40]
  68 0004 0323     		movs	r3, #3
  69 0006 A047     		blx	r4
  70              	.LVL3:
ARM GAS  /tmp/ccDtYVjW.s 			page 3


  48:Drivers/lvgl/lvgl/src/draw/lv_draw_triangle.c **** }
  71              		.loc 1 48 0
  72 0008 10BD     		pop	{r4, pc}
  73              		.cfi_endproc
  74              	.LFE56:
  76              		.text
  77              	.Letext0:
  78              		.file 2 "/opt/gcc-arm-none-eabi-7-2017-q4-major/arm-none-eabi/include/machine/_default_types.h"
  79              		.file 3 "/opt/gcc-arm-none-eabi-7-2017-q4-major/arm-none-eabi/include/sys/_stdint.h"
  80              		.file 4 "/opt/gcc-arm-none-eabi-7-2017-q4-major/lib/gcc/arm-none-eabi/7.2.1/include/stddef.h"
  81              		.file 5 "Drivers/lvgl/lvgl/src/draw/../misc/../font/../misc/lv_area.h"
  82              		.file 6 "Drivers/lvgl/lvgl/src/draw/../misc/../font/lv_font.h"
  83              		.file 7 "Drivers/lvgl/lvgl/src/draw/../misc/lv_types.h"
  84              		.file 8 "/opt/gcc-arm-none-eabi-7-2017-q4-major/arm-none-eabi/include/sys/lock.h"
  85              		.file 9 "/opt/gcc-arm-none-eabi-7-2017-q4-major/arm-none-eabi/include/sys/_types.h"
  86              		.file 10 "/opt/gcc-arm-none-eabi-7-2017-q4-major/arm-none-eabi/include/sys/reent.h"
  87              		.file 11 "Drivers/lvgl/lvgl/src/draw/../misc/lv_color.h"
  88              		.file 12 "Drivers/lvgl/lvgl/src/draw/../misc/lv_txt.h"
  89              		.file 13 "Drivers/lvgl/lvgl/src/draw/../misc/lv_bidi.h"
  90              		.file 14 "Drivers/lvgl/lvgl/src/draw/../misc/lv_style.h"
  91              		.file 15 "Drivers/lvgl/lvgl/src/draw/lv_img_buf.h"
  92              		.file 16 "Drivers/lvgl/lvgl/src/draw/lv_draw_rect.h"
  93              		.file 17 "Drivers/lvgl/lvgl/src/draw/lv_draw_label.h"
  94              		.file 18 "Drivers/lvgl/lvgl/src/draw/lv_draw_img.h"
  95              		.file 19 "Drivers/lvgl/lvgl/src/draw/lv_draw_line.h"
  96              		.file 20 "Drivers/lvgl/lvgl/src/draw/lv_draw_arc.h"
  97              		.file 21 "Drivers/lvgl/lvgl/src/draw/lv_draw_layer.h"
  98              		.file 22 "Drivers/lvgl/lvgl/src/draw/lv_draw.h"
ARM GAS  /tmp/ccDtYVjW.s 			page 4


DEFINED SYMBOLS
                            *ABS*:0000000000000000 lv_draw_triangle.c
     /tmp/ccDtYVjW.s:17     .text.lv_draw_polygon:0000000000000000 $t
     /tmp/ccDtYVjW.s:24     .text.lv_draw_polygon:0000000000000000 lv_draw_polygon
     /tmp/ccDtYVjW.s:47     .text.lv_draw_triangle:0000000000000000 $t
     /tmp/ccDtYVjW.s:54     .text.lv_draw_triangle:0000000000000000 lv_draw_triangle

NO UNDEFINED SYMBOLS
