ARM GAS  /tmp/ccgn2NtE.s 			page 1


   1              		.cpu cortex-m7
   2              		.eabi_attribute 28, 1
   3              		.eabi_attribute 20, 1
   4              		.eabi_attribute 21, 1
   5              		.eabi_attribute 23, 3
   6              		.eabi_attribute 24, 1
   7              		.eabi_attribute 25, 1
   8              		.eabi_attribute 26, 1
   9              		.eabi_attribute 30, 1
  10              		.eabi_attribute 34, 1
  11              		.eabi_attribute 18, 4
  12              		.file	"lv_draw_line.c"
  13              		.text
  14              	.Ltext0:
  15              		.cfi_sections	.debug_frame
  16              		.section	.text.lv_draw_line_dsc_init,"ax",%progbits
  17              		.align	1
  18              		.global	lv_draw_line_dsc_init
  19              		.syntax unified
  20              		.thumb
  21              		.thumb_func
  22              		.fpu fpv5-d16
  24              	lv_draw_line_dsc_init:
  25              	.LFB159:
  26              		.file 1 "Drivers/lvgl/lvgl/src/draw/lv_draw_line.c"
   1:Drivers/lvgl/lvgl/src/draw/lv_draw_line.c **** /**
   2:Drivers/lvgl/lvgl/src/draw/lv_draw_line.c ****  * @file lv_draw_line.c
   3:Drivers/lvgl/lvgl/src/draw/lv_draw_line.c ****  *
   4:Drivers/lvgl/lvgl/src/draw/lv_draw_line.c ****  */
   5:Drivers/lvgl/lvgl/src/draw/lv_draw_line.c **** 
   6:Drivers/lvgl/lvgl/src/draw/lv_draw_line.c **** /*********************
   7:Drivers/lvgl/lvgl/src/draw/lv_draw_line.c ****  *      INCLUDES
   8:Drivers/lvgl/lvgl/src/draw/lv_draw_line.c ****  *********************/
   9:Drivers/lvgl/lvgl/src/draw/lv_draw_line.c **** #include <stdbool.h>
  10:Drivers/lvgl/lvgl/src/draw/lv_draw_line.c **** #include "../core/lv_refr.h"
  11:Drivers/lvgl/lvgl/src/draw/lv_draw_line.c **** #include "../misc/lv_math.h"
  12:Drivers/lvgl/lvgl/src/draw/lv_draw_line.c **** 
  13:Drivers/lvgl/lvgl/src/draw/lv_draw_line.c **** /*********************
  14:Drivers/lvgl/lvgl/src/draw/lv_draw_line.c ****  *      DEFINES
  15:Drivers/lvgl/lvgl/src/draw/lv_draw_line.c ****  *********************/
  16:Drivers/lvgl/lvgl/src/draw/lv_draw_line.c **** 
  17:Drivers/lvgl/lvgl/src/draw/lv_draw_line.c **** /**********************
  18:Drivers/lvgl/lvgl/src/draw/lv_draw_line.c ****  *      TYPEDEFS
  19:Drivers/lvgl/lvgl/src/draw/lv_draw_line.c ****  **********************/
  20:Drivers/lvgl/lvgl/src/draw/lv_draw_line.c **** 
  21:Drivers/lvgl/lvgl/src/draw/lv_draw_line.c **** /**********************
  22:Drivers/lvgl/lvgl/src/draw/lv_draw_line.c ****  *  STATIC PROTOTYPES
  23:Drivers/lvgl/lvgl/src/draw/lv_draw_line.c ****  **********************/
  24:Drivers/lvgl/lvgl/src/draw/lv_draw_line.c **** 
  25:Drivers/lvgl/lvgl/src/draw/lv_draw_line.c **** /**********************
  26:Drivers/lvgl/lvgl/src/draw/lv_draw_line.c ****  *  STATIC VARIABLES
  27:Drivers/lvgl/lvgl/src/draw/lv_draw_line.c ****  **********************/
  28:Drivers/lvgl/lvgl/src/draw/lv_draw_line.c **** 
  29:Drivers/lvgl/lvgl/src/draw/lv_draw_line.c **** /**********************
  30:Drivers/lvgl/lvgl/src/draw/lv_draw_line.c ****  *      MACROS
  31:Drivers/lvgl/lvgl/src/draw/lv_draw_line.c ****  **********************/
  32:Drivers/lvgl/lvgl/src/draw/lv_draw_line.c **** 
ARM GAS  /tmp/ccgn2NtE.s 			page 2


  33:Drivers/lvgl/lvgl/src/draw/lv_draw_line.c **** /**********************
  34:Drivers/lvgl/lvgl/src/draw/lv_draw_line.c ****  *   GLOBAL FUNCTIONS
  35:Drivers/lvgl/lvgl/src/draw/lv_draw_line.c ****  **********************/
  36:Drivers/lvgl/lvgl/src/draw/lv_draw_line.c **** 
  37:Drivers/lvgl/lvgl/src/draw/lv_draw_line.c **** LV_ATTRIBUTE_FAST_MEM void lv_draw_line_dsc_init(lv_draw_line_dsc_t * dsc)
  38:Drivers/lvgl/lvgl/src/draw/lv_draw_line.c **** {
  27              		.loc 1 38 0
  28              		.cfi_startproc
  29              		@ args = 0, pretend = 0, frame = 0
  30              		@ frame_needed = 0, uses_anonymous_args = 0
  31              	.LVL0:
  32 0000 10B5     		push	{r4, lr}
  33              	.LCFI0:
  34              		.cfi_def_cfa_offset 8
  35              		.cfi_offset 4, -8
  36              		.cfi_offset 14, -4
  37 0002 0446     		mov	r4, r0
  39:Drivers/lvgl/lvgl/src/draw/lv_draw_line.c ****     lv_memset_00(dsc, sizeof(lv_draw_line_dsc_t));
  38              		.loc 1 39 0
  39 0004 0A21     		movs	r1, #10
  40 0006 FFF7FEFF 		bl	lv_memset_00
  41              	.LVL1:
  40:Drivers/lvgl/lvgl/src/draw/lv_draw_line.c ****     dsc->width = 1;
  42              		.loc 1 40 0
  43 000a 0123     		movs	r3, #1
  44 000c 6380     		strh	r3, [r4, #2]	@ movhi
  41:Drivers/lvgl/lvgl/src/draw/lv_draw_line.c ****     dsc->opa = LV_OPA_COVER;
  45              		.loc 1 41 0
  46 000e FF23     		movs	r3, #255
  47 0010 2372     		strb	r3, [r4, #8]
  48              	.LVL2:
  49              	.LBB8:
  50              	.LBB9:
  51              	.LBB10:
  52              		.file 2 "Drivers/lvgl/lvgl/src/draw/../core/../misc/lv_color.h"
   1:Drivers/lvgl/lvgl/src/draw/../core/../misc/lv_color.h **** /**
   2:Drivers/lvgl/lvgl/src/draw/../core/../misc/lv_color.h ****  * @file lv_color.h
   3:Drivers/lvgl/lvgl/src/draw/../core/../misc/lv_color.h ****  *
   4:Drivers/lvgl/lvgl/src/draw/../core/../misc/lv_color.h ****  */
   5:Drivers/lvgl/lvgl/src/draw/../core/../misc/lv_color.h **** 
   6:Drivers/lvgl/lvgl/src/draw/../core/../misc/lv_color.h **** #ifndef LV_COLOR_H
   7:Drivers/lvgl/lvgl/src/draw/../core/../misc/lv_color.h **** #define LV_COLOR_H
   8:Drivers/lvgl/lvgl/src/draw/../core/../misc/lv_color.h **** 
   9:Drivers/lvgl/lvgl/src/draw/../core/../misc/lv_color.h **** #ifdef __cplusplus
  10:Drivers/lvgl/lvgl/src/draw/../core/../misc/lv_color.h **** extern "C" {
  11:Drivers/lvgl/lvgl/src/draw/../core/../misc/lv_color.h **** #endif
  12:Drivers/lvgl/lvgl/src/draw/../core/../misc/lv_color.h **** 
  13:Drivers/lvgl/lvgl/src/draw/../core/../misc/lv_color.h **** /*********************
  14:Drivers/lvgl/lvgl/src/draw/../core/../misc/lv_color.h ****  *      INCLUDES
  15:Drivers/lvgl/lvgl/src/draw/../core/../misc/lv_color.h ****  *********************/
  16:Drivers/lvgl/lvgl/src/draw/../core/../misc/lv_color.h **** #include "../lv_conf_internal.h"
  17:Drivers/lvgl/lvgl/src/draw/../core/../misc/lv_color.h **** #include "lv_assert.h"
  18:Drivers/lvgl/lvgl/src/draw/../core/../misc/lv_color.h **** #include "lv_math.h"
  19:Drivers/lvgl/lvgl/src/draw/../core/../misc/lv_color.h **** #include "lv_types.h"
  20:Drivers/lvgl/lvgl/src/draw/../core/../misc/lv_color.h **** 
  21:Drivers/lvgl/lvgl/src/draw/../core/../misc/lv_color.h **** /*Error checking*/
  22:Drivers/lvgl/lvgl/src/draw/../core/../misc/lv_color.h **** #if LV_COLOR_DEPTH == 24
ARM GAS  /tmp/ccgn2NtE.s 			page 3


  23:Drivers/lvgl/lvgl/src/draw/../core/../misc/lv_color.h **** #error "LV_COLOR_DEPTH 24 is deprecated. Use LV_COLOR_DEPTH 32 instead (lv_conf.h)"
  24:Drivers/lvgl/lvgl/src/draw/../core/../misc/lv_color.h **** #endif
  25:Drivers/lvgl/lvgl/src/draw/../core/../misc/lv_color.h **** 
  26:Drivers/lvgl/lvgl/src/draw/../core/../misc/lv_color.h **** #if LV_COLOR_DEPTH != 16 && LV_COLOR_16_SWAP != 0
  27:Drivers/lvgl/lvgl/src/draw/../core/../misc/lv_color.h **** #error "LV_COLOR_16_SWAP requires LV_COLOR_DEPTH == 16. Set it in lv_conf.h"
  28:Drivers/lvgl/lvgl/src/draw/../core/../misc/lv_color.h **** #endif
  29:Drivers/lvgl/lvgl/src/draw/../core/../misc/lv_color.h **** 
  30:Drivers/lvgl/lvgl/src/draw/../core/../misc/lv_color.h **** #include <stdint.h>
  31:Drivers/lvgl/lvgl/src/draw/../core/../misc/lv_color.h **** 
  32:Drivers/lvgl/lvgl/src/draw/../core/../misc/lv_color.h **** /*********************
  33:Drivers/lvgl/lvgl/src/draw/../core/../misc/lv_color.h ****  *      DEFINES
  34:Drivers/lvgl/lvgl/src/draw/../core/../misc/lv_color.h ****  *********************/
  35:Drivers/lvgl/lvgl/src/draw/../core/../misc/lv_color.h **** LV_EXPORT_CONST_INT(LV_COLOR_DEPTH);
  36:Drivers/lvgl/lvgl/src/draw/../core/../misc/lv_color.h **** LV_EXPORT_CONST_INT(LV_COLOR_16_SWAP);
  37:Drivers/lvgl/lvgl/src/draw/../core/../misc/lv_color.h **** 
  38:Drivers/lvgl/lvgl/src/draw/../core/../misc/lv_color.h **** /**
  39:Drivers/lvgl/lvgl/src/draw/../core/../misc/lv_color.h ****  * Opacity percentages.
  40:Drivers/lvgl/lvgl/src/draw/../core/../misc/lv_color.h ****  */
  41:Drivers/lvgl/lvgl/src/draw/../core/../misc/lv_color.h **** enum {
  42:Drivers/lvgl/lvgl/src/draw/../core/../misc/lv_color.h ****     LV_OPA_TRANSP = 0,
  43:Drivers/lvgl/lvgl/src/draw/../core/../misc/lv_color.h ****     LV_OPA_0      = 0,
  44:Drivers/lvgl/lvgl/src/draw/../core/../misc/lv_color.h ****     LV_OPA_10     = 25,
  45:Drivers/lvgl/lvgl/src/draw/../core/../misc/lv_color.h ****     LV_OPA_20     = 51,
  46:Drivers/lvgl/lvgl/src/draw/../core/../misc/lv_color.h ****     LV_OPA_30     = 76,
  47:Drivers/lvgl/lvgl/src/draw/../core/../misc/lv_color.h ****     LV_OPA_40     = 102,
  48:Drivers/lvgl/lvgl/src/draw/../core/../misc/lv_color.h ****     LV_OPA_50     = 127,
  49:Drivers/lvgl/lvgl/src/draw/../core/../misc/lv_color.h ****     LV_OPA_60     = 153,
  50:Drivers/lvgl/lvgl/src/draw/../core/../misc/lv_color.h ****     LV_OPA_70     = 178,
  51:Drivers/lvgl/lvgl/src/draw/../core/../misc/lv_color.h ****     LV_OPA_80     = 204,
  52:Drivers/lvgl/lvgl/src/draw/../core/../misc/lv_color.h ****     LV_OPA_90     = 229,
  53:Drivers/lvgl/lvgl/src/draw/../core/../misc/lv_color.h ****     LV_OPA_100    = 255,
  54:Drivers/lvgl/lvgl/src/draw/../core/../misc/lv_color.h ****     LV_OPA_COVER  = 255,
  55:Drivers/lvgl/lvgl/src/draw/../core/../misc/lv_color.h **** };
  56:Drivers/lvgl/lvgl/src/draw/../core/../misc/lv_color.h **** 
  57:Drivers/lvgl/lvgl/src/draw/../core/../misc/lv_color.h **** #define LV_OPA_MIN 2    /*Opacities below this will be transparent*/
  58:Drivers/lvgl/lvgl/src/draw/../core/../misc/lv_color.h **** #define LV_OPA_MAX 253  /*Opacities above this will fully cover*/
  59:Drivers/lvgl/lvgl/src/draw/../core/../misc/lv_color.h **** 
  60:Drivers/lvgl/lvgl/src/draw/../core/../misc/lv_color.h **** #if LV_COLOR_DEPTH == 1
  61:Drivers/lvgl/lvgl/src/draw/../core/../misc/lv_color.h **** #define LV_COLOR_SIZE 8
  62:Drivers/lvgl/lvgl/src/draw/../core/../misc/lv_color.h **** #elif LV_COLOR_DEPTH == 8
  63:Drivers/lvgl/lvgl/src/draw/../core/../misc/lv_color.h **** #define LV_COLOR_SIZE 8
  64:Drivers/lvgl/lvgl/src/draw/../core/../misc/lv_color.h **** #elif LV_COLOR_DEPTH == 16
  65:Drivers/lvgl/lvgl/src/draw/../core/../misc/lv_color.h **** #define LV_COLOR_SIZE 16
  66:Drivers/lvgl/lvgl/src/draw/../core/../misc/lv_color.h **** #elif LV_COLOR_DEPTH == 32
  67:Drivers/lvgl/lvgl/src/draw/../core/../misc/lv_color.h **** #define LV_COLOR_SIZE 32
  68:Drivers/lvgl/lvgl/src/draw/../core/../misc/lv_color.h **** #else
  69:Drivers/lvgl/lvgl/src/draw/../core/../misc/lv_color.h **** #error "Invalid LV_COLOR_DEPTH in lv_conf.h! Set it to 1, 8, 16 or 32!"
  70:Drivers/lvgl/lvgl/src/draw/../core/../misc/lv_color.h **** #endif
  71:Drivers/lvgl/lvgl/src/draw/../core/../misc/lv_color.h **** 
  72:Drivers/lvgl/lvgl/src/draw/../core/../misc/lv_color.h **** #if defined(__cplusplus) && !defined(_LV_COLOR_HAS_MODERN_CPP)
  73:Drivers/lvgl/lvgl/src/draw/../core/../misc/lv_color.h **** /**
  74:Drivers/lvgl/lvgl/src/draw/../core/../misc/lv_color.h **** * MSVC compiler's definition of the __cplusplus indicating 199711L regardless to C++ standard versi
  75:Drivers/lvgl/lvgl/src/draw/../core/../misc/lv_color.h **** * see https://devblogs.microsoft.com/cppblog/msvc-now-correctly-reports-cplusplus
  76:Drivers/lvgl/lvgl/src/draw/../core/../misc/lv_color.h **** * so we use _MSC_VER macro instead of __cplusplus
  77:Drivers/lvgl/lvgl/src/draw/../core/../misc/lv_color.h **** */
  78:Drivers/lvgl/lvgl/src/draw/../core/../misc/lv_color.h **** #ifdef _MSC_VER
  79:Drivers/lvgl/lvgl/src/draw/../core/../misc/lv_color.h **** #if _MSC_VER >= 1900 /*Visual Studio 2015*/
ARM GAS  /tmp/ccgn2NtE.s 			page 4


  80:Drivers/lvgl/lvgl/src/draw/../core/../misc/lv_color.h **** #define _LV_COLOR_HAS_MODERN_CPP 1
  81:Drivers/lvgl/lvgl/src/draw/../core/../misc/lv_color.h **** #endif
  82:Drivers/lvgl/lvgl/src/draw/../core/../misc/lv_color.h **** #else
  83:Drivers/lvgl/lvgl/src/draw/../core/../misc/lv_color.h **** #if __cplusplus >= 201103L
  84:Drivers/lvgl/lvgl/src/draw/../core/../misc/lv_color.h **** #define _LV_COLOR_HAS_MODERN_CPP 1
  85:Drivers/lvgl/lvgl/src/draw/../core/../misc/lv_color.h **** #endif
  86:Drivers/lvgl/lvgl/src/draw/../core/../misc/lv_color.h **** #endif
  87:Drivers/lvgl/lvgl/src/draw/../core/../misc/lv_color.h **** #endif /*__cplusplus*/
  88:Drivers/lvgl/lvgl/src/draw/../core/../misc/lv_color.h **** 
  89:Drivers/lvgl/lvgl/src/draw/../core/../misc/lv_color.h **** #ifndef _LV_COLOR_HAS_MODERN_CPP
  90:Drivers/lvgl/lvgl/src/draw/../core/../misc/lv_color.h **** #define _LV_COLOR_HAS_MODERN_CPP 0
  91:Drivers/lvgl/lvgl/src/draw/../core/../misc/lv_color.h **** #endif
  92:Drivers/lvgl/lvgl/src/draw/../core/../misc/lv_color.h **** 
  93:Drivers/lvgl/lvgl/src/draw/../core/../misc/lv_color.h **** #if _LV_COLOR_HAS_MODERN_CPP
  94:Drivers/lvgl/lvgl/src/draw/../core/../misc/lv_color.h **** /*Fix msvc compiler error C4576 inside C++ code*/
  95:Drivers/lvgl/lvgl/src/draw/../core/../misc/lv_color.h **** #define _LV_COLOR_MAKE_TYPE_HELPER lv_color_t
  96:Drivers/lvgl/lvgl/src/draw/../core/../misc/lv_color.h **** #else
  97:Drivers/lvgl/lvgl/src/draw/../core/../misc/lv_color.h **** #define _LV_COLOR_MAKE_TYPE_HELPER (lv_color_t)
  98:Drivers/lvgl/lvgl/src/draw/../core/../misc/lv_color.h **** #endif
  99:Drivers/lvgl/lvgl/src/draw/../core/../misc/lv_color.h **** 
 100:Drivers/lvgl/lvgl/src/draw/../core/../misc/lv_color.h **** /*---------------------------------------
 101:Drivers/lvgl/lvgl/src/draw/../core/../misc/lv_color.h ****  * Macros for all existing color depths
 102:Drivers/lvgl/lvgl/src/draw/../core/../misc/lv_color.h ****  * to set/get values of the color channels
 103:Drivers/lvgl/lvgl/src/draw/../core/../misc/lv_color.h ****  *------------------------------------------*/
 104:Drivers/lvgl/lvgl/src/draw/../core/../misc/lv_color.h **** # define LV_COLOR_SET_R1(c, v) (c).ch.red = (uint8_t)((v) & 0x1)
 105:Drivers/lvgl/lvgl/src/draw/../core/../misc/lv_color.h **** # define LV_COLOR_SET_G1(c, v) (c).ch.green = (uint8_t)((v) & 0x1)
 106:Drivers/lvgl/lvgl/src/draw/../core/../misc/lv_color.h **** # define LV_COLOR_SET_B1(c, v) (c).ch.blue = (uint8_t)((v) & 0x1)
 107:Drivers/lvgl/lvgl/src/draw/../core/../misc/lv_color.h **** # define LV_COLOR_SET_A1(c, v) do {} while(0)
 108:Drivers/lvgl/lvgl/src/draw/../core/../misc/lv_color.h **** 
 109:Drivers/lvgl/lvgl/src/draw/../core/../misc/lv_color.h **** # define LV_COLOR_GET_R1(c) (c).ch.red
 110:Drivers/lvgl/lvgl/src/draw/../core/../misc/lv_color.h **** # define LV_COLOR_GET_G1(c) (c).ch.green
 111:Drivers/lvgl/lvgl/src/draw/../core/../misc/lv_color.h **** # define LV_COLOR_GET_B1(c) (c).ch.blue
 112:Drivers/lvgl/lvgl/src/draw/../core/../misc/lv_color.h **** # define LV_COLOR_GET_A1(c) 0xFF
 113:Drivers/lvgl/lvgl/src/draw/../core/../misc/lv_color.h **** 
 114:Drivers/lvgl/lvgl/src/draw/../core/../misc/lv_color.h **** # define _LV_COLOR_ZERO_INITIALIZER1 {0x00}
 115:Drivers/lvgl/lvgl/src/draw/../core/../misc/lv_color.h **** # define LV_COLOR_MAKE1(r8, g8, b8)  {(uint8_t)((b8 >> 7) | (g8 >> 7) | (r8 >> 7))}
 116:Drivers/lvgl/lvgl/src/draw/../core/../misc/lv_color.h **** 
 117:Drivers/lvgl/lvgl/src/draw/../core/../misc/lv_color.h **** # define LV_COLOR_SET_R8(c, v) (c).ch.red = (uint8_t)((v) & 0x7U)
 118:Drivers/lvgl/lvgl/src/draw/../core/../misc/lv_color.h **** # define LV_COLOR_SET_G8(c, v) (c).ch.green = (uint8_t)((v) & 0x7U)
 119:Drivers/lvgl/lvgl/src/draw/../core/../misc/lv_color.h **** # define LV_COLOR_SET_B8(c, v) (c).ch.blue = (uint8_t)((v) & 0x3U)
 120:Drivers/lvgl/lvgl/src/draw/../core/../misc/lv_color.h **** # define LV_COLOR_SET_A8(c, v) do {} while(0)
 121:Drivers/lvgl/lvgl/src/draw/../core/../misc/lv_color.h **** 
 122:Drivers/lvgl/lvgl/src/draw/../core/../misc/lv_color.h **** # define LV_COLOR_GET_R8(c) (c).ch.red
 123:Drivers/lvgl/lvgl/src/draw/../core/../misc/lv_color.h **** # define LV_COLOR_GET_G8(c) (c).ch.green
 124:Drivers/lvgl/lvgl/src/draw/../core/../misc/lv_color.h **** # define LV_COLOR_GET_B8(c) (c).ch.blue
 125:Drivers/lvgl/lvgl/src/draw/../core/../misc/lv_color.h **** # define LV_COLOR_GET_A8(c) 0xFF
 126:Drivers/lvgl/lvgl/src/draw/../core/../misc/lv_color.h **** 
 127:Drivers/lvgl/lvgl/src/draw/../core/../misc/lv_color.h **** # define _LV_COLOR_ZERO_INITIALIZER8 {{0x00, 0x00, 0x00}}
 128:Drivers/lvgl/lvgl/src/draw/../core/../misc/lv_color.h **** # define LV_COLOR_MAKE8(r8, g8, b8) {{(uint8_t)((b8 >> 6) & 0x3U), (uint8_t)((g8 >> 5) & 0x7U), (ui
 129:Drivers/lvgl/lvgl/src/draw/../core/../misc/lv_color.h **** 
 130:Drivers/lvgl/lvgl/src/draw/../core/../misc/lv_color.h **** # define LV_COLOR_SET_R16(c, v) (c).ch.red = (uint8_t)((v) & 0x1FU)
 131:Drivers/lvgl/lvgl/src/draw/../core/../misc/lv_color.h **** #if LV_COLOR_16_SWAP == 0
 132:Drivers/lvgl/lvgl/src/draw/../core/../misc/lv_color.h **** # define LV_COLOR_SET_G16(c, v) (c).ch.green = (uint8_t)((v) & 0x3FU)
 133:Drivers/lvgl/lvgl/src/draw/../core/../misc/lv_color.h **** #else
 134:Drivers/lvgl/lvgl/src/draw/../core/../misc/lv_color.h **** # define LV_COLOR_SET_G16(c, v) {(c).ch.green_h = (uint8_t)(((v) >> 3) & 0x7); (c).ch.green_l = (ui
 135:Drivers/lvgl/lvgl/src/draw/../core/../misc/lv_color.h **** #endif
 136:Drivers/lvgl/lvgl/src/draw/../core/../misc/lv_color.h **** # define LV_COLOR_SET_B16(c, v) (c).ch.blue = (uint8_t)((v) & 0x1FU)
ARM GAS  /tmp/ccgn2NtE.s 			page 5


 137:Drivers/lvgl/lvgl/src/draw/../core/../misc/lv_color.h **** # define LV_COLOR_SET_A16(c, v) do {} while(0)
 138:Drivers/lvgl/lvgl/src/draw/../core/../misc/lv_color.h **** 
 139:Drivers/lvgl/lvgl/src/draw/../core/../misc/lv_color.h **** # define LV_COLOR_GET_R16(c) (c).ch.red
 140:Drivers/lvgl/lvgl/src/draw/../core/../misc/lv_color.h **** #if LV_COLOR_16_SWAP == 0
 141:Drivers/lvgl/lvgl/src/draw/../core/../misc/lv_color.h **** # define LV_COLOR_GET_G16(c) (c).ch.green
 142:Drivers/lvgl/lvgl/src/draw/../core/../misc/lv_color.h **** #else
 143:Drivers/lvgl/lvgl/src/draw/../core/../misc/lv_color.h **** # define LV_COLOR_GET_G16(c) (((c).ch.green_h << 3) + (c).ch.green_l)
 144:Drivers/lvgl/lvgl/src/draw/../core/../misc/lv_color.h **** #endif
 145:Drivers/lvgl/lvgl/src/draw/../core/../misc/lv_color.h **** # define LV_COLOR_GET_B16(c) (c).ch.blue
 146:Drivers/lvgl/lvgl/src/draw/../core/../misc/lv_color.h **** # define LV_COLOR_GET_A16(c) 0xFF
 147:Drivers/lvgl/lvgl/src/draw/../core/../misc/lv_color.h **** 
 148:Drivers/lvgl/lvgl/src/draw/../core/../misc/lv_color.h **** #if LV_COLOR_16_SWAP == 0
 149:Drivers/lvgl/lvgl/src/draw/../core/../misc/lv_color.h **** # define _LV_COLOR_ZERO_INITIALIZER16  {{0x00, 0x00, 0x00}}
 150:Drivers/lvgl/lvgl/src/draw/../core/../misc/lv_color.h **** # define LV_COLOR_MAKE16(r8, g8, b8) {{(uint8_t)((b8 >> 3) & 0x1FU), (uint8_t)((g8 >> 2) & 0x3FU), 
 151:Drivers/lvgl/lvgl/src/draw/../core/../misc/lv_color.h **** #else
 152:Drivers/lvgl/lvgl/src/draw/../core/../misc/lv_color.h **** # define _LV_COLOR_ZERO_INITIALIZER16 {{0x00, 0x00, 0x00, 0x00}}
 153:Drivers/lvgl/lvgl/src/draw/../core/../misc/lv_color.h **** # define LV_COLOR_MAKE16(r8, g8, b8) {{(uint8_t)((g8 >> 5) & 0x7U), (uint8_t)((r8 >> 3) & 0x1FU), (
 154:Drivers/lvgl/lvgl/src/draw/../core/../misc/lv_color.h **** #endif
 155:Drivers/lvgl/lvgl/src/draw/../core/../misc/lv_color.h **** 
 156:Drivers/lvgl/lvgl/src/draw/../core/../misc/lv_color.h **** # define LV_COLOR_SET_R32(c, v) (c).ch.red = (uint8_t)((v) & 0xFF)
 157:Drivers/lvgl/lvgl/src/draw/../core/../misc/lv_color.h **** # define LV_COLOR_SET_G32(c, v) (c).ch.green = (uint8_t)((v) & 0xFF)
 158:Drivers/lvgl/lvgl/src/draw/../core/../misc/lv_color.h **** # define LV_COLOR_SET_B32(c, v) (c).ch.blue = (uint8_t)((v) & 0xFF)
 159:Drivers/lvgl/lvgl/src/draw/../core/../misc/lv_color.h **** # define LV_COLOR_SET_A32(c, v) (c).ch.alpha = (uint8_t)((v) & 0xFF)
 160:Drivers/lvgl/lvgl/src/draw/../core/../misc/lv_color.h **** 
 161:Drivers/lvgl/lvgl/src/draw/../core/../misc/lv_color.h **** # define LV_COLOR_GET_R32(c) (c).ch.red
 162:Drivers/lvgl/lvgl/src/draw/../core/../misc/lv_color.h **** # define LV_COLOR_GET_G32(c) (c).ch.green
 163:Drivers/lvgl/lvgl/src/draw/../core/../misc/lv_color.h **** # define LV_COLOR_GET_B32(c) (c).ch.blue
 164:Drivers/lvgl/lvgl/src/draw/../core/../misc/lv_color.h **** # define LV_COLOR_GET_A32(c) (c).ch.alpha
 165:Drivers/lvgl/lvgl/src/draw/../core/../misc/lv_color.h **** 
 166:Drivers/lvgl/lvgl/src/draw/../core/../misc/lv_color.h **** # define _LV_COLOR_ZERO_INITIALIZER32  {{0x00, 0x00, 0x00, 0x00}}
 167:Drivers/lvgl/lvgl/src/draw/../core/../misc/lv_color.h **** # define LV_COLOR_MAKE32(r8, g8, b8) {{b8, g8, r8, 0xff}} /*Fix 0xff alpha*/
 168:Drivers/lvgl/lvgl/src/draw/../core/../misc/lv_color.h **** 
 169:Drivers/lvgl/lvgl/src/draw/../core/../misc/lv_color.h **** /*---------------------------------------
 170:Drivers/lvgl/lvgl/src/draw/../core/../misc/lv_color.h ****  * Macros for the current color depth
 171:Drivers/lvgl/lvgl/src/draw/../core/../misc/lv_color.h ****  * to set/get values of the color channels
 172:Drivers/lvgl/lvgl/src/draw/../core/../misc/lv_color.h ****  *------------------------------------------*/
 173:Drivers/lvgl/lvgl/src/draw/../core/../misc/lv_color.h **** #define LV_COLOR_SET_R(c, v) LV_CONCAT(LV_COLOR_SET_R, LV_COLOR_DEPTH)(c, v)
 174:Drivers/lvgl/lvgl/src/draw/../core/../misc/lv_color.h **** #define LV_COLOR_SET_G(c, v) LV_CONCAT(LV_COLOR_SET_G, LV_COLOR_DEPTH)(c, v)
 175:Drivers/lvgl/lvgl/src/draw/../core/../misc/lv_color.h **** #define LV_COLOR_SET_B(c, v) LV_CONCAT(LV_COLOR_SET_B, LV_COLOR_DEPTH)(c, v)
 176:Drivers/lvgl/lvgl/src/draw/../core/../misc/lv_color.h **** #define LV_COLOR_SET_A(c, v) LV_CONCAT(LV_COLOR_SET_A, LV_COLOR_DEPTH)(c, v)
 177:Drivers/lvgl/lvgl/src/draw/../core/../misc/lv_color.h **** 
 178:Drivers/lvgl/lvgl/src/draw/../core/../misc/lv_color.h **** #define LV_COLOR_GET_R(c) LV_CONCAT(LV_COLOR_GET_R, LV_COLOR_DEPTH)(c)
 179:Drivers/lvgl/lvgl/src/draw/../core/../misc/lv_color.h **** #define LV_COLOR_GET_G(c) LV_CONCAT(LV_COLOR_GET_G, LV_COLOR_DEPTH)(c)
 180:Drivers/lvgl/lvgl/src/draw/../core/../misc/lv_color.h **** #define LV_COLOR_GET_B(c) LV_CONCAT(LV_COLOR_GET_B, LV_COLOR_DEPTH)(c)
 181:Drivers/lvgl/lvgl/src/draw/../core/../misc/lv_color.h **** #define LV_COLOR_GET_A(c) LV_CONCAT(LV_COLOR_GET_A, LV_COLOR_DEPTH)(c)
 182:Drivers/lvgl/lvgl/src/draw/../core/../misc/lv_color.h **** 
 183:Drivers/lvgl/lvgl/src/draw/../core/../misc/lv_color.h **** #define _LV_COLOR_ZERO_INITIALIZER LV_CONCAT(_LV_COLOR_ZERO_INITIALIZER, LV_COLOR_DEPTH)
 184:Drivers/lvgl/lvgl/src/draw/../core/../misc/lv_color.h **** #define LV_COLOR_MAKE(r8, g8, b8) LV_CONCAT(LV_COLOR_MAKE, LV_COLOR_DEPTH)(r8, g8, b8)
 185:Drivers/lvgl/lvgl/src/draw/../core/../misc/lv_color.h **** 
 186:Drivers/lvgl/lvgl/src/draw/../core/../misc/lv_color.h **** /**********************
 187:Drivers/lvgl/lvgl/src/draw/../core/../misc/lv_color.h ****  *      TYPEDEFS
 188:Drivers/lvgl/lvgl/src/draw/../core/../misc/lv_color.h ****  **********************/
 189:Drivers/lvgl/lvgl/src/draw/../core/../misc/lv_color.h **** 
 190:Drivers/lvgl/lvgl/src/draw/../core/../misc/lv_color.h **** typedef union {
 191:Drivers/lvgl/lvgl/src/draw/../core/../misc/lv_color.h ****     uint8_t full; /*must be declared first to set all bits of byte via initializer list*/
 192:Drivers/lvgl/lvgl/src/draw/../core/../misc/lv_color.h ****     union {
 193:Drivers/lvgl/lvgl/src/draw/../core/../misc/lv_color.h ****         uint8_t blue : 1;
ARM GAS  /tmp/ccgn2NtE.s 			page 6


 194:Drivers/lvgl/lvgl/src/draw/../core/../misc/lv_color.h ****         uint8_t green : 1;
 195:Drivers/lvgl/lvgl/src/draw/../core/../misc/lv_color.h ****         uint8_t red : 1;
 196:Drivers/lvgl/lvgl/src/draw/../core/../misc/lv_color.h ****     } ch;
 197:Drivers/lvgl/lvgl/src/draw/../core/../misc/lv_color.h **** } lv_color1_t;
 198:Drivers/lvgl/lvgl/src/draw/../core/../misc/lv_color.h **** 
 199:Drivers/lvgl/lvgl/src/draw/../core/../misc/lv_color.h **** typedef union {
 200:Drivers/lvgl/lvgl/src/draw/../core/../misc/lv_color.h ****     struct {
 201:Drivers/lvgl/lvgl/src/draw/../core/../misc/lv_color.h ****         uint8_t blue : 2;
 202:Drivers/lvgl/lvgl/src/draw/../core/../misc/lv_color.h ****         uint8_t green : 3;
 203:Drivers/lvgl/lvgl/src/draw/../core/../misc/lv_color.h ****         uint8_t red : 3;
 204:Drivers/lvgl/lvgl/src/draw/../core/../misc/lv_color.h ****     } ch;
 205:Drivers/lvgl/lvgl/src/draw/../core/../misc/lv_color.h ****     uint8_t full;
 206:Drivers/lvgl/lvgl/src/draw/../core/../misc/lv_color.h **** } lv_color8_t;
 207:Drivers/lvgl/lvgl/src/draw/../core/../misc/lv_color.h **** 
 208:Drivers/lvgl/lvgl/src/draw/../core/../misc/lv_color.h **** typedef union {
 209:Drivers/lvgl/lvgl/src/draw/../core/../misc/lv_color.h ****     struct {
 210:Drivers/lvgl/lvgl/src/draw/../core/../misc/lv_color.h **** #if LV_COLOR_16_SWAP == 0
 211:Drivers/lvgl/lvgl/src/draw/../core/../misc/lv_color.h ****         uint16_t blue : 5;
 212:Drivers/lvgl/lvgl/src/draw/../core/../misc/lv_color.h ****         uint16_t green : 6;
 213:Drivers/lvgl/lvgl/src/draw/../core/../misc/lv_color.h ****         uint16_t red : 5;
 214:Drivers/lvgl/lvgl/src/draw/../core/../misc/lv_color.h **** #else
 215:Drivers/lvgl/lvgl/src/draw/../core/../misc/lv_color.h ****         uint16_t green_h : 3;
 216:Drivers/lvgl/lvgl/src/draw/../core/../misc/lv_color.h ****         uint16_t red : 5;
 217:Drivers/lvgl/lvgl/src/draw/../core/../misc/lv_color.h ****         uint16_t blue : 5;
 218:Drivers/lvgl/lvgl/src/draw/../core/../misc/lv_color.h ****         uint16_t green_l : 3;
 219:Drivers/lvgl/lvgl/src/draw/../core/../misc/lv_color.h **** #endif
 220:Drivers/lvgl/lvgl/src/draw/../core/../misc/lv_color.h ****     } ch;
 221:Drivers/lvgl/lvgl/src/draw/../core/../misc/lv_color.h ****     uint16_t full;
 222:Drivers/lvgl/lvgl/src/draw/../core/../misc/lv_color.h **** } lv_color16_t;
 223:Drivers/lvgl/lvgl/src/draw/../core/../misc/lv_color.h **** 
 224:Drivers/lvgl/lvgl/src/draw/../core/../misc/lv_color.h **** typedef union {
 225:Drivers/lvgl/lvgl/src/draw/../core/../misc/lv_color.h ****     struct {
 226:Drivers/lvgl/lvgl/src/draw/../core/../misc/lv_color.h ****         uint8_t blue;
 227:Drivers/lvgl/lvgl/src/draw/../core/../misc/lv_color.h ****         uint8_t green;
 228:Drivers/lvgl/lvgl/src/draw/../core/../misc/lv_color.h ****         uint8_t red;
 229:Drivers/lvgl/lvgl/src/draw/../core/../misc/lv_color.h ****         uint8_t alpha;
 230:Drivers/lvgl/lvgl/src/draw/../core/../misc/lv_color.h ****     } ch;
 231:Drivers/lvgl/lvgl/src/draw/../core/../misc/lv_color.h ****     uint32_t full;
 232:Drivers/lvgl/lvgl/src/draw/../core/../misc/lv_color.h **** } lv_color32_t;
 233:Drivers/lvgl/lvgl/src/draw/../core/../misc/lv_color.h **** 
 234:Drivers/lvgl/lvgl/src/draw/../core/../misc/lv_color.h **** typedef LV_CONCAT3(uint, LV_COLOR_SIZE, _t) lv_color_int_t;
 235:Drivers/lvgl/lvgl/src/draw/../core/../misc/lv_color.h **** typedef LV_CONCAT3(lv_color, LV_COLOR_DEPTH, _t) lv_color_t;
 236:Drivers/lvgl/lvgl/src/draw/../core/../misc/lv_color.h **** 
 237:Drivers/lvgl/lvgl/src/draw/../core/../misc/lv_color.h **** typedef struct {
 238:Drivers/lvgl/lvgl/src/draw/../core/../misc/lv_color.h ****     uint16_t h;
 239:Drivers/lvgl/lvgl/src/draw/../core/../misc/lv_color.h ****     uint8_t s;
 240:Drivers/lvgl/lvgl/src/draw/../core/../misc/lv_color.h ****     uint8_t v;
 241:Drivers/lvgl/lvgl/src/draw/../core/../misc/lv_color.h **** } lv_color_hsv_t;
 242:Drivers/lvgl/lvgl/src/draw/../core/../misc/lv_color.h **** 
 243:Drivers/lvgl/lvgl/src/draw/../core/../misc/lv_color.h **** //! @cond Doxygen_Suppress
 244:Drivers/lvgl/lvgl/src/draw/../core/../misc/lv_color.h **** /*No idea where the guard is required but else throws warnings in the docs*/
 245:Drivers/lvgl/lvgl/src/draw/../core/../misc/lv_color.h **** typedef uint8_t lv_opa_t;
 246:Drivers/lvgl/lvgl/src/draw/../core/../misc/lv_color.h **** //! @endcond
 247:Drivers/lvgl/lvgl/src/draw/../core/../misc/lv_color.h **** 
 248:Drivers/lvgl/lvgl/src/draw/../core/../misc/lv_color.h **** struct _lv_color_filter_dsc_t;
 249:Drivers/lvgl/lvgl/src/draw/../core/../misc/lv_color.h **** 
 250:Drivers/lvgl/lvgl/src/draw/../core/../misc/lv_color.h **** typedef lv_color_t (*lv_color_filter_cb_t)(const struct _lv_color_filter_dsc_t *, lv_color_t, lv_op
ARM GAS  /tmp/ccgn2NtE.s 			page 7


 251:Drivers/lvgl/lvgl/src/draw/../core/../misc/lv_color.h **** 
 252:Drivers/lvgl/lvgl/src/draw/../core/../misc/lv_color.h **** typedef struct _lv_color_filter_dsc_t {
 253:Drivers/lvgl/lvgl/src/draw/../core/../misc/lv_color.h ****     lv_color_filter_cb_t filter_cb;
 254:Drivers/lvgl/lvgl/src/draw/../core/../misc/lv_color.h ****     void * user_data;
 255:Drivers/lvgl/lvgl/src/draw/../core/../misc/lv_color.h **** } lv_color_filter_dsc_t;
 256:Drivers/lvgl/lvgl/src/draw/../core/../misc/lv_color.h **** 
 257:Drivers/lvgl/lvgl/src/draw/../core/../misc/lv_color.h **** 
 258:Drivers/lvgl/lvgl/src/draw/../core/../misc/lv_color.h **** typedef enum {
 259:Drivers/lvgl/lvgl/src/draw/../core/../misc/lv_color.h ****     LV_PALETTE_RED,
 260:Drivers/lvgl/lvgl/src/draw/../core/../misc/lv_color.h ****     LV_PALETTE_PINK,
 261:Drivers/lvgl/lvgl/src/draw/../core/../misc/lv_color.h ****     LV_PALETTE_PURPLE,
 262:Drivers/lvgl/lvgl/src/draw/../core/../misc/lv_color.h ****     LV_PALETTE_DEEP_PURPLE,
 263:Drivers/lvgl/lvgl/src/draw/../core/../misc/lv_color.h ****     LV_PALETTE_INDIGO,
 264:Drivers/lvgl/lvgl/src/draw/../core/../misc/lv_color.h ****     LV_PALETTE_BLUE,
 265:Drivers/lvgl/lvgl/src/draw/../core/../misc/lv_color.h ****     LV_PALETTE_LIGHT_BLUE,
 266:Drivers/lvgl/lvgl/src/draw/../core/../misc/lv_color.h ****     LV_PALETTE_CYAN,
 267:Drivers/lvgl/lvgl/src/draw/../core/../misc/lv_color.h ****     LV_PALETTE_TEAL,
 268:Drivers/lvgl/lvgl/src/draw/../core/../misc/lv_color.h ****     LV_PALETTE_GREEN,
 269:Drivers/lvgl/lvgl/src/draw/../core/../misc/lv_color.h ****     LV_PALETTE_LIGHT_GREEN,
 270:Drivers/lvgl/lvgl/src/draw/../core/../misc/lv_color.h ****     LV_PALETTE_LIME,
 271:Drivers/lvgl/lvgl/src/draw/../core/../misc/lv_color.h ****     LV_PALETTE_YELLOW,
 272:Drivers/lvgl/lvgl/src/draw/../core/../misc/lv_color.h ****     LV_PALETTE_AMBER,
 273:Drivers/lvgl/lvgl/src/draw/../core/../misc/lv_color.h ****     LV_PALETTE_ORANGE,
 274:Drivers/lvgl/lvgl/src/draw/../core/../misc/lv_color.h ****     LV_PALETTE_DEEP_ORANGE,
 275:Drivers/lvgl/lvgl/src/draw/../core/../misc/lv_color.h ****     LV_PALETTE_BROWN,
 276:Drivers/lvgl/lvgl/src/draw/../core/../misc/lv_color.h ****     LV_PALETTE_BLUE_GREY,
 277:Drivers/lvgl/lvgl/src/draw/../core/../misc/lv_color.h ****     LV_PALETTE_GREY,
 278:Drivers/lvgl/lvgl/src/draw/../core/../misc/lv_color.h ****     _LV_PALETTE_LAST,
 279:Drivers/lvgl/lvgl/src/draw/../core/../misc/lv_color.h ****     LV_PALETTE_NONE = 0xff,
 280:Drivers/lvgl/lvgl/src/draw/../core/../misc/lv_color.h **** } lv_palette_t;
 281:Drivers/lvgl/lvgl/src/draw/../core/../misc/lv_color.h **** 
 282:Drivers/lvgl/lvgl/src/draw/../core/../misc/lv_color.h **** /**********************
 283:Drivers/lvgl/lvgl/src/draw/../core/../misc/lv_color.h ****  * GLOBAL PROTOTYPES
 284:Drivers/lvgl/lvgl/src/draw/../core/../misc/lv_color.h ****  **********************/
 285:Drivers/lvgl/lvgl/src/draw/../core/../misc/lv_color.h **** 
 286:Drivers/lvgl/lvgl/src/draw/../core/../misc/lv_color.h **** /*In color conversations:
 287:Drivers/lvgl/lvgl/src/draw/../core/../misc/lv_color.h ****  * - When converting to bigger color type the LSB weight of 1 LSB is calculated
 288:Drivers/lvgl/lvgl/src/draw/../core/../misc/lv_color.h ****  *   E.g. 16 bit Red has 5 bits
 289:Drivers/lvgl/lvgl/src/draw/../core/../misc/lv_color.h ****  *         8 bit Red has 3 bits
 290:Drivers/lvgl/lvgl/src/draw/../core/../misc/lv_color.h ****  *        ----------------------
 291:Drivers/lvgl/lvgl/src/draw/../core/../misc/lv_color.h ****  *        8 bit red LSB = (2^5 - 1) / (2^3 - 1) = 31 / 7 = 4
 292:Drivers/lvgl/lvgl/src/draw/../core/../misc/lv_color.h ****  *
 293:Drivers/lvgl/lvgl/src/draw/../core/../misc/lv_color.h ****  * - When calculating to smaller color type simply shift out the LSBs
 294:Drivers/lvgl/lvgl/src/draw/../core/../misc/lv_color.h ****  *   E.g.  8 bit Red has 3 bits
 295:Drivers/lvgl/lvgl/src/draw/../core/../misc/lv_color.h ****  *        16 bit Red has 5 bits
 296:Drivers/lvgl/lvgl/src/draw/../core/../misc/lv_color.h ****  *        ----------------------
 297:Drivers/lvgl/lvgl/src/draw/../core/../misc/lv_color.h ****  *         Shift right with 5 - 3 = 2
 298:Drivers/lvgl/lvgl/src/draw/../core/../misc/lv_color.h ****  */
 299:Drivers/lvgl/lvgl/src/draw/../core/../misc/lv_color.h **** static inline uint8_t lv_color_to1(lv_color_t color)
 300:Drivers/lvgl/lvgl/src/draw/../core/../misc/lv_color.h **** {
 301:Drivers/lvgl/lvgl/src/draw/../core/../misc/lv_color.h **** #if LV_COLOR_DEPTH == 1
 302:Drivers/lvgl/lvgl/src/draw/../core/../misc/lv_color.h ****     return color.full;
 303:Drivers/lvgl/lvgl/src/draw/../core/../misc/lv_color.h **** #elif LV_COLOR_DEPTH == 8
 304:Drivers/lvgl/lvgl/src/draw/../core/../misc/lv_color.h ****     if((LV_COLOR_GET_R(color) & 0x4) || (LV_COLOR_GET_G(color) & 0x4) || (LV_COLOR_GET_B(color) & 0
 305:Drivers/lvgl/lvgl/src/draw/../core/../misc/lv_color.h ****         return 1;
 306:Drivers/lvgl/lvgl/src/draw/../core/../misc/lv_color.h ****     }
 307:Drivers/lvgl/lvgl/src/draw/../core/../misc/lv_color.h ****     else {
ARM GAS  /tmp/ccgn2NtE.s 			page 8


 308:Drivers/lvgl/lvgl/src/draw/../core/../misc/lv_color.h ****         return 0;
 309:Drivers/lvgl/lvgl/src/draw/../core/../misc/lv_color.h ****     }
 310:Drivers/lvgl/lvgl/src/draw/../core/../misc/lv_color.h **** #elif LV_COLOR_DEPTH == 16
 311:Drivers/lvgl/lvgl/src/draw/../core/../misc/lv_color.h ****     if((LV_COLOR_GET_R(color) & 0x10) || (LV_COLOR_GET_G(color) & 0x20) || (LV_COLOR_GET_B(color) &
 312:Drivers/lvgl/lvgl/src/draw/../core/../misc/lv_color.h ****         return 1;
 313:Drivers/lvgl/lvgl/src/draw/../core/../misc/lv_color.h ****     }
 314:Drivers/lvgl/lvgl/src/draw/../core/../misc/lv_color.h ****     else {
 315:Drivers/lvgl/lvgl/src/draw/../core/../misc/lv_color.h ****         return 0;
 316:Drivers/lvgl/lvgl/src/draw/../core/../misc/lv_color.h ****     }
 317:Drivers/lvgl/lvgl/src/draw/../core/../misc/lv_color.h **** #elif LV_COLOR_DEPTH == 32
 318:Drivers/lvgl/lvgl/src/draw/../core/../misc/lv_color.h ****     if((LV_COLOR_GET_R(color) & 0x80) || (LV_COLOR_GET_G(color) & 0x80) || (LV_COLOR_GET_B(color) &
 319:Drivers/lvgl/lvgl/src/draw/../core/../misc/lv_color.h ****         return 1;
 320:Drivers/lvgl/lvgl/src/draw/../core/../misc/lv_color.h ****     }
 321:Drivers/lvgl/lvgl/src/draw/../core/../misc/lv_color.h ****     else {
 322:Drivers/lvgl/lvgl/src/draw/../core/../misc/lv_color.h ****         return 0;
 323:Drivers/lvgl/lvgl/src/draw/../core/../misc/lv_color.h ****     }
 324:Drivers/lvgl/lvgl/src/draw/../core/../misc/lv_color.h **** #endif
 325:Drivers/lvgl/lvgl/src/draw/../core/../misc/lv_color.h **** }
 326:Drivers/lvgl/lvgl/src/draw/../core/../misc/lv_color.h **** 
 327:Drivers/lvgl/lvgl/src/draw/../core/../misc/lv_color.h **** static inline uint8_t lv_color_to8(lv_color_t color)
 328:Drivers/lvgl/lvgl/src/draw/../core/../misc/lv_color.h **** {
 329:Drivers/lvgl/lvgl/src/draw/../core/../misc/lv_color.h **** #if LV_COLOR_DEPTH == 1
 330:Drivers/lvgl/lvgl/src/draw/../core/../misc/lv_color.h ****     if(color.full == 0)
 331:Drivers/lvgl/lvgl/src/draw/../core/../misc/lv_color.h ****         return 0;
 332:Drivers/lvgl/lvgl/src/draw/../core/../misc/lv_color.h ****     else
 333:Drivers/lvgl/lvgl/src/draw/../core/../misc/lv_color.h ****         return 0xFF;
 334:Drivers/lvgl/lvgl/src/draw/../core/../misc/lv_color.h **** #elif LV_COLOR_DEPTH == 8
 335:Drivers/lvgl/lvgl/src/draw/../core/../misc/lv_color.h ****     return color.full;
 336:Drivers/lvgl/lvgl/src/draw/../core/../misc/lv_color.h **** #elif LV_COLOR_DEPTH == 16
 337:Drivers/lvgl/lvgl/src/draw/../core/../misc/lv_color.h ****     lv_color8_t ret;
 338:Drivers/lvgl/lvgl/src/draw/../core/../misc/lv_color.h ****     LV_COLOR_SET_R8(ret, LV_COLOR_GET_R(color) >> 2); /*5 - 3  = 2*/
 339:Drivers/lvgl/lvgl/src/draw/../core/../misc/lv_color.h ****     LV_COLOR_SET_G8(ret, LV_COLOR_GET_G(color) >> 3); /*6 - 3  = 3*/
 340:Drivers/lvgl/lvgl/src/draw/../core/../misc/lv_color.h ****     LV_COLOR_SET_B8(ret, LV_COLOR_GET_B(color) >> 3); /*5 - 2  = 3*/
 341:Drivers/lvgl/lvgl/src/draw/../core/../misc/lv_color.h ****     return ret.full;
 342:Drivers/lvgl/lvgl/src/draw/../core/../misc/lv_color.h **** #elif LV_COLOR_DEPTH == 32
 343:Drivers/lvgl/lvgl/src/draw/../core/../misc/lv_color.h ****     lv_color8_t ret;
 344:Drivers/lvgl/lvgl/src/draw/../core/../misc/lv_color.h ****     LV_COLOR_SET_R8(ret, LV_COLOR_GET_R(color) >> 5); /*8 - 3  = 5*/
 345:Drivers/lvgl/lvgl/src/draw/../core/../misc/lv_color.h ****     LV_COLOR_SET_G8(ret, LV_COLOR_GET_G(color) >> 5); /*8 - 3  = 5*/
 346:Drivers/lvgl/lvgl/src/draw/../core/../misc/lv_color.h ****     LV_COLOR_SET_B8(ret, LV_COLOR_GET_B(color) >> 6); /*8 - 2  = 6*/
 347:Drivers/lvgl/lvgl/src/draw/../core/../misc/lv_color.h ****     return ret.full;
 348:Drivers/lvgl/lvgl/src/draw/../core/../misc/lv_color.h **** #endif
 349:Drivers/lvgl/lvgl/src/draw/../core/../misc/lv_color.h **** }
 350:Drivers/lvgl/lvgl/src/draw/../core/../misc/lv_color.h **** 
 351:Drivers/lvgl/lvgl/src/draw/../core/../misc/lv_color.h **** static inline uint16_t lv_color_to16(lv_color_t color)
 352:Drivers/lvgl/lvgl/src/draw/../core/../misc/lv_color.h **** {
 353:Drivers/lvgl/lvgl/src/draw/../core/../misc/lv_color.h **** #if LV_COLOR_DEPTH == 1
 354:Drivers/lvgl/lvgl/src/draw/../core/../misc/lv_color.h ****     if(color.full == 0)
 355:Drivers/lvgl/lvgl/src/draw/../core/../misc/lv_color.h ****         return 0;
 356:Drivers/lvgl/lvgl/src/draw/../core/../misc/lv_color.h ****     else
 357:Drivers/lvgl/lvgl/src/draw/../core/../misc/lv_color.h ****         return 0xFFFF;
 358:Drivers/lvgl/lvgl/src/draw/../core/../misc/lv_color.h **** #elif LV_COLOR_DEPTH == 8
 359:Drivers/lvgl/lvgl/src/draw/../core/../misc/lv_color.h ****     lv_color16_t ret;
 360:Drivers/lvgl/lvgl/src/draw/../core/../misc/lv_color.h ****     LV_COLOR_SET_R16(ret, LV_COLOR_GET_R(color) * 4);  /*(2^5 - 1)/(2^3 - 1) = 31/7 = 4*/
 361:Drivers/lvgl/lvgl/src/draw/../core/../misc/lv_color.h ****     LV_COLOR_SET_G16(ret, LV_COLOR_GET_G(color) * 9);  /*(2^6 - 1)/(2^3 - 1) = 63/7 = 9*/
 362:Drivers/lvgl/lvgl/src/draw/../core/../misc/lv_color.h ****     LV_COLOR_SET_B16(ret, LV_COLOR_GET_B(color) * 10); /*(2^5 - 1)/(2^2 - 1) = 31/3 = 10*/
 363:Drivers/lvgl/lvgl/src/draw/../core/../misc/lv_color.h ****     return ret.full;
 364:Drivers/lvgl/lvgl/src/draw/../core/../misc/lv_color.h **** #elif LV_COLOR_DEPTH == 16
ARM GAS  /tmp/ccgn2NtE.s 			page 9


 365:Drivers/lvgl/lvgl/src/draw/../core/../misc/lv_color.h ****     return color.full;
 366:Drivers/lvgl/lvgl/src/draw/../core/../misc/lv_color.h **** #elif LV_COLOR_DEPTH == 32
 367:Drivers/lvgl/lvgl/src/draw/../core/../misc/lv_color.h ****     lv_color16_t ret;
 368:Drivers/lvgl/lvgl/src/draw/../core/../misc/lv_color.h ****     LV_COLOR_SET_R16(ret, LV_COLOR_GET_R(color) >> 3); /*8 - 5  = 3*/
 369:Drivers/lvgl/lvgl/src/draw/../core/../misc/lv_color.h ****     LV_COLOR_SET_G16(ret, LV_COLOR_GET_G(color) >> 2); /*8 - 6  = 2*/
 370:Drivers/lvgl/lvgl/src/draw/../core/../misc/lv_color.h ****     LV_COLOR_SET_B16(ret, LV_COLOR_GET_B(color) >> 3); /*8 - 5  = 3*/
 371:Drivers/lvgl/lvgl/src/draw/../core/../misc/lv_color.h ****     return ret.full;
 372:Drivers/lvgl/lvgl/src/draw/../core/../misc/lv_color.h **** #endif
 373:Drivers/lvgl/lvgl/src/draw/../core/../misc/lv_color.h **** }
 374:Drivers/lvgl/lvgl/src/draw/../core/../misc/lv_color.h **** 
 375:Drivers/lvgl/lvgl/src/draw/../core/../misc/lv_color.h **** static inline uint32_t lv_color_to32(lv_color_t color)
 376:Drivers/lvgl/lvgl/src/draw/../core/../misc/lv_color.h **** {
 377:Drivers/lvgl/lvgl/src/draw/../core/../misc/lv_color.h **** #if LV_COLOR_DEPTH == 1
 378:Drivers/lvgl/lvgl/src/draw/../core/../misc/lv_color.h ****     if(color.full == 0)
 379:Drivers/lvgl/lvgl/src/draw/../core/../misc/lv_color.h ****         return 0xFF000000;
 380:Drivers/lvgl/lvgl/src/draw/../core/../misc/lv_color.h ****     else
 381:Drivers/lvgl/lvgl/src/draw/../core/../misc/lv_color.h ****         return 0xFFFFFFFF;
 382:Drivers/lvgl/lvgl/src/draw/../core/../misc/lv_color.h **** #elif LV_COLOR_DEPTH == 8
 383:Drivers/lvgl/lvgl/src/draw/../core/../misc/lv_color.h ****     lv_color32_t ret;
 384:Drivers/lvgl/lvgl/src/draw/../core/../misc/lv_color.h ****     LV_COLOR_SET_R32(ret, LV_COLOR_GET_R(color) * 36); /*(2^8 - 1)/(2^3 - 1) = 255/7 = 36*/
 385:Drivers/lvgl/lvgl/src/draw/../core/../misc/lv_color.h ****     LV_COLOR_SET_G32(ret, LV_COLOR_GET_G(color) * 36); /*(2^8 - 1)/(2^3 - 1) = 255/7 = 36*/
 386:Drivers/lvgl/lvgl/src/draw/../core/../misc/lv_color.h ****     LV_COLOR_SET_B32(ret, LV_COLOR_GET_B(color) * 85); /*(2^8 - 1)/(2^2 - 1) = 255/3 = 85*/
 387:Drivers/lvgl/lvgl/src/draw/../core/../misc/lv_color.h ****     LV_COLOR_SET_A32(ret, 0xFF);
 388:Drivers/lvgl/lvgl/src/draw/../core/../misc/lv_color.h ****     return ret.full;
 389:Drivers/lvgl/lvgl/src/draw/../core/../misc/lv_color.h **** #elif LV_COLOR_DEPTH == 16
 390:Drivers/lvgl/lvgl/src/draw/../core/../misc/lv_color.h ****     /**
 391:Drivers/lvgl/lvgl/src/draw/../core/../misc/lv_color.h ****      * The floating point math for conversion is:
 392:Drivers/lvgl/lvgl/src/draw/../core/../misc/lv_color.h ****      *  valueto = valuefrom * ( (2^bitsto - 1) / (float)(2^bitsfrom - 1) )
 393:Drivers/lvgl/lvgl/src/draw/../core/../misc/lv_color.h ****      * The faster integer math for conversion is:
 394:Drivers/lvgl/lvgl/src/draw/../core/../misc/lv_color.h ****      *  valueto = ( valuefrom * multiplier + adder ) >> divisor
 395:Drivers/lvgl/lvgl/src/draw/../core/../misc/lv_color.h ****      *   multiplier = FLOOR( ( (2^bitsto - 1) << divisor ) / (float)(2^bitsfrom - 1) )
 396:Drivers/lvgl/lvgl/src/draw/../core/../misc/lv_color.h ****      *
 397:Drivers/lvgl/lvgl/src/draw/../core/../misc/lv_color.h ****      * Find the first divisor where ( adder >> divisor ) <= 0
 398:Drivers/lvgl/lvgl/src/draw/../core/../misc/lv_color.h ****      *
 399:Drivers/lvgl/lvgl/src/draw/../core/../misc/lv_color.h ****      * 5-bit to 8-bit: ( 31 * multiplier + adder ) >> divisor = 255
 400:Drivers/lvgl/lvgl/src/draw/../core/../misc/lv_color.h ****      * divisor  multiplier  adder  min (0)  max (31)
 401:Drivers/lvgl/lvgl/src/draw/../core/../misc/lv_color.h ****      *       0           8      7        7       255
 402:Drivers/lvgl/lvgl/src/draw/../core/../misc/lv_color.h ****      *       1          16     14        7       255
 403:Drivers/lvgl/lvgl/src/draw/../core/../misc/lv_color.h ****      *       2          32     28        7       255
 404:Drivers/lvgl/lvgl/src/draw/../core/../misc/lv_color.h ****      *       3          65     25        3       255
 405:Drivers/lvgl/lvgl/src/draw/../core/../misc/lv_color.h ****      *       4         131     19        1       255
 406:Drivers/lvgl/lvgl/src/draw/../core/../misc/lv_color.h ****      *       5         263      7        0       255
 407:Drivers/lvgl/lvgl/src/draw/../core/../misc/lv_color.h ****      *
 408:Drivers/lvgl/lvgl/src/draw/../core/../misc/lv_color.h ****      * 6-bit to 8-bit: 255 = ( 63 * multiplier + adder ) >> divisor
 409:Drivers/lvgl/lvgl/src/draw/../core/../misc/lv_color.h ****      * divisor  multiplier  adder  min (0)  max (63)
 410:Drivers/lvgl/lvgl/src/draw/../core/../misc/lv_color.h ****      *       0           4      3        3       255
 411:Drivers/lvgl/lvgl/src/draw/../core/../misc/lv_color.h ****      *       1           8      6        3       255
 412:Drivers/lvgl/lvgl/src/draw/../core/../misc/lv_color.h ****      *       2          16     12        3       255
 413:Drivers/lvgl/lvgl/src/draw/../core/../misc/lv_color.h ****      *       3          32     24        3       255
 414:Drivers/lvgl/lvgl/src/draw/../core/../misc/lv_color.h ****      *       4          64     48        3       255
 415:Drivers/lvgl/lvgl/src/draw/../core/../misc/lv_color.h ****      *       5         129     33        1       255
 416:Drivers/lvgl/lvgl/src/draw/../core/../misc/lv_color.h ****      *       6         259      3        0       255
 417:Drivers/lvgl/lvgl/src/draw/../core/../misc/lv_color.h ****      */
 418:Drivers/lvgl/lvgl/src/draw/../core/../misc/lv_color.h **** 
 419:Drivers/lvgl/lvgl/src/draw/../core/../misc/lv_color.h ****     lv_color32_t ret;
 420:Drivers/lvgl/lvgl/src/draw/../core/../misc/lv_color.h ****     LV_COLOR_SET_R32(ret, (LV_COLOR_GET_R(color) * 263 + 7) >> 5);
 421:Drivers/lvgl/lvgl/src/draw/../core/../misc/lv_color.h ****     LV_COLOR_SET_G32(ret, (LV_COLOR_GET_G(color) * 259 + 3) >> 6);
ARM GAS  /tmp/ccgn2NtE.s 			page 10


 422:Drivers/lvgl/lvgl/src/draw/../core/../misc/lv_color.h ****     LV_COLOR_SET_B32(ret, (LV_COLOR_GET_B(color) * 263 + 7) >> 5);
 423:Drivers/lvgl/lvgl/src/draw/../core/../misc/lv_color.h ****     LV_COLOR_SET_A32(ret, 0xFF);
 424:Drivers/lvgl/lvgl/src/draw/../core/../misc/lv_color.h ****     return ret.full;
 425:Drivers/lvgl/lvgl/src/draw/../core/../misc/lv_color.h **** #elif LV_COLOR_DEPTH == 32
 426:Drivers/lvgl/lvgl/src/draw/../core/../misc/lv_color.h ****     return color.full;
 427:Drivers/lvgl/lvgl/src/draw/../core/../misc/lv_color.h **** #endif
 428:Drivers/lvgl/lvgl/src/draw/../core/../misc/lv_color.h **** }
 429:Drivers/lvgl/lvgl/src/draw/../core/../misc/lv_color.h **** 
 430:Drivers/lvgl/lvgl/src/draw/../core/../misc/lv_color.h **** //! @cond Doxygen_Suppress
 431:Drivers/lvgl/lvgl/src/draw/../core/../misc/lv_color.h **** 
 432:Drivers/lvgl/lvgl/src/draw/../core/../misc/lv_color.h **** /**
 433:Drivers/lvgl/lvgl/src/draw/../core/../misc/lv_color.h ****  * Mix two colors with a given ratio.
 434:Drivers/lvgl/lvgl/src/draw/../core/../misc/lv_color.h ****  * @param c1 the first color to mix (usually the foreground)
 435:Drivers/lvgl/lvgl/src/draw/../core/../misc/lv_color.h ****  * @param c2 the second color to mix (usually the background)
 436:Drivers/lvgl/lvgl/src/draw/../core/../misc/lv_color.h ****  * @param mix The ratio of the colors. 0: full `c2`, 255: full `c1`, 127: half `c1` and half`c2`
 437:Drivers/lvgl/lvgl/src/draw/../core/../misc/lv_color.h ****  * @return the mixed color
 438:Drivers/lvgl/lvgl/src/draw/../core/../misc/lv_color.h ****  */
 439:Drivers/lvgl/lvgl/src/draw/../core/../misc/lv_color.h **** LV_ATTRIBUTE_FAST_MEM static inline lv_color_t lv_color_mix(lv_color_t c1, lv_color_t c2, uint8_t m
 440:Drivers/lvgl/lvgl/src/draw/../core/../misc/lv_color.h **** {
 441:Drivers/lvgl/lvgl/src/draw/../core/../misc/lv_color.h ****     lv_color_t ret;
 442:Drivers/lvgl/lvgl/src/draw/../core/../misc/lv_color.h **** 
 443:Drivers/lvgl/lvgl/src/draw/../core/../misc/lv_color.h **** #if LV_COLOR_DEPTH == 16 && LV_COLOR_MIX_ROUND_OFS == 0
 444:Drivers/lvgl/lvgl/src/draw/../core/../misc/lv_color.h **** #if LV_COLOR_16_SWAP == 1
 445:Drivers/lvgl/lvgl/src/draw/../core/../misc/lv_color.h ****     c1.full = c1.full << 8 | c1.full >> 8;
 446:Drivers/lvgl/lvgl/src/draw/../core/../misc/lv_color.h ****     c2.full = c2.full << 8 | c2.full >> 8;
 447:Drivers/lvgl/lvgl/src/draw/../core/../misc/lv_color.h **** #endif
 448:Drivers/lvgl/lvgl/src/draw/../core/../misc/lv_color.h ****     /*Source: https://stackoverflow.com/a/50012418/1999969*/
 449:Drivers/lvgl/lvgl/src/draw/../core/../misc/lv_color.h ****     mix = (uint32_t)((uint32_t)mix + 4) >> 3;
 450:Drivers/lvgl/lvgl/src/draw/../core/../misc/lv_color.h ****     uint32_t bg = (uint32_t)((uint32_t)c2.full | ((uint32_t)c2.full << 16)) &
 451:Drivers/lvgl/lvgl/src/draw/../core/../misc/lv_color.h ****                   0x7E0F81F; /*0b00000111111000001111100000011111*/
 452:Drivers/lvgl/lvgl/src/draw/../core/../misc/lv_color.h ****     uint32_t fg = (uint32_t)((uint32_t)c1.full | ((uint32_t)c1.full << 16)) & 0x7E0F81F;
 453:Drivers/lvgl/lvgl/src/draw/../core/../misc/lv_color.h ****     uint32_t result = ((((fg - bg) * mix) >> 5) + bg) & 0x7E0F81F;
 454:Drivers/lvgl/lvgl/src/draw/../core/../misc/lv_color.h ****     ret.full = (uint16_t)((result >> 16) | result);
 455:Drivers/lvgl/lvgl/src/draw/../core/../misc/lv_color.h **** #if LV_COLOR_16_SWAP == 1
 456:Drivers/lvgl/lvgl/src/draw/../core/../misc/lv_color.h ****     ret.full = ret.full << 8 | ret.full >> 8;
 457:Drivers/lvgl/lvgl/src/draw/../core/../misc/lv_color.h **** #endif
 458:Drivers/lvgl/lvgl/src/draw/../core/../misc/lv_color.h **** #elif LV_COLOR_DEPTH != 1
 459:Drivers/lvgl/lvgl/src/draw/../core/../misc/lv_color.h ****     /*LV_COLOR_DEPTH == 8, 16 or 32*/
 460:Drivers/lvgl/lvgl/src/draw/../core/../misc/lv_color.h ****     LV_COLOR_SET_R(ret, LV_UDIV255((uint16_t)LV_COLOR_GET_R(c1) * mix + LV_COLOR_GET_R(c2) *
 461:Drivers/lvgl/lvgl/src/draw/../core/../misc/lv_color.h ****                                    (255 - mix) + LV_COLOR_MIX_ROUND_OFS));
 462:Drivers/lvgl/lvgl/src/draw/../core/../misc/lv_color.h ****     LV_COLOR_SET_G(ret, LV_UDIV255((uint16_t)LV_COLOR_GET_G(c1) * mix + LV_COLOR_GET_G(c2) *
 463:Drivers/lvgl/lvgl/src/draw/../core/../misc/lv_color.h ****                                    (255 - mix) + LV_COLOR_MIX_ROUND_OFS));
 464:Drivers/lvgl/lvgl/src/draw/../core/../misc/lv_color.h ****     LV_COLOR_SET_B(ret, LV_UDIV255((uint16_t)LV_COLOR_GET_B(c1) * mix + LV_COLOR_GET_B(c2) *
 465:Drivers/lvgl/lvgl/src/draw/../core/../misc/lv_color.h ****                                    (255 - mix) + LV_COLOR_MIX_ROUND_OFS));
 466:Drivers/lvgl/lvgl/src/draw/../core/../misc/lv_color.h ****     LV_COLOR_SET_A(ret, 0xFF);
 467:Drivers/lvgl/lvgl/src/draw/../core/../misc/lv_color.h **** #else
 468:Drivers/lvgl/lvgl/src/draw/../core/../misc/lv_color.h ****     /*LV_COLOR_DEPTH == 1*/
 469:Drivers/lvgl/lvgl/src/draw/../core/../misc/lv_color.h ****     ret.full = mix > LV_OPA_50 ? c1.full : c2.full;
 470:Drivers/lvgl/lvgl/src/draw/../core/../misc/lv_color.h **** #endif
 471:Drivers/lvgl/lvgl/src/draw/../core/../misc/lv_color.h **** 
 472:Drivers/lvgl/lvgl/src/draw/../core/../misc/lv_color.h ****     return ret;
 473:Drivers/lvgl/lvgl/src/draw/../core/../misc/lv_color.h **** }
 474:Drivers/lvgl/lvgl/src/draw/../core/../misc/lv_color.h **** 
 475:Drivers/lvgl/lvgl/src/draw/../core/../misc/lv_color.h **** LV_ATTRIBUTE_FAST_MEM static inline void lv_color_premult(lv_color_t c, uint8_t mix, uint16_t * out
 476:Drivers/lvgl/lvgl/src/draw/../core/../misc/lv_color.h **** {
 477:Drivers/lvgl/lvgl/src/draw/../core/../misc/lv_color.h **** #if LV_COLOR_DEPTH != 1
 478:Drivers/lvgl/lvgl/src/draw/../core/../misc/lv_color.h ****     out[0] = (uint16_t)LV_COLOR_GET_R(c) * mix;
ARM GAS  /tmp/ccgn2NtE.s 			page 11


 479:Drivers/lvgl/lvgl/src/draw/../core/../misc/lv_color.h ****     out[1] = (uint16_t)LV_COLOR_GET_G(c) * mix;
 480:Drivers/lvgl/lvgl/src/draw/../core/../misc/lv_color.h ****     out[2] = (uint16_t)LV_COLOR_GET_B(c) * mix;
 481:Drivers/lvgl/lvgl/src/draw/../core/../misc/lv_color.h **** #else
 482:Drivers/lvgl/lvgl/src/draw/../core/../misc/lv_color.h ****     (void) mix;
 483:Drivers/lvgl/lvgl/src/draw/../core/../misc/lv_color.h ****     /*Pre-multiplication can't be used with 1 bpp*/
 484:Drivers/lvgl/lvgl/src/draw/../core/../misc/lv_color.h ****     out[0] = LV_COLOR_GET_R(c);
 485:Drivers/lvgl/lvgl/src/draw/../core/../misc/lv_color.h ****     out[1] = LV_COLOR_GET_G(c);
 486:Drivers/lvgl/lvgl/src/draw/../core/../misc/lv_color.h ****     out[2] = LV_COLOR_GET_B(c);
 487:Drivers/lvgl/lvgl/src/draw/../core/../misc/lv_color.h **** #endif
 488:Drivers/lvgl/lvgl/src/draw/../core/../misc/lv_color.h **** 
 489:Drivers/lvgl/lvgl/src/draw/../core/../misc/lv_color.h **** }
 490:Drivers/lvgl/lvgl/src/draw/../core/../misc/lv_color.h **** 
 491:Drivers/lvgl/lvgl/src/draw/../core/../misc/lv_color.h **** /**
 492:Drivers/lvgl/lvgl/src/draw/../core/../misc/lv_color.h ****  * Mix two colors with a given ratio. It runs faster then `lv_color_mix` but requires some pre comp
 493:Drivers/lvgl/lvgl/src/draw/../core/../misc/lv_color.h ****  * @param premult_c1 The first color. Should be preprocessed with `lv_color_premult(c1)`
 494:Drivers/lvgl/lvgl/src/draw/../core/../misc/lv_color.h ****  * @param c2 The second color. As it is no pre computation required on it
 495:Drivers/lvgl/lvgl/src/draw/../core/../misc/lv_color.h ****  * @param mix The ratio of the colors. 0: full `c1`, 255: full `c2`, 127: half `c1` and half `c2`.
 496:Drivers/lvgl/lvgl/src/draw/../core/../misc/lv_color.h ****  *            Should be modified like mix = `255 - mix`
 497:Drivers/lvgl/lvgl/src/draw/../core/../misc/lv_color.h ****  * @return the mixed color
 498:Drivers/lvgl/lvgl/src/draw/../core/../misc/lv_color.h ****  * @note 255 won't give clearly `c1`.
 499:Drivers/lvgl/lvgl/src/draw/../core/../misc/lv_color.h ****  */
 500:Drivers/lvgl/lvgl/src/draw/../core/../misc/lv_color.h **** LV_ATTRIBUTE_FAST_MEM static inline lv_color_t lv_color_mix_premult(uint16_t * premult_c1, lv_color
 501:Drivers/lvgl/lvgl/src/draw/../core/../misc/lv_color.h **** {
 502:Drivers/lvgl/lvgl/src/draw/../core/../misc/lv_color.h ****     lv_color_t ret;
 503:Drivers/lvgl/lvgl/src/draw/../core/../misc/lv_color.h **** #if LV_COLOR_DEPTH != 1
 504:Drivers/lvgl/lvgl/src/draw/../core/../misc/lv_color.h ****     /*LV_COLOR_DEPTH == 8 or 32*/
 505:Drivers/lvgl/lvgl/src/draw/../core/../misc/lv_color.h ****     LV_COLOR_SET_R(ret, LV_UDIV255(premult_c1[0] + LV_COLOR_GET_R(c2) * mix + LV_COLOR_MIX_ROUND_OF
 506:Drivers/lvgl/lvgl/src/draw/../core/../misc/lv_color.h ****     LV_COLOR_SET_G(ret, LV_UDIV255(premult_c1[1] + LV_COLOR_GET_G(c2) * mix + LV_COLOR_MIX_ROUND_OF
 507:Drivers/lvgl/lvgl/src/draw/../core/../misc/lv_color.h ****     LV_COLOR_SET_B(ret, LV_UDIV255(premult_c1[2] + LV_COLOR_GET_B(c2) * mix + LV_COLOR_MIX_ROUND_OF
 508:Drivers/lvgl/lvgl/src/draw/../core/../misc/lv_color.h ****     LV_COLOR_SET_A(ret, 0xFF);
 509:Drivers/lvgl/lvgl/src/draw/../core/../misc/lv_color.h **** #else
 510:Drivers/lvgl/lvgl/src/draw/../core/../misc/lv_color.h ****     /*LV_COLOR_DEPTH == 1*/
 511:Drivers/lvgl/lvgl/src/draw/../core/../misc/lv_color.h ****     /*Restore color1*/
 512:Drivers/lvgl/lvgl/src/draw/../core/../misc/lv_color.h ****     lv_color_t c1;
 513:Drivers/lvgl/lvgl/src/draw/../core/../misc/lv_color.h ****     LV_COLOR_SET_R(c1, premult_c1[0]);
 514:Drivers/lvgl/lvgl/src/draw/../core/../misc/lv_color.h ****     LV_COLOR_SET_G(c1, premult_c1[1]);
 515:Drivers/lvgl/lvgl/src/draw/../core/../misc/lv_color.h ****     LV_COLOR_SET_B(c1, premult_c1[2]);
 516:Drivers/lvgl/lvgl/src/draw/../core/../misc/lv_color.h ****     ret.full = mix > LV_OPA_50 ? c2.full : c1.full;
 517:Drivers/lvgl/lvgl/src/draw/../core/../misc/lv_color.h **** #endif
 518:Drivers/lvgl/lvgl/src/draw/../core/../misc/lv_color.h **** 
 519:Drivers/lvgl/lvgl/src/draw/../core/../misc/lv_color.h ****     return ret;
 520:Drivers/lvgl/lvgl/src/draw/../core/../misc/lv_color.h **** }
 521:Drivers/lvgl/lvgl/src/draw/../core/../misc/lv_color.h **** 
 522:Drivers/lvgl/lvgl/src/draw/../core/../misc/lv_color.h **** /**
 523:Drivers/lvgl/lvgl/src/draw/../core/../misc/lv_color.h ****  * Mix two colors. Both color can have alpha value.
 524:Drivers/lvgl/lvgl/src/draw/../core/../misc/lv_color.h ****  * @param bg_color background color
 525:Drivers/lvgl/lvgl/src/draw/../core/../misc/lv_color.h ****  * @param bg_opa alpha of the background color
 526:Drivers/lvgl/lvgl/src/draw/../core/../misc/lv_color.h ****  * @param fg_color foreground color
 527:Drivers/lvgl/lvgl/src/draw/../core/../misc/lv_color.h ****  * @param fg_opa alpha of the foreground color
 528:Drivers/lvgl/lvgl/src/draw/../core/../misc/lv_color.h ****  * @param res_color the result color
 529:Drivers/lvgl/lvgl/src/draw/../core/../misc/lv_color.h ****  * @param res_opa the result opacity
 530:Drivers/lvgl/lvgl/src/draw/../core/../misc/lv_color.h ****  */
 531:Drivers/lvgl/lvgl/src/draw/../core/../misc/lv_color.h **** LV_ATTRIBUTE_FAST_MEM static inline void lv_color_mix_with_alpha(lv_color_t bg_color, lv_opa_t bg_o
 532:Drivers/lvgl/lvgl/src/draw/../core/../misc/lv_color.h ****                                                                  lv_color_t fg_color, lv_opa_t fg_o
 533:Drivers/lvgl/lvgl/src/draw/../core/../misc/lv_color.h ****                                                                  lv_color_t * res_color, lv_opa_t *
 534:Drivers/lvgl/lvgl/src/draw/../core/../misc/lv_color.h **** {
 535:Drivers/lvgl/lvgl/src/draw/../core/../misc/lv_color.h ****     /*Pick the foreground if it's fully opaque or the Background is fully transparent*/
ARM GAS  /tmp/ccgn2NtE.s 			page 12


 536:Drivers/lvgl/lvgl/src/draw/../core/../misc/lv_color.h ****     if(fg_opa >= LV_OPA_MAX || bg_opa <= LV_OPA_MIN) {
 537:Drivers/lvgl/lvgl/src/draw/../core/../misc/lv_color.h ****         res_color->full = fg_color.full;
 538:Drivers/lvgl/lvgl/src/draw/../core/../misc/lv_color.h ****         *res_opa = fg_opa;
 539:Drivers/lvgl/lvgl/src/draw/../core/../misc/lv_color.h ****     }
 540:Drivers/lvgl/lvgl/src/draw/../core/../misc/lv_color.h ****     /*Transparent foreground: use the Background*/
 541:Drivers/lvgl/lvgl/src/draw/../core/../misc/lv_color.h ****     else if(fg_opa <= LV_OPA_MIN) {
 542:Drivers/lvgl/lvgl/src/draw/../core/../misc/lv_color.h ****         res_color->full = bg_color.full;
 543:Drivers/lvgl/lvgl/src/draw/../core/../misc/lv_color.h ****         *res_opa = bg_opa;
 544:Drivers/lvgl/lvgl/src/draw/../core/../misc/lv_color.h ****     }
 545:Drivers/lvgl/lvgl/src/draw/../core/../misc/lv_color.h ****     /*Opaque background: use simple mix*/
 546:Drivers/lvgl/lvgl/src/draw/../core/../misc/lv_color.h ****     else if(bg_opa >= LV_OPA_MAX) {
 547:Drivers/lvgl/lvgl/src/draw/../core/../misc/lv_color.h ****         *res_color = lv_color_mix(fg_color, bg_color, fg_opa);
 548:Drivers/lvgl/lvgl/src/draw/../core/../misc/lv_color.h ****         *res_opa = LV_OPA_COVER;
 549:Drivers/lvgl/lvgl/src/draw/../core/../misc/lv_color.h ****     }
 550:Drivers/lvgl/lvgl/src/draw/../core/../misc/lv_color.h ****     /*Both colors have alpha. Expensive calculation need to be applied*/
 551:Drivers/lvgl/lvgl/src/draw/../core/../misc/lv_color.h ****     else {
 552:Drivers/lvgl/lvgl/src/draw/../core/../misc/lv_color.h ****         /*Save the parameters and the result. If they will be asked again don't compute again*/
 553:Drivers/lvgl/lvgl/src/draw/../core/../misc/lv_color.h ****         static lv_opa_t fg_opa_save     = 0;
 554:Drivers/lvgl/lvgl/src/draw/../core/../misc/lv_color.h ****         static lv_opa_t bg_opa_save     = 0;
 555:Drivers/lvgl/lvgl/src/draw/../core/../misc/lv_color.h ****         static lv_color_t fg_color_save = _LV_COLOR_ZERO_INITIALIZER;
 556:Drivers/lvgl/lvgl/src/draw/../core/../misc/lv_color.h ****         static lv_color_t bg_color_save = _LV_COLOR_ZERO_INITIALIZER;
 557:Drivers/lvgl/lvgl/src/draw/../core/../misc/lv_color.h ****         static lv_color_t res_color_saved = _LV_COLOR_ZERO_INITIALIZER;
 558:Drivers/lvgl/lvgl/src/draw/../core/../misc/lv_color.h ****         static lv_opa_t res_opa_saved = 0;
 559:Drivers/lvgl/lvgl/src/draw/../core/../misc/lv_color.h **** 
 560:Drivers/lvgl/lvgl/src/draw/../core/../misc/lv_color.h ****         if(fg_opa != fg_opa_save || bg_opa != bg_opa_save || fg_color.full != fg_color_save.full ||
 561:Drivers/lvgl/lvgl/src/draw/../core/../misc/lv_color.h ****            bg_color.full != bg_color_save.full) {
 562:Drivers/lvgl/lvgl/src/draw/../core/../misc/lv_color.h ****             fg_opa_save        = fg_opa;
 563:Drivers/lvgl/lvgl/src/draw/../core/../misc/lv_color.h ****             bg_opa_save        = bg_opa;
 564:Drivers/lvgl/lvgl/src/draw/../core/../misc/lv_color.h ****             fg_color_save.full = fg_color.full;
 565:Drivers/lvgl/lvgl/src/draw/../core/../misc/lv_color.h ****             bg_color_save.full = bg_color.full;
 566:Drivers/lvgl/lvgl/src/draw/../core/../misc/lv_color.h ****             /*Info:
 567:Drivers/lvgl/lvgl/src/draw/../core/../misc/lv_color.h ****              * https://en.wikipedia.org/wiki/Alpha_compositing#Analytical_derivation_of_the_over_op
 568:Drivers/lvgl/lvgl/src/draw/../core/../misc/lv_color.h ****             res_opa_saved = 255 - ((uint16_t)((uint16_t)(255 - fg_opa) * (255 - bg_opa)) >> 8);
 569:Drivers/lvgl/lvgl/src/draw/../core/../misc/lv_color.h ****             LV_ASSERT(res_opa_saved != 0);
 570:Drivers/lvgl/lvgl/src/draw/../core/../misc/lv_color.h ****             lv_opa_t ratio = (uint16_t)((uint16_t)fg_opa * 255) / res_opa_saved;
 571:Drivers/lvgl/lvgl/src/draw/../core/../misc/lv_color.h ****             res_color_saved = lv_color_mix(fg_color, bg_color, ratio);
 572:Drivers/lvgl/lvgl/src/draw/../core/../misc/lv_color.h **** 
 573:Drivers/lvgl/lvgl/src/draw/../core/../misc/lv_color.h ****         }
 574:Drivers/lvgl/lvgl/src/draw/../core/../misc/lv_color.h **** 
 575:Drivers/lvgl/lvgl/src/draw/../core/../misc/lv_color.h ****         res_color->full = res_color_saved.full;
 576:Drivers/lvgl/lvgl/src/draw/../core/../misc/lv_color.h ****         *res_opa = res_opa_saved;
 577:Drivers/lvgl/lvgl/src/draw/../core/../misc/lv_color.h ****     }
 578:Drivers/lvgl/lvgl/src/draw/../core/../misc/lv_color.h **** }
 579:Drivers/lvgl/lvgl/src/draw/../core/../misc/lv_color.h **** 
 580:Drivers/lvgl/lvgl/src/draw/../core/../misc/lv_color.h **** //! @endcond
 581:Drivers/lvgl/lvgl/src/draw/../core/../misc/lv_color.h **** 
 582:Drivers/lvgl/lvgl/src/draw/../core/../misc/lv_color.h **** /**
 583:Drivers/lvgl/lvgl/src/draw/../core/../misc/lv_color.h ****  * Get the brightness of a color
 584:Drivers/lvgl/lvgl/src/draw/../core/../misc/lv_color.h ****  * @param color a color
 585:Drivers/lvgl/lvgl/src/draw/../core/../misc/lv_color.h ****  * @return the brightness [0..255]
 586:Drivers/lvgl/lvgl/src/draw/../core/../misc/lv_color.h ****  */
 587:Drivers/lvgl/lvgl/src/draw/../core/../misc/lv_color.h **** static inline uint8_t lv_color_brightness(lv_color_t color)
 588:Drivers/lvgl/lvgl/src/draw/../core/../misc/lv_color.h **** {
 589:Drivers/lvgl/lvgl/src/draw/../core/../misc/lv_color.h ****     lv_color32_t c32;
 590:Drivers/lvgl/lvgl/src/draw/../core/../misc/lv_color.h ****     c32.full        = lv_color_to32(color);
 591:Drivers/lvgl/lvgl/src/draw/../core/../misc/lv_color.h ****     uint16_t bright = (uint16_t)(3u * LV_COLOR_GET_R32(c32) + LV_COLOR_GET_B32(c32) + 4u * LV_COLOR
 592:Drivers/lvgl/lvgl/src/draw/../core/../misc/lv_color.h ****     return (uint8_t)(bright >> 3);
ARM GAS  /tmp/ccgn2NtE.s 			page 13


 593:Drivers/lvgl/lvgl/src/draw/../core/../misc/lv_color.h **** }
 594:Drivers/lvgl/lvgl/src/draw/../core/../misc/lv_color.h **** 
 595:Drivers/lvgl/lvgl/src/draw/../core/../misc/lv_color.h **** static inline lv_color_t lv_color_make(uint8_t r, uint8_t g, uint8_t b)
 596:Drivers/lvgl/lvgl/src/draw/../core/../misc/lv_color.h **** {
 597:Drivers/lvgl/lvgl/src/draw/../core/../misc/lv_color.h ****     return _LV_COLOR_MAKE_TYPE_HELPER LV_COLOR_MAKE(r, g, b);
  53              		.loc 2 597 0
  54 0012 4FF00003 		mov	r3, #0	@ movhi
  55              	.LVL3:
  56              	.LBE10:
  57              	.LBE9:
  58              	.LBE8:
  42:Drivers/lvgl/lvgl/src/draw/lv_draw_line.c ****     dsc->color = lv_color_black();
  59              		.loc 1 42 0
  60 0016 2380     		strh	r3, [r4]	@ movhi
  43:Drivers/lvgl/lvgl/src/draw/lv_draw_line.c **** }
  61              		.loc 1 43 0
  62 0018 10BD     		pop	{r4, pc}
  63              		.cfi_endproc
  64              	.LFE159:
  66              		.section	.text.lv_draw_line,"ax",%progbits
  67              		.align	1
  68              		.global	lv_draw_line
  69              		.syntax unified
  70              		.thumb
  71              		.thumb_func
  72              		.fpu fpv5-d16
  74              	lv_draw_line:
  75              	.LFB160:
  44:Drivers/lvgl/lvgl/src/draw/lv_draw_line.c **** 
  45:Drivers/lvgl/lvgl/src/draw/lv_draw_line.c **** LV_ATTRIBUTE_FAST_MEM void lv_draw_line(struct _lv_draw_ctx_t * draw_ctx, const lv_draw_line_dsc_t 
  46:Drivers/lvgl/lvgl/src/draw/lv_draw_line.c ****                                         const lv_point_t * point1, const lv_point_t * point2)
  47:Drivers/lvgl/lvgl/src/draw/lv_draw_line.c **** {
  76              		.loc 1 47 0
  77              		.cfi_startproc
  78              		@ args = 0, pretend = 0, frame = 0
  79              		@ frame_needed = 0, uses_anonymous_args = 0
  80              	.LVL4:
  81 0000 10B5     		push	{r4, lr}
  82              	.LCFI1:
  83              		.cfi_def_cfa_offset 8
  84              		.cfi_offset 4, -8
  85              		.cfi_offset 14, -4
  48:Drivers/lvgl/lvgl/src/draw/lv_draw_line.c ****     if(dsc->width == 0) return;
  86              		.loc 1 48 0
  87 0002 B1F90240 		ldrsh	r4, [r1, #2]
  88 0006 24B1     		cbz	r4, .L3
  49:Drivers/lvgl/lvgl/src/draw/lv_draw_line.c ****     if(dsc->opa <= LV_OPA_MIN) return;
  89              		.loc 1 49 0
  90 0008 0C7A     		ldrb	r4, [r1, #8]	@ zero_extendqisi2
  91 000a 022C     		cmp	r4, #2
  92 000c 01D9     		bls	.L3
  50:Drivers/lvgl/lvgl/src/draw/lv_draw_line.c **** 
  51:Drivers/lvgl/lvgl/src/draw/lv_draw_line.c ****     draw_ctx->draw_line(draw_ctx, dsc, point1, point2);
  93              		.loc 1 51 0
  94 000e 446A     		ldr	r4, [r0, #36]
  95 0010 A047     		blx	r4
  96              	.LVL5:
ARM GAS  /tmp/ccgn2NtE.s 			page 14


  97              	.L3:
  52:Drivers/lvgl/lvgl/src/draw/lv_draw_line.c **** }
  98              		.loc 1 52 0
  99 0012 10BD     		pop	{r4, pc}
 100              		.cfi_endproc
 101              	.LFE160:
 103              		.text
 104              	.Letext0:
 105              		.file 3 "/opt/gcc-arm-none-eabi-7-2017-q4-major/arm-none-eabi/include/machine/_default_types.h"
 106              		.file 4 "/opt/gcc-arm-none-eabi-7-2017-q4-major/arm-none-eabi/include/sys/_stdint.h"
 107              		.file 5 "/opt/gcc-arm-none-eabi-7-2017-q4-major/lib/gcc/arm-none-eabi/7.2.1/include/stddef.h"
 108              		.file 6 "Drivers/lvgl/lvgl/src/draw/../core/../misc/../font/../misc/lv_area.h"
 109              		.file 7 "Drivers/lvgl/lvgl/src/draw/../core/../misc/../font/lv_font.h"
 110              		.file 8 "Drivers/lvgl/lvgl/src/draw/../core/../misc/lv_types.h"
 111              		.file 9 "/opt/gcc-arm-none-eabi-7-2017-q4-major/arm-none-eabi/include/sys/lock.h"
 112              		.file 10 "/opt/gcc-arm-none-eabi-7-2017-q4-major/arm-none-eabi/include/sys/_types.h"
 113              		.file 11 "/opt/gcc-arm-none-eabi-7-2017-q4-major/arm-none-eabi/include/sys/reent.h"
 114              		.file 12 "Drivers/lvgl/lvgl/src/draw/../core/../misc/lv_txt.h"
 115              		.file 13 "Drivers/lvgl/lvgl/src/draw/../core/../misc/lv_bidi.h"
 116              		.file 14 "Drivers/lvgl/lvgl/src/draw/../core/../misc/lv_style.h"
 117              		.file 15 "Drivers/lvgl/lvgl/src/draw/../core/../hal/../draw/lv_img_buf.h"
 118              		.file 16 "Drivers/lvgl/lvgl/src/draw/../core/lv_obj.h"
 119              		.file 17 "Drivers/lvgl/lvgl/src/draw/../core/../hal/../draw/lv_draw_rect.h"
 120              		.file 18 "Drivers/lvgl/lvgl/src/draw/../core/../hal/../draw/lv_draw_label.h"
 121              		.file 19 "Drivers/lvgl/lvgl/src/draw/../core/../hal/../draw/lv_draw_img.h"
 122              		.file 20 "Drivers/lvgl/lvgl/src/draw/../core/../hal/../draw/lv_draw_line.h"
 123              		.file 21 "Drivers/lvgl/lvgl/src/draw/../core/../hal/../draw/lv_draw_arc.h"
 124              		.file 22 "Drivers/lvgl/lvgl/src/draw/../core/../hal/../draw/lv_draw_layer.h"
 125              		.file 23 "Drivers/lvgl/lvgl/src/draw/../core/../hal/../draw/lv_draw.h"
 126              		.file 24 "Drivers/lvgl/lvgl/src/draw/../core/../hal/../misc/lv_ll.h"
 127              		.file 25 "Drivers/lvgl/lvgl/src/draw/../core/lv_group.h"
 128              		.file 26 "Drivers/lvgl/lvgl/src/draw/../core/lv_obj_scroll.h"
 129              		.file 27 "Drivers/lvgl/lvgl/src/draw/../core/lv_obj_style.h"
 130              		.file 28 "Drivers/lvgl/lvgl/src/draw/../core/lv_obj_class.h"
 131              		.file 29 "Drivers/lvgl/lvgl/src/draw/../core/lv_event.h"
 132              		.file 30 "Drivers/lvgl/lvgl/src/draw/../core/../misc/lv_mem.h"
ARM GAS  /tmp/ccgn2NtE.s 			page 15


DEFINED SYMBOLS
                            *ABS*:0000000000000000 lv_draw_line.c
     /tmp/ccgn2NtE.s:17     .text.lv_draw_line_dsc_init:0000000000000000 $t
     /tmp/ccgn2NtE.s:24     .text.lv_draw_line_dsc_init:0000000000000000 lv_draw_line_dsc_init
     /tmp/ccgn2NtE.s:67     .text.lv_draw_line:0000000000000000 $t
     /tmp/ccgn2NtE.s:74     .text.lv_draw_line:0000000000000000 lv_draw_line

UNDEFINED SYMBOLS
lv_memset_00
