ARM GAS  /tmp/ccPOsx2Y.s 			page 1


   1              		.cpu cortex-m7
   2              		.eabi_attribute 28, 1
   3              		.eabi_attribute 20, 1
   4              		.eabi_attribute 21, 1
   5              		.eabi_attribute 23, 3
   6              		.eabi_attribute 24, 1
   7              		.eabi_attribute 25, 1
   8              		.eabi_attribute 26, 1
   9              		.eabi_attribute 30, 1
  10              		.eabi_attribute 34, 1
  11              		.eabi_attribute 18, 4
  12              		.file	"lv_draw_sw_letter.c"
  13              		.text
  14              	.Ltext0:
  15              		.cfi_sections	.debug_frame
  16              		.section	.text.draw_letter_normal,"ax",%progbits
  17              		.align	1
  18              		.syntax unified
  19              		.thumb
  20              		.thumb_func
  21              		.fpu fpv5-d16
  23              	draw_letter_normal:
  24              	.LFB160:
  25              		.file 1 "Drivers/lvgl/lvgl/src/draw/sw/lv_draw_sw_letter.c"
   1:Drivers/lvgl/lvgl/src/draw/sw/lv_draw_sw_letter.c **** /**
   2:Drivers/lvgl/lvgl/src/draw/sw/lv_draw_sw_letter.c ****  * @file lv_draw_sw_letter.c
   3:Drivers/lvgl/lvgl/src/draw/sw/lv_draw_sw_letter.c ****  *
   4:Drivers/lvgl/lvgl/src/draw/sw/lv_draw_sw_letter.c ****  */
   5:Drivers/lvgl/lvgl/src/draw/sw/lv_draw_sw_letter.c **** 
   6:Drivers/lvgl/lvgl/src/draw/sw/lv_draw_sw_letter.c **** /*********************
   7:Drivers/lvgl/lvgl/src/draw/sw/lv_draw_sw_letter.c ****  *      INCLUDES
   8:Drivers/lvgl/lvgl/src/draw/sw/lv_draw_sw_letter.c ****  *********************/
   9:Drivers/lvgl/lvgl/src/draw/sw/lv_draw_sw_letter.c **** #include "lv_draw_sw.h"
  10:Drivers/lvgl/lvgl/src/draw/sw/lv_draw_sw_letter.c **** #include "../../hal/lv_hal_disp.h"
  11:Drivers/lvgl/lvgl/src/draw/sw/lv_draw_sw_letter.c **** #include "../../misc/lv_math.h"
  12:Drivers/lvgl/lvgl/src/draw/sw/lv_draw_sw_letter.c **** #include "../../misc/lv_assert.h"
  13:Drivers/lvgl/lvgl/src/draw/sw/lv_draw_sw_letter.c **** #include "../../misc/lv_area.h"
  14:Drivers/lvgl/lvgl/src/draw/sw/lv_draw_sw_letter.c **** #include "../../misc/lv_style.h"
  15:Drivers/lvgl/lvgl/src/draw/sw/lv_draw_sw_letter.c **** #include "../../font/lv_font.h"
  16:Drivers/lvgl/lvgl/src/draw/sw/lv_draw_sw_letter.c **** #include "../../core/lv_refr.h"
  17:Drivers/lvgl/lvgl/src/draw/sw/lv_draw_sw_letter.c **** 
  18:Drivers/lvgl/lvgl/src/draw/sw/lv_draw_sw_letter.c **** /*********************
  19:Drivers/lvgl/lvgl/src/draw/sw/lv_draw_sw_letter.c ****  *      DEFINES
  20:Drivers/lvgl/lvgl/src/draw/sw/lv_draw_sw_letter.c ****  *********************/
  21:Drivers/lvgl/lvgl/src/draw/sw/lv_draw_sw_letter.c **** 
  22:Drivers/lvgl/lvgl/src/draw/sw/lv_draw_sw_letter.c **** /**********************
  23:Drivers/lvgl/lvgl/src/draw/sw/lv_draw_sw_letter.c ****  *      TYPEDEFS
  24:Drivers/lvgl/lvgl/src/draw/sw/lv_draw_sw_letter.c ****  **********************/
  25:Drivers/lvgl/lvgl/src/draw/sw/lv_draw_sw_letter.c **** 
  26:Drivers/lvgl/lvgl/src/draw/sw/lv_draw_sw_letter.c **** /**********************
  27:Drivers/lvgl/lvgl/src/draw/sw/lv_draw_sw_letter.c ****  *  STATIC PROTOTYPES
  28:Drivers/lvgl/lvgl/src/draw/sw/lv_draw_sw_letter.c ****  **********************/
  29:Drivers/lvgl/lvgl/src/draw/sw/lv_draw_sw_letter.c **** 
  30:Drivers/lvgl/lvgl/src/draw/sw/lv_draw_sw_letter.c **** LV_ATTRIBUTE_FAST_MEM static void draw_letter_normal(lv_draw_ctx_t * draw_ctx, const lv_draw_label_
  31:Drivers/lvgl/lvgl/src/draw/sw/lv_draw_sw_letter.c ****                                                      const lv_point_t * pos, lv_font_glyph_dsc_t * 
  32:Drivers/lvgl/lvgl/src/draw/sw/lv_draw_sw_letter.c **** 
  33:Drivers/lvgl/lvgl/src/draw/sw/lv_draw_sw_letter.c **** 
ARM GAS  /tmp/ccPOsx2Y.s 			page 2


  34:Drivers/lvgl/lvgl/src/draw/sw/lv_draw_sw_letter.c **** #if LV_DRAW_COMPLEX && LV_USE_FONT_SUBPX
  35:Drivers/lvgl/lvgl/src/draw/sw/lv_draw_sw_letter.c **** static void draw_letter_subpx(lv_draw_ctx_t * draw_ctx, const lv_draw_label_dsc_t * dsc, const lv_p
  36:Drivers/lvgl/lvgl/src/draw/sw/lv_draw_sw_letter.c ****                               lv_font_glyph_dsc_t * g, const uint8_t * map_p);
  37:Drivers/lvgl/lvgl/src/draw/sw/lv_draw_sw_letter.c **** #endif /*LV_DRAW_COMPLEX && LV_USE_FONT_SUBPX*/
  38:Drivers/lvgl/lvgl/src/draw/sw/lv_draw_sw_letter.c **** 
  39:Drivers/lvgl/lvgl/src/draw/sw/lv_draw_sw_letter.c **** /**********************
  40:Drivers/lvgl/lvgl/src/draw/sw/lv_draw_sw_letter.c ****  *  STATIC VARIABLES
  41:Drivers/lvgl/lvgl/src/draw/sw/lv_draw_sw_letter.c ****  **********************/
  42:Drivers/lvgl/lvgl/src/draw/sw/lv_draw_sw_letter.c **** 
  43:Drivers/lvgl/lvgl/src/draw/sw/lv_draw_sw_letter.c **** /**********************
  44:Drivers/lvgl/lvgl/src/draw/sw/lv_draw_sw_letter.c ****  *  GLOBAL VARIABLES
  45:Drivers/lvgl/lvgl/src/draw/sw/lv_draw_sw_letter.c ****  **********************/
  46:Drivers/lvgl/lvgl/src/draw/sw/lv_draw_sw_letter.c **** 
  47:Drivers/lvgl/lvgl/src/draw/sw/lv_draw_sw_letter.c **** const uint8_t _lv_bpp1_opa_table[2]  = {0, 255};          /*Opacity mapping with bpp = 1 (Just for 
  48:Drivers/lvgl/lvgl/src/draw/sw/lv_draw_sw_letter.c **** const uint8_t _lv_bpp2_opa_table[4]  = {0, 85, 170, 255}; /*Opacity mapping with bpp = 2*/
  49:Drivers/lvgl/lvgl/src/draw/sw/lv_draw_sw_letter.c **** 
  50:Drivers/lvgl/lvgl/src/draw/sw/lv_draw_sw_letter.c **** const uint8_t _lv_bpp3_opa_table[8]  = {0, 36,  73, 109,   /*Opacity mapping with bpp = 3*/
  51:Drivers/lvgl/lvgl/src/draw/sw/lv_draw_sw_letter.c ****                                         146, 182,  219, 255
  52:Drivers/lvgl/lvgl/src/draw/sw/lv_draw_sw_letter.c ****                                        };
  53:Drivers/lvgl/lvgl/src/draw/sw/lv_draw_sw_letter.c **** 
  54:Drivers/lvgl/lvgl/src/draw/sw/lv_draw_sw_letter.c **** const uint8_t _lv_bpp4_opa_table[16] = {0,  17, 34,  51,  /*Opacity mapping with bpp = 4*/
  55:Drivers/lvgl/lvgl/src/draw/sw/lv_draw_sw_letter.c ****                                         68, 85, 102, 119,
  56:Drivers/lvgl/lvgl/src/draw/sw/lv_draw_sw_letter.c ****                                         136, 153, 170, 187,
  57:Drivers/lvgl/lvgl/src/draw/sw/lv_draw_sw_letter.c ****                                         204, 221, 238, 255
  58:Drivers/lvgl/lvgl/src/draw/sw/lv_draw_sw_letter.c ****                                        };
  59:Drivers/lvgl/lvgl/src/draw/sw/lv_draw_sw_letter.c **** 
  60:Drivers/lvgl/lvgl/src/draw/sw/lv_draw_sw_letter.c **** const uint8_t _lv_bpp8_opa_table[256] = {0, 1, 2, 3, 4, 5, 6, 7, 8, 9, 10, 11, 12, 13, 14, 15,
  61:Drivers/lvgl/lvgl/src/draw/sw/lv_draw_sw_letter.c ****                                          16, 17, 18, 19, 20, 21, 22, 23, 24, 25, 26, 27, 28, 29, 30
  62:Drivers/lvgl/lvgl/src/draw/sw/lv_draw_sw_letter.c ****                                          32, 33, 34, 35, 36, 37, 38, 39, 40, 41, 42, 43, 44, 45, 46
  63:Drivers/lvgl/lvgl/src/draw/sw/lv_draw_sw_letter.c ****                                          48, 49, 50, 51, 52, 53, 54, 55, 56, 57, 58, 59, 60, 61, 62
  64:Drivers/lvgl/lvgl/src/draw/sw/lv_draw_sw_letter.c ****                                          64, 65, 66, 67, 68, 69, 70, 71, 72, 73, 74, 75, 76, 77, 78
  65:Drivers/lvgl/lvgl/src/draw/sw/lv_draw_sw_letter.c ****                                          80, 81, 82, 83, 84, 85, 86, 87, 88, 89, 90, 91, 92, 93, 94
  66:Drivers/lvgl/lvgl/src/draw/sw/lv_draw_sw_letter.c ****                                          96, 97, 98, 99, 100, 101, 102, 103, 104, 105, 106, 107, 10
  67:Drivers/lvgl/lvgl/src/draw/sw/lv_draw_sw_letter.c ****                                          112, 113, 114, 115, 116, 117, 118, 119, 120, 121, 122, 123
  68:Drivers/lvgl/lvgl/src/draw/sw/lv_draw_sw_letter.c ****                                          128, 129, 130, 131, 132, 133, 134, 135, 136, 137, 138, 139
  69:Drivers/lvgl/lvgl/src/draw/sw/lv_draw_sw_letter.c ****                                          144, 145, 146, 147, 148, 149, 150, 151, 152, 153, 154, 155
  70:Drivers/lvgl/lvgl/src/draw/sw/lv_draw_sw_letter.c ****                                          160, 161, 162, 163, 164, 165, 166, 167, 168, 169, 170, 171
  71:Drivers/lvgl/lvgl/src/draw/sw/lv_draw_sw_letter.c ****                                          176, 177, 178, 179, 180, 181, 182, 183, 184, 185, 186, 187
  72:Drivers/lvgl/lvgl/src/draw/sw/lv_draw_sw_letter.c ****                                          192, 193, 194, 195, 196, 197, 198, 199, 200, 201, 202, 203
  73:Drivers/lvgl/lvgl/src/draw/sw/lv_draw_sw_letter.c ****                                          208, 209, 210, 211, 212, 213, 214, 215, 216, 217, 218, 219
  74:Drivers/lvgl/lvgl/src/draw/sw/lv_draw_sw_letter.c ****                                          224, 225, 226, 227, 228, 229, 230, 231, 232, 233, 234, 235
  75:Drivers/lvgl/lvgl/src/draw/sw/lv_draw_sw_letter.c ****                                          240, 241, 242, 243, 244, 245, 246, 247, 248, 249, 250, 251
  76:Drivers/lvgl/lvgl/src/draw/sw/lv_draw_sw_letter.c ****                                         };
  77:Drivers/lvgl/lvgl/src/draw/sw/lv_draw_sw_letter.c **** 
  78:Drivers/lvgl/lvgl/src/draw/sw/lv_draw_sw_letter.c **** /**********************
  79:Drivers/lvgl/lvgl/src/draw/sw/lv_draw_sw_letter.c ****  *      MACROS
  80:Drivers/lvgl/lvgl/src/draw/sw/lv_draw_sw_letter.c ****  **********************/
  81:Drivers/lvgl/lvgl/src/draw/sw/lv_draw_sw_letter.c **** 
  82:Drivers/lvgl/lvgl/src/draw/sw/lv_draw_sw_letter.c **** /**********************
  83:Drivers/lvgl/lvgl/src/draw/sw/lv_draw_sw_letter.c ****  *   GLOBAL FUNCTIONS
  84:Drivers/lvgl/lvgl/src/draw/sw/lv_draw_sw_letter.c ****  **********************/
  85:Drivers/lvgl/lvgl/src/draw/sw/lv_draw_sw_letter.c **** 
  86:Drivers/lvgl/lvgl/src/draw/sw/lv_draw_sw_letter.c **** /**
  87:Drivers/lvgl/lvgl/src/draw/sw/lv_draw_sw_letter.c ****  * Draw a letter in the Virtual Display Buffer
  88:Drivers/lvgl/lvgl/src/draw/sw/lv_draw_sw_letter.c ****  * @param pos_p left-top coordinate of the latter
  89:Drivers/lvgl/lvgl/src/draw/sw/lv_draw_sw_letter.c ****  * @param mask_p the letter will be drawn only on this area  (truncated to draw_buf area)
  90:Drivers/lvgl/lvgl/src/draw/sw/lv_draw_sw_letter.c ****  * @param font_p pointer to font
ARM GAS  /tmp/ccPOsx2Y.s 			page 3


  91:Drivers/lvgl/lvgl/src/draw/sw/lv_draw_sw_letter.c ****  * @param letter a letter to draw
  92:Drivers/lvgl/lvgl/src/draw/sw/lv_draw_sw_letter.c ****  * @param color color of letter
  93:Drivers/lvgl/lvgl/src/draw/sw/lv_draw_sw_letter.c ****  * @param opa opacity of letter (0..255)
  94:Drivers/lvgl/lvgl/src/draw/sw/lv_draw_sw_letter.c ****  */
  95:Drivers/lvgl/lvgl/src/draw/sw/lv_draw_sw_letter.c **** void lv_draw_sw_letter(lv_draw_ctx_t * draw_ctx, const lv_draw_label_dsc_t * dsc,  const lv_point_t
  96:Drivers/lvgl/lvgl/src/draw/sw/lv_draw_sw_letter.c ****                        uint32_t letter)
  97:Drivers/lvgl/lvgl/src/draw/sw/lv_draw_sw_letter.c **** {
  98:Drivers/lvgl/lvgl/src/draw/sw/lv_draw_sw_letter.c ****     lv_font_glyph_dsc_t g;
  99:Drivers/lvgl/lvgl/src/draw/sw/lv_draw_sw_letter.c ****     bool g_ret = lv_font_get_glyph_dsc(dsc->font, &g, letter, '\0');
 100:Drivers/lvgl/lvgl/src/draw/sw/lv_draw_sw_letter.c ****     if(g_ret == false) {
 101:Drivers/lvgl/lvgl/src/draw/sw/lv_draw_sw_letter.c ****         /*Add warning if the dsc is not found
 102:Drivers/lvgl/lvgl/src/draw/sw/lv_draw_sw_letter.c ****          *but do not print warning for non printable ASCII chars (e.g. '\n')*/
 103:Drivers/lvgl/lvgl/src/draw/sw/lv_draw_sw_letter.c ****         if(letter >= 0x20 &&
 104:Drivers/lvgl/lvgl/src/draw/sw/lv_draw_sw_letter.c ****            letter != 0xf8ff && /*LV_SYMBOL_DUMMY*/
 105:Drivers/lvgl/lvgl/src/draw/sw/lv_draw_sw_letter.c ****            letter != 0x200c) { /*ZERO WIDTH NON-JOINER*/
 106:Drivers/lvgl/lvgl/src/draw/sw/lv_draw_sw_letter.c ****             LV_LOG_WARN("lv_draw_letter: glyph dsc. not found for U+%" PRIX32, letter);
 107:Drivers/lvgl/lvgl/src/draw/sw/lv_draw_sw_letter.c **** 
 108:Drivers/lvgl/lvgl/src/draw/sw/lv_draw_sw_letter.c **** #if LV_USE_FONT_PLACEHOLDER
 109:Drivers/lvgl/lvgl/src/draw/sw/lv_draw_sw_letter.c ****             /* draw placeholder */
 110:Drivers/lvgl/lvgl/src/draw/sw/lv_draw_sw_letter.c ****             lv_area_t glyph_coords;
 111:Drivers/lvgl/lvgl/src/draw/sw/lv_draw_sw_letter.c ****             lv_draw_rect_dsc_t glyph_dsc;
 112:Drivers/lvgl/lvgl/src/draw/sw/lv_draw_sw_letter.c ****             lv_coord_t begin_x = pos_p->x + g.ofs_x;
 113:Drivers/lvgl/lvgl/src/draw/sw/lv_draw_sw_letter.c ****             lv_coord_t begin_y = pos_p->y + g.ofs_y;
 114:Drivers/lvgl/lvgl/src/draw/sw/lv_draw_sw_letter.c ****             lv_area_set(&glyph_coords, begin_x, begin_y, begin_x + g.box_w, begin_y + g.box_h);
 115:Drivers/lvgl/lvgl/src/draw/sw/lv_draw_sw_letter.c ****             lv_draw_rect_dsc_init(&glyph_dsc);
 116:Drivers/lvgl/lvgl/src/draw/sw/lv_draw_sw_letter.c ****             glyph_dsc.bg_opa = LV_OPA_MIN;
 117:Drivers/lvgl/lvgl/src/draw/sw/lv_draw_sw_letter.c ****             glyph_dsc.outline_opa = LV_OPA_MIN;
 118:Drivers/lvgl/lvgl/src/draw/sw/lv_draw_sw_letter.c ****             glyph_dsc.shadow_opa = LV_OPA_MIN;
 119:Drivers/lvgl/lvgl/src/draw/sw/lv_draw_sw_letter.c ****             glyph_dsc.bg_img_opa = LV_OPA_MIN;
 120:Drivers/lvgl/lvgl/src/draw/sw/lv_draw_sw_letter.c ****             glyph_dsc.border_color = dsc->color;
 121:Drivers/lvgl/lvgl/src/draw/sw/lv_draw_sw_letter.c ****             glyph_dsc.border_width = 1;
 122:Drivers/lvgl/lvgl/src/draw/sw/lv_draw_sw_letter.c ****             draw_ctx->draw_rect(draw_ctx, &glyph_dsc, &glyph_coords);
 123:Drivers/lvgl/lvgl/src/draw/sw/lv_draw_sw_letter.c **** #endif
 124:Drivers/lvgl/lvgl/src/draw/sw/lv_draw_sw_letter.c ****         }
 125:Drivers/lvgl/lvgl/src/draw/sw/lv_draw_sw_letter.c ****         return;
 126:Drivers/lvgl/lvgl/src/draw/sw/lv_draw_sw_letter.c ****     }
 127:Drivers/lvgl/lvgl/src/draw/sw/lv_draw_sw_letter.c **** 
 128:Drivers/lvgl/lvgl/src/draw/sw/lv_draw_sw_letter.c ****     /*Don't draw anything if the character is empty. E.g. space*/
 129:Drivers/lvgl/lvgl/src/draw/sw/lv_draw_sw_letter.c ****     if((g.box_h == 0) || (g.box_w == 0)) return;
 130:Drivers/lvgl/lvgl/src/draw/sw/lv_draw_sw_letter.c **** 
 131:Drivers/lvgl/lvgl/src/draw/sw/lv_draw_sw_letter.c ****     lv_point_t gpos;
 132:Drivers/lvgl/lvgl/src/draw/sw/lv_draw_sw_letter.c ****     gpos.x = pos_p->x + g.ofs_x;
 133:Drivers/lvgl/lvgl/src/draw/sw/lv_draw_sw_letter.c ****     gpos.y = pos_p->y + (dsc->font->line_height - dsc->font->base_line) - g.box_h - g.ofs_y;
 134:Drivers/lvgl/lvgl/src/draw/sw/lv_draw_sw_letter.c **** 
 135:Drivers/lvgl/lvgl/src/draw/sw/lv_draw_sw_letter.c ****     /*If the letter is completely out of mask don't draw it*/
 136:Drivers/lvgl/lvgl/src/draw/sw/lv_draw_sw_letter.c ****     if(gpos.x + g.box_w < draw_ctx->clip_area->x1 ||
 137:Drivers/lvgl/lvgl/src/draw/sw/lv_draw_sw_letter.c ****        gpos.x > draw_ctx->clip_area->x2 ||
 138:Drivers/lvgl/lvgl/src/draw/sw/lv_draw_sw_letter.c ****        gpos.y + g.box_h < draw_ctx->clip_area->y1 ||
 139:Drivers/lvgl/lvgl/src/draw/sw/lv_draw_sw_letter.c ****        gpos.y > draw_ctx->clip_area->y2)  {
 140:Drivers/lvgl/lvgl/src/draw/sw/lv_draw_sw_letter.c ****         return;
 141:Drivers/lvgl/lvgl/src/draw/sw/lv_draw_sw_letter.c ****     }
 142:Drivers/lvgl/lvgl/src/draw/sw/lv_draw_sw_letter.c **** 
 143:Drivers/lvgl/lvgl/src/draw/sw/lv_draw_sw_letter.c ****     const uint8_t * map_p = lv_font_get_glyph_bitmap(g.resolved_font, letter);
 144:Drivers/lvgl/lvgl/src/draw/sw/lv_draw_sw_letter.c ****     if(map_p == NULL) {
 145:Drivers/lvgl/lvgl/src/draw/sw/lv_draw_sw_letter.c ****         LV_LOG_WARN("lv_draw_letter: character's bitmap not found");
 146:Drivers/lvgl/lvgl/src/draw/sw/lv_draw_sw_letter.c ****         return;
 147:Drivers/lvgl/lvgl/src/draw/sw/lv_draw_sw_letter.c ****     }
ARM GAS  /tmp/ccPOsx2Y.s 			page 4


 148:Drivers/lvgl/lvgl/src/draw/sw/lv_draw_sw_letter.c **** 
 149:Drivers/lvgl/lvgl/src/draw/sw/lv_draw_sw_letter.c ****     if(g.resolved_font->subpx) {
 150:Drivers/lvgl/lvgl/src/draw/sw/lv_draw_sw_letter.c **** #if LV_DRAW_COMPLEX && LV_USE_FONT_SUBPX
 151:Drivers/lvgl/lvgl/src/draw/sw/lv_draw_sw_letter.c ****         draw_letter_subpx(draw_ctx, dsc, &gpos, &g, map_p);
 152:Drivers/lvgl/lvgl/src/draw/sw/lv_draw_sw_letter.c **** #else
 153:Drivers/lvgl/lvgl/src/draw/sw/lv_draw_sw_letter.c ****         LV_LOG_WARN("Can't draw sub-pixel rendered letter because LV_USE_FONT_SUBPX == 0 in lv_conf
 154:Drivers/lvgl/lvgl/src/draw/sw/lv_draw_sw_letter.c **** #endif
 155:Drivers/lvgl/lvgl/src/draw/sw/lv_draw_sw_letter.c ****     }
 156:Drivers/lvgl/lvgl/src/draw/sw/lv_draw_sw_letter.c ****     else {
 157:Drivers/lvgl/lvgl/src/draw/sw/lv_draw_sw_letter.c ****         draw_letter_normal(draw_ctx, dsc, &gpos, &g, map_p);
 158:Drivers/lvgl/lvgl/src/draw/sw/lv_draw_sw_letter.c ****     }
 159:Drivers/lvgl/lvgl/src/draw/sw/lv_draw_sw_letter.c **** }
 160:Drivers/lvgl/lvgl/src/draw/sw/lv_draw_sw_letter.c **** 
 161:Drivers/lvgl/lvgl/src/draw/sw/lv_draw_sw_letter.c **** /**********************
 162:Drivers/lvgl/lvgl/src/draw/sw/lv_draw_sw_letter.c ****  *   STATIC FUNCTIONS
 163:Drivers/lvgl/lvgl/src/draw/sw/lv_draw_sw_letter.c ****  **********************/
 164:Drivers/lvgl/lvgl/src/draw/sw/lv_draw_sw_letter.c **** 
 165:Drivers/lvgl/lvgl/src/draw/sw/lv_draw_sw_letter.c **** LV_ATTRIBUTE_FAST_MEM static void draw_letter_normal(lv_draw_ctx_t * draw_ctx, const lv_draw_label_
 166:Drivers/lvgl/lvgl/src/draw/sw/lv_draw_sw_letter.c ****                                                      const lv_point_t * pos, lv_font_glyph_dsc_t * 
 167:Drivers/lvgl/lvgl/src/draw/sw/lv_draw_sw_letter.c **** {
  26              		.loc 1 167 0
  27              		.cfi_startproc
  28              		@ args = 4, pretend = 0, frame = 88
  29              		@ frame_needed = 0, uses_anonymous_args = 0
  30              	.LVL0:
  31 0000 2DE9F04F 		push	{r4, r5, r6, r7, r8, r9, r10, fp, lr}
  32              	.LCFI0:
  33              		.cfi_def_cfa_offset 36
  34              		.cfi_offset 4, -36
  35              		.cfi_offset 5, -32
  36              		.cfi_offset 6, -28
  37              		.cfi_offset 7, -24
  38              		.cfi_offset 8, -20
  39              		.cfi_offset 9, -16
  40              		.cfi_offset 10, -12
  41              		.cfi_offset 11, -8
  42              		.cfi_offset 14, -4
  43 0004 97B0     		sub	sp, sp, #92
  44              	.LCFI1:
  45              		.cfi_def_cfa_offset 128
 168:Drivers/lvgl/lvgl/src/draw/sw/lv_draw_sw_letter.c **** 
 169:Drivers/lvgl/lvgl/src/draw/sw/lv_draw_sw_letter.c ****     const uint8_t * bpp_opa_table_p;
 170:Drivers/lvgl/lvgl/src/draw/sw/lv_draw_sw_letter.c ****     uint32_t bitmask_init;
 171:Drivers/lvgl/lvgl/src/draw/sw/lv_draw_sw_letter.c ****     uint32_t bitmask;
 172:Drivers/lvgl/lvgl/src/draw/sw/lv_draw_sw_letter.c ****     uint32_t bpp = g->bpp;
  46              		.loc 1 172 0
  47 0006 93F80E90 		ldrb	r9, [r3, #14]	@ zero_extendqisi2
  48 000a 09F00F09 		and	r9, r9, #15
  49              	.LVL1:
 173:Drivers/lvgl/lvgl/src/draw/sw/lv_draw_sw_letter.c ****     lv_opa_t opa = dsc->opa;
  50              		.loc 1 173 0
  51 000e 8E7E     		ldrb	r6, [r1, #26]	@ zero_extendqisi2
  52              	.LVL2:
 174:Drivers/lvgl/lvgl/src/draw/sw/lv_draw_sw_letter.c ****     uint32_t shades;
 175:Drivers/lvgl/lvgl/src/draw/sw/lv_draw_sw_letter.c ****     if(bpp == 3) bpp = 4;
  53              		.loc 1 175 0
  54 0010 B9F1030F 		cmp	r9, #3
ARM GAS  /tmp/ccPOsx2Y.s 			page 5


  55 0014 23D0     		beq	.L31
 176:Drivers/lvgl/lvgl/src/draw/sw/lv_draw_sw_letter.c **** 
 177:Drivers/lvgl/lvgl/src/draw/sw/lv_draw_sw_letter.c **** #if LV_USE_IMGFONT
 178:Drivers/lvgl/lvgl/src/draw/sw/lv_draw_sw_letter.c ****     if(bpp == LV_IMGFONT_BPP) { //is imgfont
 179:Drivers/lvgl/lvgl/src/draw/sw/lv_draw_sw_letter.c ****         lv_area_t fill_area;
 180:Drivers/lvgl/lvgl/src/draw/sw/lv_draw_sw_letter.c ****         fill_area.x1 = pos->x;
 181:Drivers/lvgl/lvgl/src/draw/sw/lv_draw_sw_letter.c ****         fill_area.y1 = pos->y;
 182:Drivers/lvgl/lvgl/src/draw/sw/lv_draw_sw_letter.c ****         fill_area.x2 = pos->x + g->box_w - 1;
 183:Drivers/lvgl/lvgl/src/draw/sw/lv_draw_sw_letter.c ****         fill_area.y2 = pos->y + g->box_h - 1;
 184:Drivers/lvgl/lvgl/src/draw/sw/lv_draw_sw_letter.c ****         lv_draw_img_dsc_t img_dsc;
 185:Drivers/lvgl/lvgl/src/draw/sw/lv_draw_sw_letter.c ****         lv_draw_img_dsc_init(&img_dsc);
 186:Drivers/lvgl/lvgl/src/draw/sw/lv_draw_sw_letter.c ****         img_dsc.angle = 0;
 187:Drivers/lvgl/lvgl/src/draw/sw/lv_draw_sw_letter.c ****         img_dsc.zoom = LV_IMG_ZOOM_NONE;
 188:Drivers/lvgl/lvgl/src/draw/sw/lv_draw_sw_letter.c ****         img_dsc.opa = dsc->opa;
 189:Drivers/lvgl/lvgl/src/draw/sw/lv_draw_sw_letter.c ****         img_dsc.blend_mode = dsc->blend_mode;
 190:Drivers/lvgl/lvgl/src/draw/sw/lv_draw_sw_letter.c ****         lv_draw_img(draw_ctx, &img_dsc, &fill_area, map_p);
 191:Drivers/lvgl/lvgl/src/draw/sw/lv_draw_sw_letter.c ****         return;
 192:Drivers/lvgl/lvgl/src/draw/sw/lv_draw_sw_letter.c ****     }
 193:Drivers/lvgl/lvgl/src/draw/sw/lv_draw_sw_letter.c **** #endif
 194:Drivers/lvgl/lvgl/src/draw/sw/lv_draw_sw_letter.c **** 
 195:Drivers/lvgl/lvgl/src/draw/sw/lv_draw_sw_letter.c ****     switch(bpp) {
  56              		.loc 1 195 0
  57 0016 09F1FF34 		add	r4, r9, #-1
  58 001a 072C     		cmp	r4, #7
  59 001c 00F26681 		bhi	.L1
  60 0020 DFE814F0 		tbh	[pc, r4, lsl #1]
  61              	.L5:
  62 0024 0800     		.2byte	(.L4-.L5)/2
  63 0026 2F00     		.2byte	(.L32-.L5)/2
  64 0028 6401     		.2byte	(.L1-.L5)/2
  65 002a 0F00     		.2byte	(.L6-.L5)/2
  66 002c 6401     		.2byte	(.L1-.L5)/2
  67 002e 6401     		.2byte	(.L1-.L5)/2
  68 0030 6401     		.2byte	(.L1-.L5)/2
  69 0032 1600     		.2byte	(.L7-.L5)/2
  70              		.p2align 1
  71              	.L4:
 196:Drivers/lvgl/lvgl/src/draw/sw/lv_draw_sw_letter.c ****         case 1:
 197:Drivers/lvgl/lvgl/src/draw/sw/lv_draw_sw_letter.c ****             bpp_opa_table_p = _lv_bpp1_opa_table;
 198:Drivers/lvgl/lvgl/src/draw/sw/lv_draw_sw_letter.c ****             bitmask_init  = 0x80;
 199:Drivers/lvgl/lvgl/src/draw/sw/lv_draw_sw_letter.c ****             shades = 2;
  72              		.loc 1 199 0
  73 0034 4FF0020C 		mov	ip, #2
 198:Drivers/lvgl/lvgl/src/draw/sw/lv_draw_sw_letter.c ****             shades = 2;
  74              		.loc 1 198 0
  75 0038 8024     		movs	r4, #128
  76 003a 0094     		str	r4, [sp]
 197:Drivers/lvgl/lvgl/src/draw/sw/lv_draw_sw_letter.c ****             bitmask_init  = 0x80;
  77              		.loc 1 197 0
  78 003c AD4C     		ldr	r4, .L45
  79 003e 0394     		str	r4, [sp, #12]
  80 0040 15E0     		b	.L2
  81              	.L6:
 200:Drivers/lvgl/lvgl/src/draw/sw/lv_draw_sw_letter.c ****             break;
 201:Drivers/lvgl/lvgl/src/draw/sw/lv_draw_sw_letter.c ****         case 2:
 202:Drivers/lvgl/lvgl/src/draw/sw/lv_draw_sw_letter.c ****             bpp_opa_table_p = _lv_bpp2_opa_table;
 203:Drivers/lvgl/lvgl/src/draw/sw/lv_draw_sw_letter.c ****             bitmask_init  = 0xC0;
ARM GAS  /tmp/ccPOsx2Y.s 			page 6


 204:Drivers/lvgl/lvgl/src/draw/sw/lv_draw_sw_letter.c ****             shades = 4;
 205:Drivers/lvgl/lvgl/src/draw/sw/lv_draw_sw_letter.c ****             break;
 206:Drivers/lvgl/lvgl/src/draw/sw/lv_draw_sw_letter.c ****         case 4:
 207:Drivers/lvgl/lvgl/src/draw/sw/lv_draw_sw_letter.c ****             bpp_opa_table_p = _lv_bpp4_opa_table;
 208:Drivers/lvgl/lvgl/src/draw/sw/lv_draw_sw_letter.c ****             bitmask_init  = 0xF0;
 209:Drivers/lvgl/lvgl/src/draw/sw/lv_draw_sw_letter.c ****             shades = 16;
  82              		.loc 1 209 0
  83 0042 4FF0100C 		mov	ip, #16
 208:Drivers/lvgl/lvgl/src/draw/sw/lv_draw_sw_letter.c ****             shades = 16;
  84              		.loc 1 208 0
  85 0046 F024     		movs	r4, #240
  86 0048 0094     		str	r4, [sp]
 207:Drivers/lvgl/lvgl/src/draw/sw/lv_draw_sw_letter.c ****             bitmask_init  = 0xF0;
  87              		.loc 1 207 0
  88 004a AB4C     		ldr	r4, .L45+4
  89 004c 0394     		str	r4, [sp, #12]
  90 004e 0EE0     		b	.L2
  91              	.L7:
  92              	.LVL3:
 210:Drivers/lvgl/lvgl/src/draw/sw/lv_draw_sw_letter.c ****             break;
 211:Drivers/lvgl/lvgl/src/draw/sw/lv_draw_sw_letter.c ****         case 8:
 212:Drivers/lvgl/lvgl/src/draw/sw/lv_draw_sw_letter.c ****             bpp_opa_table_p = _lv_bpp8_opa_table;
 213:Drivers/lvgl/lvgl/src/draw/sw/lv_draw_sw_letter.c ****             bitmask_init  = 0xFF;
 214:Drivers/lvgl/lvgl/src/draw/sw/lv_draw_sw_letter.c ****             shades = 256;
  93              		.loc 1 214 0
  94 0050 4FF4807C 		mov	ip, #256
 213:Drivers/lvgl/lvgl/src/draw/sw/lv_draw_sw_letter.c ****             shades = 256;
  95              		.loc 1 213 0
  96 0054 FF24     		movs	r4, #255
  97 0056 0094     		str	r4, [sp]
 212:Drivers/lvgl/lvgl/src/draw/sw/lv_draw_sw_letter.c ****             bitmask_init  = 0xFF;
  98              		.loc 1 212 0
  99 0058 A84C     		ldr	r4, .L45+8
 100 005a 0394     		str	r4, [sp, #12]
 215:Drivers/lvgl/lvgl/src/draw/sw/lv_draw_sw_letter.c ****             break;       /*No opa table, pixel value will be used directly*/
 101              		.loc 1 215 0
 102 005c 07E0     		b	.L2
 103              	.LVL4:
 104              	.L31:
 175:Drivers/lvgl/lvgl/src/draw/sw/lv_draw_sw_letter.c **** 
 105              		.loc 1 175 0
 106 005e 4FF00409 		mov	r9, #4
 107              	.LVL5:
 209:Drivers/lvgl/lvgl/src/draw/sw/lv_draw_sw_letter.c ****             break;
 108              		.loc 1 209 0
 109 0062 4FF0100C 		mov	ip, #16
 208:Drivers/lvgl/lvgl/src/draw/sw/lv_draw_sw_letter.c ****             shades = 16;
 110              		.loc 1 208 0
 111 0066 F024     		movs	r4, #240
 112 0068 0094     		str	r4, [sp]
 207:Drivers/lvgl/lvgl/src/draw/sw/lv_draw_sw_letter.c ****             bitmask_init  = 0xF0;
 113              		.loc 1 207 0
 114 006a A34C     		ldr	r4, .L45+4
 115 006c 0394     		str	r4, [sp, #12]
 116              	.L2:
 117              	.LVL6:
 216:Drivers/lvgl/lvgl/src/draw/sw/lv_draw_sw_letter.c ****         default:
ARM GAS  /tmp/ccPOsx2Y.s 			page 7


 217:Drivers/lvgl/lvgl/src/draw/sw/lv_draw_sw_letter.c ****             LV_LOG_WARN("lv_draw_letter: invalid bpp");
 218:Drivers/lvgl/lvgl/src/draw/sw/lv_draw_sw_letter.c ****             return; /*Invalid bpp. Can't render the letter*/
 219:Drivers/lvgl/lvgl/src/draw/sw/lv_draw_sw_letter.c ****     }
 220:Drivers/lvgl/lvgl/src/draw/sw/lv_draw_sw_letter.c **** 
 221:Drivers/lvgl/lvgl/src/draw/sw/lv_draw_sw_letter.c ****     static lv_opa_t opa_table[256];
 222:Drivers/lvgl/lvgl/src/draw/sw/lv_draw_sw_letter.c ****     static lv_opa_t prev_opa = LV_OPA_TRANSP;
 223:Drivers/lvgl/lvgl/src/draw/sw/lv_draw_sw_letter.c ****     static uint32_t prev_bpp = 0;
 224:Drivers/lvgl/lvgl/src/draw/sw/lv_draw_sw_letter.c ****     if(opa < LV_OPA_MAX) {
 118              		.loc 1 224 0
 119 006e FC2E     		cmp	r6, #252
 120 0070 2BD8     		bhi	.L8
 225:Drivers/lvgl/lvgl/src/draw/sw/lv_draw_sw_letter.c ****         if(prev_opa != opa || prev_bpp != bpp) {
 121              		.loc 1 225 0
 122 0072 A34C     		ldr	r4, .L45+12
 123 0074 2478     		ldrb	r4, [r4]	@ zero_extendqisi2
 124 0076 B442     		cmp	r4, r6
 125 0078 0AD0     		beq	.L41
 126 007a 0025     		movs	r5, #0
 127 007c DDF80CE0 		ldr	lr, [sp, #12]
 128 0080 12E0     		b	.L12
 129              	.LVL7:
 130              	.L32:
 204:Drivers/lvgl/lvgl/src/draw/sw/lv_draw_sw_letter.c ****             break;
 131              		.loc 1 204 0
 132 0082 4FF0040C 		mov	ip, #4
 203:Drivers/lvgl/lvgl/src/draw/sw/lv_draw_sw_letter.c ****             shades = 4;
 133              		.loc 1 203 0
 134 0086 C024     		movs	r4, #192
 135 0088 0094     		str	r4, [sp]
 202:Drivers/lvgl/lvgl/src/draw/sw/lv_draw_sw_letter.c ****             bitmask_init  = 0xC0;
 136              		.loc 1 202 0
 137 008a 9E4C     		ldr	r4, .L45+16
 138 008c 0394     		str	r4, [sp, #12]
 139 008e EEE7     		b	.L2
 140              	.LVL8:
 141              	.L41:
 142              		.loc 1 225 0 discriminator 1
 143 0090 9D4C     		ldr	r4, .L45+20
 144 0092 2468     		ldr	r4, [r4]
 145 0094 4C45     		cmp	r4, r9
 146 0096 11D0     		beq	.L10
 147 0098 0025     		movs	r5, #0
 148 009a DDF80CE0 		ldr	lr, [sp, #12]
 149 009e 03E0     		b	.L12
 150              	.LVL9:
 151              	.L35:
 152              	.LBB8:
 226:Drivers/lvgl/lvgl/src/draw/sw/lv_draw_sw_letter.c ****             uint32_t i;
 227:Drivers/lvgl/lvgl/src/draw/sw/lv_draw_sw_letter.c ****             for(i = 0; i < shades; i++) {
 228:Drivers/lvgl/lvgl/src/draw/sw/lv_draw_sw_letter.c ****                 opa_table[i] = bpp_opa_table_p[i] == LV_OPA_COVER ? opa : ((bpp_opa_table_p[i] * op
 153              		.loc 1 228 0
 154 00a0 3446     		mov	r4, r6
 155              	.L11:
 156              		.loc 1 228 0 is_stmt 0 discriminator 4
 157 00a2 9A4F     		ldr	r7, .L45+24
 158 00a4 7C55     		strb	r4, [r7, r5]
 227:Drivers/lvgl/lvgl/src/draw/sw/lv_draw_sw_letter.c ****                 opa_table[i] = bpp_opa_table_p[i] == LV_OPA_COVER ? opa : ((bpp_opa_table_p[i] * op
ARM GAS  /tmp/ccPOsx2Y.s 			page 8


 159              		.loc 1 227 0 is_stmt 1 discriminator 4
 160 00a6 0135     		adds	r5, r5, #1
 161              	.LVL10:
 162              	.L12:
 227:Drivers/lvgl/lvgl/src/draw/sw/lv_draw_sw_letter.c ****                 opa_table[i] = bpp_opa_table_p[i] == LV_OPA_COVER ? opa : ((bpp_opa_table_p[i] * op
 163              		.loc 1 227 0 is_stmt 0 discriminator 2
 164 00a8 AC45     		cmp	ip, r5
 165 00aa 07D9     		bls	.L10
 166              		.loc 1 228 0 is_stmt 1
 167 00ac 1EF80540 		ldrb	r4, [lr, r5]	@ zero_extendqisi2
 168 00b0 FF2C     		cmp	r4, #255
 169 00b2 F5D0     		beq	.L35
 170              		.loc 1 228 0 is_stmt 0 discriminator 1
 171 00b4 04FB06F4 		mul	r4, r4, r6
 172 00b8 240A     		lsrs	r4, r4, #8
 173 00ba F2E7     		b	.L11
 174              	.LVL11:
 175              	.L10:
 176              	.LBE8:
 229:Drivers/lvgl/lvgl/src/draw/sw/lv_draw_sw_letter.c ****             }
 230:Drivers/lvgl/lvgl/src/draw/sw/lv_draw_sw_letter.c ****         }
 231:Drivers/lvgl/lvgl/src/draw/sw/lv_draw_sw_letter.c ****         bpp_opa_table_p = opa_table;
 232:Drivers/lvgl/lvgl/src/draw/sw/lv_draw_sw_letter.c ****         prev_opa = opa;
 177              		.loc 1 232 0 is_stmt 1
 178 00bc 904C     		ldr	r4, .L45+12
 179 00be 2670     		strb	r6, [r4]
 233:Drivers/lvgl/lvgl/src/draw/sw/lv_draw_sw_letter.c ****         prev_bpp = bpp;
 180              		.loc 1 233 0
 181 00c0 914C     		ldr	r4, .L45+20
 182 00c2 C4F80090 		str	r9, [r4]
 231:Drivers/lvgl/lvgl/src/draw/sw/lv_draw_sw_letter.c ****         prev_opa = opa;
 183              		.loc 1 231 0
 184 00c6 914C     		ldr	r4, .L45+24
 185 00c8 0394     		str	r4, [sp, #12]
 186              	.LVL12:
 187              	.L8:
 234:Drivers/lvgl/lvgl/src/draw/sw/lv_draw_sw_letter.c ****     }
 235:Drivers/lvgl/lvgl/src/draw/sw/lv_draw_sw_letter.c **** 
 236:Drivers/lvgl/lvgl/src/draw/sw/lv_draw_sw_letter.c ****     int32_t col, row;
 237:Drivers/lvgl/lvgl/src/draw/sw/lv_draw_sw_letter.c ****     int32_t box_w = g->box_w;
 188              		.loc 1 237 0
 189 00ca DC88     		ldrh	r4, [r3, #6]
 190 00cc 0694     		str	r4, [sp, #24]
 191              	.LVL13:
 238:Drivers/lvgl/lvgl/src/draw/sw/lv_draw_sw_letter.c ****     int32_t box_h = g->box_h;
 192              		.loc 1 238 0
 193 00ce 1D89     		ldrh	r5, [r3, #8]
 194              	.LVL14:
 239:Drivers/lvgl/lvgl/src/draw/sw/lv_draw_sw_letter.c ****     int32_t width_bit = box_w * bpp; /*Letter width in bits*/
 195              		.loc 1 239 0
 196 00d0 09FB04F4 		mul	r4, r9, r4
 197              	.LVL15:
 240:Drivers/lvgl/lvgl/src/draw/sw/lv_draw_sw_letter.c **** 
 241:Drivers/lvgl/lvgl/src/draw/sw/lv_draw_sw_letter.c ****     /*Calculate the col/row start/end on the map*/
 242:Drivers/lvgl/lvgl/src/draw/sw/lv_draw_sw_letter.c ****     int32_t col_start = pos->x >= draw_ctx->clip_area->x1 ? 0 : draw_ctx->clip_area->x1 - pos->x;
 198              		.loc 1 242 0
 199 00d4 B2F90060 		ldrsh	r6, [r2]
ARM GAS  /tmp/ccPOsx2Y.s 			page 9


 200              	.LVL16:
 201 00d8 8368     		ldr	r3, [r0, #8]
 202              	.LVL17:
 203 00da B3F90070 		ldrsh	r7, [r3]
 204 00de BE42     		cmp	r6, r7
 205 00e0 02DA     		bge	.L36
 206              		.loc 1 242 0 is_stmt 0 discriminator 1
 207 00e2 BF1B     		subs	r7, r7, r6
 208 00e4 0197     		str	r7, [sp, #4]
 209 00e6 01E0     		b	.L14
 210              	.L36:
 211              		.loc 1 242 0
 212 00e8 0027     		movs	r7, #0
 213 00ea 0197     		str	r7, [sp, #4]
 214              	.L14:
 215              	.LVL18:
 243:Drivers/lvgl/lvgl/src/draw/sw/lv_draw_sw_letter.c ****     int32_t col_end   = pos->x + box_w <= draw_ctx->clip_area->x2 ? box_w : draw_ctx->clip_area->x2
 216              		.loc 1 243 0 is_stmt 1 discriminator 4
 217 00ec 069F     		ldr	r7, [sp, #24]
 218 00ee F719     		adds	r7, r6, r7
 219 00f0 B3F904C0 		ldrsh	ip, [r3, #4]
 220              	.LVL19:
 221 00f4 6745     		cmp	r7, ip
 222 00f6 04DD     		ble	.L37
 223              		.loc 1 243 0 is_stmt 0 discriminator 1
 224 00f8 ACEB0606 		sub	r6, ip, r6
 225 00fc 06F10108 		add	r8, r6, #1
 226 0100 01E0     		b	.L15
 227              	.L37:
 228              		.loc 1 243 0
 229 0102 DDF81880 		ldr	r8, [sp, #24]
 230              	.L15:
 231              	.LVL20:
 244:Drivers/lvgl/lvgl/src/draw/sw/lv_draw_sw_letter.c ****     int32_t row_start = pos->y >= draw_ctx->clip_area->y1 ? 0 : draw_ctx->clip_area->y1 - pos->y;
 232              		.loc 1 244 0 is_stmt 1 discriminator 4
 233 0106 B2F90260 		ldrsh	r6, [r2, #2]
 234 010a B3F90270 		ldrsh	r7, [r3, #2]
 235 010e BE42     		cmp	r6, r7
 236 0110 02DA     		bge	.L38
 237              		.loc 1 244 0 is_stmt 0 discriminator 1
 238 0112 A7EB060B 		sub	fp, r7, r6
 239 0116 01E0     		b	.L16
 240              	.L38:
 241              		.loc 1 244 0
 242 0118 4FF0000B 		mov	fp, #0
 243              	.L16:
 244              	.LVL21:
 245:Drivers/lvgl/lvgl/src/draw/sw/lv_draw_sw_letter.c ****     int32_t row_end   = pos->y + box_h <= draw_ctx->clip_area->y2 ? box_h : draw_ctx->clip_area->y2
 245              		.loc 1 245 0 is_stmt 1 discriminator 4
 246 011c 7719     		adds	r7, r6, r5
 247 011e B3F90630 		ldrsh	r3, [r3, #6]
 248 0122 9F42     		cmp	r7, r3
 249 0124 03DD     		ble	.L39
 250              		.loc 1 245 0 is_stmt 0 discriminator 1
 251 0126 9B1B     		subs	r3, r3, r6
 252 0128 0133     		adds	r3, r3, #1
 253 012a 0293     		str	r3, [sp, #8]
ARM GAS  /tmp/ccPOsx2Y.s 			page 10


 254 012c 00E0     		b	.L17
 255              	.L39:
 256              		.loc 1 245 0
 257 012e 0295     		str	r5, [sp, #8]
 258              	.L17:
 259 0130 0592     		str	r2, [sp, #20]
 260 0132 0F46     		mov	r7, r1
 261 0134 0890     		str	r0, [sp, #32]
 262              	.LVL22:
 246:Drivers/lvgl/lvgl/src/draw/sw/lv_draw_sw_letter.c **** 
 247:Drivers/lvgl/lvgl/src/draw/sw/lv_draw_sw_letter.c ****     /*Move on the map too*/
 248:Drivers/lvgl/lvgl/src/draw/sw/lv_draw_sw_letter.c ****     uint32_t bit_ofs = (row_start * width_bit) + (col_start * bpp);
 263              		.loc 1 248 0 is_stmt 1 discriminator 4
 264 0136 0199     		ldr	r1, [sp, #4]
 265              	.LVL23:
 266 0138 09FB01F3 		mul	r3, r9, r1
 267 013c 04FB0B34 		mla	r4, r4, fp, r3
 268              	.LVL24:
 249:Drivers/lvgl/lvgl/src/draw/sw/lv_draw_sw_letter.c ****     map_p += bit_ofs >> 3;
 269              		.loc 1 249 0 discriminator 4
 270 0140 209E     		ldr	r6, [sp, #128]
 271 0142 06EBD406 		add	r6, r6, r4, lsr #3
 272              	.LVL25:
 250:Drivers/lvgl/lvgl/src/draw/sw/lv_draw_sw_letter.c **** 
 251:Drivers/lvgl/lvgl/src/draw/sw/lv_draw_sw_letter.c ****     uint8_t letter_px;
 252:Drivers/lvgl/lvgl/src/draw/sw/lv_draw_sw_letter.c ****     uint32_t col_bit;
 253:Drivers/lvgl/lvgl/src/draw/sw/lv_draw_sw_letter.c ****     col_bit = bit_ofs & 0x7; /*"& 0x7" equals to "% 8" just faster*/
 273              		.loc 1 253 0 discriminator 4
 274 0146 04F00704 		and	r4, r4, #7
 275              	.LVL26:
 254:Drivers/lvgl/lvgl/src/draw/sw/lv_draw_sw_letter.c **** 
 255:Drivers/lvgl/lvgl/src/draw/sw/lv_draw_sw_letter.c ****     lv_draw_sw_blend_dsc_t blend_dsc;
 256:Drivers/lvgl/lvgl/src/draw/sw/lv_draw_sw_letter.c ****     lv_memset_00(&blend_dsc, sizeof(blend_dsc));
 276              		.loc 1 256 0 discriminator 4
 277 014a 1C21     		movs	r1, #28
 278 014c 0FA8     		add	r0, sp, #60
 279              	.LVL27:
 280 014e FFF7FEFF 		bl	lv_memset_00
 281              	.LVL28:
 257:Drivers/lvgl/lvgl/src/draw/sw/lv_draw_sw_letter.c ****     blend_dsc.color = dsc->color;
 282              		.loc 1 257 0 discriminator 4
 283 0152 BB89     		ldrh	r3, [r7, #12]
 284 0154 ADF84430 		strh	r3, [sp, #68]	@ movhi
 258:Drivers/lvgl/lvgl/src/draw/sw/lv_draw_sw_letter.c ****     blend_dsc.opa = dsc->opa;
 285              		.loc 1 258 0 discriminator 4
 286 0158 BB7E     		ldrb	r3, [r7, #26]	@ zero_extendqisi2
 287 015a 8DF85430 		strb	r3, [sp, #84]
 259:Drivers/lvgl/lvgl/src/draw/sw/lv_draw_sw_letter.c ****     blend_dsc.blend_mode = dsc->blend_mode;
 288              		.loc 1 259 0 discriminator 4
 289 015e BB7F     		ldrb	r3, [r7, #30]	@ zero_extendqisi2
 290 0160 C3F3C203 		ubfx	r3, r3, #3, #3
 291 0164 8DF85530 		strb	r3, [sp, #85]
 260:Drivers/lvgl/lvgl/src/draw/sw/lv_draw_sw_letter.c **** 
 261:Drivers/lvgl/lvgl/src/draw/sw/lv_draw_sw_letter.c ****     lv_coord_t hor_res = lv_disp_get_hor_res(_lv_refr_get_disp_refreshing());
 292              		.loc 1 261 0 discriminator 4
 293 0168 FFF7FEFF 		bl	_lv_refr_get_disp_refreshing
 294              	.LVL29:
ARM GAS  /tmp/ccPOsx2Y.s 			page 11


 295 016c FFF7FEFF 		bl	lv_disp_get_hor_res
 296              	.LVL30:
 262:Drivers/lvgl/lvgl/src/draw/sw/lv_draw_sw_letter.c ****     uint32_t mask_buf_size = box_w * box_h > hor_res ? hor_res : box_w * box_h;
 297              		.loc 1 262 0 discriminator 4
 298 0170 069F     		ldr	r7, [sp, #24]
 299              	.LVL31:
 300 0172 05FB07F5 		mul	r5, r5, r7
 301              	.LVL32:
 302 0176 A842     		cmp	r0, r5
 303 0178 A8BF     		it	ge
 304 017a 2846     		movge	r0, r5
 305              	.LVL33:
 306 017c 0490     		str	r0, [sp, #16]
 307              	.LVL34:
 263:Drivers/lvgl/lvgl/src/draw/sw/lv_draw_sw_letter.c ****     lv_opa_t * mask_buf = lv_mem_buf_get(mask_buf_size);
 308              		.loc 1 263 0 discriminator 4
 309 017e FFF7FEFF 		bl	lv_mem_buf_get
 310              	.LVL35:
 311 0182 8246     		mov	r10, r0
 312              	.LVL36:
 264:Drivers/lvgl/lvgl/src/draw/sw/lv_draw_sw_letter.c ****     blend_dsc.mask_buf = mask_buf;
 313              		.loc 1 264 0 discriminator 4
 314 0184 1290     		str	r0, [sp, #72]
 315              	.LVL37:
 265:Drivers/lvgl/lvgl/src/draw/sw/lv_draw_sw_letter.c ****     int32_t mask_p = 0;
 266:Drivers/lvgl/lvgl/src/draw/sw/lv_draw_sw_letter.c **** 
 267:Drivers/lvgl/lvgl/src/draw/sw/lv_draw_sw_letter.c ****     lv_area_t fill_area;
 268:Drivers/lvgl/lvgl/src/draw/sw/lv_draw_sw_letter.c ****     fill_area.x1 = col_start + pos->x;
 316              		.loc 1 268 0 discriminator 4
 317 0186 0599     		ldr	r1, [sp, #20]
 318 0188 0A88     		ldrh	r2, [r1]
 319 018a 019B     		ldr	r3, [sp, #4]
 320 018c D318     		adds	r3, r2, r3
 321 018e 9FB2     		uxth	r7, r3
 322 0190 3DB2     		sxth	r5, r7
 323 0192 ADF83450 		strh	r5, [sp, #52]	@ movhi
 269:Drivers/lvgl/lvgl/src/draw/sw/lv_draw_sw_letter.c ****     fill_area.x2 = col_end  + pos->x - 1;
 324              		.loc 1 269 0 discriminator 4
 325 0196 02EB0803 		add	r3, r2, r8
 326 019a 9BB2     		uxth	r3, r3
 327 019c 013B     		subs	r3, r3, #1
 328 019e 9BB2     		uxth	r3, r3
 329 01a0 18B2     		sxth	r0, r3
 330              	.LVL38:
 331 01a2 ADF83800 		strh	r0, [sp, #56]	@ movhi
 270:Drivers/lvgl/lvgl/src/draw/sw/lv_draw_sw_letter.c ****     fill_area.y1 = row_start + pos->y;
 332              		.loc 1 270 0 discriminator 4
 333 01a6 4A88     		ldrh	r2, [r1, #2]
 334 01a8 5A44     		add	r2, r2, fp
 335 01aa 92B2     		uxth	r2, r2
 336 01ac 11B2     		sxth	r1, r2
 337 01ae ADF83610 		strh	r1, [sp, #54]	@ movhi
 271:Drivers/lvgl/lvgl/src/draw/sw/lv_draw_sw_letter.c ****     fill_area.y2 = fill_area.y1;
 338              		.loc 1 271 0 discriminator 4
 339 01b2 ADF83A10 		strh	r1, [sp, #58]	@ movhi
 340              	.LVL39:
 341              	.LBB9:
ARM GAS  /tmp/ccPOsx2Y.s 			page 12


 342              	.LBB10:
 343              		.file 2 "Drivers/lvgl/lvgl/src/draw/sw/../../misc/lv_area.h"
   1:Drivers/lvgl/lvgl/src/draw/sw/../../misc/lv_area.h **** /**
   2:Drivers/lvgl/lvgl/src/draw/sw/../../misc/lv_area.h ****  * @file lv_area.h
   3:Drivers/lvgl/lvgl/src/draw/sw/../../misc/lv_area.h ****  *
   4:Drivers/lvgl/lvgl/src/draw/sw/../../misc/lv_area.h ****  */
   5:Drivers/lvgl/lvgl/src/draw/sw/../../misc/lv_area.h **** 
   6:Drivers/lvgl/lvgl/src/draw/sw/../../misc/lv_area.h **** #ifndef LV_AREA_H
   7:Drivers/lvgl/lvgl/src/draw/sw/../../misc/lv_area.h **** #define LV_AREA_H
   8:Drivers/lvgl/lvgl/src/draw/sw/../../misc/lv_area.h **** 
   9:Drivers/lvgl/lvgl/src/draw/sw/../../misc/lv_area.h **** #ifdef __cplusplus
  10:Drivers/lvgl/lvgl/src/draw/sw/../../misc/lv_area.h **** extern "C" {
  11:Drivers/lvgl/lvgl/src/draw/sw/../../misc/lv_area.h **** #endif
  12:Drivers/lvgl/lvgl/src/draw/sw/../../misc/lv_area.h **** 
  13:Drivers/lvgl/lvgl/src/draw/sw/../../misc/lv_area.h **** /*********************
  14:Drivers/lvgl/lvgl/src/draw/sw/../../misc/lv_area.h ****  *      INCLUDES
  15:Drivers/lvgl/lvgl/src/draw/sw/../../misc/lv_area.h ****  *********************/
  16:Drivers/lvgl/lvgl/src/draw/sw/../../misc/lv_area.h **** #include "../lv_conf_internal.h"
  17:Drivers/lvgl/lvgl/src/draw/sw/../../misc/lv_area.h **** #include <stdbool.h>
  18:Drivers/lvgl/lvgl/src/draw/sw/../../misc/lv_area.h **** #include <stdint.h>
  19:Drivers/lvgl/lvgl/src/draw/sw/../../misc/lv_area.h **** 
  20:Drivers/lvgl/lvgl/src/draw/sw/../../misc/lv_area.h **** /*********************
  21:Drivers/lvgl/lvgl/src/draw/sw/../../misc/lv_area.h ****  *      DEFINES
  22:Drivers/lvgl/lvgl/src/draw/sw/../../misc/lv_area.h ****  *********************/
  23:Drivers/lvgl/lvgl/src/draw/sw/../../misc/lv_area.h **** 
  24:Drivers/lvgl/lvgl/src/draw/sw/../../misc/lv_area.h **** #if LV_USE_LARGE_COORD
  25:Drivers/lvgl/lvgl/src/draw/sw/../../misc/lv_area.h **** typedef int32_t lv_coord_t;
  26:Drivers/lvgl/lvgl/src/draw/sw/../../misc/lv_area.h **** #else
  27:Drivers/lvgl/lvgl/src/draw/sw/../../misc/lv_area.h **** typedef int16_t lv_coord_t;
  28:Drivers/lvgl/lvgl/src/draw/sw/../../misc/lv_area.h **** #endif
  29:Drivers/lvgl/lvgl/src/draw/sw/../../misc/lv_area.h **** 
  30:Drivers/lvgl/lvgl/src/draw/sw/../../misc/lv_area.h **** /**********************
  31:Drivers/lvgl/lvgl/src/draw/sw/../../misc/lv_area.h ****  *      TYPEDEFS
  32:Drivers/lvgl/lvgl/src/draw/sw/../../misc/lv_area.h ****  **********************/
  33:Drivers/lvgl/lvgl/src/draw/sw/../../misc/lv_area.h **** 
  34:Drivers/lvgl/lvgl/src/draw/sw/../../misc/lv_area.h **** /**
  35:Drivers/lvgl/lvgl/src/draw/sw/../../misc/lv_area.h ****  * Represents a point on the screen.
  36:Drivers/lvgl/lvgl/src/draw/sw/../../misc/lv_area.h ****  */
  37:Drivers/lvgl/lvgl/src/draw/sw/../../misc/lv_area.h **** typedef struct {
  38:Drivers/lvgl/lvgl/src/draw/sw/../../misc/lv_area.h ****     lv_coord_t x;
  39:Drivers/lvgl/lvgl/src/draw/sw/../../misc/lv_area.h ****     lv_coord_t y;
  40:Drivers/lvgl/lvgl/src/draw/sw/../../misc/lv_area.h **** } lv_point_t;
  41:Drivers/lvgl/lvgl/src/draw/sw/../../misc/lv_area.h **** 
  42:Drivers/lvgl/lvgl/src/draw/sw/../../misc/lv_area.h **** /** Represents an area of the screen.*/
  43:Drivers/lvgl/lvgl/src/draw/sw/../../misc/lv_area.h **** typedef struct {
  44:Drivers/lvgl/lvgl/src/draw/sw/../../misc/lv_area.h ****     lv_coord_t x1;
  45:Drivers/lvgl/lvgl/src/draw/sw/../../misc/lv_area.h ****     lv_coord_t y1;
  46:Drivers/lvgl/lvgl/src/draw/sw/../../misc/lv_area.h ****     lv_coord_t x2;
  47:Drivers/lvgl/lvgl/src/draw/sw/../../misc/lv_area.h ****     lv_coord_t y2;
  48:Drivers/lvgl/lvgl/src/draw/sw/../../misc/lv_area.h **** } lv_area_t;
  49:Drivers/lvgl/lvgl/src/draw/sw/../../misc/lv_area.h **** 
  50:Drivers/lvgl/lvgl/src/draw/sw/../../misc/lv_area.h **** /** Alignments*/
  51:Drivers/lvgl/lvgl/src/draw/sw/../../misc/lv_area.h **** enum {
  52:Drivers/lvgl/lvgl/src/draw/sw/../../misc/lv_area.h ****     LV_ALIGN_DEFAULT = 0,
  53:Drivers/lvgl/lvgl/src/draw/sw/../../misc/lv_area.h ****     LV_ALIGN_TOP_LEFT,
  54:Drivers/lvgl/lvgl/src/draw/sw/../../misc/lv_area.h ****     LV_ALIGN_TOP_MID,
  55:Drivers/lvgl/lvgl/src/draw/sw/../../misc/lv_area.h ****     LV_ALIGN_TOP_RIGHT,
ARM GAS  /tmp/ccPOsx2Y.s 			page 13


  56:Drivers/lvgl/lvgl/src/draw/sw/../../misc/lv_area.h ****     LV_ALIGN_BOTTOM_LEFT,
  57:Drivers/lvgl/lvgl/src/draw/sw/../../misc/lv_area.h ****     LV_ALIGN_BOTTOM_MID,
  58:Drivers/lvgl/lvgl/src/draw/sw/../../misc/lv_area.h ****     LV_ALIGN_BOTTOM_RIGHT,
  59:Drivers/lvgl/lvgl/src/draw/sw/../../misc/lv_area.h ****     LV_ALIGN_LEFT_MID,
  60:Drivers/lvgl/lvgl/src/draw/sw/../../misc/lv_area.h ****     LV_ALIGN_RIGHT_MID,
  61:Drivers/lvgl/lvgl/src/draw/sw/../../misc/lv_area.h ****     LV_ALIGN_CENTER,
  62:Drivers/lvgl/lvgl/src/draw/sw/../../misc/lv_area.h **** 
  63:Drivers/lvgl/lvgl/src/draw/sw/../../misc/lv_area.h ****     LV_ALIGN_OUT_TOP_LEFT,
  64:Drivers/lvgl/lvgl/src/draw/sw/../../misc/lv_area.h ****     LV_ALIGN_OUT_TOP_MID,
  65:Drivers/lvgl/lvgl/src/draw/sw/../../misc/lv_area.h ****     LV_ALIGN_OUT_TOP_RIGHT,
  66:Drivers/lvgl/lvgl/src/draw/sw/../../misc/lv_area.h ****     LV_ALIGN_OUT_BOTTOM_LEFT,
  67:Drivers/lvgl/lvgl/src/draw/sw/../../misc/lv_area.h ****     LV_ALIGN_OUT_BOTTOM_MID,
  68:Drivers/lvgl/lvgl/src/draw/sw/../../misc/lv_area.h ****     LV_ALIGN_OUT_BOTTOM_RIGHT,
  69:Drivers/lvgl/lvgl/src/draw/sw/../../misc/lv_area.h ****     LV_ALIGN_OUT_LEFT_TOP,
  70:Drivers/lvgl/lvgl/src/draw/sw/../../misc/lv_area.h ****     LV_ALIGN_OUT_LEFT_MID,
  71:Drivers/lvgl/lvgl/src/draw/sw/../../misc/lv_area.h ****     LV_ALIGN_OUT_LEFT_BOTTOM,
  72:Drivers/lvgl/lvgl/src/draw/sw/../../misc/lv_area.h ****     LV_ALIGN_OUT_RIGHT_TOP,
  73:Drivers/lvgl/lvgl/src/draw/sw/../../misc/lv_area.h ****     LV_ALIGN_OUT_RIGHT_MID,
  74:Drivers/lvgl/lvgl/src/draw/sw/../../misc/lv_area.h ****     LV_ALIGN_OUT_RIGHT_BOTTOM,
  75:Drivers/lvgl/lvgl/src/draw/sw/../../misc/lv_area.h **** };
  76:Drivers/lvgl/lvgl/src/draw/sw/../../misc/lv_area.h **** typedef uint8_t lv_align_t;
  77:Drivers/lvgl/lvgl/src/draw/sw/../../misc/lv_area.h **** 
  78:Drivers/lvgl/lvgl/src/draw/sw/../../misc/lv_area.h **** enum {
  79:Drivers/lvgl/lvgl/src/draw/sw/../../misc/lv_area.h ****     LV_DIR_NONE     = 0x00,
  80:Drivers/lvgl/lvgl/src/draw/sw/../../misc/lv_area.h ****     LV_DIR_LEFT     = (1 << 0),
  81:Drivers/lvgl/lvgl/src/draw/sw/../../misc/lv_area.h ****     LV_DIR_RIGHT    = (1 << 1),
  82:Drivers/lvgl/lvgl/src/draw/sw/../../misc/lv_area.h ****     LV_DIR_TOP      = (1 << 2),
  83:Drivers/lvgl/lvgl/src/draw/sw/../../misc/lv_area.h ****     LV_DIR_BOTTOM   = (1 << 3),
  84:Drivers/lvgl/lvgl/src/draw/sw/../../misc/lv_area.h ****     LV_DIR_HOR      = LV_DIR_LEFT | LV_DIR_RIGHT,
  85:Drivers/lvgl/lvgl/src/draw/sw/../../misc/lv_area.h ****     LV_DIR_VER      = LV_DIR_TOP | LV_DIR_BOTTOM,
  86:Drivers/lvgl/lvgl/src/draw/sw/../../misc/lv_area.h ****     LV_DIR_ALL      = LV_DIR_HOR | LV_DIR_VER,
  87:Drivers/lvgl/lvgl/src/draw/sw/../../misc/lv_area.h **** };
  88:Drivers/lvgl/lvgl/src/draw/sw/../../misc/lv_area.h **** 
  89:Drivers/lvgl/lvgl/src/draw/sw/../../misc/lv_area.h **** typedef uint8_t lv_dir_t;
  90:Drivers/lvgl/lvgl/src/draw/sw/../../misc/lv_area.h **** 
  91:Drivers/lvgl/lvgl/src/draw/sw/../../misc/lv_area.h **** /**********************
  92:Drivers/lvgl/lvgl/src/draw/sw/../../misc/lv_area.h ****  * GLOBAL PROTOTYPES
  93:Drivers/lvgl/lvgl/src/draw/sw/../../misc/lv_area.h ****  **********************/
  94:Drivers/lvgl/lvgl/src/draw/sw/../../misc/lv_area.h **** 
  95:Drivers/lvgl/lvgl/src/draw/sw/../../misc/lv_area.h **** /**
  96:Drivers/lvgl/lvgl/src/draw/sw/../../misc/lv_area.h ****  * Initialize an area
  97:Drivers/lvgl/lvgl/src/draw/sw/../../misc/lv_area.h ****  * @param area_p pointer to an area
  98:Drivers/lvgl/lvgl/src/draw/sw/../../misc/lv_area.h ****  * @param x1 left coordinate of the area
  99:Drivers/lvgl/lvgl/src/draw/sw/../../misc/lv_area.h ****  * @param y1 top coordinate of the area
 100:Drivers/lvgl/lvgl/src/draw/sw/../../misc/lv_area.h ****  * @param x2 right coordinate of the area
 101:Drivers/lvgl/lvgl/src/draw/sw/../../misc/lv_area.h ****  * @param y2 bottom coordinate of the area
 102:Drivers/lvgl/lvgl/src/draw/sw/../../misc/lv_area.h ****  */
 103:Drivers/lvgl/lvgl/src/draw/sw/../../misc/lv_area.h **** void lv_area_set(lv_area_t * area_p, lv_coord_t x1, lv_coord_t y1, lv_coord_t x2, lv_coord_t y2);
 104:Drivers/lvgl/lvgl/src/draw/sw/../../misc/lv_area.h **** 
 105:Drivers/lvgl/lvgl/src/draw/sw/../../misc/lv_area.h **** /**
 106:Drivers/lvgl/lvgl/src/draw/sw/../../misc/lv_area.h ****  * Copy an area
 107:Drivers/lvgl/lvgl/src/draw/sw/../../misc/lv_area.h ****  * @param dest pointer to the destination area
 108:Drivers/lvgl/lvgl/src/draw/sw/../../misc/lv_area.h ****  * @param src pointer to the source area
 109:Drivers/lvgl/lvgl/src/draw/sw/../../misc/lv_area.h ****  */
 110:Drivers/lvgl/lvgl/src/draw/sw/../../misc/lv_area.h **** inline static void lv_area_copy(lv_area_t * dest, const lv_area_t * src)
 111:Drivers/lvgl/lvgl/src/draw/sw/../../misc/lv_area.h **** {
 112:Drivers/lvgl/lvgl/src/draw/sw/../../misc/lv_area.h ****     dest->x1 = src->x1;
ARM GAS  /tmp/ccPOsx2Y.s 			page 14


 113:Drivers/lvgl/lvgl/src/draw/sw/../../misc/lv_area.h ****     dest->y1 = src->y1;
 114:Drivers/lvgl/lvgl/src/draw/sw/../../misc/lv_area.h ****     dest->x2 = src->x2;
 115:Drivers/lvgl/lvgl/src/draw/sw/../../misc/lv_area.h ****     dest->y2 = src->y2;
 116:Drivers/lvgl/lvgl/src/draw/sw/../../misc/lv_area.h **** }
 117:Drivers/lvgl/lvgl/src/draw/sw/../../misc/lv_area.h **** 
 118:Drivers/lvgl/lvgl/src/draw/sw/../../misc/lv_area.h **** /**
 119:Drivers/lvgl/lvgl/src/draw/sw/../../misc/lv_area.h ****  * Get the width of an area
 120:Drivers/lvgl/lvgl/src/draw/sw/../../misc/lv_area.h ****  * @param area_p pointer to an area
 121:Drivers/lvgl/lvgl/src/draw/sw/../../misc/lv_area.h ****  * @return the width of the area (if x1 == x2 -> width = 1)
 122:Drivers/lvgl/lvgl/src/draw/sw/../../misc/lv_area.h ****  */
 123:Drivers/lvgl/lvgl/src/draw/sw/../../misc/lv_area.h **** static inline lv_coord_t lv_area_get_width(const lv_area_t * area_p)
 124:Drivers/lvgl/lvgl/src/draw/sw/../../misc/lv_area.h **** {
 125:Drivers/lvgl/lvgl/src/draw/sw/../../misc/lv_area.h ****     return (lv_coord_t)(area_p->x2 - area_p->x1 + 1);
 344              		.loc 2 125 0 discriminator 4
 345 01b6 DB1B     		subs	r3, r3, r7
 346 01b8 9BB2     		uxth	r3, r3
 347 01ba 0133     		adds	r3, r3, #1
 348 01bc 1FB2     		sxth	r7, r3
 349 01be 0797     		str	r7, [sp, #28]
 350              	.LVL40:
 351              	.LBE10:
 352              	.LBE9:
 353              	.LBB11:
 354              	.LBB12:
 112:Drivers/lvgl/lvgl/src/draw/sw/../../misc/lv_area.h ****     dest->y1 = src->y1;
 355              		.loc 2 112 0 discriminator 4
 356 01c0 ADF82C50 		strh	r5, [sp, #44]	@ movhi
 113:Drivers/lvgl/lvgl/src/draw/sw/../../misc/lv_area.h ****     dest->x2 = src->x2;
 357              		.loc 2 113 0 discriminator 4
 358 01c4 ADF82E10 		strh	r1, [sp, #46]	@ movhi
 114:Drivers/lvgl/lvgl/src/draw/sw/../../misc/lv_area.h ****     dest->y2 = src->y2;
 359              		.loc 2 114 0 discriminator 4
 360 01c8 ADF83000 		strh	r0, [sp, #48]	@ movhi
 361              	.LVL41:
 362              	.LBE12:
 363              	.LBE11:
 272:Drivers/lvgl/lvgl/src/draw/sw/lv_draw_sw_letter.c **** #if LV_DRAW_COMPLEX
 273:Drivers/lvgl/lvgl/src/draw/sw/lv_draw_sw_letter.c ****     lv_coord_t fill_w = lv_area_get_width(&fill_area);
 274:Drivers/lvgl/lvgl/src/draw/sw/lv_draw_sw_letter.c ****     lv_area_t mask_area;
 275:Drivers/lvgl/lvgl/src/draw/sw/lv_draw_sw_letter.c ****     lv_area_copy(&mask_area, &fill_area);
 276:Drivers/lvgl/lvgl/src/draw/sw/lv_draw_sw_letter.c ****     mask_area.y2 = mask_area.y1 + row_end;
 364              		.loc 1 276 0 discriminator 4
 365 01cc 0298     		ldr	r0, [sp, #8]
 366 01ce 0244     		add	r2, r2, r0
 367 01d0 ADF83220 		strh	r2, [sp, #50]	@ movhi
 277:Drivers/lvgl/lvgl/src/draw/sw/lv_draw_sw_letter.c ****     bool mask_any = lv_draw_mask_is_any(&mask_area);
 368              		.loc 1 277 0 discriminator 4
 369 01d4 0BA8     		add	r0, sp, #44
 370 01d6 FFF7FEFF 		bl	lv_draw_mask_is_any
 371              	.LVL42:
 372 01da 0590     		str	r0, [sp, #20]
 373              	.LVL43:
 278:Drivers/lvgl/lvgl/src/draw/sw/lv_draw_sw_letter.c **** #endif
 279:Drivers/lvgl/lvgl/src/draw/sw/lv_draw_sw_letter.c ****     blend_dsc.blend_area = &fill_area;
 374              		.loc 1 279 0 discriminator 4
 375 01dc 0DAB     		add	r3, sp, #52
 376 01de 0F93     		str	r3, [sp, #60]
ARM GAS  /tmp/ccPOsx2Y.s 			page 15


 280:Drivers/lvgl/lvgl/src/draw/sw/lv_draw_sw_letter.c ****     blend_dsc.mask_area = &fill_area;
 377              		.loc 1 280 0 discriminator 4
 378 01e0 1493     		str	r3, [sp, #80]
 281:Drivers/lvgl/lvgl/src/draw/sw/lv_draw_sw_letter.c **** 
 282:Drivers/lvgl/lvgl/src/draw/sw/lv_draw_sw_letter.c ****     uint32_t col_bit_max = 8 - bpp;
 379              		.loc 1 282 0 discriminator 4
 380 01e2 C9F10807 		rsb	r7, r9, #8
 381              	.LVL44:
 283:Drivers/lvgl/lvgl/src/draw/sw/lv_draw_sw_letter.c ****     uint32_t col_bit_row_ofs = (box_w + col_start - col_end) * bpp;
 382              		.loc 1 283 0 discriminator 4
 383 01e6 019B     		ldr	r3, [sp, #4]
 384 01e8 069A     		ldr	r2, [sp, #24]
 385 01ea 1344     		add	r3, r3, r2
 386 01ec A3EB0803 		sub	r3, r3, r8
 387 01f0 09FB03F3 		mul	r3, r9, r3
 388 01f4 0693     		str	r3, [sp, #24]
 389              	.LVL45:
 265:Drivers/lvgl/lvgl/src/draw/sw/lv_draw_sw_letter.c **** 
 390              		.loc 1 265 0 discriminator 4
 391 01f6 4FF0000C 		mov	ip, #0
 284:Drivers/lvgl/lvgl/src/draw/sw/lv_draw_sw_letter.c **** 
 285:Drivers/lvgl/lvgl/src/draw/sw/lv_draw_sw_letter.c ****     for(row = row_start ; row < row_end; row++) {
 392              		.loc 1 285 0 discriminator 4
 393 01fa 34E0     		b	.L18
 394              	.LVL46:
 395              	.L20:
 396              	.LBB13:
 286:Drivers/lvgl/lvgl/src/draw/sw/lv_draw_sw_letter.c **** #if LV_DRAW_COMPLEX
 287:Drivers/lvgl/lvgl/src/draw/sw/lv_draw_sw_letter.c ****         int32_t mask_p_start = mask_p;
 288:Drivers/lvgl/lvgl/src/draw/sw/lv_draw_sw_letter.c **** #endif
 289:Drivers/lvgl/lvgl/src/draw/sw/lv_draw_sw_letter.c ****         bitmask = bitmask_init >> col_bit;
 290:Drivers/lvgl/lvgl/src/draw/sw/lv_draw_sw_letter.c ****         for(col = col_start; col < col_end; col++) {
 291:Drivers/lvgl/lvgl/src/draw/sw/lv_draw_sw_letter.c ****             /*Load the pixel's opacity into the mask*/
 292:Drivers/lvgl/lvgl/src/draw/sw/lv_draw_sw_letter.c ****             letter_px = (*map_p & bitmask) >> (col_bit_max - col_bit);
 293:Drivers/lvgl/lvgl/src/draw/sw/lv_draw_sw_letter.c ****             if(letter_px) {
 294:Drivers/lvgl/lvgl/src/draw/sw/lv_draw_sw_letter.c ****                 mask_buf[mask_p] = bpp_opa_table_p[letter_px];
 295:Drivers/lvgl/lvgl/src/draw/sw/lv_draw_sw_letter.c ****             }
 296:Drivers/lvgl/lvgl/src/draw/sw/lv_draw_sw_letter.c ****             else {
 297:Drivers/lvgl/lvgl/src/draw/sw/lv_draw_sw_letter.c ****                 mask_buf[mask_p] = 0;
 397              		.loc 1 297 0
 398 01fc 0023     		movs	r3, #0
 399              	.LVL47:
 400 01fe 0AF80530 		strb	r3, [r10, r5]
 401              	.LVL48:
 402 0202 13E0     		b	.L21
 403              	.L22:
 404              	.LVL49:
 298:Drivers/lvgl/lvgl/src/draw/sw/lv_draw_sw_letter.c ****             }
 299:Drivers/lvgl/lvgl/src/draw/sw/lv_draw_sw_letter.c **** 
 300:Drivers/lvgl/lvgl/src/draw/sw/lv_draw_sw_letter.c ****             /*Go to the next column*/
 301:Drivers/lvgl/lvgl/src/draw/sw/lv_draw_sw_letter.c ****             if(col_bit < col_bit_max) {
 302:Drivers/lvgl/lvgl/src/draw/sw/lv_draw_sw_letter.c ****                 col_bit += bpp;
 303:Drivers/lvgl/lvgl/src/draw/sw/lv_draw_sw_letter.c ****                 bitmask = bitmask >> bpp;
 304:Drivers/lvgl/lvgl/src/draw/sw/lv_draw_sw_letter.c ****             }
 305:Drivers/lvgl/lvgl/src/draw/sw/lv_draw_sw_letter.c ****             else {
 306:Drivers/lvgl/lvgl/src/draw/sw/lv_draw_sw_letter.c ****                 col_bit = 0;
 307:Drivers/lvgl/lvgl/src/draw/sw/lv_draw_sw_letter.c ****                 bitmask = bitmask_init;
ARM GAS  /tmp/ccPOsx2Y.s 			page 16


 308:Drivers/lvgl/lvgl/src/draw/sw/lv_draw_sw_letter.c ****                 map_p++;
 405              		.loc 1 308 0
 406 0204 0136     		adds	r6, r6, #1
 407              	.LVL50:
 307:Drivers/lvgl/lvgl/src/draw/sw/lv_draw_sw_letter.c ****                 map_p++;
 408              		.loc 1 307 0
 409 0206 0098     		ldr	r0, [sp]
 306:Drivers/lvgl/lvgl/src/draw/sw/lv_draw_sw_letter.c ****                 bitmask = bitmask_init;
 410              		.loc 1 306 0
 411 0208 0024     		movs	r4, #0
 412              	.LVL51:
 413              	.L23:
 309:Drivers/lvgl/lvgl/src/draw/sw/lv_draw_sw_letter.c ****             }
 310:Drivers/lvgl/lvgl/src/draw/sw/lv_draw_sw_letter.c **** 
 311:Drivers/lvgl/lvgl/src/draw/sw/lv_draw_sw_letter.c ****             /*Next mask byte*/
 312:Drivers/lvgl/lvgl/src/draw/sw/lv_draw_sw_letter.c ****             mask_p++;
 414              		.loc 1 312 0 discriminator 2
 415 020a 0135     		adds	r5, r5, #1
 416              	.LVL52:
 290:Drivers/lvgl/lvgl/src/draw/sw/lv_draw_sw_letter.c ****             /*Load the pixel's opacity into the mask*/
 417              		.loc 1 290 0 discriminator 2
 418 020c 0131     		adds	r1, r1, #1
 419              	.LVL53:
 420              	.L19:
 290:Drivers/lvgl/lvgl/src/draw/sw/lv_draw_sw_letter.c ****             /*Load the pixel's opacity into the mask*/
 421              		.loc 1 290 0 is_stmt 0 discriminator 1
 422 020e 4145     		cmp	r1, r8
 423 0210 12DA     		bge	.L42
 292:Drivers/lvgl/lvgl/src/draw/sw/lv_draw_sw_letter.c ****             if(letter_px) {
 424              		.loc 1 292 0 is_stmt 1
 425 0212 3378     		ldrb	r3, [r6]	@ zero_extendqisi2
 426 0214 0340     		ands	r3, r3, r0
 427 0216 A7EB040E 		sub	lr, r7, r4
 428 021a 23FA0EF3 		lsr	r3, r3, lr
 429              	.LVL54:
 293:Drivers/lvgl/lvgl/src/draw/sw/lv_draw_sw_letter.c ****                 mask_buf[mask_p] = bpp_opa_table_p[letter_px];
 430              		.loc 1 293 0
 431 021e 13F0FF0F 		tst	r3, #255
 432 0222 EBD0     		beq	.L20
 294:Drivers/lvgl/lvgl/src/draw/sw/lv_draw_sw_letter.c ****             }
 433              		.loc 1 294 0
 434 0224 DBB2     		uxtb	r3, r3
 435 0226 D35C     		ldrb	r3, [r2, r3]	@ zero_extendqisi2
 436              	.LVL55:
 437 0228 0AF80530 		strb	r3, [r10, r5]
 438              	.LVL56:
 439              	.L21:
 301:Drivers/lvgl/lvgl/src/draw/sw/lv_draw_sw_letter.c ****                 col_bit += bpp;
 440              		.loc 1 301 0
 441 022c BC42     		cmp	r4, r7
 442 022e E9D2     		bcs	.L22
 302:Drivers/lvgl/lvgl/src/draw/sw/lv_draw_sw_letter.c ****                 bitmask = bitmask >> bpp;
 443              		.loc 1 302 0
 444 0230 4C44     		add	r4, r4, r9
 445              	.LVL57:
 303:Drivers/lvgl/lvgl/src/draw/sw/lv_draw_sw_letter.c ****             }
 446              		.loc 1 303 0
ARM GAS  /tmp/ccPOsx2Y.s 			page 17


 447 0232 20FA09F0 		lsr	r0, r0, r9
 448              	.LVL58:
 449 0236 E8E7     		b	.L23
 450              	.L42:
 313:Drivers/lvgl/lvgl/src/draw/sw/lv_draw_sw_letter.c ****         }
 314:Drivers/lvgl/lvgl/src/draw/sw/lv_draw_sw_letter.c **** 
 315:Drivers/lvgl/lvgl/src/draw/sw/lv_draw_sw_letter.c **** #if LV_DRAW_COMPLEX
 316:Drivers/lvgl/lvgl/src/draw/sw/lv_draw_sw_letter.c ****         /*Apply masks if any*/
 317:Drivers/lvgl/lvgl/src/draw/sw/lv_draw_sw_letter.c ****         if(mask_any) {
 451              		.loc 1 317 0
 452 0238 059B     		ldr	r3, [sp, #20]
 453 023a F3B9     		cbnz	r3, .L43
 454              	.LVL59:
 455              	.L25:
 318:Drivers/lvgl/lvgl/src/draw/sw/lv_draw_sw_letter.c ****             blend_dsc.mask_res = lv_draw_mask_apply(mask_buf + mask_p_start, fill_area.x1, fill_are
 319:Drivers/lvgl/lvgl/src/draw/sw/lv_draw_sw_letter.c ****                                                     fill_w);
 320:Drivers/lvgl/lvgl/src/draw/sw/lv_draw_sw_letter.c ****             if(blend_dsc.mask_res == LV_DRAW_MASK_RES_TRANSP) {
 321:Drivers/lvgl/lvgl/src/draw/sw/lv_draw_sw_letter.c ****                 lv_memset_00(mask_buf + mask_p_start, fill_w);
 322:Drivers/lvgl/lvgl/src/draw/sw/lv_draw_sw_letter.c ****             }
 323:Drivers/lvgl/lvgl/src/draw/sw/lv_draw_sw_letter.c ****         }
 324:Drivers/lvgl/lvgl/src/draw/sw/lv_draw_sw_letter.c **** #endif
 325:Drivers/lvgl/lvgl/src/draw/sw/lv_draw_sw_letter.c **** 
 326:Drivers/lvgl/lvgl/src/draw/sw/lv_draw_sw_letter.c ****         if((uint32_t) mask_p + (col_end - col_start) < mask_buf_size) {
 456              		.loc 1 326 0
 457 023c 019B     		ldr	r3, [sp, #4]
 458 023e A8EB0303 		sub	r3, r8, r3
 459 0242 2B44     		add	r3, r3, r5
 460 0244 049A     		ldr	r2, [sp, #16]
 461 0246 9342     		cmp	r3, r2
 462 0248 2BD2     		bcs	.L26
 327:Drivers/lvgl/lvgl/src/draw/sw/lv_draw_sw_letter.c ****             fill_area.y2 ++;
 463              		.loc 1 327 0
 464 024a BDF93A30 		ldrsh	r3, [sp, #58]
 465 024e 0133     		adds	r3, r3, #1
 466 0250 ADF83A30 		strh	r3, [sp, #58]	@ movhi
 467 0254 AC46     		mov	ip, r5
 468              	.LVL60:
 469              	.L27:
 328:Drivers/lvgl/lvgl/src/draw/sw/lv_draw_sw_letter.c ****         }
 329:Drivers/lvgl/lvgl/src/draw/sw/lv_draw_sw_letter.c ****         else {
 330:Drivers/lvgl/lvgl/src/draw/sw/lv_draw_sw_letter.c ****             blend_dsc.mask_res = LV_DRAW_MASK_RES_CHANGED;
 331:Drivers/lvgl/lvgl/src/draw/sw/lv_draw_sw_letter.c ****             lv_draw_sw_blend(draw_ctx, &blend_dsc);
 332:Drivers/lvgl/lvgl/src/draw/sw/lv_draw_sw_letter.c **** 
 333:Drivers/lvgl/lvgl/src/draw/sw/lv_draw_sw_letter.c ****             fill_area.y1 = fill_area.y2 + 1;
 334:Drivers/lvgl/lvgl/src/draw/sw/lv_draw_sw_letter.c ****             fill_area.y2 = fill_area.y1;
 335:Drivers/lvgl/lvgl/src/draw/sw/lv_draw_sw_letter.c ****             mask_p = 0;
 336:Drivers/lvgl/lvgl/src/draw/sw/lv_draw_sw_letter.c ****         }
 337:Drivers/lvgl/lvgl/src/draw/sw/lv_draw_sw_letter.c **** 
 338:Drivers/lvgl/lvgl/src/draw/sw/lv_draw_sw_letter.c ****         col_bit += col_bit_row_ofs;
 470              		.loc 1 338 0 discriminator 2
 471 0256 069B     		ldr	r3, [sp, #24]
 472 0258 1C44     		add	r4, r4, r3
 473              	.LVL61:
 339:Drivers/lvgl/lvgl/src/draw/sw/lv_draw_sw_letter.c ****         map_p += (col_bit >> 3);
 474              		.loc 1 339 0 discriminator 2
 475 025a 06EBD406 		add	r6, r6, r4, lsr #3
 476              	.LVL62:
ARM GAS  /tmp/ccPOsx2Y.s 			page 18


 340:Drivers/lvgl/lvgl/src/draw/sw/lv_draw_sw_letter.c ****         col_bit = col_bit & 0x7;
 477              		.loc 1 340 0 discriminator 2
 478 025e 04F00704 		and	r4, r4, #7
 479              	.LVL63:
 480              	.LBE13:
 285:Drivers/lvgl/lvgl/src/draw/sw/lv_draw_sw_letter.c **** #if LV_DRAW_COMPLEX
 481              		.loc 1 285 0 discriminator 2
 482 0262 0BF1010B 		add	fp, fp, #1
 483              	.LVL64:
 484              	.L18:
 285:Drivers/lvgl/lvgl/src/draw/sw/lv_draw_sw_letter.c **** #if LV_DRAW_COMPLEX
 485              		.loc 1 285 0 is_stmt 0 discriminator 1
 486 0266 029B     		ldr	r3, [sp, #8]
 487 0268 9B45     		cmp	fp, r3
 488 026a 2CDA     		bge	.L44
 489              	.LVL65:
 490              	.LBB14:
 289:Drivers/lvgl/lvgl/src/draw/sw/lv_draw_sw_letter.c ****         for(col = col_start; col < col_end; col++) {
 491              		.loc 1 289 0 is_stmt 1
 492 026c 009B     		ldr	r3, [sp]
 493 026e 23FA04F0 		lsr	r0, r3, r4
 494              	.LVL66:
 290:Drivers/lvgl/lvgl/src/draw/sw/lv_draw_sw_letter.c ****             /*Load the pixel's opacity into the mask*/
 495              		.loc 1 290 0
 496 0272 6546     		mov	r5, ip
 497 0274 0199     		ldr	r1, [sp, #4]
 498 0276 039A     		ldr	r2, [sp, #12]
 499 0278 C9E7     		b	.L19
 500              	.LVL67:
 501              	.L43:
 318:Drivers/lvgl/lvgl/src/draw/sw/lv_draw_sw_letter.c ****                                                     fill_w);
 502              		.loc 1 318 0
 503 027a 0AEB0C03 		add	r3, r10, ip
 504 027e 1846     		mov	r0, r3
 505              	.LVL68:
 506 0280 0993     		str	r3, [sp, #36]
 507 0282 079B     		ldr	r3, [sp, #28]
 508 0284 BDF93A20 		ldrsh	r2, [sp, #58]
 509 0288 BDF93410 		ldrsh	r1, [sp, #52]
 510              	.LVL69:
 511 028c FFF7FEFF 		bl	lv_draw_mask_apply
 512              	.LVL70:
 513 0290 8DF84C00 		strb	r0, [sp, #76]
 320:Drivers/lvgl/lvgl/src/draw/sw/lv_draw_sw_letter.c ****                 lv_memset_00(mask_buf + mask_p_start, fill_w);
 514              		.loc 1 320 0
 515 0294 0028     		cmp	r0, #0
 516 0296 D1D1     		bne	.L25
 321:Drivers/lvgl/lvgl/src/draw/sw/lv_draw_sw_letter.c ****             }
 517              		.loc 1 321 0
 518 0298 0799     		ldr	r1, [sp, #28]
 519 029a 0998     		ldr	r0, [sp, #36]
 520 029c FFF7FEFF 		bl	lv_memset_00
 521              	.LVL71:
 522 02a0 CCE7     		b	.L25
 523              	.L26:
 330:Drivers/lvgl/lvgl/src/draw/sw/lv_draw_sw_letter.c ****             lv_draw_sw_blend(draw_ctx, &blend_dsc);
 524              		.loc 1 330 0
ARM GAS  /tmp/ccPOsx2Y.s 			page 19


 525 02a2 0223     		movs	r3, #2
 526 02a4 8DF84C30 		strb	r3, [sp, #76]
 331:Drivers/lvgl/lvgl/src/draw/sw/lv_draw_sw_letter.c **** 
 527              		.loc 1 331 0
 528 02a8 0FA9     		add	r1, sp, #60
 529 02aa 0898     		ldr	r0, [sp, #32]
 530 02ac FFF7FEFF 		bl	lv_draw_sw_blend
 531              	.LVL72:
 333:Drivers/lvgl/lvgl/src/draw/sw/lv_draw_sw_letter.c ****             fill_area.y2 = fill_area.y1;
 532              		.loc 1 333 0
 533 02b0 BDF83A30 		ldrh	r3, [sp, #58]
 534 02b4 0133     		adds	r3, r3, #1
 535 02b6 1BB2     		sxth	r3, r3
 536 02b8 ADF83630 		strh	r3, [sp, #54]	@ movhi
 334:Drivers/lvgl/lvgl/src/draw/sw/lv_draw_sw_letter.c ****             mask_p = 0;
 537              		.loc 1 334 0
 538 02bc ADF83A30 		strh	r3, [sp, #58]	@ movhi
 539              	.LVL73:
 335:Drivers/lvgl/lvgl/src/draw/sw/lv_draw_sw_letter.c ****         }
 540              		.loc 1 335 0
 541 02c0 4FF0000C 		mov	ip, #0
 542 02c4 C7E7     		b	.L27
 543              	.LVL74:
 544              	.L44:
 545              	.LBE14:
 341:Drivers/lvgl/lvgl/src/draw/sw/lv_draw_sw_letter.c ****     }
 342:Drivers/lvgl/lvgl/src/draw/sw/lv_draw_sw_letter.c **** 
 343:Drivers/lvgl/lvgl/src/draw/sw/lv_draw_sw_letter.c ****     /*Flush the last part*/
 344:Drivers/lvgl/lvgl/src/draw/sw/lv_draw_sw_letter.c ****     if(fill_area.y1 != fill_area.y2) {
 546              		.loc 1 344 0
 547 02c6 BDF93620 		ldrsh	r2, [sp, #54]
 548 02ca BDF93A30 		ldrsh	r3, [sp, #58]
 549 02ce 9A42     		cmp	r2, r3
 550 02d0 09D0     		beq	.L29
 345:Drivers/lvgl/lvgl/src/draw/sw/lv_draw_sw_letter.c ****         fill_area.y2--;
 551              		.loc 1 345 0
 552 02d2 013B     		subs	r3, r3, #1
 553 02d4 ADF83A30 		strh	r3, [sp, #58]	@ movhi
 346:Drivers/lvgl/lvgl/src/draw/sw/lv_draw_sw_letter.c ****         blend_dsc.mask_res = LV_DRAW_MASK_RES_CHANGED;
 554              		.loc 1 346 0
 555 02d8 0223     		movs	r3, #2
 556 02da 8DF84C30 		strb	r3, [sp, #76]
 347:Drivers/lvgl/lvgl/src/draw/sw/lv_draw_sw_letter.c ****         lv_draw_sw_blend(draw_ctx, &blend_dsc);
 557              		.loc 1 347 0
 558 02de 0FA9     		add	r1, sp, #60
 559 02e0 0898     		ldr	r0, [sp, #32]
 560 02e2 FFF7FEFF 		bl	lv_draw_sw_blend
 561              	.LVL75:
 562              	.L29:
 348:Drivers/lvgl/lvgl/src/draw/sw/lv_draw_sw_letter.c ****         mask_p = 0;
 349:Drivers/lvgl/lvgl/src/draw/sw/lv_draw_sw_letter.c ****     }
 350:Drivers/lvgl/lvgl/src/draw/sw/lv_draw_sw_letter.c **** 
 351:Drivers/lvgl/lvgl/src/draw/sw/lv_draw_sw_letter.c ****     lv_mem_buf_release(mask_buf);
 563              		.loc 1 351 0
 564 02e6 5046     		mov	r0, r10
 565 02e8 FFF7FEFF 		bl	lv_mem_buf_release
 566              	.LVL76:
ARM GAS  /tmp/ccPOsx2Y.s 			page 20


 567              	.L1:
 352:Drivers/lvgl/lvgl/src/draw/sw/lv_draw_sw_letter.c **** }
 568              		.loc 1 352 0
 569 02ec 17B0     		add	sp, sp, #92
 570              	.LCFI2:
 571              		.cfi_def_cfa_offset 36
 572              		@ sp needed
 573 02ee BDE8F08F 		pop	{r4, r5, r6, r7, r8, r9, r10, fp, pc}
 574              	.L46:
 575 02f2 00BF     		.align	2
 576              	.L45:
 577 02f4 00000000 		.word	.LANCHOR0
 578 02f8 00000000 		.word	.LANCHOR2
 579 02fc 00000000 		.word	.LANCHOR3
 580 0300 00000000 		.word	.LANCHOR5
 581 0304 00000000 		.word	.LANCHOR1
 582 0308 00000000 		.word	.LANCHOR6
 583 030c 00000000 		.word	.LANCHOR4
 584              		.cfi_endproc
 585              	.LFE160:
 587              		.section	.text.lv_draw_sw_letter,"ax",%progbits
 588              		.align	1
 589              		.global	lv_draw_sw_letter
 590              		.syntax unified
 591              		.thumb
 592              		.thumb_func
 593              		.fpu fpv5-d16
 595              	lv_draw_sw_letter:
 596              	.LFB159:
  97:Drivers/lvgl/lvgl/src/draw/sw/lv_draw_sw_letter.c ****     lv_font_glyph_dsc_t g;
 597              		.loc 1 97 0
 598              		.cfi_startproc
 599              		@ args = 0, pretend = 0, frame = 88
 600              		@ frame_needed = 0, uses_anonymous_args = 0
 601              	.LVL77:
 602 0000 F0B5     		push	{r4, r5, r6, r7, lr}
 603              	.LCFI3:
 604              		.cfi_def_cfa_offset 20
 605              		.cfi_offset 4, -20
 606              		.cfi_offset 5, -16
 607              		.cfi_offset 6, -12
 608              		.cfi_offset 7, -8
 609              		.cfi_offset 14, -4
 610 0002 99B0     		sub	sp, sp, #100
 611              	.LCFI4:
 612              		.cfi_def_cfa_offset 120
 613 0004 0646     		mov	r6, r0
 614 0006 0D46     		mov	r5, r1
 615 0008 1746     		mov	r7, r2
 616 000a 1C46     		mov	r4, r3
  99:Drivers/lvgl/lvgl/src/draw/sw/lv_draw_sw_letter.c ****     if(g_ret == false) {
 617              		.loc 1 99 0
 618 000c 0023     		movs	r3, #0
 619              	.LVL78:
 620 000e 2246     		mov	r2, r4
 621              	.LVL79:
 622 0010 14A9     		add	r1, sp, #80
ARM GAS  /tmp/ccPOsx2Y.s 			page 21


 623              	.LVL80:
 624 0012 2868     		ldr	r0, [r5]
 625              	.LVL81:
 626 0014 FFF7FEFF 		bl	lv_font_get_glyph_dsc
 627              	.LVL82:
 100:Drivers/lvgl/lvgl/src/draw/sw/lv_draw_sw_letter.c ****         /*Add warning if the dsc is not found
 628              		.loc 1 100 0
 629 0018 0028     		cmp	r0, #0
 630 001a 3BD1     		bne	.L48
 103:Drivers/lvgl/lvgl/src/draw/sw/lv_draw_sw_letter.c ****            letter != 0xf8ff && /*LV_SYMBOL_DUMMY*/
 631              		.loc 1 103 0
 632 001c 4FF6FF03 		movw	r3, #63743
 633 0020 9C42     		cmp	r4, r3
 634 0022 18BF     		it	ne
 635 0024 1F2C     		cmpne	r4, #31
 636 0026 03D9     		bls	.L47
 104:Drivers/lvgl/lvgl/src/draw/sw/lv_draw_sw_letter.c ****            letter != 0x200c) { /*ZERO WIDTH NON-JOINER*/
 637              		.loc 1 104 0
 638 0028 42F20C03 		movw	r3, #8204
 639 002c 9C42     		cmp	r4, r3
 640 002e 01D1     		bne	.L53
 641              	.LVL83:
 642              	.L47:
 159:Drivers/lvgl/lvgl/src/draw/sw/lv_draw_sw_letter.c **** 
 643              		.loc 1 159 0
 644 0030 19B0     		add	sp, sp, #100
 645              	.LCFI5:
 646              		.cfi_remember_state
 647              		.cfi_def_cfa_offset 20
 648              		@ sp needed
 649 0032 F0BD     		pop	{r4, r5, r6, r7, pc}
 650              	.LVL84:
 651              	.L53:
 652              	.LCFI6:
 653              		.cfi_restore_state
 654              	.LBB15:
 112:Drivers/lvgl/lvgl/src/draw/sw/lv_draw_sw_letter.c ****             lv_coord_t begin_y = pos_p->y + g.ofs_y;
 655              		.loc 1 112 0
 656 0034 3988     		ldrh	r1, [r7]
 657 0036 BDF85A30 		ldrh	r3, [sp, #90]
 658 003a 1944     		add	r1, r1, r3
 659 003c 89B2     		uxth	r1, r1
 660              	.LVL85:
 113:Drivers/lvgl/lvgl/src/draw/sw/lv_draw_sw_letter.c ****             lv_area_set(&glyph_coords, begin_x, begin_y, begin_x + g.box_w, begin_y + g.box_h);
 661              		.loc 1 113 0
 662 003e 7A88     		ldrh	r2, [r7, #2]
 663 0040 BDF85C30 		ldrh	r3, [sp, #92]
 664 0044 1A44     		add	r2, r2, r3
 665 0046 92B2     		uxth	r2, r2
 666              	.LVL86:
 114:Drivers/lvgl/lvgl/src/draw/sw/lv_draw_sw_letter.c ****             lv_draw_rect_dsc_init(&glyph_dsc);
 667              		.loc 1 114 0
 668 0048 BDF85630 		ldrh	r3, [sp, #86]
 669 004c 0B44     		add	r3, r3, r1
 670 004e BDF85800 		ldrh	r0, [sp, #88]
 671              	.LVL87:
 672 0052 1044     		add	r0, r0, r2
ARM GAS  /tmp/ccPOsx2Y.s 			page 22


 673 0054 00B2     		sxth	r0, r0
 674 0056 0090     		str	r0, [sp]
 675 0058 1BB2     		sxth	r3, r3
 676 005a 12B2     		sxth	r2, r2
 677 005c 09B2     		sxth	r1, r1
 678 005e 03A8     		add	r0, sp, #12
 679 0060 FFF7FEFF 		bl	lv_area_set
 680              	.LVL88:
 115:Drivers/lvgl/lvgl/src/draw/sw/lv_draw_sw_letter.c ****             glyph_dsc.bg_opa = LV_OPA_MIN;
 681              		.loc 1 115 0
 682 0064 05A8     		add	r0, sp, #20
 683 0066 FFF7FEFF 		bl	lv_draw_rect_dsc_init
 684              	.LVL89:
 116:Drivers/lvgl/lvgl/src/draw/sw/lv_draw_sw_letter.c ****             glyph_dsc.outline_opa = LV_OPA_MIN;
 685              		.loc 1 116 0
 686 006a 0223     		movs	r3, #2
 687 006c 8DF81730 		strb	r3, [sp, #23]
 117:Drivers/lvgl/lvgl/src/draw/sw/lv_draw_sw_letter.c ****             glyph_dsc.shadow_opa = LV_OPA_MIN;
 688              		.loc 1 117 0
 689 0070 8DF83E30 		strb	r3, [sp, #62]
 118:Drivers/lvgl/lvgl/src/draw/sw/lv_draw_sw_letter.c ****             glyph_dsc.bg_img_opa = LV_OPA_MIN;
 690              		.loc 1 118 0
 691 0074 8DF84A30 		strb	r3, [sp, #74]
 119:Drivers/lvgl/lvgl/src/draw/sw/lv_draw_sw_letter.c ****             glyph_dsc.border_color = dsc->color;
 692              		.loc 1 119 0
 693 0078 8DF82E30 		strb	r3, [sp, #46]
 120:Drivers/lvgl/lvgl/src/draw/sw/lv_draw_sw_letter.c ****             glyph_dsc.border_width = 1;
 694              		.loc 1 120 0
 695 007c AB89     		ldrh	r3, [r5, #12]
 696 007e ADF83230 		strh	r3, [sp, #50]	@ movhi
 121:Drivers/lvgl/lvgl/src/draw/sw/lv_draw_sw_letter.c ****             draw_ctx->draw_rect(draw_ctx, &glyph_dsc, &glyph_coords);
 697              		.loc 1 121 0
 698 0082 0123     		movs	r3, #1
 699 0084 ADF83430 		strh	r3, [sp, #52]	@ movhi
 122:Drivers/lvgl/lvgl/src/draw/sw/lv_draw_sw_letter.c **** #endif
 700              		.loc 1 122 0
 701 0088 3369     		ldr	r3, [r6, #16]
 702 008a 03AA     		add	r2, sp, #12
 703 008c 05A9     		add	r1, sp, #20
 704 008e 3046     		mov	r0, r6
 705 0090 9847     		blx	r3
 706              	.LVL90:
 707 0092 CDE7     		b	.L47
 708              	.LVL91:
 709              	.L48:
 710              	.LBE15:
 129:Drivers/lvgl/lvgl/src/draw/sw/lv_draw_sw_letter.c **** 
 711              		.loc 1 129 0
 712 0094 BDF85820 		ldrh	r2, [sp, #88]
 713 0098 002A     		cmp	r2, #0
 714 009a C9D0     		beq	.L47
 129:Drivers/lvgl/lvgl/src/draw/sw/lv_draw_sw_letter.c **** 
 715              		.loc 1 129 0 is_stmt 0 discriminator 1
 716 009c BDF85600 		ldrh	r0, [sp, #86]
 717              	.LVL92:
 718 00a0 0028     		cmp	r0, #0
 719 00a2 C5D0     		beq	.L47
ARM GAS  /tmp/ccPOsx2Y.s 			page 23


 132:Drivers/lvgl/lvgl/src/draw/sw/lv_draw_sw_letter.c ****     gpos.y = pos_p->y + (dsc->font->line_height - dsc->font->base_line) - g.box_h - g.ofs_y;
 720              		.loc 1 132 0 is_stmt 1
 721 00a4 3988     		ldrh	r1, [r7]
 722 00a6 BDF85A30 		ldrh	r3, [sp, #90]
 723 00aa 1944     		add	r1, r1, r3
 724 00ac 09B2     		sxth	r1, r1
 725 00ae ADF84C10 		strh	r1, [sp, #76]	@ movhi
 133:Drivers/lvgl/lvgl/src/draw/sw/lv_draw_sw_letter.c **** 
 726              		.loc 1 133 0
 727 00b2 B7F802C0 		ldrh	ip, [r7, #2]
 728 00b6 2F68     		ldr	r7, [r5]
 729              	.LVL93:
 730 00b8 3B89     		ldrh	r3, [r7, #8]
 731 00ba 7F89     		ldrh	r7, [r7, #10]
 732 00bc DB1B     		subs	r3, r3, r7
 733 00be 1CFA83F3 		uxtah	r3, ip, r3
 734 00c2 9BB2     		uxth	r3, r3
 735 00c4 9B1A     		subs	r3, r3, r2
 736 00c6 9BB2     		uxth	r3, r3
 737 00c8 BDF85C70 		ldrh	r7, [sp, #92]
 738 00cc DB1B     		subs	r3, r3, r7
 739 00ce 1BB2     		sxth	r3, r3
 740 00d0 ADF84E30 		strh	r3, [sp, #78]	@ movhi
 136:Drivers/lvgl/lvgl/src/draw/sw/lv_draw_sw_letter.c ****        gpos.x > draw_ctx->clip_area->x2 ||
 741              		.loc 1 136 0
 742 00d4 0844     		add	r0, r0, r1
 743 00d6 B768     		ldr	r7, [r6, #8]
 744 00d8 B7F900C0 		ldrsh	ip, [r7]
 745 00dc 6045     		cmp	r0, ip
 746 00de A7DB     		blt	.L47
 137:Drivers/lvgl/lvgl/src/draw/sw/lv_draw_sw_letter.c ****        gpos.y + g.box_h < draw_ctx->clip_area->y1 ||
 747              		.loc 1 137 0 discriminator 1
 748 00e0 B7F90400 		ldrsh	r0, [r7, #4]
 136:Drivers/lvgl/lvgl/src/draw/sw/lv_draw_sw_letter.c ****        gpos.x > draw_ctx->clip_area->x2 ||
 749              		.loc 1 136 0 discriminator 1
 750 00e4 8142     		cmp	r1, r0
 751 00e6 A3DC     		bgt	.L47
 138:Drivers/lvgl/lvgl/src/draw/sw/lv_draw_sw_letter.c ****        gpos.y > draw_ctx->clip_area->y2)  {
 752              		.loc 1 138 0
 753 00e8 1A44     		add	r2, r2, r3
 754 00ea B7F90210 		ldrsh	r1, [r7, #2]
 137:Drivers/lvgl/lvgl/src/draw/sw/lv_draw_sw_letter.c ****        gpos.y + g.box_h < draw_ctx->clip_area->y1 ||
 755              		.loc 1 137 0
 756 00ee 8A42     		cmp	r2, r1
 757 00f0 9EDB     		blt	.L47
 139:Drivers/lvgl/lvgl/src/draw/sw/lv_draw_sw_letter.c ****         return;
 758              		.loc 1 139 0
 759 00f2 B7F90620 		ldrsh	r2, [r7, #6]
 138:Drivers/lvgl/lvgl/src/draw/sw/lv_draw_sw_letter.c ****        gpos.y > draw_ctx->clip_area->y2)  {
 760              		.loc 1 138 0
 761 00f6 9342     		cmp	r3, r2
 762 00f8 9ADC     		bgt	.L47
 143:Drivers/lvgl/lvgl/src/draw/sw/lv_draw_sw_letter.c ****     if(map_p == NULL) {
 763              		.loc 1 143 0
 764 00fa 2146     		mov	r1, r4
 765 00fc 1498     		ldr	r0, [sp, #80]
 766 00fe FFF7FEFF 		bl	lv_font_get_glyph_bitmap
ARM GAS  /tmp/ccPOsx2Y.s 			page 24


 767              	.LVL94:
 144:Drivers/lvgl/lvgl/src/draw/sw/lv_draw_sw_letter.c ****         LV_LOG_WARN("lv_draw_letter: character's bitmap not found");
 768              		.loc 1 144 0
 769 0102 0028     		cmp	r0, #0
 770 0104 94D0     		beq	.L47
 149:Drivers/lvgl/lvgl/src/draw/sw/lv_draw_sw_letter.c **** #if LV_DRAW_COMPLEX && LV_USE_FONT_SUBPX
 771              		.loc 1 149 0
 772 0106 149A     		ldr	r2, [sp, #80]
 773 0108 127B     		ldrb	r2, [r2, #12]	@ zero_extendqisi2
 774 010a 12F0030F 		tst	r2, #3
 775 010e 8FD1     		bne	.L47
 157:Drivers/lvgl/lvgl/src/draw/sw/lv_draw_sw_letter.c ****     }
 776              		.loc 1 157 0
 777 0110 0090     		str	r0, [sp]
 778 0112 14AB     		add	r3, sp, #80
 779 0114 13AA     		add	r2, sp, #76
 780 0116 2946     		mov	r1, r5
 781 0118 3046     		mov	r0, r6
 782              	.LVL95:
 783 011a FFF7FEFF 		bl	draw_letter_normal
 784              	.LVL96:
 785 011e 87E7     		b	.L47
 786              		.cfi_endproc
 787              	.LFE159:
 789              		.global	_lv_bpp8_opa_table
 790              		.global	_lv_bpp4_opa_table
 791              		.global	_lv_bpp3_opa_table
 792              		.global	_lv_bpp2_opa_table
 793              		.global	_lv_bpp1_opa_table
 794              		.section	.bss.opa_table.10264,"aw",%nobits
 795              		.align	2
 796              		.set	.LANCHOR4,. + 0
 799              	opa_table.10264:
 800 0000 00000000 		.space	256
 800      00000000 
 800      00000000 
 800      00000000 
 800      00000000 
 801              		.section	.bss.prev_bpp.10266,"aw",%nobits
 802              		.align	2
 803              		.set	.LANCHOR6,. + 0
 806              	prev_bpp.10266:
 807 0000 00000000 		.space	4
 808              		.section	.bss.prev_opa.10265,"aw",%nobits
 809              		.set	.LANCHOR5,. + 0
 812              	prev_opa.10265:
 813 0000 00       		.space	1
 814              		.section	.rodata._lv_bpp1_opa_table,"a",%progbits
 815              		.align	2
 816              		.set	.LANCHOR0,. + 0
 819              	_lv_bpp1_opa_table:
 820 0000 00       		.byte	0
 821 0001 FF       		.byte	-1
 822              		.section	.rodata._lv_bpp2_opa_table,"a",%progbits
 823              		.align	2
 824              		.set	.LANCHOR1,. + 0
 827              	_lv_bpp2_opa_table:
ARM GAS  /tmp/ccPOsx2Y.s 			page 25


 828 0000 00       		.byte	0
 829 0001 55       		.byte	85
 830 0002 AA       		.byte	-86
 831 0003 FF       		.byte	-1
 832              		.section	.rodata._lv_bpp3_opa_table,"a",%progbits
 833              		.align	2
 836              	_lv_bpp3_opa_table:
 837 0000 00       		.byte	0
 838 0001 24       		.byte	36
 839 0002 49       		.byte	73
 840 0003 6D       		.byte	109
 841 0004 92       		.byte	-110
 842 0005 B6       		.byte	-74
 843 0006 DB       		.byte	-37
 844 0007 FF       		.byte	-1
 845              		.section	.rodata._lv_bpp4_opa_table,"a",%progbits
 846              		.align	2
 847              		.set	.LANCHOR2,. + 0
 850              	_lv_bpp4_opa_table:
 851 0000 00       		.byte	0
 852 0001 11       		.byte	17
 853 0002 22       		.byte	34
 854 0003 33       		.byte	51
 855 0004 44       		.byte	68
 856 0005 55       		.byte	85
 857 0006 66       		.byte	102
 858 0007 77       		.byte	119
 859 0008 88       		.byte	-120
 860 0009 99       		.byte	-103
 861 000a AA       		.byte	-86
 862 000b BB       		.byte	-69
 863 000c CC       		.byte	-52
 864 000d DD       		.byte	-35
 865 000e EE       		.byte	-18
 866 000f FF       		.byte	-1
 867              		.section	.rodata._lv_bpp8_opa_table,"a",%progbits
 868              		.align	2
 869              		.set	.LANCHOR3,. + 0
 872              	_lv_bpp8_opa_table:
 873 0000 00       		.byte	0
 874 0001 01       		.byte	1
 875 0002 02       		.byte	2
 876 0003 03       		.byte	3
 877 0004 04       		.byte	4
 878 0005 05       		.byte	5
 879 0006 06       		.byte	6
 880 0007 07       		.byte	7
 881 0008 08       		.byte	8
 882 0009 09       		.byte	9
 883 000a 0A       		.byte	10
 884 000b 0B       		.byte	11
 885 000c 0C       		.byte	12
 886 000d 0D       		.byte	13
 887 000e 0E       		.byte	14
 888 000f 0F       		.byte	15
 889 0010 10       		.byte	16
 890 0011 11       		.byte	17
ARM GAS  /tmp/ccPOsx2Y.s 			page 26


 891 0012 12       		.byte	18
 892 0013 13       		.byte	19
 893 0014 14       		.byte	20
 894 0015 15       		.byte	21
 895 0016 16       		.byte	22
 896 0017 17       		.byte	23
 897 0018 18       		.byte	24
 898 0019 19       		.byte	25
 899 001a 1A       		.byte	26
 900 001b 1B       		.byte	27
 901 001c 1C       		.byte	28
 902 001d 1D       		.byte	29
 903 001e 1E       		.byte	30
 904 001f 1F       		.byte	31
 905 0020 20       		.byte	32
 906 0021 21       		.byte	33
 907 0022 22       		.byte	34
 908 0023 23       		.byte	35
 909 0024 24       		.byte	36
 910 0025 25       		.byte	37
 911 0026 26       		.byte	38
 912 0027 27       		.byte	39
 913 0028 28       		.byte	40
 914 0029 29       		.byte	41
 915 002a 2A       		.byte	42
 916 002b 2B       		.byte	43
 917 002c 2C       		.byte	44
 918 002d 2D       		.byte	45
 919 002e 2E       		.byte	46
 920 002f 2F       		.byte	47
 921 0030 30       		.byte	48
 922 0031 31       		.byte	49
 923 0032 32       		.byte	50
 924 0033 33       		.byte	51
 925 0034 34       		.byte	52
 926 0035 35       		.byte	53
 927 0036 36       		.byte	54
 928 0037 37       		.byte	55
 929 0038 38       		.byte	56
 930 0039 39       		.byte	57
 931 003a 3A       		.byte	58
 932 003b 3B       		.byte	59
 933 003c 3C       		.byte	60
 934 003d 3D       		.byte	61
 935 003e 3E       		.byte	62
 936 003f 3F       		.byte	63
 937 0040 40       		.byte	64
 938 0041 41       		.byte	65
 939 0042 42       		.byte	66
 940 0043 43       		.byte	67
 941 0044 44       		.byte	68
 942 0045 45       		.byte	69
 943 0046 46       		.byte	70
 944 0047 47       		.byte	71
 945 0048 48       		.byte	72
 946 0049 49       		.byte	73
 947 004a 4A       		.byte	74
ARM GAS  /tmp/ccPOsx2Y.s 			page 27


 948 004b 4B       		.byte	75
 949 004c 4C       		.byte	76
 950 004d 4D       		.byte	77
 951 004e 4E       		.byte	78
 952 004f 4F       		.byte	79
 953 0050 50       		.byte	80
 954 0051 51       		.byte	81
 955 0052 52       		.byte	82
 956 0053 53       		.byte	83
 957 0054 54       		.byte	84
 958 0055 55       		.byte	85
 959 0056 56       		.byte	86
 960 0057 57       		.byte	87
 961 0058 58       		.byte	88
 962 0059 59       		.byte	89
 963 005a 5A       		.byte	90
 964 005b 5B       		.byte	91
 965 005c 5C       		.byte	92
 966 005d 5D       		.byte	93
 967 005e 5E       		.byte	94
 968 005f 5F       		.byte	95
 969 0060 60       		.byte	96
 970 0061 61       		.byte	97
 971 0062 62       		.byte	98
 972 0063 63       		.byte	99
 973 0064 64       		.byte	100
 974 0065 65       		.byte	101
 975 0066 66       		.byte	102
 976 0067 67       		.byte	103
 977 0068 68       		.byte	104
 978 0069 69       		.byte	105
 979 006a 6A       		.byte	106
 980 006b 6B       		.byte	107
 981 006c 6C       		.byte	108
 982 006d 6D       		.byte	109
 983 006e 6E       		.byte	110
 984 006f 6F       		.byte	111
 985 0070 70       		.byte	112
 986 0071 71       		.byte	113
 987 0072 72       		.byte	114
 988 0073 73       		.byte	115
 989 0074 74       		.byte	116
 990 0075 75       		.byte	117
 991 0076 76       		.byte	118
 992 0077 77       		.byte	119
 993 0078 78       		.byte	120
 994 0079 79       		.byte	121
 995 007a 7A       		.byte	122
 996 007b 7B       		.byte	123
 997 007c 7C       		.byte	124
 998 007d 7D       		.byte	125
 999 007e 7E       		.byte	126
 1000 007f 7F       		.byte	127
 1001 0080 80       		.byte	-128
 1002 0081 81       		.byte	-127
 1003 0082 82       		.byte	-126
 1004 0083 83       		.byte	-125
ARM GAS  /tmp/ccPOsx2Y.s 			page 28


 1005 0084 84       		.byte	-124
 1006 0085 85       		.byte	-123
 1007 0086 86       		.byte	-122
 1008 0087 87       		.byte	-121
 1009 0088 88       		.byte	-120
 1010 0089 89       		.byte	-119
 1011 008a 8A       		.byte	-118
 1012 008b 8B       		.byte	-117
 1013 008c 8C       		.byte	-116
 1014 008d 8D       		.byte	-115
 1015 008e 8E       		.byte	-114
 1016 008f 8F       		.byte	-113
 1017 0090 90       		.byte	-112
 1018 0091 91       		.byte	-111
 1019 0092 92       		.byte	-110
 1020 0093 93       		.byte	-109
 1021 0094 94       		.byte	-108
 1022 0095 95       		.byte	-107
 1023 0096 96       		.byte	-106
 1024 0097 97       		.byte	-105
 1025 0098 98       		.byte	-104
 1026 0099 99       		.byte	-103
 1027 009a 9A       		.byte	-102
 1028 009b 9B       		.byte	-101
 1029 009c 9C       		.byte	-100
 1030 009d 9D       		.byte	-99
 1031 009e 9E       		.byte	-98
 1032 009f 9F       		.byte	-97
 1033 00a0 A0       		.byte	-96
 1034 00a1 A1       		.byte	-95
 1035 00a2 A2       		.byte	-94
 1036 00a3 A3       		.byte	-93
 1037 00a4 A4       		.byte	-92
 1038 00a5 A5       		.byte	-91
 1039 00a6 A6       		.byte	-90
 1040 00a7 A7       		.byte	-89
 1041 00a8 A8       		.byte	-88
 1042 00a9 A9       		.byte	-87
 1043 00aa AA       		.byte	-86
 1044 00ab AB       		.byte	-85
 1045 00ac AC       		.byte	-84
 1046 00ad AD       		.byte	-83
 1047 00ae AE       		.byte	-82
 1048 00af AF       		.byte	-81
 1049 00b0 B0       		.byte	-80
 1050 00b1 B1       		.byte	-79
 1051 00b2 B2       		.byte	-78
 1052 00b3 B3       		.byte	-77
 1053 00b4 B4       		.byte	-76
 1054 00b5 B5       		.byte	-75
 1055 00b6 B6       		.byte	-74
 1056 00b7 B7       		.byte	-73
 1057 00b8 B8       		.byte	-72
 1058 00b9 B9       		.byte	-71
 1059 00ba BA       		.byte	-70
 1060 00bb BB       		.byte	-69
 1061 00bc BC       		.byte	-68
ARM GAS  /tmp/ccPOsx2Y.s 			page 29


 1062 00bd BD       		.byte	-67
 1063 00be BE       		.byte	-66
 1064 00bf BF       		.byte	-65
 1065 00c0 C0       		.byte	-64
 1066 00c1 C1       		.byte	-63
 1067 00c2 C2       		.byte	-62
 1068 00c3 C3       		.byte	-61
 1069 00c4 C4       		.byte	-60
 1070 00c5 C5       		.byte	-59
 1071 00c6 C6       		.byte	-58
 1072 00c7 C7       		.byte	-57
 1073 00c8 C8       		.byte	-56
 1074 00c9 C9       		.byte	-55
 1075 00ca CA       		.byte	-54
 1076 00cb CB       		.byte	-53
 1077 00cc CC       		.byte	-52
 1078 00cd CD       		.byte	-51
 1079 00ce CE       		.byte	-50
 1080 00cf CF       		.byte	-49
 1081 00d0 D0       		.byte	-48
 1082 00d1 D1       		.byte	-47
 1083 00d2 D2       		.byte	-46
 1084 00d3 D3       		.byte	-45
 1085 00d4 D4       		.byte	-44
 1086 00d5 D5       		.byte	-43
 1087 00d6 D6       		.byte	-42
 1088 00d7 D7       		.byte	-41
 1089 00d8 D8       		.byte	-40
 1090 00d9 D9       		.byte	-39
 1091 00da DA       		.byte	-38
 1092 00db DB       		.byte	-37
 1093 00dc DC       		.byte	-36
 1094 00dd DD       		.byte	-35
 1095 00de DE       		.byte	-34
 1096 00df DF       		.byte	-33
 1097 00e0 E0       		.byte	-32
 1098 00e1 E1       		.byte	-31
 1099 00e2 E2       		.byte	-30
 1100 00e3 E3       		.byte	-29
 1101 00e4 E4       		.byte	-28
 1102 00e5 E5       		.byte	-27
 1103 00e6 E6       		.byte	-26
 1104 00e7 E7       		.byte	-25
 1105 00e8 E8       		.byte	-24
 1106 00e9 E9       		.byte	-23
 1107 00ea EA       		.byte	-22
 1108 00eb EB       		.byte	-21
 1109 00ec EC       		.byte	-20
 1110 00ed ED       		.byte	-19
 1111 00ee EE       		.byte	-18
 1112 00ef EF       		.byte	-17
 1113 00f0 F0       		.byte	-16
 1114 00f1 F1       		.byte	-15
 1115 00f2 F2       		.byte	-14
 1116 00f3 F3       		.byte	-13
 1117 00f4 F4       		.byte	-12
 1118 00f5 F5       		.byte	-11
ARM GAS  /tmp/ccPOsx2Y.s 			page 30


 1119 00f6 F6       		.byte	-10
 1120 00f7 F7       		.byte	-9
 1121 00f8 F8       		.byte	-8
 1122 00f9 F9       		.byte	-7
 1123 00fa FA       		.byte	-6
 1124 00fb FB       		.byte	-5
 1125 00fc FC       		.byte	-4
 1126 00fd FD       		.byte	-3
 1127 00fe FE       		.byte	-2
 1128 00ff FF       		.byte	-1
 1129              		.text
 1130              	.Letext0:
 1131              		.file 3 "/opt/gcc-arm-none-eabi-7-2017-q4-major/arm-none-eabi/include/machine/_default_types.h"
 1132              		.file 4 "/opt/gcc-arm-none-eabi-7-2017-q4-major/arm-none-eabi/include/sys/_stdint.h"
 1133              		.file 5 "Drivers/lvgl/lvgl/src/draw/sw/../../misc/lv_types.h"
 1134              		.file 6 "/opt/gcc-arm-none-eabi-7-2017-q4-major/lib/gcc/arm-none-eabi/7.2.1/include/stddef.h"
 1135              		.file 7 "/opt/gcc-arm-none-eabi-7-2017-q4-major/arm-none-eabi/include/sys/lock.h"
 1136              		.file 8 "/opt/gcc-arm-none-eabi-7-2017-q4-major/arm-none-eabi/include/sys/_types.h"
 1137              		.file 9 "/opt/gcc-arm-none-eabi-7-2017-q4-major/arm-none-eabi/include/sys/reent.h"
 1138              		.file 10 "Drivers/lvgl/lvgl/src/draw/sw/../../misc/lv_color.h"
 1139              		.file 11 "Drivers/lvgl/lvgl/src/draw/sw/../../misc/../font/lv_font.h"
 1140              		.file 12 "Drivers/lvgl/lvgl/src/draw/sw/../../misc/lv_txt.h"
 1141              		.file 13 "Drivers/lvgl/lvgl/src/draw/sw/../../misc/lv_bidi.h"
 1142              		.file 14 "Drivers/lvgl/lvgl/src/draw/sw/../../misc/lv_style.h"
 1143              		.file 15 "Drivers/lvgl/lvgl/src/draw/sw/../lv_draw_mask.h"
 1144              		.file 16 "Drivers/lvgl/lvgl/src/draw/sw/lv_draw_sw_blend.h"
 1145              		.file 17 "Drivers/lvgl/lvgl/src/draw/sw/../lv_img_buf.h"
 1146              		.file 18 "Drivers/lvgl/lvgl/src/draw/sw/../../core/lv_obj.h"
 1147              		.file 19 "Drivers/lvgl/lvgl/src/draw/sw/../lv_draw_rect.h"
 1148              		.file 20 "Drivers/lvgl/lvgl/src/draw/sw/../lv_draw_label.h"
 1149              		.file 21 "Drivers/lvgl/lvgl/src/draw/sw/../lv_draw_img.h"
 1150              		.file 22 "Drivers/lvgl/lvgl/src/draw/sw/../lv_draw_line.h"
 1151              		.file 23 "Drivers/lvgl/lvgl/src/draw/sw/../lv_draw_arc.h"
 1152              		.file 24 "Drivers/lvgl/lvgl/src/draw/sw/../lv_draw_layer.h"
 1153              		.file 25 "Drivers/lvgl/lvgl/src/draw/sw/../lv_draw.h"
 1154              		.file 26 "Drivers/lvgl/lvgl/src/draw/sw/../../core/lv_group.h"
 1155              		.file 27 "Drivers/lvgl/lvgl/src/draw/sw/../../hal/../misc/lv_ll.h"
 1156              		.file 28 "Drivers/lvgl/lvgl/src/draw/sw/../../core/lv_obj_scroll.h"
 1157              		.file 29 "Drivers/lvgl/lvgl/src/draw/sw/../../core/lv_obj_style.h"
 1158              		.file 30 "Drivers/lvgl/lvgl/src/draw/sw/../../core/lv_obj_class.h"
 1159              		.file 31 "Drivers/lvgl/lvgl/src/draw/sw/../../core/lv_event.h"
 1160              		.file 32 "Drivers/lvgl/lvgl/src/draw/sw/../../misc/lv_mem.h"
 1161              		.file 33 "Drivers/lvgl/lvgl/src/draw/sw/../../core/lv_refr.h"
 1162              		.file 34 "Drivers/lvgl/lvgl/src/draw/sw/../../hal/lv_hal_disp.h"
ARM GAS  /tmp/ccPOsx2Y.s 			page 31


DEFINED SYMBOLS
                            *ABS*:0000000000000000 lv_draw_sw_letter.c
     /tmp/ccPOsx2Y.s:17     .text.draw_letter_normal:0000000000000000 $t
     /tmp/ccPOsx2Y.s:23     .text.draw_letter_normal:0000000000000000 draw_letter_normal
     /tmp/ccPOsx2Y.s:62     .text.draw_letter_normal:0000000000000024 $d
     /tmp/ccPOsx2Y.s:70     .text.draw_letter_normal:0000000000000034 $t
     /tmp/ccPOsx2Y.s:577    .text.draw_letter_normal:00000000000002f4 $d
     /tmp/ccPOsx2Y.s:588    .text.lv_draw_sw_letter:0000000000000000 $t
     /tmp/ccPOsx2Y.s:595    .text.lv_draw_sw_letter:0000000000000000 lv_draw_sw_letter
     /tmp/ccPOsx2Y.s:872    .rodata._lv_bpp8_opa_table:0000000000000000 _lv_bpp8_opa_table
     /tmp/ccPOsx2Y.s:850    .rodata._lv_bpp4_opa_table:0000000000000000 _lv_bpp4_opa_table
     /tmp/ccPOsx2Y.s:836    .rodata._lv_bpp3_opa_table:0000000000000000 _lv_bpp3_opa_table
     /tmp/ccPOsx2Y.s:827    .rodata._lv_bpp2_opa_table:0000000000000000 _lv_bpp2_opa_table
     /tmp/ccPOsx2Y.s:819    .rodata._lv_bpp1_opa_table:0000000000000000 _lv_bpp1_opa_table
     /tmp/ccPOsx2Y.s:795    .bss.opa_table.10264:0000000000000000 $d
     /tmp/ccPOsx2Y.s:799    .bss.opa_table.10264:0000000000000000 opa_table.10264
     /tmp/ccPOsx2Y.s:802    .bss.prev_bpp.10266:0000000000000000 $d
     /tmp/ccPOsx2Y.s:806    .bss.prev_bpp.10266:0000000000000000 prev_bpp.10266
     /tmp/ccPOsx2Y.s:812    .bss.prev_opa.10265:0000000000000000 prev_opa.10265
     /tmp/ccPOsx2Y.s:813    .bss.prev_opa.10265:0000000000000000 $d
     /tmp/ccPOsx2Y.s:815    .rodata._lv_bpp1_opa_table:0000000000000000 $d
     /tmp/ccPOsx2Y.s:823    .rodata._lv_bpp2_opa_table:0000000000000000 $d
     /tmp/ccPOsx2Y.s:833    .rodata._lv_bpp3_opa_table:0000000000000000 $d
     /tmp/ccPOsx2Y.s:846    .rodata._lv_bpp4_opa_table:0000000000000000 $d
     /tmp/ccPOsx2Y.s:868    .rodata._lv_bpp8_opa_table:0000000000000000 $d

UNDEFINED SYMBOLS
lv_memset_00
_lv_refr_get_disp_refreshing
lv_disp_get_hor_res
lv_mem_buf_get
lv_draw_mask_is_any
lv_draw_mask_apply
lv_draw_sw_blend
lv_mem_buf_release
lv_font_get_glyph_dsc
lv_area_set
lv_draw_rect_dsc_init
lv_font_get_glyph_bitmap
