ARM GAS  /tmp/cctiKVvu.s 			page 1


   1              		.cpu cortex-m7
   2              		.eabi_attribute 28, 1
   3              		.eabi_attribute 20, 1
   4              		.eabi_attribute 21, 1
   5              		.eabi_attribute 23, 3
   6              		.eabi_attribute 24, 1
   7              		.eabi_attribute 25, 1
   8              		.eabi_attribute 26, 1
   9              		.eabi_attribute 30, 1
  10              		.eabi_attribute 34, 1
  11              		.eabi_attribute 18, 4
  12              		.file	"lv_draw_sw_dither.c"
  13              		.text
  14              	.Ltext0:
  15              		.cfi_sections	.debug_frame
  16              	.Letext0:
  17              		.file 1 "/opt/gcc-arm-none-eabi-7-2017-q4-major/arm-none-eabi/include/machine/_default_types.h"
  18              		.file 2 "/opt/gcc-arm-none-eabi-7-2017-q4-major/arm-none-eabi/include/sys/_stdint.h"
  19              		.file 3 "Drivers/lvgl/lvgl/src/draw/sw/../../core/../misc/lv_area.h"
  20              		.file 4 "/opt/gcc-arm-none-eabi-7-2017-q4-major/arm-none-eabi/include/sys/lock.h"
  21              		.file 5 "/opt/gcc-arm-none-eabi-7-2017-q4-major/arm-none-eabi/include/sys/_types.h"
  22              		.file 6 "/opt/gcc-arm-none-eabi-7-2017-q4-major/lib/gcc/arm-none-eabi/7.2.1/include/stddef.h"
  23              		.file 7 "/opt/gcc-arm-none-eabi-7-2017-q4-major/arm-none-eabi/include/sys/reent.h"
  24              		.file 8 "Drivers/lvgl/lvgl/src/draw/sw/../../misc/../font/lv_font.h"
  25              		.file 9 "Drivers/lvgl/lvgl/src/draw/sw/../../misc/lv_txt.h"
ARM GAS  /tmp/cctiKVvu.s 			page 2


DEFINED SYMBOLS
                            *ABS*:0000000000000000 lv_draw_sw_dither.c

NO UNDEFINED SYMBOLS
