ARM GAS  /tmp/ccyxnML9.s 			page 1


   1              		.cpu cortex-m7
   2              		.eabi_attribute 28, 1
   3              		.eabi_attribute 20, 1
   4              		.eabi_attribute 21, 1
   5              		.eabi_attribute 23, 3
   6              		.eabi_attribute 24, 1
   7              		.eabi_attribute 25, 1
   8              		.eabi_attribute 26, 1
   9              		.eabi_attribute 30, 1
  10              		.eabi_attribute 34, 1
  11              		.eabi_attribute 18, 4
  12              		.file	"lv_draw_transform.c"
  13              		.text
  14              	.Ltext0:
  15              		.cfi_sections	.debug_frame
  16              		.section	.text.lv_draw_transform,"ax",%progbits
  17              		.align	1
  18              		.global	lv_draw_transform
  19              		.syntax unified
  20              		.thumb
  21              		.thumb_func
  22              		.fpu fpv5-d16
  24              	lv_draw_transform:
  25              	.LFB55:
  26              		.file 1 "Drivers/lvgl/lvgl/src/draw/lv_draw_transform.c"
   1:Drivers/lvgl/lvgl/src/draw/lv_draw_transform.c **** /**
   2:Drivers/lvgl/lvgl/src/draw/lv_draw_transform.c ****  * @file lv_draw_transform.c
   3:Drivers/lvgl/lvgl/src/draw/lv_draw_transform.c ****  *
   4:Drivers/lvgl/lvgl/src/draw/lv_draw_transform.c ****  */
   5:Drivers/lvgl/lvgl/src/draw/lv_draw_transform.c **** 
   6:Drivers/lvgl/lvgl/src/draw/lv_draw_transform.c **** /*********************
   7:Drivers/lvgl/lvgl/src/draw/lv_draw_transform.c ****  *      INCLUDES
   8:Drivers/lvgl/lvgl/src/draw/lv_draw_transform.c ****  *********************/
   9:Drivers/lvgl/lvgl/src/draw/lv_draw_transform.c **** #include "lv_draw.h"
  10:Drivers/lvgl/lvgl/src/draw/lv_draw_transform.c **** #include "lv_draw_transform.h"
  11:Drivers/lvgl/lvgl/src/draw/lv_draw_transform.c **** #include "../misc/lv_assert.h"
  12:Drivers/lvgl/lvgl/src/draw/lv_draw_transform.c **** #include "../misc/lv_area.h"
  13:Drivers/lvgl/lvgl/src/draw/lv_draw_transform.c **** 
  14:Drivers/lvgl/lvgl/src/draw/lv_draw_transform.c **** /*********************
  15:Drivers/lvgl/lvgl/src/draw/lv_draw_transform.c ****  *      DEFINES
  16:Drivers/lvgl/lvgl/src/draw/lv_draw_transform.c ****  *********************/
  17:Drivers/lvgl/lvgl/src/draw/lv_draw_transform.c **** 
  18:Drivers/lvgl/lvgl/src/draw/lv_draw_transform.c **** /**********************
  19:Drivers/lvgl/lvgl/src/draw/lv_draw_transform.c ****  *      TYPEDEFS
  20:Drivers/lvgl/lvgl/src/draw/lv_draw_transform.c ****  **********************/
  21:Drivers/lvgl/lvgl/src/draw/lv_draw_transform.c **** 
  22:Drivers/lvgl/lvgl/src/draw/lv_draw_transform.c **** /**********************
  23:Drivers/lvgl/lvgl/src/draw/lv_draw_transform.c ****  *  STATIC PROTOTYPES
  24:Drivers/lvgl/lvgl/src/draw/lv_draw_transform.c ****  **********************/
  25:Drivers/lvgl/lvgl/src/draw/lv_draw_transform.c **** 
  26:Drivers/lvgl/lvgl/src/draw/lv_draw_transform.c **** /**********************
  27:Drivers/lvgl/lvgl/src/draw/lv_draw_transform.c ****  *  STATIC VARIABLES
  28:Drivers/lvgl/lvgl/src/draw/lv_draw_transform.c ****  **********************/
  29:Drivers/lvgl/lvgl/src/draw/lv_draw_transform.c **** 
  30:Drivers/lvgl/lvgl/src/draw/lv_draw_transform.c **** /**********************
  31:Drivers/lvgl/lvgl/src/draw/lv_draw_transform.c ****  *      MACROS
  32:Drivers/lvgl/lvgl/src/draw/lv_draw_transform.c ****  **********************/
ARM GAS  /tmp/ccyxnML9.s 			page 2


  33:Drivers/lvgl/lvgl/src/draw/lv_draw_transform.c **** 
  34:Drivers/lvgl/lvgl/src/draw/lv_draw_transform.c **** /**********************
  35:Drivers/lvgl/lvgl/src/draw/lv_draw_transform.c ****  *   GLOBAL FUNCTIONS
  36:Drivers/lvgl/lvgl/src/draw/lv_draw_transform.c ****  **********************/
  37:Drivers/lvgl/lvgl/src/draw/lv_draw_transform.c **** void lv_draw_transform(lv_draw_ctx_t * draw_ctx, const lv_area_t * dest_area, const void * src_buf,
  38:Drivers/lvgl/lvgl/src/draw/lv_draw_transform.c ****                        lv_coord_t src_h,
  39:Drivers/lvgl/lvgl/src/draw/lv_draw_transform.c ****                        lv_coord_t src_stride, const lv_draw_img_dsc_t * draw_dsc, lv_img_cf_t cf, l
  40:Drivers/lvgl/lvgl/src/draw/lv_draw_transform.c **** {
  27              		.loc 1 40 0
  28              		.cfi_startproc
  29              		@ args = 24, pretend = 0, frame = 0
  30              		@ frame_needed = 0, uses_anonymous_args = 0
  31              	.LVL0:
  41:Drivers/lvgl/lvgl/src/draw/lv_draw_transform.c ****     LV_ASSERT_NULL(draw_ctx);
  32              		.loc 1 41 0
  33 0000 A8B1     		cbz	r0, .L3
  40:Drivers/lvgl/lvgl/src/draw/lv_draw_transform.c ****     LV_ASSERT_NULL(draw_ctx);
  34              		.loc 1 40 0
  35 0002 30B5     		push	{r4, r5, lr}
  36              	.LCFI0:
  37              		.cfi_def_cfa_offset 12
  38              		.cfi_offset 4, -12
  39              		.cfi_offset 5, -8
  40              		.cfi_offset 14, -4
  41 0004 87B0     		sub	sp, sp, #28
  42              	.LCFI1:
  43              		.cfi_def_cfa_offset 40
  42:Drivers/lvgl/lvgl/src/draw/lv_draw_transform.c ****     if(draw_ctx->draw_transform == NULL) {
  44              		.loc 1 42 0
  45 0006 C56A     		ldr	r5, [r0, #44]
  46 0008 7DB1     		cbz	r5, .L1
  43:Drivers/lvgl/lvgl/src/draw/lv_draw_transform.c ****         LV_LOG_WARN("draw_ctx->draw_transform == NULL");
  44:Drivers/lvgl/lvgl/src/draw/lv_draw_transform.c ****         return;
  45:Drivers/lvgl/lvgl/src/draw/lv_draw_transform.c ****     }
  46:Drivers/lvgl/lvgl/src/draw/lv_draw_transform.c **** 
  47:Drivers/lvgl/lvgl/src/draw/lv_draw_transform.c ****     draw_ctx->draw_transform(draw_ctx, dest_area, src_buf, src_w, src_h, src_stride, draw_dsc, cf, 
  47              		.loc 1 47 0
  48 000a 0F9C     		ldr	r4, [sp, #60]
  49 000c 0594     		str	r4, [sp, #20]
  50 000e 0E9C     		ldr	r4, [sp, #56]
  51 0010 0494     		str	r4, [sp, #16]
  52 0012 9DF83440 		ldrb	r4, [sp, #52]	@ zero_extendqisi2
  53 0016 0394     		str	r4, [sp, #12]
  54 0018 0C9C     		ldr	r4, [sp, #48]
  55 001a 0294     		str	r4, [sp, #8]
  56 001c BDF92C40 		ldrsh	r4, [sp, #44]
  57 0020 0194     		str	r4, [sp, #4]
  58 0022 BDF92840 		ldrsh	r4, [sp, #40]
  59 0026 0094     		str	r4, [sp]
  60 0028 A847     		blx	r5
  61              	.LVL1:
  62              	.L1:
  48:Drivers/lvgl/lvgl/src/draw/lv_draw_transform.c **** 
  49:Drivers/lvgl/lvgl/src/draw/lv_draw_transform.c **** }
  63              		.loc 1 49 0
  64 002a 07B0     		add	sp, sp, #28
  65              	.LCFI2:
ARM GAS  /tmp/ccyxnML9.s 			page 3


  66              		.cfi_def_cfa_offset 12
  67              		@ sp needed
  68 002c 30BD     		pop	{r4, r5, pc}
  69              	.LVL2:
  70              	.L3:
  71              	.LCFI3:
  72              		.cfi_def_cfa_offset 0
  73              		.cfi_restore 4
  74              		.cfi_restore 5
  75              		.cfi_restore 14
  76 002e FEE7     		b	.L3
  77              		.cfi_endproc
  78              	.LFE55:
  80              		.text
  81              	.Letext0:
  82              		.file 2 "/opt/gcc-arm-none-eabi-7-2017-q4-major/arm-none-eabi/include/machine/_default_types.h"
  83              		.file 3 "/opt/gcc-arm-none-eabi-7-2017-q4-major/arm-none-eabi/include/sys/_stdint.h"
  84              		.file 4 "/opt/gcc-arm-none-eabi-7-2017-q4-major/lib/gcc/arm-none-eabi/7.2.1/include/stddef.h"
  85              		.file 5 "Drivers/lvgl/lvgl/src/draw/../misc/../font/../misc/lv_area.h"
  86              		.file 6 "Drivers/lvgl/lvgl/src/draw/../misc/../font/lv_font.h"
  87              		.file 7 "Drivers/lvgl/lvgl/src/draw/../misc/lv_types.h"
  88              		.file 8 "/opt/gcc-arm-none-eabi-7-2017-q4-major/arm-none-eabi/include/sys/lock.h"
  89              		.file 9 "/opt/gcc-arm-none-eabi-7-2017-q4-major/arm-none-eabi/include/sys/_types.h"
  90              		.file 10 "/opt/gcc-arm-none-eabi-7-2017-q4-major/arm-none-eabi/include/sys/reent.h"
  91              		.file 11 "Drivers/lvgl/lvgl/src/draw/../misc/lv_color.h"
  92              		.file 12 "Drivers/lvgl/lvgl/src/draw/../misc/lv_txt.h"
  93              		.file 13 "Drivers/lvgl/lvgl/src/draw/../misc/lv_bidi.h"
  94              		.file 14 "Drivers/lvgl/lvgl/src/draw/../misc/lv_style.h"
  95              		.file 15 "Drivers/lvgl/lvgl/src/draw/lv_img_buf.h"
  96              		.file 16 "Drivers/lvgl/lvgl/src/draw/lv_draw_rect.h"
  97              		.file 17 "Drivers/lvgl/lvgl/src/draw/lv_draw_label.h"
  98              		.file 18 "Drivers/lvgl/lvgl/src/draw/lv_draw_img.h"
  99              		.file 19 "Drivers/lvgl/lvgl/src/draw/lv_draw_line.h"
 100              		.file 20 "Drivers/lvgl/lvgl/src/draw/lv_draw_arc.h"
 101              		.file 21 "Drivers/lvgl/lvgl/src/draw/lv_draw_layer.h"
 102              		.file 22 "Drivers/lvgl/lvgl/src/draw/lv_draw.h"
ARM GAS  /tmp/ccyxnML9.s 			page 4


DEFINED SYMBOLS
                            *ABS*:0000000000000000 lv_draw_transform.c
     /tmp/ccyxnML9.s:17     .text.lv_draw_transform:0000000000000000 $t
     /tmp/ccyxnML9.s:24     .text.lv_draw_transform:0000000000000000 lv_draw_transform

NO UNDEFINED SYMBOLS
