ARM GAS  /tmp/ccxGA98P.s 			page 1


   1              		.cpu cortex-m7
   2              		.eabi_attribute 28, 1
   3              		.eabi_attribute 20, 1
   4              		.eabi_attribute 21, 1
   5              		.eabi_attribute 23, 3
   6              		.eabi_attribute 24, 1
   7              		.eabi_attribute 25, 1
   8              		.eabi_attribute 26, 1
   9              		.eabi_attribute 30, 1
  10              		.eabi_attribute 34, 1
  11              		.eabi_attribute 18, 4
  12              		.file	"lv_extra.c"
  13              		.text
  14              	.Ltext0:
  15              		.cfi_sections	.debug_frame
  16              		.section	.text.lv_extra_init,"ax",%progbits
  17              		.align	1
  18              		.global	lv_extra_init
  19              		.syntax unified
  20              		.thumb
  21              		.thumb_func
  22              		.fpu fpv5-d16
  24              	lv_extra_init:
  25              	.LFB202:
  26              		.file 1 "Drivers/lvgl/lvgl/src/extra/lv_extra.c"
   1:Drivers/lvgl/lvgl/src/extra/lv_extra.c **** /**
   2:Drivers/lvgl/lvgl/src/extra/lv_extra.c ****  * @file lv_extra.c
   3:Drivers/lvgl/lvgl/src/extra/lv_extra.c ****  *
   4:Drivers/lvgl/lvgl/src/extra/lv_extra.c ****  */
   5:Drivers/lvgl/lvgl/src/extra/lv_extra.c **** 
   6:Drivers/lvgl/lvgl/src/extra/lv_extra.c **** /*********************
   7:Drivers/lvgl/lvgl/src/extra/lv_extra.c ****  *      INCLUDES
   8:Drivers/lvgl/lvgl/src/extra/lv_extra.c ****  *********************/
   9:Drivers/lvgl/lvgl/src/extra/lv_extra.c **** #include "../lvgl.h"
  10:Drivers/lvgl/lvgl/src/extra/lv_extra.c **** 
  11:Drivers/lvgl/lvgl/src/extra/lv_extra.c **** /*********************
  12:Drivers/lvgl/lvgl/src/extra/lv_extra.c ****  *      DEFINES
  13:Drivers/lvgl/lvgl/src/extra/lv_extra.c ****  *********************/
  14:Drivers/lvgl/lvgl/src/extra/lv_extra.c **** 
  15:Drivers/lvgl/lvgl/src/extra/lv_extra.c **** /**********************
  16:Drivers/lvgl/lvgl/src/extra/lv_extra.c ****  *      TYPEDEFS
  17:Drivers/lvgl/lvgl/src/extra/lv_extra.c ****  **********************/
  18:Drivers/lvgl/lvgl/src/extra/lv_extra.c **** 
  19:Drivers/lvgl/lvgl/src/extra/lv_extra.c **** /**********************
  20:Drivers/lvgl/lvgl/src/extra/lv_extra.c ****  *  STATIC PROTOTYPES
  21:Drivers/lvgl/lvgl/src/extra/lv_extra.c ****  **********************/
  22:Drivers/lvgl/lvgl/src/extra/lv_extra.c **** 
  23:Drivers/lvgl/lvgl/src/extra/lv_extra.c **** /**********************
  24:Drivers/lvgl/lvgl/src/extra/lv_extra.c ****  *  STATIC VARIABLES
  25:Drivers/lvgl/lvgl/src/extra/lv_extra.c ****  **********************/
  26:Drivers/lvgl/lvgl/src/extra/lv_extra.c **** 
  27:Drivers/lvgl/lvgl/src/extra/lv_extra.c **** /**********************
  28:Drivers/lvgl/lvgl/src/extra/lv_extra.c ****  *      MACROS
  29:Drivers/lvgl/lvgl/src/extra/lv_extra.c ****  **********************/
  30:Drivers/lvgl/lvgl/src/extra/lv_extra.c **** 
  31:Drivers/lvgl/lvgl/src/extra/lv_extra.c **** /**********************
  32:Drivers/lvgl/lvgl/src/extra/lv_extra.c ****  *   GLOBAL FUNCTIONS
ARM GAS  /tmp/ccxGA98P.s 			page 2


  33:Drivers/lvgl/lvgl/src/extra/lv_extra.c ****  **********************/
  34:Drivers/lvgl/lvgl/src/extra/lv_extra.c **** 
  35:Drivers/lvgl/lvgl/src/extra/lv_extra.c **** void lv_extra_init(void)
  36:Drivers/lvgl/lvgl/src/extra/lv_extra.c **** {
  27              		.loc 1 36 0
  28              		.cfi_startproc
  29              		@ args = 0, pretend = 0, frame = 0
  30              		@ frame_needed = 0, uses_anonymous_args = 0
  31 0000 08B5     		push	{r3, lr}
  32              	.LCFI0:
  33              		.cfi_def_cfa_offset 8
  34              		.cfi_offset 3, -8
  35              		.cfi_offset 14, -4
  37:Drivers/lvgl/lvgl/src/extra/lv_extra.c **** #if LV_USE_FLEX
  38:Drivers/lvgl/lvgl/src/extra/lv_extra.c ****     lv_flex_init();
  36              		.loc 1 38 0
  37 0002 FFF7FEFF 		bl	lv_flex_init
  38              	.LVL0:
  39:Drivers/lvgl/lvgl/src/extra/lv_extra.c **** #endif
  40:Drivers/lvgl/lvgl/src/extra/lv_extra.c **** 
  41:Drivers/lvgl/lvgl/src/extra/lv_extra.c **** #if LV_USE_GRID
  42:Drivers/lvgl/lvgl/src/extra/lv_extra.c ****     lv_grid_init();
  39              		.loc 1 42 0
  40 0006 FFF7FEFF 		bl	lv_grid_init
  41              	.LVL1:
  43:Drivers/lvgl/lvgl/src/extra/lv_extra.c **** #endif
  44:Drivers/lvgl/lvgl/src/extra/lv_extra.c **** 
  45:Drivers/lvgl/lvgl/src/extra/lv_extra.c **** #if LV_USE_MSG
  46:Drivers/lvgl/lvgl/src/extra/lv_extra.c ****     lv_msg_init();
  47:Drivers/lvgl/lvgl/src/extra/lv_extra.c **** #endif
  48:Drivers/lvgl/lvgl/src/extra/lv_extra.c **** 
  49:Drivers/lvgl/lvgl/src/extra/lv_extra.c **** #if LV_USE_FS_FATFS != '\0'
  50:Drivers/lvgl/lvgl/src/extra/lv_extra.c ****     lv_fs_fatfs_init();
  51:Drivers/lvgl/lvgl/src/extra/lv_extra.c **** #endif
  52:Drivers/lvgl/lvgl/src/extra/lv_extra.c **** 
  53:Drivers/lvgl/lvgl/src/extra/lv_extra.c **** #if LV_USE_FS_STDIO != '\0'
  54:Drivers/lvgl/lvgl/src/extra/lv_extra.c ****     lv_fs_stdio_init();
  55:Drivers/lvgl/lvgl/src/extra/lv_extra.c **** #endif
  56:Drivers/lvgl/lvgl/src/extra/lv_extra.c **** 
  57:Drivers/lvgl/lvgl/src/extra/lv_extra.c **** #if LV_USE_FS_POSIX != '\0'
  58:Drivers/lvgl/lvgl/src/extra/lv_extra.c ****     lv_fs_posix_init();
  59:Drivers/lvgl/lvgl/src/extra/lv_extra.c **** #endif
  60:Drivers/lvgl/lvgl/src/extra/lv_extra.c **** 
  61:Drivers/lvgl/lvgl/src/extra/lv_extra.c **** #if LV_USE_FS_WIN32 != '\0'
  62:Drivers/lvgl/lvgl/src/extra/lv_extra.c ****     lv_fs_win32_init();
  63:Drivers/lvgl/lvgl/src/extra/lv_extra.c **** #endif
  64:Drivers/lvgl/lvgl/src/extra/lv_extra.c **** 
  65:Drivers/lvgl/lvgl/src/extra/lv_extra.c **** #if LV_USE_FFMPEG
  66:Drivers/lvgl/lvgl/src/extra/lv_extra.c ****     lv_ffmpeg_init();
  67:Drivers/lvgl/lvgl/src/extra/lv_extra.c **** #endif
  68:Drivers/lvgl/lvgl/src/extra/lv_extra.c **** 
  69:Drivers/lvgl/lvgl/src/extra/lv_extra.c **** #if LV_USE_PNG
  70:Drivers/lvgl/lvgl/src/extra/lv_extra.c ****     lv_png_init();
  71:Drivers/lvgl/lvgl/src/extra/lv_extra.c **** #endif
  72:Drivers/lvgl/lvgl/src/extra/lv_extra.c **** 
  73:Drivers/lvgl/lvgl/src/extra/lv_extra.c **** #if LV_USE_SJPG
  74:Drivers/lvgl/lvgl/src/extra/lv_extra.c ****     lv_split_jpeg_init();
ARM GAS  /tmp/ccxGA98P.s 			page 3


  75:Drivers/lvgl/lvgl/src/extra/lv_extra.c **** #endif
  76:Drivers/lvgl/lvgl/src/extra/lv_extra.c **** 
  77:Drivers/lvgl/lvgl/src/extra/lv_extra.c **** #if LV_USE_BMP
  78:Drivers/lvgl/lvgl/src/extra/lv_extra.c ****     lv_bmp_init();
  79:Drivers/lvgl/lvgl/src/extra/lv_extra.c **** #endif
  80:Drivers/lvgl/lvgl/src/extra/lv_extra.c **** 
  81:Drivers/lvgl/lvgl/src/extra/lv_extra.c **** #if LV_USE_FREETYPE
  82:Drivers/lvgl/lvgl/src/extra/lv_extra.c ****     /*Init freetype library*/
  83:Drivers/lvgl/lvgl/src/extra/lv_extra.c **** #  if LV_FREETYPE_CACHE_SIZE >= 0
  84:Drivers/lvgl/lvgl/src/extra/lv_extra.c ****     lv_freetype_init(LV_FREETYPE_CACHE_FT_FACES, LV_FREETYPE_CACHE_FT_SIZES, LV_FREETYPE_CACHE_SIZE
  85:Drivers/lvgl/lvgl/src/extra/lv_extra.c **** #  else
  86:Drivers/lvgl/lvgl/src/extra/lv_extra.c ****     lv_freetype_init(0, 0, 0);
  87:Drivers/lvgl/lvgl/src/extra/lv_extra.c **** #  endif
  88:Drivers/lvgl/lvgl/src/extra/lv_extra.c **** #endif
  89:Drivers/lvgl/lvgl/src/extra/lv_extra.c **** }
  42              		.loc 1 89 0
  43 000a 08BD     		pop	{r3, pc}
  44              		.cfi_endproc
  45              	.LFE202:
  47              		.text
  48              	.Letext0:
  49              		.file 2 "/opt/gcc-arm-none-eabi-7-2017-q4-major/arm-none-eabi/include/machine/_default_types.h"
  50              		.file 3 "/opt/gcc-arm-none-eabi-7-2017-q4-major/arm-none-eabi/include/sys/_stdint.h"
  51              		.file 4 "/opt/gcc-arm-none-eabi-7-2017-q4-major/arm-none-eabi/include/sys/lock.h"
  52              		.file 5 "/opt/gcc-arm-none-eabi-7-2017-q4-major/arm-none-eabi/include/sys/_types.h"
  53              		.file 6 "/opt/gcc-arm-none-eabi-7-2017-q4-major/lib/gcc/arm-none-eabi/7.2.1/include/stddef.h"
  54              		.file 7 "/opt/gcc-arm-none-eabi-7-2017-q4-major/arm-none-eabi/include/sys/reent.h"
  55              		.file 8 "Drivers/lvgl/lvgl/src/extra/../../src/hal/../draw/../misc/../font/../misc/lv_area.h"
  56              		.file 9 "Drivers/lvgl/lvgl/src/extra/../../src/hal/../draw/../misc/../font/lv_font.h"
  57              		.file 10 "Drivers/lvgl/lvgl/src/extra/../../src/hal/../draw/../misc/lv_color.h"
  58              		.file 11 "Drivers/lvgl/lvgl/src/extra/../../src/hal/../draw/../misc/lv_txt.h"
  59              		.file 12 "Drivers/lvgl/lvgl/src/extra/../../src/hal/../draw/../misc/lv_style.h"
  60              		.file 13 "Drivers/lvgl/lvgl/src/extra/../../src/core/lv_obj.h"
  61              		.file 14 "Drivers/lvgl/lvgl/src/extra/../../src/hal/../misc/lv_ll.h"
  62              		.file 15 "Drivers/lvgl/lvgl/src/extra/../../src/core/lv_group.h"
  63              		.file 16 "Drivers/lvgl/lvgl/src/extra/../../src/core/lv_obj_scroll.h"
  64              		.file 17 "Drivers/lvgl/lvgl/src/extra/../../src/core/lv_obj_style.h"
  65              		.file 18 "Drivers/lvgl/lvgl/src/extra/../../src/core/lv_obj_class.h"
  66              		.file 19 "Drivers/lvgl/lvgl/src/extra/../../src/core/lv_event.h"
  67              		.file 20 "Drivers/lvgl/lvgl/src/extra/../../src/widgets/lv_arc.h"
  68              		.file 21 "Drivers/lvgl/lvgl/src/extra/../../src/widgets/lv_btn.h"
  69              		.file 22 "Drivers/lvgl/lvgl/src/extra/../../src/widgets/lv_img.h"
  70              		.file 23 "Drivers/lvgl/lvgl/src/extra/../../src/widgets/lv_label.h"
  71              		.file 24 "Drivers/lvgl/lvgl/src/extra/../../src/widgets/lv_line.h"
  72              		.file 25 "Drivers/lvgl/lvgl/src/extra/../../src/widgets/lv_table.h"
  73              		.file 26 "Drivers/lvgl/lvgl/src/extra/../../src/widgets/lv_checkbox.h"
  74              		.file 27 "Drivers/lvgl/lvgl/src/extra/../../src/widgets/lv_bar.h"
  75              		.file 28 "Drivers/lvgl/lvgl/src/extra/../../src/widgets/lv_slider.h"
  76              		.file 29 "Drivers/lvgl/lvgl/src/extra/../../src/widgets/lv_btnmatrix.h"
  77              		.file 30 "Drivers/lvgl/lvgl/src/extra/../../src/widgets/lv_dropdown.h"
  78              		.file 31 "Drivers/lvgl/lvgl/src/extra/../../src/widgets/lv_roller.h"
  79              		.file 32 "Drivers/lvgl/lvgl/src/extra/../../src/widgets/lv_textarea.h"
  80              		.file 33 "Drivers/lvgl/lvgl/src/extra/../../src/widgets/lv_canvas.h"
  81              		.file 34 "Drivers/lvgl/lvgl/src/extra/../../src/widgets/lv_switch.h"
  82              		.file 35 "Drivers/lvgl/lvgl/src/extra/../../src/extra/layouts/flex/lv_flex.h"
  83              		.file 36 "Drivers/lvgl/lvgl/src/extra/../../src/extra/layouts/grid/lv_grid.h"
  84              		.file 37 "Drivers/lvgl/lvgl/src/extra/../../src/extra/widgets/animimg/lv_animimg.h"
ARM GAS  /tmp/ccxGA98P.s 			page 4


  85              		.file 38 "Drivers/lvgl/lvgl/src/extra/../../src/extra/widgets/calendar/lv_calendar.h"
  86              		.file 39 "Drivers/lvgl/lvgl/src/extra/../../src/extra/widgets/calendar/lv_calendar_header_arrow.h"
  87              		.file 40 "Drivers/lvgl/lvgl/src/extra/../../src/extra/widgets/calendar/lv_calendar_header_dropdown
  88              		.file 41 "Drivers/lvgl/lvgl/src/extra/../../src/extra/widgets/chart/lv_chart.h"
  89              		.file 42 "Drivers/lvgl/lvgl/src/extra/../../src/extra/widgets/keyboard/lv_keyboard.h"
  90              		.file 43 "Drivers/lvgl/lvgl/src/extra/../../src/extra/widgets/list/lv_list.h"
  91              		.file 44 "Drivers/lvgl/lvgl/src/extra/../../src/extra/widgets/menu/lv_menu.h"
  92              		.file 45 "Drivers/lvgl/lvgl/src/extra/../../src/extra/widgets/msgbox/lv_msgbox.h"
  93              		.file 46 "Drivers/lvgl/lvgl/src/extra/../../src/extra/widgets/meter/lv_meter.h"
  94              		.file 47 "Drivers/lvgl/lvgl/src/extra/../../src/extra/widgets/spinbox/lv_spinbox.h"
  95              		.file 48 "Drivers/lvgl/lvgl/src/extra/../../src/extra/widgets/spinner/lv_spinner.h"
  96              		.file 49 "Drivers/lvgl/lvgl/src/extra/../../src/extra/widgets/tabview/lv_tabview.h"
  97              		.file 50 "Drivers/lvgl/lvgl/src/extra/../../src/extra/widgets/tileview/lv_tileview.h"
  98              		.file 51 "Drivers/lvgl/lvgl/src/extra/../../src/extra/widgets/win/lv_win.h"
  99              		.file 52 "Drivers/lvgl/lvgl/src/extra/../../src/extra/widgets/colorwheel/lv_colorwheel.h"
 100              		.file 53 "Drivers/lvgl/lvgl/src/extra/../../src/extra/widgets/led/lv_led.h"
 101              		.file 54 "Drivers/lvgl/lvgl/src/extra/../../src/extra/widgets/imgbtn/lv_imgbtn.h"
 102              		.file 55 "Drivers/lvgl/lvgl/src/extra/../../src/extra/widgets/span/lv_span.h"
ARM GAS  /tmp/ccxGA98P.s 			page 5


DEFINED SYMBOLS
                            *ABS*:0000000000000000 lv_extra.c
     /tmp/ccxGA98P.s:17     .text.lv_extra_init:0000000000000000 $t
     /tmp/ccxGA98P.s:24     .text.lv_extra_init:0000000000000000 lv_extra_init

UNDEFINED SYMBOLS
lv_flex_init
lv_grid_init
