ARM GAS  /tmp/ccb7xGEU.s 			page 1


   1              		.cpu cortex-m7
   2              		.eabi_attribute 28, 1
   3              		.eabi_attribute 20, 1
   4              		.eabi_attribute 21, 1
   5              		.eabi_attribute 23, 3
   6              		.eabi_attribute 24, 1
   7              		.eabi_attribute 25, 1
   8              		.eabi_attribute 26, 1
   9              		.eabi_attribute 30, 1
  10              		.eabi_attribute 34, 1
  11              		.eabi_attribute 18, 4
  12              		.file	"lv_font_montserrat_12_subpx.c"
  13              		.text
  14              	.Ltext0:
  15              		.cfi_sections	.debug_frame
  16              	.Letext0:
  17              		.file 1 "/opt/gcc-arm-none-eabi-7-2017-q4-major/arm-none-eabi/include/machine/_default_types.h"
  18              		.file 2 "/opt/gcc-arm-none-eabi-7-2017-q4-major/arm-none-eabi/include/sys/_stdint.h"
  19              		.file 3 "/opt/gcc-arm-none-eabi-7-2017-q4-major/arm-none-eabi/include/sys/lock.h"
  20              		.file 4 "/opt/gcc-arm-none-eabi-7-2017-q4-major/arm-none-eabi/include/sys/_types.h"
  21              		.file 5 "/opt/gcc-arm-none-eabi-7-2017-q4-major/lib/gcc/arm-none-eabi/7.2.1/include/stddef.h"
  22              		.file 6 "/opt/gcc-arm-none-eabi-7-2017-q4-major/arm-none-eabi/include/sys/reent.h"
  23              		.file 7 "Drivers/lvgl/lvgl/src/font/../../src/hal/../draw/../misc/../font/../misc/lv_area.h"
  24              		.file 8 "Drivers/lvgl/lvgl/src/font/../../src/hal/../draw/../misc/../font/lv_font.h"
  25              		.file 9 "Drivers/lvgl/lvgl/src/font/../../src/hal/../draw/../misc/lv_color.h"
  26              		.file 10 "Drivers/lvgl/lvgl/src/font/../../src/hal/../draw/../misc/lv_txt.h"
  27              		.file 11 "Drivers/lvgl/lvgl/src/font/../../src/hal/../draw/../misc/lv_style.h"
  28              		.file 12 "Drivers/lvgl/lvgl/src/font/../../src/core/lv_obj.h"
  29              		.file 13 "Drivers/lvgl/lvgl/src/font/../../src/hal/../misc/lv_ll.h"
  30              		.file 14 "Drivers/lvgl/lvgl/src/font/../../src/core/lv_group.h"
  31              		.file 15 "Drivers/lvgl/lvgl/src/font/../../src/core/lv_obj_scroll.h"
  32              		.file 16 "Drivers/lvgl/lvgl/src/font/../../src/core/lv_obj_style.h"
  33              		.file 17 "Drivers/lvgl/lvgl/src/font/../../src/core/lv_obj_class.h"
  34              		.file 18 "Drivers/lvgl/lvgl/src/font/../../src/core/lv_event.h"
  35              		.file 19 "Drivers/lvgl/lvgl/src/font/../../src/widgets/lv_arc.h"
  36              		.file 20 "Drivers/lvgl/lvgl/src/font/../../src/widgets/lv_btn.h"
  37              		.file 21 "Drivers/lvgl/lvgl/src/font/../../src/widgets/lv_img.h"
  38              		.file 22 "Drivers/lvgl/lvgl/src/font/../../src/widgets/lv_label.h"
  39              		.file 23 "Drivers/lvgl/lvgl/src/font/../../src/widgets/lv_line.h"
  40              		.file 24 "Drivers/lvgl/lvgl/src/font/../../src/widgets/lv_table.h"
  41              		.file 25 "Drivers/lvgl/lvgl/src/font/../../src/widgets/lv_checkbox.h"
  42              		.file 26 "Drivers/lvgl/lvgl/src/font/../../src/widgets/lv_bar.h"
  43              		.file 27 "Drivers/lvgl/lvgl/src/font/../../src/widgets/lv_slider.h"
  44              		.file 28 "Drivers/lvgl/lvgl/src/font/../../src/widgets/lv_btnmatrix.h"
  45              		.file 29 "Drivers/lvgl/lvgl/src/font/../../src/widgets/lv_dropdown.h"
  46              		.file 30 "Drivers/lvgl/lvgl/src/font/../../src/widgets/lv_roller.h"
  47              		.file 31 "Drivers/lvgl/lvgl/src/font/../../src/widgets/lv_textarea.h"
  48              		.file 32 "Drivers/lvgl/lvgl/src/font/../../src/widgets/lv_canvas.h"
  49              		.file 33 "Drivers/lvgl/lvgl/src/font/../../src/widgets/lv_switch.h"
  50              		.file 34 "Drivers/lvgl/lvgl/src/font/../../src/extra/layouts/flex/lv_flex.h"
  51              		.file 35 "Drivers/lvgl/lvgl/src/font/../../src/extra/layouts/grid/lv_grid.h"
  52              		.file 36 "Drivers/lvgl/lvgl/src/font/../../src/extra/widgets/animimg/lv_animimg.h"
  53              		.file 37 "Drivers/lvgl/lvgl/src/font/../../src/extra/widgets/calendar/lv_calendar.h"
  54              		.file 38 "Drivers/lvgl/lvgl/src/font/../../src/extra/widgets/calendar/lv_calendar_header_arrow.h"
  55              		.file 39 "Drivers/lvgl/lvgl/src/font/../../src/extra/widgets/calendar/lv_calendar_header_dropdown.
  56              		.file 40 "Drivers/lvgl/lvgl/src/font/../../src/extra/widgets/chart/lv_chart.h"
  57              		.file 41 "Drivers/lvgl/lvgl/src/font/../../src/extra/widgets/keyboard/lv_keyboard.h"
ARM GAS  /tmp/ccb7xGEU.s 			page 2


  58              		.file 42 "Drivers/lvgl/lvgl/src/font/../../src/extra/widgets/list/lv_list.h"
  59              		.file 43 "Drivers/lvgl/lvgl/src/font/../../src/extra/widgets/menu/lv_menu.h"
  60              		.file 44 "Drivers/lvgl/lvgl/src/font/../../src/extra/widgets/msgbox/lv_msgbox.h"
  61              		.file 45 "Drivers/lvgl/lvgl/src/font/../../src/extra/widgets/meter/lv_meter.h"
  62              		.file 46 "Drivers/lvgl/lvgl/src/font/../../src/extra/widgets/spinbox/lv_spinbox.h"
  63              		.file 47 "Drivers/lvgl/lvgl/src/font/../../src/extra/widgets/spinner/lv_spinner.h"
  64              		.file 48 "Drivers/lvgl/lvgl/src/font/../../src/extra/widgets/tabview/lv_tabview.h"
  65              		.file 49 "Drivers/lvgl/lvgl/src/font/../../src/extra/widgets/tileview/lv_tileview.h"
  66              		.file 50 "Drivers/lvgl/lvgl/src/font/../../src/extra/widgets/win/lv_win.h"
  67              		.file 51 "Drivers/lvgl/lvgl/src/font/../../src/extra/widgets/colorwheel/lv_colorwheel.h"
  68              		.file 52 "Drivers/lvgl/lvgl/src/font/../../src/extra/widgets/led/lv_led.h"
  69              		.file 53 "Drivers/lvgl/lvgl/src/font/../../src/extra/widgets/imgbtn/lv_imgbtn.h"
  70              		.file 54 "Drivers/lvgl/lvgl/src/font/../../src/extra/widgets/span/lv_span.h"
ARM GAS  /tmp/ccb7xGEU.s 			page 3


DEFINED SYMBOLS
                            *ABS*:0000000000000000 lv_font_montserrat_12_subpx.c

NO UNDEFINED SYMBOLS
