ARM GAS  /tmp/ccawHpmy.s 			page 1


   1              		.cpu cortex-m7
   2              		.eabi_attribute 28, 1
   3              		.eabi_attribute 20, 1
   4              		.eabi_attribute 21, 1
   5              		.eabi_attribute 23, 3
   6              		.eabi_attribute 24, 1
   7              		.eabi_attribute 25, 1
   8              		.eabi_attribute 26, 1
   9              		.eabi_attribute 30, 1
  10              		.eabi_attribute 34, 1
  11              		.eabi_attribute 18, 4
  12              		.file	"lv_gpu_stm32_dma2d.c"
  13              		.text
  14              	.Ltext0:
  15              		.cfi_sections	.debug_frame
  16              	.Letext0:
  17              		.file 1 "/opt/gcc-arm-none-eabi-7-2017-q4-major/arm-none-eabi/include/machine/_default_types.h"
  18              		.file 2 "/opt/gcc-arm-none-eabi-7-2017-q4-major/arm-none-eabi/include/sys/_stdint.h"
  19              		.file 3 "/opt/gcc-arm-none-eabi-7-2017-q4-major/arm-none-eabi/include/sys/lock.h"
  20              		.file 4 "/opt/gcc-arm-none-eabi-7-2017-q4-major/arm-none-eabi/include/sys/_types.h"
  21              		.file 5 "/opt/gcc-arm-none-eabi-7-2017-q4-major/lib/gcc/arm-none-eabi/7.2.1/include/stddef.h"
  22              		.file 6 "/opt/gcc-arm-none-eabi-7-2017-q4-major/arm-none-eabi/include/sys/reent.h"
  23              		.file 7 "Drivers/lvgl/lvgl/src/draw/stm32_dma2d/../../misc/lv_color.h"
  24              		.file 8 "Drivers/lvgl/lvgl/src/draw/stm32_dma2d/../../hal/../misc/lv_area.h"
  25              		.file 9 "Drivers/lvgl/lvgl/src/draw/stm32_dma2d/../../core/lv_obj.h"
  26              		.file 10 "Drivers/lvgl/lvgl/src/draw/stm32_dma2d/../../core/lv_group.h"
  27              		.file 11 "Drivers/lvgl/lvgl/src/draw/stm32_dma2d/../../hal/../draw/../misc/../font/lv_font.h"
  28              		.file 12 "Drivers/lvgl/lvgl/src/draw/stm32_dma2d/../../hal/../draw/../misc/lv_txt.h"
  29              		.file 13 "Drivers/lvgl/lvgl/src/draw/stm32_dma2d/../../hal/../draw/../misc/lv_style.h"
  30              		.file 14 "Drivers/lvgl/lvgl/src/draw/stm32_dma2d/../../hal/../misc/lv_ll.h"
  31              		.file 15 "Drivers/lvgl/lvgl/src/draw/stm32_dma2d/../../core/lv_obj_scroll.h"
  32              		.file 16 "Drivers/lvgl/lvgl/src/draw/stm32_dma2d/../../core/lv_obj_style.h"
  33              		.file 17 "Drivers/lvgl/lvgl/src/draw/stm32_dma2d/../../core/lv_obj_class.h"
  34              		.file 18 "Drivers/lvgl/lvgl/src/draw/stm32_dma2d/../../core/lv_event.h"
ARM GAS  /tmp/ccawHpmy.s 			page 2


DEFINED SYMBOLS
                            *ABS*:0000000000000000 lv_gpu_stm32_dma2d.c

NO UNDEFINED SYMBOLS
