ARM GAS  /tmp/cceUHEAu.s 			page 1


   1              		.cpu cortex-m7
   2              		.eabi_attribute 28, 1
   3              		.eabi_attribute 20, 1
   4              		.eabi_attribute 21, 1
   5              		.eabi_attribute 23, 3
   6              		.eabi_attribute 24, 1
   7              		.eabi_attribute 25, 1
   8              		.eabi_attribute 26, 1
   9              		.eabi_attribute 30, 1
  10              		.eabi_attribute 34, 1
  11              		.eabi_attribute 18, 4
  12              		.file	"lv_gc.c"
  13              		.text
  14              	.Ltext0:
  15              		.cfi_sections	.debug_frame
  16              		.section	.text._lv_gc_clear_roots,"ax",%progbits
  17              		.align	1
  18              		.global	_lv_gc_clear_roots
  19              		.syntax unified
  20              		.thumb
  21              		.thumb_func
  22              		.fpu fpv5-d16
  24              	_lv_gc_clear_roots:
  25              	.LFB24:
  26              		.file 1 "Drivers/lvgl/lvgl/src/misc/lv_gc.c"
   1:Drivers/lvgl/lvgl/src/misc/lv_gc.c **** /**
   2:Drivers/lvgl/lvgl/src/misc/lv_gc.c ****  * @file lv_gc.c
   3:Drivers/lvgl/lvgl/src/misc/lv_gc.c ****  *
   4:Drivers/lvgl/lvgl/src/misc/lv_gc.c ****  */
   5:Drivers/lvgl/lvgl/src/misc/lv_gc.c **** 
   6:Drivers/lvgl/lvgl/src/misc/lv_gc.c **** /*********************
   7:Drivers/lvgl/lvgl/src/misc/lv_gc.c ****  *      INCLUDES
   8:Drivers/lvgl/lvgl/src/misc/lv_gc.c ****  *********************/
   9:Drivers/lvgl/lvgl/src/misc/lv_gc.c **** #include "lv_gc.h"
  10:Drivers/lvgl/lvgl/src/misc/lv_gc.c **** 
  11:Drivers/lvgl/lvgl/src/misc/lv_gc.c **** /*********************
  12:Drivers/lvgl/lvgl/src/misc/lv_gc.c ****  *      DEFINES
  13:Drivers/lvgl/lvgl/src/misc/lv_gc.c ****  *********************/
  14:Drivers/lvgl/lvgl/src/misc/lv_gc.c **** 
  15:Drivers/lvgl/lvgl/src/misc/lv_gc.c **** /**********************
  16:Drivers/lvgl/lvgl/src/misc/lv_gc.c ****  *      TYPEDEFS
  17:Drivers/lvgl/lvgl/src/misc/lv_gc.c ****  **********************/
  18:Drivers/lvgl/lvgl/src/misc/lv_gc.c **** 
  19:Drivers/lvgl/lvgl/src/misc/lv_gc.c **** /**********************
  20:Drivers/lvgl/lvgl/src/misc/lv_gc.c ****  *  STATIC PROTOTYPES
  21:Drivers/lvgl/lvgl/src/misc/lv_gc.c ****  **********************/
  22:Drivers/lvgl/lvgl/src/misc/lv_gc.c **** 
  23:Drivers/lvgl/lvgl/src/misc/lv_gc.c **** /**********************
  24:Drivers/lvgl/lvgl/src/misc/lv_gc.c ****  *  STATIC VARIABLES
  25:Drivers/lvgl/lvgl/src/misc/lv_gc.c ****  **********************/
  26:Drivers/lvgl/lvgl/src/misc/lv_gc.c **** 
  27:Drivers/lvgl/lvgl/src/misc/lv_gc.c **** #if(!defined(LV_ENABLE_GC)) || LV_ENABLE_GC == 0
  28:Drivers/lvgl/lvgl/src/misc/lv_gc.c ****     LV_ROOTS
  29:Drivers/lvgl/lvgl/src/misc/lv_gc.c **** #endif /*LV_ENABLE_GC*/
  30:Drivers/lvgl/lvgl/src/misc/lv_gc.c **** 
  31:Drivers/lvgl/lvgl/src/misc/lv_gc.c **** /**********************
  32:Drivers/lvgl/lvgl/src/misc/lv_gc.c ****  *      MACROS
ARM GAS  /tmp/cceUHEAu.s 			page 2


  33:Drivers/lvgl/lvgl/src/misc/lv_gc.c ****  **********************/
  34:Drivers/lvgl/lvgl/src/misc/lv_gc.c **** 
  35:Drivers/lvgl/lvgl/src/misc/lv_gc.c **** /**********************
  36:Drivers/lvgl/lvgl/src/misc/lv_gc.c ****  *   GLOBAL FUNCTIONS
  37:Drivers/lvgl/lvgl/src/misc/lv_gc.c ****  **********************/
  38:Drivers/lvgl/lvgl/src/misc/lv_gc.c **** 
  39:Drivers/lvgl/lvgl/src/misc/lv_gc.c **** void _lv_gc_clear_roots(void)
  40:Drivers/lvgl/lvgl/src/misc/lv_gc.c **** {
  27              		.loc 1 40 0
  28              		.cfi_startproc
  29              		@ args = 0, pretend = 0, frame = 0
  30              		@ frame_needed = 0, uses_anonymous_args = 0
  31 0000 08B5     		push	{r3, lr}
  32              	.LCFI0:
  33              		.cfi_def_cfa_offset 8
  34              		.cfi_offset 3, -8
  35              		.cfi_offset 14, -4
  41:Drivers/lvgl/lvgl/src/misc/lv_gc.c **** #define LV_CLEAR_ROOT(root_type, root_name) lv_memset_00(&LV_GC_ROOT(root_name), sizeof(LV_GC_ROOT(
  42:Drivers/lvgl/lvgl/src/misc/lv_gc.c ****     LV_ITERATE_ROOTS(LV_CLEAR_ROOT)
  36              		.loc 1 42 0
  37 0002 0C21     		movs	r1, #12
  38 0004 2348     		ldr	r0, .L3
  39 0006 FFF7FEFF 		bl	lv_memset_00
  40              	.LVL0:
  41 000a 0C21     		movs	r1, #12
  42 000c 2248     		ldr	r0, .L3+4
  43 000e FFF7FEFF 		bl	lv_memset_00
  44              	.LVL1:
  45 0012 0C21     		movs	r1, #12
  46 0014 2148     		ldr	r0, .L3+8
  47 0016 FFF7FEFF 		bl	lv_memset_00
  48              	.LVL2:
  49 001a 0C21     		movs	r1, #12
  50 001c 2048     		ldr	r0, .L3+12
  51 001e FFF7FEFF 		bl	lv_memset_00
  52              	.LVL3:
  53 0022 0C21     		movs	r1, #12
  54 0024 1F48     		ldr	r0, .L3+16
  55 0026 FFF7FEFF 		bl	lv_memset_00
  56              	.LVL4:
  57 002a 0C21     		movs	r1, #12
  58 002c 1E48     		ldr	r0, .L3+20
  59 002e FFF7FEFF 		bl	lv_memset_00
  60              	.LVL5:
  61 0032 0C21     		movs	r1, #12
  62 0034 1D48     		ldr	r0, .L3+24
  63 0036 FFF7FEFF 		bl	lv_memset_00
  64              	.LVL6:
  65 003a 0C21     		movs	r1, #12
  66 003c 1C48     		ldr	r0, .L3+28
  67 003e FFF7FEFF 		bl	lv_memset_00
  68              	.LVL7:
  69 0042 0421     		movs	r1, #4
  70 0044 1B48     		ldr	r0, .L3+32
  71 0046 FFF7FEFF 		bl	lv_memset_00
  72              	.LVL8:
  73 004a 2C21     		movs	r1, #44
ARM GAS  /tmp/cceUHEAu.s 			page 3


  74 004c 1A48     		ldr	r0, .L3+36
  75 004e FFF7FEFF 		bl	lv_memset_00
  76              	.LVL9:
  77 0052 0421     		movs	r1, #4
  78 0054 1948     		ldr	r0, .L3+40
  79 0056 FFF7FEFF 		bl	lv_memset_00
  80              	.LVL10:
  81 005a 8021     		movs	r1, #128
  82 005c 1848     		ldr	r0, .L3+44
  83 005e FFF7FEFF 		bl	lv_memset_00
  84              	.LVL11:
  85 0062 7021     		movs	r1, #112
  86 0064 1748     		ldr	r0, .L3+48
  87 0066 FFF7FEFF 		bl	lv_memset_00
  88              	.LVL12:
  89 006a 8021     		movs	r1, #128
  90 006c 1648     		ldr	r0, .L3+52
  91 006e FFF7FEFF 		bl	lv_memset_00
  92              	.LVL13:
  93 0072 0421     		movs	r1, #4
  94 0074 1548     		ldr	r0, .L3+56
  95 0076 FFF7FEFF 		bl	lv_memset_00
  96              	.LVL14:
  97 007a 0421     		movs	r1, #4
  98 007c 1448     		ldr	r0, .L3+60
  99 007e FFF7FEFF 		bl	lv_memset_00
 100              	.LVL15:
 101 0082 0421     		movs	r1, #4
 102 0084 1348     		ldr	r0, .L3+64
 103 0086 FFF7FEFF 		bl	lv_memset_00
 104              	.LVL16:
 105 008a 0421     		movs	r1, #4
 106 008c 1248     		ldr	r0, .L3+68
 107 008e FFF7FEFF 		bl	lv_memset_00
 108              	.LVL17:
  43:Drivers/lvgl/lvgl/src/misc/lv_gc.c **** }
 109              		.loc 1 43 0
 110 0092 08BD     		pop	{r3, pc}
 111              	.L4:
 112              		.align	2
 113              	.L3:
 114 0094 00000000 		.word	_lv_timer_ll
 115 0098 00000000 		.word	_lv_disp_ll
 116 009c 00000000 		.word	_lv_indev_ll
 117 00a0 00000000 		.word	_lv_fsdrv_ll
 118 00a4 00000000 		.word	_lv_anim_ll
 119 00a8 00000000 		.word	_lv_group_ll
 120 00ac 00000000 		.word	_lv_img_decoder_ll
 121 00b0 00000000 		.word	_lv_obj_style_trans_ll
 122 00b4 00000000 		.word	_lv_layout_list
 123 00b8 00000000 		.word	_lv_img_cache_single
 124 00bc 00000000 		.word	_lv_timer_act
 125 00c0 00000000 		.word	lv_mem_buf
 126 00c4 00000000 		.word	_lv_circle_cache
 127 00c8 00000000 		.word	_lv_draw_mask_list
 128 00cc 00000000 		.word	_lv_theme_default_styles
 129 00d0 00000000 		.word	_lv_theme_basic_styles
ARM GAS  /tmp/cceUHEAu.s 			page 4


 130 00d4 00000000 		.word	_lv_grad_cache_mem
 131 00d8 00000000 		.word	_lv_style_custom_prop_flag_lookup_table
 132              		.cfi_endproc
 133              	.LFE24:
 135              		.comm	_lv_style_custom_prop_flag_lookup_table,4,4
 136              		.comm	_lv_grad_cache_mem,4,4
 137              		.comm	_lv_theme_basic_styles,4,4
 138              		.comm	_lv_theme_default_styles,4,4
 139              		.comm	_lv_draw_mask_list,128,4
 140              		.comm	_lv_circle_cache,112,4
 141              		.comm	lv_mem_buf,128,4
 142              		.comm	_lv_timer_act,4,4
 143              		.comm	_lv_img_cache_single,44,4
 144              		.comm	_lv_layout_list,4,4
 145              		.comm	_lv_obj_style_trans_ll,12,4
 146              		.comm	_lv_img_decoder_ll,12,4
 147              		.comm	_lv_group_ll,12,4
 148              		.comm	_lv_anim_ll,12,4
 149              		.comm	_lv_fsdrv_ll,12,4
 150              		.comm	_lv_indev_ll,12,4
 151              		.comm	_lv_disp_ll,12,4
 152              		.comm	_lv_timer_ll,12,4
 153              		.text
 154              	.Letext0:
 155              		.file 2 "/opt/gcc-arm-none-eabi-7-2017-q4-major/arm-none-eabi/include/machine/_default_types.h"
 156              		.file 3 "/opt/gcc-arm-none-eabi-7-2017-q4-major/arm-none-eabi/include/sys/_stdint.h"
 157              		.file 4 "/opt/gcc-arm-none-eabi-7-2017-q4-major/arm-none-eabi/include/sys/lock.h"
 158              		.file 5 "/opt/gcc-arm-none-eabi-7-2017-q4-major/arm-none-eabi/include/sys/_types.h"
 159              		.file 6 "/opt/gcc-arm-none-eabi-7-2017-q4-major/lib/gcc/arm-none-eabi/7.2.1/include/stddef.h"
 160              		.file 7 "/opt/gcc-arm-none-eabi-7-2017-q4-major/arm-none-eabi/include/sys/reent.h"
 161              		.file 8 "Drivers/lvgl/lvgl/src/misc/lv_types.h"
 162              		.file 9 "Drivers/lvgl/lvgl/src/misc/lv_mem.h"
 163              		.file 10 "Drivers/lvgl/lvgl/src/misc/lv_ll.h"
 164              		.file 11 "Drivers/lvgl/lvgl/src/misc/lv_timer.h"
 165              		.file 12 "Drivers/lvgl/lvgl/src/misc/../draw/../misc/lv_color.h"
 166              		.file 13 "Drivers/lvgl/lvgl/src/misc/../draw/../misc/lv_area.h"
 167              		.file 14 "Drivers/lvgl/lvgl/src/misc/../draw/lv_img_buf.h"
 168              		.file 15 "Drivers/lvgl/lvgl/src/misc/../draw/lv_img_decoder.h"
 169              		.file 16 "Drivers/lvgl/lvgl/src/misc/../draw/lv_img_cache.h"
 170              		.file 17 "Drivers/lvgl/lvgl/src/misc/../draw/lv_draw_mask.h"
 171              		.file 18 "Drivers/lvgl/lvgl/src/misc/../core/lv_obj_pos.h"
 172              		.file 19 "Drivers/lvgl/lvgl/src/misc/lv_gc.h"
ARM GAS  /tmp/cceUHEAu.s 			page 5


DEFINED SYMBOLS
                            *ABS*:0000000000000000 lv_gc.c
     /tmp/cceUHEAu.s:17     .text._lv_gc_clear_roots:0000000000000000 $t
     /tmp/cceUHEAu.s:24     .text._lv_gc_clear_roots:0000000000000000 _lv_gc_clear_roots
     /tmp/cceUHEAu.s:114    .text._lv_gc_clear_roots:0000000000000094 $d
                            *COM*:000000000000000c _lv_timer_ll
                            *COM*:000000000000000c _lv_disp_ll
                            *COM*:000000000000000c _lv_indev_ll
                            *COM*:000000000000000c _lv_fsdrv_ll
                            *COM*:000000000000000c _lv_anim_ll
                            *COM*:000000000000000c _lv_group_ll
                            *COM*:000000000000000c _lv_img_decoder_ll
                            *COM*:000000000000000c _lv_obj_style_trans_ll
                            *COM*:0000000000000004 _lv_layout_list
                            *COM*:000000000000002c _lv_img_cache_single
                            *COM*:0000000000000004 _lv_timer_act
                            *COM*:0000000000000080 lv_mem_buf
                            *COM*:0000000000000070 _lv_circle_cache
                            *COM*:0000000000000080 _lv_draw_mask_list
                            *COM*:0000000000000004 _lv_theme_default_styles
                            *COM*:0000000000000004 _lv_theme_basic_styles
                            *COM*:0000000000000004 _lv_grad_cache_mem
                            *COM*:0000000000000004 _lv_style_custom_prop_flag_lookup_table

UNDEFINED SYMBOLS
lv_memset_00
