ARM GAS  /tmp/cc9oYMLA.s 			page 1


   1              		.cpu cortex-m7
   2              		.eabi_attribute 28, 1
   3              		.eabi_attribute 20, 1
   4              		.eabi_attribute 21, 1
   5              		.eabi_attribute 23, 3
   6              		.eabi_attribute 24, 1
   7              		.eabi_attribute 25, 1
   8              		.eabi_attribute 26, 1
   9              		.eabi_attribute 30, 1
  10              		.eabi_attribute 34, 1
  11              		.eabi_attribute 18, 4
  12              		.file	"lv_hal_tick.c"
  13              		.text
  14              	.Ltext0:
  15              		.cfi_sections	.debug_frame
  16              		.section	.text.lv_tick_inc,"ax",%progbits
  17              		.align	1
  18              		.global	lv_tick_inc
  19              		.syntax unified
  20              		.thumb
  21              		.thumb_func
  22              		.fpu fpv5-d16
  24              	lv_tick_inc:
  25              	.LFB0:
  26              		.file 1 "Drivers/lvgl/lvgl/src/hal/lv_hal_tick.c"
   1:Drivers/lvgl/lvgl/src/hal/lv_hal_tick.c **** /**
   2:Drivers/lvgl/lvgl/src/hal/lv_hal_tick.c ****  * @file lv_hal_tick.c
   3:Drivers/lvgl/lvgl/src/hal/lv_hal_tick.c ****  * Provide access to the system tick with 1 millisecond resolution
   4:Drivers/lvgl/lvgl/src/hal/lv_hal_tick.c ****  */
   5:Drivers/lvgl/lvgl/src/hal/lv_hal_tick.c **** 
   6:Drivers/lvgl/lvgl/src/hal/lv_hal_tick.c **** /*********************
   7:Drivers/lvgl/lvgl/src/hal/lv_hal_tick.c ****  *      INCLUDES
   8:Drivers/lvgl/lvgl/src/hal/lv_hal_tick.c ****  *********************/
   9:Drivers/lvgl/lvgl/src/hal/lv_hal_tick.c **** #include "lv_hal_tick.h"
  10:Drivers/lvgl/lvgl/src/hal/lv_hal_tick.c **** #include <stddef.h>
  11:Drivers/lvgl/lvgl/src/hal/lv_hal_tick.c **** 
  12:Drivers/lvgl/lvgl/src/hal/lv_hal_tick.c **** #if LV_TICK_CUSTOM == 1
  13:Drivers/lvgl/lvgl/src/hal/lv_hal_tick.c ****     #include LV_TICK_CUSTOM_INCLUDE
  14:Drivers/lvgl/lvgl/src/hal/lv_hal_tick.c **** #endif
  15:Drivers/lvgl/lvgl/src/hal/lv_hal_tick.c **** 
  16:Drivers/lvgl/lvgl/src/hal/lv_hal_tick.c **** /*********************
  17:Drivers/lvgl/lvgl/src/hal/lv_hal_tick.c ****  *      DEFINES
  18:Drivers/lvgl/lvgl/src/hal/lv_hal_tick.c ****  *********************/
  19:Drivers/lvgl/lvgl/src/hal/lv_hal_tick.c **** 
  20:Drivers/lvgl/lvgl/src/hal/lv_hal_tick.c **** /**********************
  21:Drivers/lvgl/lvgl/src/hal/lv_hal_tick.c ****  *      TYPEDEFS
  22:Drivers/lvgl/lvgl/src/hal/lv_hal_tick.c ****  **********************/
  23:Drivers/lvgl/lvgl/src/hal/lv_hal_tick.c **** 
  24:Drivers/lvgl/lvgl/src/hal/lv_hal_tick.c **** /**********************
  25:Drivers/lvgl/lvgl/src/hal/lv_hal_tick.c ****  *  STATIC PROTOTYPES
  26:Drivers/lvgl/lvgl/src/hal/lv_hal_tick.c ****  **********************/
  27:Drivers/lvgl/lvgl/src/hal/lv_hal_tick.c **** 
  28:Drivers/lvgl/lvgl/src/hal/lv_hal_tick.c **** /**********************
  29:Drivers/lvgl/lvgl/src/hal/lv_hal_tick.c ****  *  STATIC VARIABLES
  30:Drivers/lvgl/lvgl/src/hal/lv_hal_tick.c ****  **********************/
  31:Drivers/lvgl/lvgl/src/hal/lv_hal_tick.c **** #if !LV_TICK_CUSTOM
  32:Drivers/lvgl/lvgl/src/hal/lv_hal_tick.c ****     static uint32_t sys_time = 0;
ARM GAS  /tmp/cc9oYMLA.s 			page 2


  33:Drivers/lvgl/lvgl/src/hal/lv_hal_tick.c ****     static volatile uint8_t tick_irq_flag;
  34:Drivers/lvgl/lvgl/src/hal/lv_hal_tick.c **** #endif
  35:Drivers/lvgl/lvgl/src/hal/lv_hal_tick.c **** 
  36:Drivers/lvgl/lvgl/src/hal/lv_hal_tick.c **** /**********************
  37:Drivers/lvgl/lvgl/src/hal/lv_hal_tick.c ****  *      MACROS
  38:Drivers/lvgl/lvgl/src/hal/lv_hal_tick.c ****  **********************/
  39:Drivers/lvgl/lvgl/src/hal/lv_hal_tick.c **** 
  40:Drivers/lvgl/lvgl/src/hal/lv_hal_tick.c **** /**********************
  41:Drivers/lvgl/lvgl/src/hal/lv_hal_tick.c ****  *   GLOBAL FUNCTIONS
  42:Drivers/lvgl/lvgl/src/hal/lv_hal_tick.c ****  **********************/
  43:Drivers/lvgl/lvgl/src/hal/lv_hal_tick.c **** 
  44:Drivers/lvgl/lvgl/src/hal/lv_hal_tick.c **** #if !LV_TICK_CUSTOM
  45:Drivers/lvgl/lvgl/src/hal/lv_hal_tick.c **** /**
  46:Drivers/lvgl/lvgl/src/hal/lv_hal_tick.c ****  * You have to call this function periodically
  47:Drivers/lvgl/lvgl/src/hal/lv_hal_tick.c ****  * @param tick_period the call period of this function in milliseconds
  48:Drivers/lvgl/lvgl/src/hal/lv_hal_tick.c ****  */
  49:Drivers/lvgl/lvgl/src/hal/lv_hal_tick.c **** LV_ATTRIBUTE_TICK_INC void lv_tick_inc(uint32_t tick_period)
  50:Drivers/lvgl/lvgl/src/hal/lv_hal_tick.c **** {
  27              		.loc 1 50 0
  28              		.cfi_startproc
  29              		@ args = 0, pretend = 0, frame = 0
  30              		@ frame_needed = 0, uses_anonymous_args = 0
  31              		@ link register save eliminated.
  32              	.LVL0:
  51:Drivers/lvgl/lvgl/src/hal/lv_hal_tick.c ****     tick_irq_flag = 0;
  33              		.loc 1 51 0
  34 0000 034B     		ldr	r3, .L2
  35 0002 0022     		movs	r2, #0
  36 0004 1A70     		strb	r2, [r3]
  52:Drivers/lvgl/lvgl/src/hal/lv_hal_tick.c ****     sys_time += tick_period;
  37              		.loc 1 52 0
  38 0006 034A     		ldr	r2, .L2+4
  39 0008 1368     		ldr	r3, [r2]
  40 000a 1844     		add	r0, r0, r3
  41              	.LVL1:
  42 000c 1060     		str	r0, [r2]
  53:Drivers/lvgl/lvgl/src/hal/lv_hal_tick.c **** }
  43              		.loc 1 53 0
  44 000e 7047     		bx	lr
  45              	.L3:
  46              		.align	2
  47              	.L2:
  48 0010 00000000 		.word	.LANCHOR0
  49 0014 00000000 		.word	.LANCHOR1
  50              		.cfi_endproc
  51              	.LFE0:
  53              		.section	.text.lv_tick_get,"ax",%progbits
  54              		.align	1
  55              		.global	lv_tick_get
  56              		.syntax unified
  57              		.thumb
  58              		.thumb_func
  59              		.fpu fpv5-d16
  61              	lv_tick_get:
  62              	.LFB1:
  54:Drivers/lvgl/lvgl/src/hal/lv_hal_tick.c **** #endif
  55:Drivers/lvgl/lvgl/src/hal/lv_hal_tick.c **** 
ARM GAS  /tmp/cc9oYMLA.s 			page 3


  56:Drivers/lvgl/lvgl/src/hal/lv_hal_tick.c **** /**
  57:Drivers/lvgl/lvgl/src/hal/lv_hal_tick.c ****  * Get the elapsed milliseconds since start up
  58:Drivers/lvgl/lvgl/src/hal/lv_hal_tick.c ****  * @return the elapsed milliseconds
  59:Drivers/lvgl/lvgl/src/hal/lv_hal_tick.c ****  */
  60:Drivers/lvgl/lvgl/src/hal/lv_hal_tick.c **** uint32_t lv_tick_get(void)
  61:Drivers/lvgl/lvgl/src/hal/lv_hal_tick.c **** {
  63              		.loc 1 61 0
  64              		.cfi_startproc
  65              		@ args = 0, pretend = 0, frame = 0
  66              		@ frame_needed = 0, uses_anonymous_args = 0
  67              		@ link register save eliminated.
  68              	.L5:
  62:Drivers/lvgl/lvgl/src/hal/lv_hal_tick.c **** #if LV_TICK_CUSTOM == 0
  63:Drivers/lvgl/lvgl/src/hal/lv_hal_tick.c **** 
  64:Drivers/lvgl/lvgl/src/hal/lv_hal_tick.c ****     /*If `lv_tick_inc` is called from an interrupt while `sys_time` is read
  65:Drivers/lvgl/lvgl/src/hal/lv_hal_tick.c ****      *the result might be corrupted.
  66:Drivers/lvgl/lvgl/src/hal/lv_hal_tick.c ****      *This loop detects if `lv_tick_inc` was called while reading `sys_time`.
  67:Drivers/lvgl/lvgl/src/hal/lv_hal_tick.c ****      *If `tick_irq_flag` was cleared in `lv_tick_inc` try to read again
  68:Drivers/lvgl/lvgl/src/hal/lv_hal_tick.c ****      *until `tick_irq_flag` remains `1`.*/
  69:Drivers/lvgl/lvgl/src/hal/lv_hal_tick.c ****     uint32_t result;
  70:Drivers/lvgl/lvgl/src/hal/lv_hal_tick.c ****     do {
  71:Drivers/lvgl/lvgl/src/hal/lv_hal_tick.c ****         tick_irq_flag = 1;
  69              		.loc 1 71 0 discriminator 1
  70 0000 044B     		ldr	r3, .L6
  71 0002 0122     		movs	r2, #1
  72 0004 1A70     		strb	r2, [r3]
  72:Drivers/lvgl/lvgl/src/hal/lv_hal_tick.c ****         result        = sys_time;
  73              		.loc 1 72 0 discriminator 1
  74 0006 044A     		ldr	r2, .L6+4
  75 0008 1068     		ldr	r0, [r2]
  76              	.LVL2:
  73:Drivers/lvgl/lvgl/src/hal/lv_hal_tick.c ****     } while(!tick_irq_flag); /*Continue until see a non interrupted cycle*/
  77              		.loc 1 73 0 discriminator 1
  78 000a 1B78     		ldrb	r3, [r3]	@ zero_extendqisi2
  79 000c 002B     		cmp	r3, #0
  80 000e F7D0     		beq	.L5
  74:Drivers/lvgl/lvgl/src/hal/lv_hal_tick.c **** 
  75:Drivers/lvgl/lvgl/src/hal/lv_hal_tick.c ****     return result;
  76:Drivers/lvgl/lvgl/src/hal/lv_hal_tick.c **** #else
  77:Drivers/lvgl/lvgl/src/hal/lv_hal_tick.c ****     return LV_TICK_CUSTOM_SYS_TIME_EXPR;
  78:Drivers/lvgl/lvgl/src/hal/lv_hal_tick.c **** #endif
  79:Drivers/lvgl/lvgl/src/hal/lv_hal_tick.c **** }
  81              		.loc 1 79 0
  82 0010 7047     		bx	lr
  83              	.L7:
  84 0012 00BF     		.align	2
  85              	.L6:
  86 0014 00000000 		.word	.LANCHOR0
  87 0018 00000000 		.word	.LANCHOR1
  88              		.cfi_endproc
  89              	.LFE1:
  91              		.section	.text.lv_tick_elaps,"ax",%progbits
  92              		.align	1
  93              		.global	lv_tick_elaps
  94              		.syntax unified
  95              		.thumb
  96              		.thumb_func
ARM GAS  /tmp/cc9oYMLA.s 			page 4


  97              		.fpu fpv5-d16
  99              	lv_tick_elaps:
 100              	.LFB2:
  80:Drivers/lvgl/lvgl/src/hal/lv_hal_tick.c **** 
  81:Drivers/lvgl/lvgl/src/hal/lv_hal_tick.c **** /**
  82:Drivers/lvgl/lvgl/src/hal/lv_hal_tick.c ****  * Get the elapsed milliseconds since a previous time stamp
  83:Drivers/lvgl/lvgl/src/hal/lv_hal_tick.c ****  * @param prev_tick a previous time stamp (return value of lv_tick_get() )
  84:Drivers/lvgl/lvgl/src/hal/lv_hal_tick.c ****  * @return the elapsed milliseconds since 'prev_tick'
  85:Drivers/lvgl/lvgl/src/hal/lv_hal_tick.c ****  */
  86:Drivers/lvgl/lvgl/src/hal/lv_hal_tick.c **** uint32_t lv_tick_elaps(uint32_t prev_tick)
  87:Drivers/lvgl/lvgl/src/hal/lv_hal_tick.c **** {
 101              		.loc 1 87 0
 102              		.cfi_startproc
 103              		@ args = 0, pretend = 0, frame = 0
 104              		@ frame_needed = 0, uses_anonymous_args = 0
 105              	.LVL3:
 106 0000 10B5     		push	{r4, lr}
 107              	.LCFI0:
 108              		.cfi_def_cfa_offset 8
 109              		.cfi_offset 4, -8
 110              		.cfi_offset 14, -4
 111 0002 0446     		mov	r4, r0
  88:Drivers/lvgl/lvgl/src/hal/lv_hal_tick.c ****     uint32_t act_time = lv_tick_get();
 112              		.loc 1 88 0
 113 0004 FFF7FEFF 		bl	lv_tick_get
 114              	.LVL4:
  89:Drivers/lvgl/lvgl/src/hal/lv_hal_tick.c **** 
  90:Drivers/lvgl/lvgl/src/hal/lv_hal_tick.c ****     /*If there is no overflow in sys_time simple subtract*/
  91:Drivers/lvgl/lvgl/src/hal/lv_hal_tick.c ****     if(act_time >= prev_tick) {
 115              		.loc 1 91 0
 116 0008 A042     		cmp	r0, r4
 117 000a 01D2     		bcs	.L12
 118              	.LVL5:
 119 000c 001B     		subs	r0, r0, r4
 120              	.LVL6:
 121              	.L8:
  92:Drivers/lvgl/lvgl/src/hal/lv_hal_tick.c ****         prev_tick = act_time - prev_tick;
  93:Drivers/lvgl/lvgl/src/hal/lv_hal_tick.c ****     }
  94:Drivers/lvgl/lvgl/src/hal/lv_hal_tick.c ****     else {
  95:Drivers/lvgl/lvgl/src/hal/lv_hal_tick.c ****         prev_tick = UINT32_MAX - prev_tick + 1;
  96:Drivers/lvgl/lvgl/src/hal/lv_hal_tick.c ****         prev_tick += act_time;
  97:Drivers/lvgl/lvgl/src/hal/lv_hal_tick.c ****     }
  98:Drivers/lvgl/lvgl/src/hal/lv_hal_tick.c **** 
  99:Drivers/lvgl/lvgl/src/hal/lv_hal_tick.c ****     return prev_tick;
 100:Drivers/lvgl/lvgl/src/hal/lv_hal_tick.c **** }
 122              		.loc 1 100 0
 123 000e 10BD     		pop	{r4, pc}
 124              	.LVL7:
 125              	.L12:
  92:Drivers/lvgl/lvgl/src/hal/lv_hal_tick.c ****         prev_tick = act_time - prev_tick;
 126              		.loc 1 92 0
 127 0010 001B     		subs	r0, r0, r4
 128              	.LVL8:
 129 0012 FCE7     		b	.L8
 130              		.cfi_endproc
 131              	.LFE2:
 133              		.section	.bss.sys_time,"aw",%nobits
ARM GAS  /tmp/cc9oYMLA.s 			page 5


 134              		.align	2
 135              		.set	.LANCHOR1,. + 0
 138              	sys_time:
 139 0000 00000000 		.space	4
 140              		.section	.bss.tick_irq_flag,"aw",%nobits
 141              		.set	.LANCHOR0,. + 0
 144              	tick_irq_flag:
 145 0000 00       		.space	1
 146              		.text
 147              	.Letext0:
 148              		.file 2 "/opt/gcc-arm-none-eabi-7-2017-q4-major/arm-none-eabi/include/machine/_default_types.h"
 149              		.file 3 "/opt/gcc-arm-none-eabi-7-2017-q4-major/arm-none-eabi/include/sys/_stdint.h"
ARM GAS  /tmp/cc9oYMLA.s 			page 6


DEFINED SYMBOLS
                            *ABS*:0000000000000000 lv_hal_tick.c
     /tmp/cc9oYMLA.s:17     .text.lv_tick_inc:0000000000000000 $t
     /tmp/cc9oYMLA.s:24     .text.lv_tick_inc:0000000000000000 lv_tick_inc
     /tmp/cc9oYMLA.s:48     .text.lv_tick_inc:0000000000000010 $d
     /tmp/cc9oYMLA.s:54     .text.lv_tick_get:0000000000000000 $t
     /tmp/cc9oYMLA.s:61     .text.lv_tick_get:0000000000000000 lv_tick_get
     /tmp/cc9oYMLA.s:86     .text.lv_tick_get:0000000000000014 $d
     /tmp/cc9oYMLA.s:92     .text.lv_tick_elaps:0000000000000000 $t
     /tmp/cc9oYMLA.s:99     .text.lv_tick_elaps:0000000000000000 lv_tick_elaps
     /tmp/cc9oYMLA.s:134    .bss.sys_time:0000000000000000 $d
     /tmp/cc9oYMLA.s:138    .bss.sys_time:0000000000000000 sys_time
     /tmp/cc9oYMLA.s:144    .bss.tick_irq_flag:0000000000000000 tick_irq_flag
     /tmp/cc9oYMLA.s:145    .bss.tick_irq_flag:0000000000000000 $d

NO UNDEFINED SYMBOLS
