ARM GAS  /tmp/ccgcxpqE.s 			page 1


   1              		.cpu cortex-m7
   2              		.eabi_attribute 28, 1
   3              		.eabi_attribute 20, 1
   4              		.eabi_attribute 21, 1
   5              		.eabi_attribute 23, 3
   6              		.eabi_attribute 24, 1
   7              		.eabi_attribute 25, 1
   8              		.eabi_attribute 26, 1
   9              		.eabi_attribute 30, 1
  10              		.eabi_attribute 34, 1
  11              		.eabi_attribute 18, 4
  12              		.file	"lv_line.c"
  13              		.text
  14              	.Ltext0:
  15              		.cfi_sections	.debug_frame
  16              		.section	.text.lv_line_event,"ax",%progbits
  17              		.align	1
  18              		.syntax unified
  19              		.thumb
  20              		.thumb_func
  21              		.fpu fpv5-d16
  23              	lv_line_event:
  24              	.LFB164:
  25              		.file 1 "Drivers/lvgl/lvgl/src/widgets/lv_line.c"
   1:Drivers/lvgl/lvgl/src/widgets/lv_line.c **** /**
   2:Drivers/lvgl/lvgl/src/widgets/lv_line.c ****  * @file lv_line.c
   3:Drivers/lvgl/lvgl/src/widgets/lv_line.c ****  *
   4:Drivers/lvgl/lvgl/src/widgets/lv_line.c ****  */
   5:Drivers/lvgl/lvgl/src/widgets/lv_line.c **** 
   6:Drivers/lvgl/lvgl/src/widgets/lv_line.c **** /*********************
   7:Drivers/lvgl/lvgl/src/widgets/lv_line.c ****  *      INCLUDES
   8:Drivers/lvgl/lvgl/src/widgets/lv_line.c ****  *********************/
   9:Drivers/lvgl/lvgl/src/widgets/lv_line.c **** #include "lv_line.h"
  10:Drivers/lvgl/lvgl/src/widgets/lv_line.c **** 
  11:Drivers/lvgl/lvgl/src/widgets/lv_line.c **** #if LV_USE_LINE != 0
  12:Drivers/lvgl/lvgl/src/widgets/lv_line.c **** #include "../misc/lv_assert.h"
  13:Drivers/lvgl/lvgl/src/widgets/lv_line.c **** #include "../draw/lv_draw.h"
  14:Drivers/lvgl/lvgl/src/widgets/lv_line.c **** #include "../misc/lv_math.h"
  15:Drivers/lvgl/lvgl/src/widgets/lv_line.c **** #include <stdbool.h>
  16:Drivers/lvgl/lvgl/src/widgets/lv_line.c **** #include <stdint.h>
  17:Drivers/lvgl/lvgl/src/widgets/lv_line.c **** #include <string.h>
  18:Drivers/lvgl/lvgl/src/widgets/lv_line.c **** 
  19:Drivers/lvgl/lvgl/src/widgets/lv_line.c **** /*********************
  20:Drivers/lvgl/lvgl/src/widgets/lv_line.c ****  *      DEFINES
  21:Drivers/lvgl/lvgl/src/widgets/lv_line.c ****  *********************/
  22:Drivers/lvgl/lvgl/src/widgets/lv_line.c **** #define MY_CLASS &lv_line_class
  23:Drivers/lvgl/lvgl/src/widgets/lv_line.c **** 
  24:Drivers/lvgl/lvgl/src/widgets/lv_line.c **** /**********************
  25:Drivers/lvgl/lvgl/src/widgets/lv_line.c ****  *      TYPEDEFS
  26:Drivers/lvgl/lvgl/src/widgets/lv_line.c ****  **********************/
  27:Drivers/lvgl/lvgl/src/widgets/lv_line.c **** 
  28:Drivers/lvgl/lvgl/src/widgets/lv_line.c **** /**********************
  29:Drivers/lvgl/lvgl/src/widgets/lv_line.c ****  *  STATIC PROTOTYPES
  30:Drivers/lvgl/lvgl/src/widgets/lv_line.c ****  **********************/
  31:Drivers/lvgl/lvgl/src/widgets/lv_line.c **** static void lv_line_constructor(const lv_obj_class_t * class_p, lv_obj_t * obj);
  32:Drivers/lvgl/lvgl/src/widgets/lv_line.c **** static void lv_line_event(const lv_obj_class_t * class_p, lv_event_t * e);
  33:Drivers/lvgl/lvgl/src/widgets/lv_line.c **** 
ARM GAS  /tmp/ccgcxpqE.s 			page 2


  34:Drivers/lvgl/lvgl/src/widgets/lv_line.c **** /**********************
  35:Drivers/lvgl/lvgl/src/widgets/lv_line.c ****  *  STATIC VARIABLES
  36:Drivers/lvgl/lvgl/src/widgets/lv_line.c ****  **********************/
  37:Drivers/lvgl/lvgl/src/widgets/lv_line.c **** const lv_obj_class_t lv_line_class = {
  38:Drivers/lvgl/lvgl/src/widgets/lv_line.c ****     .constructor_cb = lv_line_constructor,
  39:Drivers/lvgl/lvgl/src/widgets/lv_line.c ****     .event_cb = lv_line_event,
  40:Drivers/lvgl/lvgl/src/widgets/lv_line.c ****     .width_def = LV_SIZE_CONTENT,
  41:Drivers/lvgl/lvgl/src/widgets/lv_line.c ****     .height_def = LV_SIZE_CONTENT,
  42:Drivers/lvgl/lvgl/src/widgets/lv_line.c ****     .instance_size = sizeof(lv_line_t),
  43:Drivers/lvgl/lvgl/src/widgets/lv_line.c ****     .base_class = &lv_obj_class
  44:Drivers/lvgl/lvgl/src/widgets/lv_line.c **** };
  45:Drivers/lvgl/lvgl/src/widgets/lv_line.c **** 
  46:Drivers/lvgl/lvgl/src/widgets/lv_line.c **** /**********************
  47:Drivers/lvgl/lvgl/src/widgets/lv_line.c ****  *      MACROS
  48:Drivers/lvgl/lvgl/src/widgets/lv_line.c ****  **********************/
  49:Drivers/lvgl/lvgl/src/widgets/lv_line.c **** 
  50:Drivers/lvgl/lvgl/src/widgets/lv_line.c **** /**********************
  51:Drivers/lvgl/lvgl/src/widgets/lv_line.c ****  *   GLOBAL FUNCTIONS
  52:Drivers/lvgl/lvgl/src/widgets/lv_line.c ****  **********************/
  53:Drivers/lvgl/lvgl/src/widgets/lv_line.c **** 
  54:Drivers/lvgl/lvgl/src/widgets/lv_line.c **** lv_obj_t * lv_line_create(lv_obj_t * parent)
  55:Drivers/lvgl/lvgl/src/widgets/lv_line.c **** {
  56:Drivers/lvgl/lvgl/src/widgets/lv_line.c ****     LV_LOG_INFO("begin");
  57:Drivers/lvgl/lvgl/src/widgets/lv_line.c ****     lv_obj_t * obj = lv_obj_class_create_obj(MY_CLASS, parent);
  58:Drivers/lvgl/lvgl/src/widgets/lv_line.c ****     lv_obj_class_init_obj(obj);
  59:Drivers/lvgl/lvgl/src/widgets/lv_line.c ****     return obj;
  60:Drivers/lvgl/lvgl/src/widgets/lv_line.c **** }
  61:Drivers/lvgl/lvgl/src/widgets/lv_line.c **** 
  62:Drivers/lvgl/lvgl/src/widgets/lv_line.c **** /*=====================
  63:Drivers/lvgl/lvgl/src/widgets/lv_line.c ****  * Setter functions
  64:Drivers/lvgl/lvgl/src/widgets/lv_line.c ****  *====================*/
  65:Drivers/lvgl/lvgl/src/widgets/lv_line.c **** 
  66:Drivers/lvgl/lvgl/src/widgets/lv_line.c **** void lv_line_set_points(lv_obj_t * obj, const lv_point_t points[], uint16_t point_num)
  67:Drivers/lvgl/lvgl/src/widgets/lv_line.c **** {
  68:Drivers/lvgl/lvgl/src/widgets/lv_line.c ****     LV_ASSERT_OBJ(obj, MY_CLASS);
  69:Drivers/lvgl/lvgl/src/widgets/lv_line.c **** 
  70:Drivers/lvgl/lvgl/src/widgets/lv_line.c ****     lv_line_t * line = (lv_line_t *)obj;
  71:Drivers/lvgl/lvgl/src/widgets/lv_line.c ****     line->point_array    = points;
  72:Drivers/lvgl/lvgl/src/widgets/lv_line.c ****     line->point_num      = point_num;
  73:Drivers/lvgl/lvgl/src/widgets/lv_line.c **** 
  74:Drivers/lvgl/lvgl/src/widgets/lv_line.c ****     lv_obj_refresh_self_size(obj);
  75:Drivers/lvgl/lvgl/src/widgets/lv_line.c **** 
  76:Drivers/lvgl/lvgl/src/widgets/lv_line.c ****     lv_obj_invalidate(obj);
  77:Drivers/lvgl/lvgl/src/widgets/lv_line.c **** }
  78:Drivers/lvgl/lvgl/src/widgets/lv_line.c **** 
  79:Drivers/lvgl/lvgl/src/widgets/lv_line.c **** void lv_line_set_y_invert(lv_obj_t * obj, bool en)
  80:Drivers/lvgl/lvgl/src/widgets/lv_line.c **** {
  81:Drivers/lvgl/lvgl/src/widgets/lv_line.c ****     LV_ASSERT_OBJ(obj, MY_CLASS);
  82:Drivers/lvgl/lvgl/src/widgets/lv_line.c **** 
  83:Drivers/lvgl/lvgl/src/widgets/lv_line.c ****     lv_line_t * line = (lv_line_t *)obj;
  84:Drivers/lvgl/lvgl/src/widgets/lv_line.c ****     if(line->y_inv == en) return;
  85:Drivers/lvgl/lvgl/src/widgets/lv_line.c **** 
  86:Drivers/lvgl/lvgl/src/widgets/lv_line.c ****     line->y_inv = en ? 1U : 0U;
  87:Drivers/lvgl/lvgl/src/widgets/lv_line.c **** 
  88:Drivers/lvgl/lvgl/src/widgets/lv_line.c ****     lv_obj_invalidate(obj);
  89:Drivers/lvgl/lvgl/src/widgets/lv_line.c **** }
  90:Drivers/lvgl/lvgl/src/widgets/lv_line.c **** 
ARM GAS  /tmp/ccgcxpqE.s 			page 3


  91:Drivers/lvgl/lvgl/src/widgets/lv_line.c **** /*=====================
  92:Drivers/lvgl/lvgl/src/widgets/lv_line.c ****  * Getter functions
  93:Drivers/lvgl/lvgl/src/widgets/lv_line.c ****  *====================*/
  94:Drivers/lvgl/lvgl/src/widgets/lv_line.c **** 
  95:Drivers/lvgl/lvgl/src/widgets/lv_line.c **** bool lv_line_get_y_invert(const lv_obj_t * obj)
  96:Drivers/lvgl/lvgl/src/widgets/lv_line.c **** {
  97:Drivers/lvgl/lvgl/src/widgets/lv_line.c ****     LV_ASSERT_OBJ(obj, MY_CLASS);
  98:Drivers/lvgl/lvgl/src/widgets/lv_line.c **** 
  99:Drivers/lvgl/lvgl/src/widgets/lv_line.c ****     lv_line_t * line = (lv_line_t *)obj;
 100:Drivers/lvgl/lvgl/src/widgets/lv_line.c **** 
 101:Drivers/lvgl/lvgl/src/widgets/lv_line.c ****     return line->y_inv == 1U;
 102:Drivers/lvgl/lvgl/src/widgets/lv_line.c **** }
 103:Drivers/lvgl/lvgl/src/widgets/lv_line.c **** 
 104:Drivers/lvgl/lvgl/src/widgets/lv_line.c **** /**********************
 105:Drivers/lvgl/lvgl/src/widgets/lv_line.c ****  *   STATIC FUNCTIONS
 106:Drivers/lvgl/lvgl/src/widgets/lv_line.c ****  **********************/
 107:Drivers/lvgl/lvgl/src/widgets/lv_line.c **** 
 108:Drivers/lvgl/lvgl/src/widgets/lv_line.c **** static void lv_line_constructor(const lv_obj_class_t * class_p, lv_obj_t * obj)
 109:Drivers/lvgl/lvgl/src/widgets/lv_line.c **** {
 110:Drivers/lvgl/lvgl/src/widgets/lv_line.c ****     LV_UNUSED(class_p);
 111:Drivers/lvgl/lvgl/src/widgets/lv_line.c ****     LV_TRACE_OBJ_CREATE("begin");
 112:Drivers/lvgl/lvgl/src/widgets/lv_line.c **** 
 113:Drivers/lvgl/lvgl/src/widgets/lv_line.c ****     lv_line_t * line = (lv_line_t *)obj;
 114:Drivers/lvgl/lvgl/src/widgets/lv_line.c **** 
 115:Drivers/lvgl/lvgl/src/widgets/lv_line.c ****     line->point_num   = 0;
 116:Drivers/lvgl/lvgl/src/widgets/lv_line.c ****     line->point_array = NULL;
 117:Drivers/lvgl/lvgl/src/widgets/lv_line.c ****     line->y_inv       = 0;
 118:Drivers/lvgl/lvgl/src/widgets/lv_line.c **** 
 119:Drivers/lvgl/lvgl/src/widgets/lv_line.c ****     lv_obj_clear_flag(obj, LV_OBJ_FLAG_CLICKABLE);
 120:Drivers/lvgl/lvgl/src/widgets/lv_line.c **** 
 121:Drivers/lvgl/lvgl/src/widgets/lv_line.c ****     LV_TRACE_OBJ_CREATE("finished");
 122:Drivers/lvgl/lvgl/src/widgets/lv_line.c **** }
 123:Drivers/lvgl/lvgl/src/widgets/lv_line.c **** 
 124:Drivers/lvgl/lvgl/src/widgets/lv_line.c **** static void lv_line_event(const lv_obj_class_t * class_p, lv_event_t * e)
 125:Drivers/lvgl/lvgl/src/widgets/lv_line.c **** {
  26              		.loc 1 125 0
  27              		.cfi_startproc
  28              		@ args = 0, pretend = 0, frame = 32
  29              		@ frame_needed = 0, uses_anonymous_args = 0
  30              	.LVL0:
  31 0000 2DE9F043 		push	{r4, r5, r6, r7, r8, r9, lr}
  32              	.LCFI0:
  33              		.cfi_def_cfa_offset 28
  34              		.cfi_offset 4, -28
  35              		.cfi_offset 5, -24
  36              		.cfi_offset 6, -20
  37              		.cfi_offset 7, -16
  38              		.cfi_offset 8, -12
  39              		.cfi_offset 9, -8
  40              		.cfi_offset 14, -4
  41 0004 89B0     		sub	sp, sp, #36
  42              	.LCFI1:
  43              		.cfi_def_cfa_offset 64
  44 0006 0C46     		mov	r4, r1
 126:Drivers/lvgl/lvgl/src/widgets/lv_line.c ****     LV_UNUSED(class_p);
 127:Drivers/lvgl/lvgl/src/widgets/lv_line.c **** 
 128:Drivers/lvgl/lvgl/src/widgets/lv_line.c ****     lv_res_t res;
ARM GAS  /tmp/ccgcxpqE.s 			page 4


 129:Drivers/lvgl/lvgl/src/widgets/lv_line.c **** 
 130:Drivers/lvgl/lvgl/src/widgets/lv_line.c ****     /*Call the ancestor's event handler*/
 131:Drivers/lvgl/lvgl/src/widgets/lv_line.c ****     res = lv_obj_event_base(MY_CLASS, e);
  45              		.loc 1 131 0
  46 0008 5C48     		ldr	r0, .L16
  47              	.LVL1:
  48 000a FFF7FEFF 		bl	lv_obj_event_base
  49              	.LVL2:
 132:Drivers/lvgl/lvgl/src/widgets/lv_line.c ****     if(res != LV_RES_OK) return;
  50              		.loc 1 132 0
  51 000e 0128     		cmp	r0, #1
  52 0010 02D0     		beq	.L13
  53              	.LVL3:
  54              	.L1:
 133:Drivers/lvgl/lvgl/src/widgets/lv_line.c **** 
 134:Drivers/lvgl/lvgl/src/widgets/lv_line.c ****     lv_event_code_t code = lv_event_get_code(e);
 135:Drivers/lvgl/lvgl/src/widgets/lv_line.c ****     lv_obj_t * obj = lv_event_get_target(e);
 136:Drivers/lvgl/lvgl/src/widgets/lv_line.c **** 
 137:Drivers/lvgl/lvgl/src/widgets/lv_line.c ****     if(code == LV_EVENT_REFR_EXT_DRAW_SIZE) {
 138:Drivers/lvgl/lvgl/src/widgets/lv_line.c ****         /*The corner of the skew lines is out of the intended area*/
 139:Drivers/lvgl/lvgl/src/widgets/lv_line.c ****         lv_coord_t line_width = lv_obj_get_style_line_width(obj, LV_PART_MAIN);
 140:Drivers/lvgl/lvgl/src/widgets/lv_line.c ****         lv_coord_t * s = lv_event_get_param(e);
 141:Drivers/lvgl/lvgl/src/widgets/lv_line.c ****         if(*s < line_width) *s = line_width;
 142:Drivers/lvgl/lvgl/src/widgets/lv_line.c ****     }
 143:Drivers/lvgl/lvgl/src/widgets/lv_line.c ****     else if(code == LV_EVENT_GET_SELF_SIZE) {
 144:Drivers/lvgl/lvgl/src/widgets/lv_line.c ****         lv_line_t * line = (lv_line_t *)obj;
 145:Drivers/lvgl/lvgl/src/widgets/lv_line.c **** 
 146:Drivers/lvgl/lvgl/src/widgets/lv_line.c ****         if(line->point_num == 0 || line->point_array == NULL) return;
 147:Drivers/lvgl/lvgl/src/widgets/lv_line.c **** 
 148:Drivers/lvgl/lvgl/src/widgets/lv_line.c ****         lv_point_t * p = lv_event_get_param(e);
 149:Drivers/lvgl/lvgl/src/widgets/lv_line.c ****         lv_coord_t w = 0;
 150:Drivers/lvgl/lvgl/src/widgets/lv_line.c ****         lv_coord_t h = 0;
 151:Drivers/lvgl/lvgl/src/widgets/lv_line.c **** 
 152:Drivers/lvgl/lvgl/src/widgets/lv_line.c ****         uint16_t i;
 153:Drivers/lvgl/lvgl/src/widgets/lv_line.c ****         for(i = 0; i < line->point_num; i++) {
 154:Drivers/lvgl/lvgl/src/widgets/lv_line.c ****             w = LV_MAX(line->point_array[i].x, w);
 155:Drivers/lvgl/lvgl/src/widgets/lv_line.c ****             h = LV_MAX(line->point_array[i].y, h);
 156:Drivers/lvgl/lvgl/src/widgets/lv_line.c ****         }
 157:Drivers/lvgl/lvgl/src/widgets/lv_line.c **** 
 158:Drivers/lvgl/lvgl/src/widgets/lv_line.c ****         lv_coord_t line_width = lv_obj_get_style_line_width(obj, LV_PART_MAIN);
 159:Drivers/lvgl/lvgl/src/widgets/lv_line.c ****         w += line_width;
 160:Drivers/lvgl/lvgl/src/widgets/lv_line.c ****         h += line_width;
 161:Drivers/lvgl/lvgl/src/widgets/lv_line.c ****         p->x = w;
 162:Drivers/lvgl/lvgl/src/widgets/lv_line.c ****         p->y = h;
 163:Drivers/lvgl/lvgl/src/widgets/lv_line.c ****     }
 164:Drivers/lvgl/lvgl/src/widgets/lv_line.c ****     else if(code == LV_EVENT_DRAW_MAIN) {
 165:Drivers/lvgl/lvgl/src/widgets/lv_line.c ****         lv_line_t * line = (lv_line_t *)obj;
 166:Drivers/lvgl/lvgl/src/widgets/lv_line.c ****         lv_draw_ctx_t * draw_ctx = lv_event_get_draw_ctx(e);
 167:Drivers/lvgl/lvgl/src/widgets/lv_line.c **** 
 168:Drivers/lvgl/lvgl/src/widgets/lv_line.c ****         if(line->point_num == 0 || line->point_array == NULL) return;
 169:Drivers/lvgl/lvgl/src/widgets/lv_line.c **** 
 170:Drivers/lvgl/lvgl/src/widgets/lv_line.c ****         lv_area_t area;
 171:Drivers/lvgl/lvgl/src/widgets/lv_line.c ****         lv_obj_get_coords(obj, &area);
 172:Drivers/lvgl/lvgl/src/widgets/lv_line.c ****         lv_coord_t x_ofs = area.x1 - lv_obj_get_scroll_x(obj);
 173:Drivers/lvgl/lvgl/src/widgets/lv_line.c ****         lv_coord_t y_ofs = area.y1 - lv_obj_get_scroll_y(obj);
 174:Drivers/lvgl/lvgl/src/widgets/lv_line.c ****         lv_coord_t h = lv_obj_get_height(obj);
 175:Drivers/lvgl/lvgl/src/widgets/lv_line.c **** 
ARM GAS  /tmp/ccgcxpqE.s 			page 5


 176:Drivers/lvgl/lvgl/src/widgets/lv_line.c ****         lv_draw_line_dsc_t line_dsc;
 177:Drivers/lvgl/lvgl/src/widgets/lv_line.c ****         lv_draw_line_dsc_init(&line_dsc);
 178:Drivers/lvgl/lvgl/src/widgets/lv_line.c ****         lv_obj_init_draw_line_dsc(obj, LV_PART_MAIN, &line_dsc);
 179:Drivers/lvgl/lvgl/src/widgets/lv_line.c **** 
 180:Drivers/lvgl/lvgl/src/widgets/lv_line.c ****         /*Read all points and draw the lines*/
 181:Drivers/lvgl/lvgl/src/widgets/lv_line.c ****         uint16_t i;
 182:Drivers/lvgl/lvgl/src/widgets/lv_line.c ****         for(i = 0; i < line->point_num - 1; i++) {
 183:Drivers/lvgl/lvgl/src/widgets/lv_line.c ****             lv_point_t p1;
 184:Drivers/lvgl/lvgl/src/widgets/lv_line.c ****             lv_point_t p2;
 185:Drivers/lvgl/lvgl/src/widgets/lv_line.c ****             p1.x = line->point_array[i].x + x_ofs;
 186:Drivers/lvgl/lvgl/src/widgets/lv_line.c ****             p2.x = line->point_array[i + 1].x + x_ofs;
 187:Drivers/lvgl/lvgl/src/widgets/lv_line.c **** 
 188:Drivers/lvgl/lvgl/src/widgets/lv_line.c ****             if(line->y_inv == 0) {
 189:Drivers/lvgl/lvgl/src/widgets/lv_line.c ****                 p1.y = line->point_array[i].y + y_ofs;
 190:Drivers/lvgl/lvgl/src/widgets/lv_line.c ****                 p2.y = line->point_array[i + 1].y + y_ofs;
 191:Drivers/lvgl/lvgl/src/widgets/lv_line.c ****             }
 192:Drivers/lvgl/lvgl/src/widgets/lv_line.c ****             else {
 193:Drivers/lvgl/lvgl/src/widgets/lv_line.c ****                 p1.y = h - line->point_array[i].y + y_ofs;
 194:Drivers/lvgl/lvgl/src/widgets/lv_line.c ****                 p2.y = h - line->point_array[i + 1].y + y_ofs;
 195:Drivers/lvgl/lvgl/src/widgets/lv_line.c ****             }
 196:Drivers/lvgl/lvgl/src/widgets/lv_line.c ****             lv_draw_line(draw_ctx, &line_dsc, &p1, &p2);
 197:Drivers/lvgl/lvgl/src/widgets/lv_line.c ****             line_dsc.round_start = 0;   /*Draw the rounding only on the end points after the first 
 198:Drivers/lvgl/lvgl/src/widgets/lv_line.c ****         }
 199:Drivers/lvgl/lvgl/src/widgets/lv_line.c ****     }
 200:Drivers/lvgl/lvgl/src/widgets/lv_line.c **** }
  55              		.loc 1 200 0
  56 0012 09B0     		add	sp, sp, #36
  57              	.LCFI2:
  58              		.cfi_remember_state
  59              		.cfi_def_cfa_offset 28
  60              		@ sp needed
  61 0014 BDE8F083 		pop	{r4, r5, r6, r7, r8, r9, pc}
  62              	.LVL4:
  63              	.L13:
  64              	.LCFI3:
  65              		.cfi_restore_state
 134:Drivers/lvgl/lvgl/src/widgets/lv_line.c ****     lv_obj_t * obj = lv_event_get_target(e);
  66              		.loc 1 134 0
  67 0018 2046     		mov	r0, r4
  68              	.LVL5:
  69 001a FFF7FEFF 		bl	lv_event_get_code
  70              	.LVL6:
  71 001e 0646     		mov	r6, r0
  72              	.LVL7:
 135:Drivers/lvgl/lvgl/src/widgets/lv_line.c **** 
  73              		.loc 1 135 0
  74 0020 2046     		mov	r0, r4
  75 0022 FFF7FEFF 		bl	lv_event_get_target
  76              	.LVL8:
  77 0026 0546     		mov	r5, r0
  78              	.LVL9:
 137:Drivers/lvgl/lvgl/src/widgets/lv_line.c ****         /*The corner of the skew lines is out of the intended area*/
  79              		.loc 1 137 0
  80 0028 132E     		cmp	r6, #19
  81 002a 2FD0     		beq	.L14
 143:Drivers/lvgl/lvgl/src/widgets/lv_line.c ****         lv_line_t * line = (lv_line_t *)obj;
  82              		.loc 1 143 0
ARM GAS  /tmp/ccgcxpqE.s 			page 6


  83 002c 2C2E     		cmp	r6, #44
  84 002e 3BD0     		beq	.L15
 164:Drivers/lvgl/lvgl/src/widgets/lv_line.c ****         lv_line_t * line = (lv_line_t *)obj;
  85              		.loc 1 164 0
  86 0030 152E     		cmp	r6, #21
  87 0032 EED1     		bne	.L1
  88              	.LVL10:
  89              	.LBB10:
 166:Drivers/lvgl/lvgl/src/widgets/lv_line.c **** 
  90              		.loc 1 166 0
  91 0034 2046     		mov	r0, r4
  92              	.LVL11:
  93 0036 FFF7FEFF 		bl	lv_event_get_draw_ctx
  94              	.LVL12:
  95 003a 8046     		mov	r8, r0
  96              	.LVL13:
 168:Drivers/lvgl/lvgl/src/widgets/lv_line.c **** 
  97              		.loc 1 168 0
  98 003c 2B8D     		ldrh	r3, [r5, #40]
  99 003e 002B     		cmp	r3, #0
 100 0040 E7D0     		beq	.L1
 168:Drivers/lvgl/lvgl/src/widgets/lv_line.c **** 
 101              		.loc 1 168 0 is_stmt 0 discriminator 1
 102 0042 6B6A     		ldr	r3, [r5, #36]
 103 0044 002B     		cmp	r3, #0
 104 0046 E4D0     		beq	.L1
 171:Drivers/lvgl/lvgl/src/widgets/lv_line.c ****         lv_coord_t x_ofs = area.x1 - lv_obj_get_scroll_x(obj);
 105              		.loc 1 171 0 is_stmt 1
 106 0048 03A9     		add	r1, sp, #12
 107 004a 2846     		mov	r0, r5
 108              	.LVL14:
 109 004c FFF7FEFF 		bl	lv_obj_get_coords
 110              	.LVL15:
 172:Drivers/lvgl/lvgl/src/widgets/lv_line.c ****         lv_coord_t y_ofs = area.y1 - lv_obj_get_scroll_y(obj);
 111              		.loc 1 172 0
 112 0050 BDF80C40 		ldrh	r4, [sp, #12]
 113              	.LVL16:
 114 0054 2846     		mov	r0, r5
 115 0056 FFF7FEFF 		bl	lv_obj_get_scroll_x
 116              	.LVL17:
 117 005a 80B2     		uxth	r0, r0
 118 005c 241A     		subs	r4, r4, r0
 119 005e A7B2     		uxth	r7, r4
 120              	.LVL18:
 173:Drivers/lvgl/lvgl/src/widgets/lv_line.c ****         lv_coord_t h = lv_obj_get_height(obj);
 121              		.loc 1 173 0
 122 0060 BDF80E40 		ldrh	r4, [sp, #14]
 123 0064 2846     		mov	r0, r5
 124 0066 FFF7FEFF 		bl	lv_obj_get_scroll_y
 125              	.LVL19:
 126 006a 80B2     		uxth	r0, r0
 127 006c 241A     		subs	r4, r4, r0
 128 006e A6B2     		uxth	r6, r4
 129              	.LVL20:
 174:Drivers/lvgl/lvgl/src/widgets/lv_line.c **** 
 130              		.loc 1 174 0
 131 0070 2846     		mov	r0, r5
ARM GAS  /tmp/ccgcxpqE.s 			page 7


 132 0072 FFF7FEFF 		bl	lv_obj_get_height
 133              	.LVL21:
 134 0076 8146     		mov	r9, r0
 135              	.LVL22:
 177:Drivers/lvgl/lvgl/src/widgets/lv_line.c ****         lv_obj_init_draw_line_dsc(obj, LV_PART_MAIN, &line_dsc);
 136              		.loc 1 177 0
 137 0078 05A8     		add	r0, sp, #20
 138 007a FFF7FEFF 		bl	lv_draw_line_dsc_init
 139              	.LVL23:
 178:Drivers/lvgl/lvgl/src/widgets/lv_line.c **** 
 140              		.loc 1 178 0
 141 007e 05AA     		add	r2, sp, #20
 142 0080 0021     		movs	r1, #0
 143 0082 2846     		mov	r0, r5
 144 0084 FFF7FEFF 		bl	lv_obj_init_draw_line_dsc
 145              	.LVL24:
 182:Drivers/lvgl/lvgl/src/widgets/lv_line.c ****             lv_point_t p1;
 146              		.loc 1 182 0
 147 0088 0024     		movs	r4, #0
 148 008a 54E0     		b	.L8
 149              	.LVL25:
 150              	.L14:
 151              	.LBE10:
 152              	.LBB13:
 153              	.LBB14:
 154              	.LBB15:
 155              		.file 2 "Drivers/lvgl/lvgl/src/widgets/../core/lv_obj_style_gen.h"
   1:Drivers/lvgl/lvgl/src/widgets/../core/lv_obj_style_gen.h **** static inline lv_coord_t lv_obj_get_style_width(const struct _lv_obj_t * obj, uint32_t part)
   2:Drivers/lvgl/lvgl/src/widgets/../core/lv_obj_style_gen.h **** {
   3:Drivers/lvgl/lvgl/src/widgets/../core/lv_obj_style_gen.h ****     lv_style_value_t v = lv_obj_get_style_prop(obj, part, LV_STYLE_WIDTH);
   4:Drivers/lvgl/lvgl/src/widgets/../core/lv_obj_style_gen.h ****     return (lv_coord_t)v.num;
   5:Drivers/lvgl/lvgl/src/widgets/../core/lv_obj_style_gen.h **** }
   6:Drivers/lvgl/lvgl/src/widgets/../core/lv_obj_style_gen.h **** 
   7:Drivers/lvgl/lvgl/src/widgets/../core/lv_obj_style_gen.h **** static inline lv_coord_t lv_obj_get_style_min_width(const struct _lv_obj_t * obj, uint32_t part)
   8:Drivers/lvgl/lvgl/src/widgets/../core/lv_obj_style_gen.h **** {
   9:Drivers/lvgl/lvgl/src/widgets/../core/lv_obj_style_gen.h ****     lv_style_value_t v = lv_obj_get_style_prop(obj, part, LV_STYLE_MIN_WIDTH);
  10:Drivers/lvgl/lvgl/src/widgets/../core/lv_obj_style_gen.h ****     return (lv_coord_t)v.num;
  11:Drivers/lvgl/lvgl/src/widgets/../core/lv_obj_style_gen.h **** }
  12:Drivers/lvgl/lvgl/src/widgets/../core/lv_obj_style_gen.h **** 
  13:Drivers/lvgl/lvgl/src/widgets/../core/lv_obj_style_gen.h **** static inline lv_coord_t lv_obj_get_style_max_width(const struct _lv_obj_t * obj, uint32_t part)
  14:Drivers/lvgl/lvgl/src/widgets/../core/lv_obj_style_gen.h **** {
  15:Drivers/lvgl/lvgl/src/widgets/../core/lv_obj_style_gen.h ****     lv_style_value_t v = lv_obj_get_style_prop(obj, part, LV_STYLE_MAX_WIDTH);
  16:Drivers/lvgl/lvgl/src/widgets/../core/lv_obj_style_gen.h ****     return (lv_coord_t)v.num;
  17:Drivers/lvgl/lvgl/src/widgets/../core/lv_obj_style_gen.h **** }
  18:Drivers/lvgl/lvgl/src/widgets/../core/lv_obj_style_gen.h **** 
  19:Drivers/lvgl/lvgl/src/widgets/../core/lv_obj_style_gen.h **** static inline lv_coord_t lv_obj_get_style_height(const struct _lv_obj_t * obj, uint32_t part)
  20:Drivers/lvgl/lvgl/src/widgets/../core/lv_obj_style_gen.h **** {
  21:Drivers/lvgl/lvgl/src/widgets/../core/lv_obj_style_gen.h ****     lv_style_value_t v = lv_obj_get_style_prop(obj, part, LV_STYLE_HEIGHT);
  22:Drivers/lvgl/lvgl/src/widgets/../core/lv_obj_style_gen.h ****     return (lv_coord_t)v.num;
  23:Drivers/lvgl/lvgl/src/widgets/../core/lv_obj_style_gen.h **** }
  24:Drivers/lvgl/lvgl/src/widgets/../core/lv_obj_style_gen.h **** 
  25:Drivers/lvgl/lvgl/src/widgets/../core/lv_obj_style_gen.h **** static inline lv_coord_t lv_obj_get_style_min_height(const struct _lv_obj_t * obj, uint32_t part)
  26:Drivers/lvgl/lvgl/src/widgets/../core/lv_obj_style_gen.h **** {
  27:Drivers/lvgl/lvgl/src/widgets/../core/lv_obj_style_gen.h ****     lv_style_value_t v = lv_obj_get_style_prop(obj, part, LV_STYLE_MIN_HEIGHT);
  28:Drivers/lvgl/lvgl/src/widgets/../core/lv_obj_style_gen.h ****     return (lv_coord_t)v.num;
  29:Drivers/lvgl/lvgl/src/widgets/../core/lv_obj_style_gen.h **** }
  30:Drivers/lvgl/lvgl/src/widgets/../core/lv_obj_style_gen.h **** 
ARM GAS  /tmp/ccgcxpqE.s 			page 8


  31:Drivers/lvgl/lvgl/src/widgets/../core/lv_obj_style_gen.h **** static inline lv_coord_t lv_obj_get_style_max_height(const struct _lv_obj_t * obj, uint32_t part)
  32:Drivers/lvgl/lvgl/src/widgets/../core/lv_obj_style_gen.h **** {
  33:Drivers/lvgl/lvgl/src/widgets/../core/lv_obj_style_gen.h ****     lv_style_value_t v = lv_obj_get_style_prop(obj, part, LV_STYLE_MAX_HEIGHT);
  34:Drivers/lvgl/lvgl/src/widgets/../core/lv_obj_style_gen.h ****     return (lv_coord_t)v.num;
  35:Drivers/lvgl/lvgl/src/widgets/../core/lv_obj_style_gen.h **** }
  36:Drivers/lvgl/lvgl/src/widgets/../core/lv_obj_style_gen.h **** 
  37:Drivers/lvgl/lvgl/src/widgets/../core/lv_obj_style_gen.h **** static inline lv_coord_t lv_obj_get_style_x(const struct _lv_obj_t * obj, uint32_t part)
  38:Drivers/lvgl/lvgl/src/widgets/../core/lv_obj_style_gen.h **** {
  39:Drivers/lvgl/lvgl/src/widgets/../core/lv_obj_style_gen.h ****     lv_style_value_t v = lv_obj_get_style_prop(obj, part, LV_STYLE_X);
  40:Drivers/lvgl/lvgl/src/widgets/../core/lv_obj_style_gen.h ****     return (lv_coord_t)v.num;
  41:Drivers/lvgl/lvgl/src/widgets/../core/lv_obj_style_gen.h **** }
  42:Drivers/lvgl/lvgl/src/widgets/../core/lv_obj_style_gen.h **** 
  43:Drivers/lvgl/lvgl/src/widgets/../core/lv_obj_style_gen.h **** static inline lv_coord_t lv_obj_get_style_y(const struct _lv_obj_t * obj, uint32_t part)
  44:Drivers/lvgl/lvgl/src/widgets/../core/lv_obj_style_gen.h **** {
  45:Drivers/lvgl/lvgl/src/widgets/../core/lv_obj_style_gen.h ****     lv_style_value_t v = lv_obj_get_style_prop(obj, part, LV_STYLE_Y);
  46:Drivers/lvgl/lvgl/src/widgets/../core/lv_obj_style_gen.h ****     return (lv_coord_t)v.num;
  47:Drivers/lvgl/lvgl/src/widgets/../core/lv_obj_style_gen.h **** }
  48:Drivers/lvgl/lvgl/src/widgets/../core/lv_obj_style_gen.h **** 
  49:Drivers/lvgl/lvgl/src/widgets/../core/lv_obj_style_gen.h **** static inline lv_align_t lv_obj_get_style_align(const struct _lv_obj_t * obj, uint32_t part)
  50:Drivers/lvgl/lvgl/src/widgets/../core/lv_obj_style_gen.h **** {
  51:Drivers/lvgl/lvgl/src/widgets/../core/lv_obj_style_gen.h ****     lv_style_value_t v = lv_obj_get_style_prop(obj, part, LV_STYLE_ALIGN);
  52:Drivers/lvgl/lvgl/src/widgets/../core/lv_obj_style_gen.h ****     return (lv_align_t)v.num;
  53:Drivers/lvgl/lvgl/src/widgets/../core/lv_obj_style_gen.h **** }
  54:Drivers/lvgl/lvgl/src/widgets/../core/lv_obj_style_gen.h **** 
  55:Drivers/lvgl/lvgl/src/widgets/../core/lv_obj_style_gen.h **** static inline lv_coord_t lv_obj_get_style_transform_width(const struct _lv_obj_t * obj, uint32_t pa
  56:Drivers/lvgl/lvgl/src/widgets/../core/lv_obj_style_gen.h **** {
  57:Drivers/lvgl/lvgl/src/widgets/../core/lv_obj_style_gen.h ****     lv_style_value_t v = lv_obj_get_style_prop(obj, part, LV_STYLE_TRANSFORM_WIDTH);
  58:Drivers/lvgl/lvgl/src/widgets/../core/lv_obj_style_gen.h ****     return (lv_coord_t)v.num;
  59:Drivers/lvgl/lvgl/src/widgets/../core/lv_obj_style_gen.h **** }
  60:Drivers/lvgl/lvgl/src/widgets/../core/lv_obj_style_gen.h **** 
  61:Drivers/lvgl/lvgl/src/widgets/../core/lv_obj_style_gen.h **** static inline lv_coord_t lv_obj_get_style_transform_height(const struct _lv_obj_t * obj, uint32_t p
  62:Drivers/lvgl/lvgl/src/widgets/../core/lv_obj_style_gen.h **** {
  63:Drivers/lvgl/lvgl/src/widgets/../core/lv_obj_style_gen.h ****     lv_style_value_t v = lv_obj_get_style_prop(obj, part, LV_STYLE_TRANSFORM_HEIGHT);
  64:Drivers/lvgl/lvgl/src/widgets/../core/lv_obj_style_gen.h ****     return (lv_coord_t)v.num;
  65:Drivers/lvgl/lvgl/src/widgets/../core/lv_obj_style_gen.h **** }
  66:Drivers/lvgl/lvgl/src/widgets/../core/lv_obj_style_gen.h **** 
  67:Drivers/lvgl/lvgl/src/widgets/../core/lv_obj_style_gen.h **** static inline lv_coord_t lv_obj_get_style_translate_x(const struct _lv_obj_t * obj, uint32_t part)
  68:Drivers/lvgl/lvgl/src/widgets/../core/lv_obj_style_gen.h **** {
  69:Drivers/lvgl/lvgl/src/widgets/../core/lv_obj_style_gen.h ****     lv_style_value_t v = lv_obj_get_style_prop(obj, part, LV_STYLE_TRANSLATE_X);
  70:Drivers/lvgl/lvgl/src/widgets/../core/lv_obj_style_gen.h ****     return (lv_coord_t)v.num;
  71:Drivers/lvgl/lvgl/src/widgets/../core/lv_obj_style_gen.h **** }
  72:Drivers/lvgl/lvgl/src/widgets/../core/lv_obj_style_gen.h **** 
  73:Drivers/lvgl/lvgl/src/widgets/../core/lv_obj_style_gen.h **** static inline lv_coord_t lv_obj_get_style_translate_y(const struct _lv_obj_t * obj, uint32_t part)
  74:Drivers/lvgl/lvgl/src/widgets/../core/lv_obj_style_gen.h **** {
  75:Drivers/lvgl/lvgl/src/widgets/../core/lv_obj_style_gen.h ****     lv_style_value_t v = lv_obj_get_style_prop(obj, part, LV_STYLE_TRANSLATE_Y);
  76:Drivers/lvgl/lvgl/src/widgets/../core/lv_obj_style_gen.h ****     return (lv_coord_t)v.num;
  77:Drivers/lvgl/lvgl/src/widgets/../core/lv_obj_style_gen.h **** }
  78:Drivers/lvgl/lvgl/src/widgets/../core/lv_obj_style_gen.h **** 
  79:Drivers/lvgl/lvgl/src/widgets/../core/lv_obj_style_gen.h **** static inline lv_coord_t lv_obj_get_style_transform_zoom(const struct _lv_obj_t * obj, uint32_t par
  80:Drivers/lvgl/lvgl/src/widgets/../core/lv_obj_style_gen.h **** {
  81:Drivers/lvgl/lvgl/src/widgets/../core/lv_obj_style_gen.h ****     lv_style_value_t v = lv_obj_get_style_prop(obj, part, LV_STYLE_TRANSFORM_ZOOM);
  82:Drivers/lvgl/lvgl/src/widgets/../core/lv_obj_style_gen.h ****     return (lv_coord_t)v.num;
  83:Drivers/lvgl/lvgl/src/widgets/../core/lv_obj_style_gen.h **** }
  84:Drivers/lvgl/lvgl/src/widgets/../core/lv_obj_style_gen.h **** 
  85:Drivers/lvgl/lvgl/src/widgets/../core/lv_obj_style_gen.h **** static inline lv_coord_t lv_obj_get_style_transform_angle(const struct _lv_obj_t * obj, uint32_t pa
  86:Drivers/lvgl/lvgl/src/widgets/../core/lv_obj_style_gen.h **** {
  87:Drivers/lvgl/lvgl/src/widgets/../core/lv_obj_style_gen.h ****     lv_style_value_t v = lv_obj_get_style_prop(obj, part, LV_STYLE_TRANSFORM_ANGLE);
ARM GAS  /tmp/ccgcxpqE.s 			page 9


  88:Drivers/lvgl/lvgl/src/widgets/../core/lv_obj_style_gen.h ****     return (lv_coord_t)v.num;
  89:Drivers/lvgl/lvgl/src/widgets/../core/lv_obj_style_gen.h **** }
  90:Drivers/lvgl/lvgl/src/widgets/../core/lv_obj_style_gen.h **** 
  91:Drivers/lvgl/lvgl/src/widgets/../core/lv_obj_style_gen.h **** static inline lv_coord_t lv_obj_get_style_transform_pivot_x(const struct _lv_obj_t * obj, uint32_t 
  92:Drivers/lvgl/lvgl/src/widgets/../core/lv_obj_style_gen.h **** {
  93:Drivers/lvgl/lvgl/src/widgets/../core/lv_obj_style_gen.h ****     lv_style_value_t v = lv_obj_get_style_prop(obj, part, LV_STYLE_TRANSFORM_PIVOT_X);
  94:Drivers/lvgl/lvgl/src/widgets/../core/lv_obj_style_gen.h ****     return (lv_coord_t)v.num;
  95:Drivers/lvgl/lvgl/src/widgets/../core/lv_obj_style_gen.h **** }
  96:Drivers/lvgl/lvgl/src/widgets/../core/lv_obj_style_gen.h **** 
  97:Drivers/lvgl/lvgl/src/widgets/../core/lv_obj_style_gen.h **** static inline lv_coord_t lv_obj_get_style_transform_pivot_y(const struct _lv_obj_t * obj, uint32_t 
  98:Drivers/lvgl/lvgl/src/widgets/../core/lv_obj_style_gen.h **** {
  99:Drivers/lvgl/lvgl/src/widgets/../core/lv_obj_style_gen.h ****     lv_style_value_t v = lv_obj_get_style_prop(obj, part, LV_STYLE_TRANSFORM_PIVOT_Y);
 100:Drivers/lvgl/lvgl/src/widgets/../core/lv_obj_style_gen.h ****     return (lv_coord_t)v.num;
 101:Drivers/lvgl/lvgl/src/widgets/../core/lv_obj_style_gen.h **** }
 102:Drivers/lvgl/lvgl/src/widgets/../core/lv_obj_style_gen.h **** 
 103:Drivers/lvgl/lvgl/src/widgets/../core/lv_obj_style_gen.h **** static inline lv_coord_t lv_obj_get_style_pad_top(const struct _lv_obj_t * obj, uint32_t part)
 104:Drivers/lvgl/lvgl/src/widgets/../core/lv_obj_style_gen.h **** {
 105:Drivers/lvgl/lvgl/src/widgets/../core/lv_obj_style_gen.h ****     lv_style_value_t v = lv_obj_get_style_prop(obj, part, LV_STYLE_PAD_TOP);
 106:Drivers/lvgl/lvgl/src/widgets/../core/lv_obj_style_gen.h ****     return (lv_coord_t)v.num;
 107:Drivers/lvgl/lvgl/src/widgets/../core/lv_obj_style_gen.h **** }
 108:Drivers/lvgl/lvgl/src/widgets/../core/lv_obj_style_gen.h **** 
 109:Drivers/lvgl/lvgl/src/widgets/../core/lv_obj_style_gen.h **** static inline lv_coord_t lv_obj_get_style_pad_bottom(const struct _lv_obj_t * obj, uint32_t part)
 110:Drivers/lvgl/lvgl/src/widgets/../core/lv_obj_style_gen.h **** {
 111:Drivers/lvgl/lvgl/src/widgets/../core/lv_obj_style_gen.h ****     lv_style_value_t v = lv_obj_get_style_prop(obj, part, LV_STYLE_PAD_BOTTOM);
 112:Drivers/lvgl/lvgl/src/widgets/../core/lv_obj_style_gen.h ****     return (lv_coord_t)v.num;
 113:Drivers/lvgl/lvgl/src/widgets/../core/lv_obj_style_gen.h **** }
 114:Drivers/lvgl/lvgl/src/widgets/../core/lv_obj_style_gen.h **** 
 115:Drivers/lvgl/lvgl/src/widgets/../core/lv_obj_style_gen.h **** static inline lv_coord_t lv_obj_get_style_pad_left(const struct _lv_obj_t * obj, uint32_t part)
 116:Drivers/lvgl/lvgl/src/widgets/../core/lv_obj_style_gen.h **** {
 117:Drivers/lvgl/lvgl/src/widgets/../core/lv_obj_style_gen.h ****     lv_style_value_t v = lv_obj_get_style_prop(obj, part, LV_STYLE_PAD_LEFT);
 118:Drivers/lvgl/lvgl/src/widgets/../core/lv_obj_style_gen.h ****     return (lv_coord_t)v.num;
 119:Drivers/lvgl/lvgl/src/widgets/../core/lv_obj_style_gen.h **** }
 120:Drivers/lvgl/lvgl/src/widgets/../core/lv_obj_style_gen.h **** 
 121:Drivers/lvgl/lvgl/src/widgets/../core/lv_obj_style_gen.h **** static inline lv_coord_t lv_obj_get_style_pad_right(const struct _lv_obj_t * obj, uint32_t part)
 122:Drivers/lvgl/lvgl/src/widgets/../core/lv_obj_style_gen.h **** {
 123:Drivers/lvgl/lvgl/src/widgets/../core/lv_obj_style_gen.h ****     lv_style_value_t v = lv_obj_get_style_prop(obj, part, LV_STYLE_PAD_RIGHT);
 124:Drivers/lvgl/lvgl/src/widgets/../core/lv_obj_style_gen.h ****     return (lv_coord_t)v.num;
 125:Drivers/lvgl/lvgl/src/widgets/../core/lv_obj_style_gen.h **** }
 126:Drivers/lvgl/lvgl/src/widgets/../core/lv_obj_style_gen.h **** 
 127:Drivers/lvgl/lvgl/src/widgets/../core/lv_obj_style_gen.h **** static inline lv_coord_t lv_obj_get_style_pad_row(const struct _lv_obj_t * obj, uint32_t part)
 128:Drivers/lvgl/lvgl/src/widgets/../core/lv_obj_style_gen.h **** {
 129:Drivers/lvgl/lvgl/src/widgets/../core/lv_obj_style_gen.h ****     lv_style_value_t v = lv_obj_get_style_prop(obj, part, LV_STYLE_PAD_ROW);
 130:Drivers/lvgl/lvgl/src/widgets/../core/lv_obj_style_gen.h ****     return (lv_coord_t)v.num;
 131:Drivers/lvgl/lvgl/src/widgets/../core/lv_obj_style_gen.h **** }
 132:Drivers/lvgl/lvgl/src/widgets/../core/lv_obj_style_gen.h **** 
 133:Drivers/lvgl/lvgl/src/widgets/../core/lv_obj_style_gen.h **** static inline lv_coord_t lv_obj_get_style_pad_column(const struct _lv_obj_t * obj, uint32_t part)
 134:Drivers/lvgl/lvgl/src/widgets/../core/lv_obj_style_gen.h **** {
 135:Drivers/lvgl/lvgl/src/widgets/../core/lv_obj_style_gen.h ****     lv_style_value_t v = lv_obj_get_style_prop(obj, part, LV_STYLE_PAD_COLUMN);
 136:Drivers/lvgl/lvgl/src/widgets/../core/lv_obj_style_gen.h ****     return (lv_coord_t)v.num;
 137:Drivers/lvgl/lvgl/src/widgets/../core/lv_obj_style_gen.h **** }
 138:Drivers/lvgl/lvgl/src/widgets/../core/lv_obj_style_gen.h **** 
 139:Drivers/lvgl/lvgl/src/widgets/../core/lv_obj_style_gen.h **** static inline lv_color_t lv_obj_get_style_bg_color(const struct _lv_obj_t * obj, uint32_t part)
 140:Drivers/lvgl/lvgl/src/widgets/../core/lv_obj_style_gen.h **** {
 141:Drivers/lvgl/lvgl/src/widgets/../core/lv_obj_style_gen.h ****     lv_style_value_t v = lv_obj_get_style_prop(obj, part, LV_STYLE_BG_COLOR);
 142:Drivers/lvgl/lvgl/src/widgets/../core/lv_obj_style_gen.h ****     return v.color;
 143:Drivers/lvgl/lvgl/src/widgets/../core/lv_obj_style_gen.h **** }
 144:Drivers/lvgl/lvgl/src/widgets/../core/lv_obj_style_gen.h **** 
ARM GAS  /tmp/ccgcxpqE.s 			page 10


 145:Drivers/lvgl/lvgl/src/widgets/../core/lv_obj_style_gen.h **** static inline lv_color_t lv_obj_get_style_bg_color_filtered(const struct _lv_obj_t * obj, uint32_t 
 146:Drivers/lvgl/lvgl/src/widgets/../core/lv_obj_style_gen.h **** {
 147:Drivers/lvgl/lvgl/src/widgets/../core/lv_obj_style_gen.h ****     lv_style_value_t v = _lv_obj_style_apply_color_filter(obj, part, lv_obj_get_style_prop(obj, par
 148:Drivers/lvgl/lvgl/src/widgets/../core/lv_obj_style_gen.h ****     return v.color;
 149:Drivers/lvgl/lvgl/src/widgets/../core/lv_obj_style_gen.h **** }
 150:Drivers/lvgl/lvgl/src/widgets/../core/lv_obj_style_gen.h **** 
 151:Drivers/lvgl/lvgl/src/widgets/../core/lv_obj_style_gen.h **** static inline lv_opa_t lv_obj_get_style_bg_opa(const struct _lv_obj_t * obj, uint32_t part)
 152:Drivers/lvgl/lvgl/src/widgets/../core/lv_obj_style_gen.h **** {
 153:Drivers/lvgl/lvgl/src/widgets/../core/lv_obj_style_gen.h ****     lv_style_value_t v = lv_obj_get_style_prop(obj, part, LV_STYLE_BG_OPA);
 154:Drivers/lvgl/lvgl/src/widgets/../core/lv_obj_style_gen.h ****     return (lv_opa_t)v.num;
 155:Drivers/lvgl/lvgl/src/widgets/../core/lv_obj_style_gen.h **** }
 156:Drivers/lvgl/lvgl/src/widgets/../core/lv_obj_style_gen.h **** 
 157:Drivers/lvgl/lvgl/src/widgets/../core/lv_obj_style_gen.h **** static inline lv_color_t lv_obj_get_style_bg_grad_color(const struct _lv_obj_t * obj, uint32_t part
 158:Drivers/lvgl/lvgl/src/widgets/../core/lv_obj_style_gen.h **** {
 159:Drivers/lvgl/lvgl/src/widgets/../core/lv_obj_style_gen.h ****     lv_style_value_t v = lv_obj_get_style_prop(obj, part, LV_STYLE_BG_GRAD_COLOR);
 160:Drivers/lvgl/lvgl/src/widgets/../core/lv_obj_style_gen.h ****     return v.color;
 161:Drivers/lvgl/lvgl/src/widgets/../core/lv_obj_style_gen.h **** }
 162:Drivers/lvgl/lvgl/src/widgets/../core/lv_obj_style_gen.h **** 
 163:Drivers/lvgl/lvgl/src/widgets/../core/lv_obj_style_gen.h **** static inline lv_color_t lv_obj_get_style_bg_grad_color_filtered(const struct _lv_obj_t * obj, uint
 164:Drivers/lvgl/lvgl/src/widgets/../core/lv_obj_style_gen.h **** {
 165:Drivers/lvgl/lvgl/src/widgets/../core/lv_obj_style_gen.h ****     lv_style_value_t v = _lv_obj_style_apply_color_filter(obj, part, lv_obj_get_style_prop(obj, par
 166:Drivers/lvgl/lvgl/src/widgets/../core/lv_obj_style_gen.h ****     return v.color;
 167:Drivers/lvgl/lvgl/src/widgets/../core/lv_obj_style_gen.h **** }
 168:Drivers/lvgl/lvgl/src/widgets/../core/lv_obj_style_gen.h **** 
 169:Drivers/lvgl/lvgl/src/widgets/../core/lv_obj_style_gen.h **** static inline lv_grad_dir_t lv_obj_get_style_bg_grad_dir(const struct _lv_obj_t * obj, uint32_t par
 170:Drivers/lvgl/lvgl/src/widgets/../core/lv_obj_style_gen.h **** {
 171:Drivers/lvgl/lvgl/src/widgets/../core/lv_obj_style_gen.h ****     lv_style_value_t v = lv_obj_get_style_prop(obj, part, LV_STYLE_BG_GRAD_DIR);
 172:Drivers/lvgl/lvgl/src/widgets/../core/lv_obj_style_gen.h ****     return (lv_grad_dir_t)v.num;
 173:Drivers/lvgl/lvgl/src/widgets/../core/lv_obj_style_gen.h **** }
 174:Drivers/lvgl/lvgl/src/widgets/../core/lv_obj_style_gen.h **** 
 175:Drivers/lvgl/lvgl/src/widgets/../core/lv_obj_style_gen.h **** static inline lv_coord_t lv_obj_get_style_bg_main_stop(const struct _lv_obj_t * obj, uint32_t part)
 176:Drivers/lvgl/lvgl/src/widgets/../core/lv_obj_style_gen.h **** {
 177:Drivers/lvgl/lvgl/src/widgets/../core/lv_obj_style_gen.h ****     lv_style_value_t v = lv_obj_get_style_prop(obj, part, LV_STYLE_BG_MAIN_STOP);
 178:Drivers/lvgl/lvgl/src/widgets/../core/lv_obj_style_gen.h ****     return (lv_coord_t)v.num;
 179:Drivers/lvgl/lvgl/src/widgets/../core/lv_obj_style_gen.h **** }
 180:Drivers/lvgl/lvgl/src/widgets/../core/lv_obj_style_gen.h **** 
 181:Drivers/lvgl/lvgl/src/widgets/../core/lv_obj_style_gen.h **** static inline lv_coord_t lv_obj_get_style_bg_grad_stop(const struct _lv_obj_t * obj, uint32_t part)
 182:Drivers/lvgl/lvgl/src/widgets/../core/lv_obj_style_gen.h **** {
 183:Drivers/lvgl/lvgl/src/widgets/../core/lv_obj_style_gen.h ****     lv_style_value_t v = lv_obj_get_style_prop(obj, part, LV_STYLE_BG_GRAD_STOP);
 184:Drivers/lvgl/lvgl/src/widgets/../core/lv_obj_style_gen.h ****     return (lv_coord_t)v.num;
 185:Drivers/lvgl/lvgl/src/widgets/../core/lv_obj_style_gen.h **** }
 186:Drivers/lvgl/lvgl/src/widgets/../core/lv_obj_style_gen.h **** 
 187:Drivers/lvgl/lvgl/src/widgets/../core/lv_obj_style_gen.h **** static inline const lv_grad_dsc_t * lv_obj_get_style_bg_grad(const struct _lv_obj_t * obj, uint32_t
 188:Drivers/lvgl/lvgl/src/widgets/../core/lv_obj_style_gen.h **** {
 189:Drivers/lvgl/lvgl/src/widgets/../core/lv_obj_style_gen.h ****     lv_style_value_t v = lv_obj_get_style_prop(obj, part, LV_STYLE_BG_GRAD);
 190:Drivers/lvgl/lvgl/src/widgets/../core/lv_obj_style_gen.h ****     return (const lv_grad_dsc_t *)v.ptr;
 191:Drivers/lvgl/lvgl/src/widgets/../core/lv_obj_style_gen.h **** }
 192:Drivers/lvgl/lvgl/src/widgets/../core/lv_obj_style_gen.h **** 
 193:Drivers/lvgl/lvgl/src/widgets/../core/lv_obj_style_gen.h **** static inline lv_dither_mode_t lv_obj_get_style_bg_dither_mode(const struct _lv_obj_t * obj, uint32
 194:Drivers/lvgl/lvgl/src/widgets/../core/lv_obj_style_gen.h **** {
 195:Drivers/lvgl/lvgl/src/widgets/../core/lv_obj_style_gen.h ****     lv_style_value_t v = lv_obj_get_style_prop(obj, part, LV_STYLE_BG_DITHER_MODE);
 196:Drivers/lvgl/lvgl/src/widgets/../core/lv_obj_style_gen.h ****     return (lv_dither_mode_t)v.num;
 197:Drivers/lvgl/lvgl/src/widgets/../core/lv_obj_style_gen.h **** }
 198:Drivers/lvgl/lvgl/src/widgets/../core/lv_obj_style_gen.h **** 
 199:Drivers/lvgl/lvgl/src/widgets/../core/lv_obj_style_gen.h **** static inline const void * lv_obj_get_style_bg_img_src(const struct _lv_obj_t * obj, uint32_t part)
 200:Drivers/lvgl/lvgl/src/widgets/../core/lv_obj_style_gen.h **** {
 201:Drivers/lvgl/lvgl/src/widgets/../core/lv_obj_style_gen.h ****     lv_style_value_t v = lv_obj_get_style_prop(obj, part, LV_STYLE_BG_IMG_SRC);
ARM GAS  /tmp/ccgcxpqE.s 			page 11


 202:Drivers/lvgl/lvgl/src/widgets/../core/lv_obj_style_gen.h ****     return (const void *)v.ptr;
 203:Drivers/lvgl/lvgl/src/widgets/../core/lv_obj_style_gen.h **** }
 204:Drivers/lvgl/lvgl/src/widgets/../core/lv_obj_style_gen.h **** 
 205:Drivers/lvgl/lvgl/src/widgets/../core/lv_obj_style_gen.h **** static inline lv_opa_t lv_obj_get_style_bg_img_opa(const struct _lv_obj_t * obj, uint32_t part)
 206:Drivers/lvgl/lvgl/src/widgets/../core/lv_obj_style_gen.h **** {
 207:Drivers/lvgl/lvgl/src/widgets/../core/lv_obj_style_gen.h ****     lv_style_value_t v = lv_obj_get_style_prop(obj, part, LV_STYLE_BG_IMG_OPA);
 208:Drivers/lvgl/lvgl/src/widgets/../core/lv_obj_style_gen.h ****     return (lv_opa_t)v.num;
 209:Drivers/lvgl/lvgl/src/widgets/../core/lv_obj_style_gen.h **** }
 210:Drivers/lvgl/lvgl/src/widgets/../core/lv_obj_style_gen.h **** 
 211:Drivers/lvgl/lvgl/src/widgets/../core/lv_obj_style_gen.h **** static inline lv_color_t lv_obj_get_style_bg_img_recolor(const struct _lv_obj_t * obj, uint32_t par
 212:Drivers/lvgl/lvgl/src/widgets/../core/lv_obj_style_gen.h **** {
 213:Drivers/lvgl/lvgl/src/widgets/../core/lv_obj_style_gen.h ****     lv_style_value_t v = lv_obj_get_style_prop(obj, part, LV_STYLE_BG_IMG_RECOLOR);
 214:Drivers/lvgl/lvgl/src/widgets/../core/lv_obj_style_gen.h ****     return v.color;
 215:Drivers/lvgl/lvgl/src/widgets/../core/lv_obj_style_gen.h **** }
 216:Drivers/lvgl/lvgl/src/widgets/../core/lv_obj_style_gen.h **** 
 217:Drivers/lvgl/lvgl/src/widgets/../core/lv_obj_style_gen.h **** static inline lv_color_t lv_obj_get_style_bg_img_recolor_filtered(const struct _lv_obj_t * obj, uin
 218:Drivers/lvgl/lvgl/src/widgets/../core/lv_obj_style_gen.h **** {
 219:Drivers/lvgl/lvgl/src/widgets/../core/lv_obj_style_gen.h ****     lv_style_value_t v = _lv_obj_style_apply_color_filter(obj, part, lv_obj_get_style_prop(obj, par
 220:Drivers/lvgl/lvgl/src/widgets/../core/lv_obj_style_gen.h ****     return v.color;
 221:Drivers/lvgl/lvgl/src/widgets/../core/lv_obj_style_gen.h **** }
 222:Drivers/lvgl/lvgl/src/widgets/../core/lv_obj_style_gen.h **** 
 223:Drivers/lvgl/lvgl/src/widgets/../core/lv_obj_style_gen.h **** static inline lv_opa_t lv_obj_get_style_bg_img_recolor_opa(const struct _lv_obj_t * obj, uint32_t p
 224:Drivers/lvgl/lvgl/src/widgets/../core/lv_obj_style_gen.h **** {
 225:Drivers/lvgl/lvgl/src/widgets/../core/lv_obj_style_gen.h ****     lv_style_value_t v = lv_obj_get_style_prop(obj, part, LV_STYLE_BG_IMG_RECOLOR_OPA);
 226:Drivers/lvgl/lvgl/src/widgets/../core/lv_obj_style_gen.h ****     return (lv_opa_t)v.num;
 227:Drivers/lvgl/lvgl/src/widgets/../core/lv_obj_style_gen.h **** }
 228:Drivers/lvgl/lvgl/src/widgets/../core/lv_obj_style_gen.h **** 
 229:Drivers/lvgl/lvgl/src/widgets/../core/lv_obj_style_gen.h **** static inline bool lv_obj_get_style_bg_img_tiled(const struct _lv_obj_t * obj, uint32_t part)
 230:Drivers/lvgl/lvgl/src/widgets/../core/lv_obj_style_gen.h **** {
 231:Drivers/lvgl/lvgl/src/widgets/../core/lv_obj_style_gen.h ****     lv_style_value_t v = lv_obj_get_style_prop(obj, part, LV_STYLE_BG_IMG_TILED);
 232:Drivers/lvgl/lvgl/src/widgets/../core/lv_obj_style_gen.h ****     return (bool)v.num;
 233:Drivers/lvgl/lvgl/src/widgets/../core/lv_obj_style_gen.h **** }
 234:Drivers/lvgl/lvgl/src/widgets/../core/lv_obj_style_gen.h **** 
 235:Drivers/lvgl/lvgl/src/widgets/../core/lv_obj_style_gen.h **** static inline lv_color_t lv_obj_get_style_border_color(const struct _lv_obj_t * obj, uint32_t part)
 236:Drivers/lvgl/lvgl/src/widgets/../core/lv_obj_style_gen.h **** {
 237:Drivers/lvgl/lvgl/src/widgets/../core/lv_obj_style_gen.h ****     lv_style_value_t v = lv_obj_get_style_prop(obj, part, LV_STYLE_BORDER_COLOR);
 238:Drivers/lvgl/lvgl/src/widgets/../core/lv_obj_style_gen.h ****     return v.color;
 239:Drivers/lvgl/lvgl/src/widgets/../core/lv_obj_style_gen.h **** }
 240:Drivers/lvgl/lvgl/src/widgets/../core/lv_obj_style_gen.h **** 
 241:Drivers/lvgl/lvgl/src/widgets/../core/lv_obj_style_gen.h **** static inline lv_color_t lv_obj_get_style_border_color_filtered(const struct _lv_obj_t * obj, uint3
 242:Drivers/lvgl/lvgl/src/widgets/../core/lv_obj_style_gen.h **** {
 243:Drivers/lvgl/lvgl/src/widgets/../core/lv_obj_style_gen.h ****     lv_style_value_t v = _lv_obj_style_apply_color_filter(obj, part, lv_obj_get_style_prop(obj, par
 244:Drivers/lvgl/lvgl/src/widgets/../core/lv_obj_style_gen.h ****     return v.color;
 245:Drivers/lvgl/lvgl/src/widgets/../core/lv_obj_style_gen.h **** }
 246:Drivers/lvgl/lvgl/src/widgets/../core/lv_obj_style_gen.h **** 
 247:Drivers/lvgl/lvgl/src/widgets/../core/lv_obj_style_gen.h **** static inline lv_opa_t lv_obj_get_style_border_opa(const struct _lv_obj_t * obj, uint32_t part)
 248:Drivers/lvgl/lvgl/src/widgets/../core/lv_obj_style_gen.h **** {
 249:Drivers/lvgl/lvgl/src/widgets/../core/lv_obj_style_gen.h ****     lv_style_value_t v = lv_obj_get_style_prop(obj, part, LV_STYLE_BORDER_OPA);
 250:Drivers/lvgl/lvgl/src/widgets/../core/lv_obj_style_gen.h ****     return (lv_opa_t)v.num;
 251:Drivers/lvgl/lvgl/src/widgets/../core/lv_obj_style_gen.h **** }
 252:Drivers/lvgl/lvgl/src/widgets/../core/lv_obj_style_gen.h **** 
 253:Drivers/lvgl/lvgl/src/widgets/../core/lv_obj_style_gen.h **** static inline lv_coord_t lv_obj_get_style_border_width(const struct _lv_obj_t * obj, uint32_t part)
 254:Drivers/lvgl/lvgl/src/widgets/../core/lv_obj_style_gen.h **** {
 255:Drivers/lvgl/lvgl/src/widgets/../core/lv_obj_style_gen.h ****     lv_style_value_t v = lv_obj_get_style_prop(obj, part, LV_STYLE_BORDER_WIDTH);
 256:Drivers/lvgl/lvgl/src/widgets/../core/lv_obj_style_gen.h ****     return (lv_coord_t)v.num;
 257:Drivers/lvgl/lvgl/src/widgets/../core/lv_obj_style_gen.h **** }
 258:Drivers/lvgl/lvgl/src/widgets/../core/lv_obj_style_gen.h **** 
ARM GAS  /tmp/ccgcxpqE.s 			page 12


 259:Drivers/lvgl/lvgl/src/widgets/../core/lv_obj_style_gen.h **** static inline lv_border_side_t lv_obj_get_style_border_side(const struct _lv_obj_t * obj, uint32_t 
 260:Drivers/lvgl/lvgl/src/widgets/../core/lv_obj_style_gen.h **** {
 261:Drivers/lvgl/lvgl/src/widgets/../core/lv_obj_style_gen.h ****     lv_style_value_t v = lv_obj_get_style_prop(obj, part, LV_STYLE_BORDER_SIDE);
 262:Drivers/lvgl/lvgl/src/widgets/../core/lv_obj_style_gen.h ****     return (lv_border_side_t)v.num;
 263:Drivers/lvgl/lvgl/src/widgets/../core/lv_obj_style_gen.h **** }
 264:Drivers/lvgl/lvgl/src/widgets/../core/lv_obj_style_gen.h **** 
 265:Drivers/lvgl/lvgl/src/widgets/../core/lv_obj_style_gen.h **** static inline bool lv_obj_get_style_border_post(const struct _lv_obj_t * obj, uint32_t part)
 266:Drivers/lvgl/lvgl/src/widgets/../core/lv_obj_style_gen.h **** {
 267:Drivers/lvgl/lvgl/src/widgets/../core/lv_obj_style_gen.h ****     lv_style_value_t v = lv_obj_get_style_prop(obj, part, LV_STYLE_BORDER_POST);
 268:Drivers/lvgl/lvgl/src/widgets/../core/lv_obj_style_gen.h ****     return (bool)v.num;
 269:Drivers/lvgl/lvgl/src/widgets/../core/lv_obj_style_gen.h **** }
 270:Drivers/lvgl/lvgl/src/widgets/../core/lv_obj_style_gen.h **** 
 271:Drivers/lvgl/lvgl/src/widgets/../core/lv_obj_style_gen.h **** static inline lv_coord_t lv_obj_get_style_outline_width(const struct _lv_obj_t * obj, uint32_t part
 272:Drivers/lvgl/lvgl/src/widgets/../core/lv_obj_style_gen.h **** {
 273:Drivers/lvgl/lvgl/src/widgets/../core/lv_obj_style_gen.h ****     lv_style_value_t v = lv_obj_get_style_prop(obj, part, LV_STYLE_OUTLINE_WIDTH);
 274:Drivers/lvgl/lvgl/src/widgets/../core/lv_obj_style_gen.h ****     return (lv_coord_t)v.num;
 275:Drivers/lvgl/lvgl/src/widgets/../core/lv_obj_style_gen.h **** }
 276:Drivers/lvgl/lvgl/src/widgets/../core/lv_obj_style_gen.h **** 
 277:Drivers/lvgl/lvgl/src/widgets/../core/lv_obj_style_gen.h **** static inline lv_color_t lv_obj_get_style_outline_color(const struct _lv_obj_t * obj, uint32_t part
 278:Drivers/lvgl/lvgl/src/widgets/../core/lv_obj_style_gen.h **** {
 279:Drivers/lvgl/lvgl/src/widgets/../core/lv_obj_style_gen.h ****     lv_style_value_t v = lv_obj_get_style_prop(obj, part, LV_STYLE_OUTLINE_COLOR);
 280:Drivers/lvgl/lvgl/src/widgets/../core/lv_obj_style_gen.h ****     return v.color;
 281:Drivers/lvgl/lvgl/src/widgets/../core/lv_obj_style_gen.h **** }
 282:Drivers/lvgl/lvgl/src/widgets/../core/lv_obj_style_gen.h **** 
 283:Drivers/lvgl/lvgl/src/widgets/../core/lv_obj_style_gen.h **** static inline lv_color_t lv_obj_get_style_outline_color_filtered(const struct _lv_obj_t * obj, uint
 284:Drivers/lvgl/lvgl/src/widgets/../core/lv_obj_style_gen.h **** {
 285:Drivers/lvgl/lvgl/src/widgets/../core/lv_obj_style_gen.h ****     lv_style_value_t v = _lv_obj_style_apply_color_filter(obj, part, lv_obj_get_style_prop(obj, par
 286:Drivers/lvgl/lvgl/src/widgets/../core/lv_obj_style_gen.h ****     return v.color;
 287:Drivers/lvgl/lvgl/src/widgets/../core/lv_obj_style_gen.h **** }
 288:Drivers/lvgl/lvgl/src/widgets/../core/lv_obj_style_gen.h **** 
 289:Drivers/lvgl/lvgl/src/widgets/../core/lv_obj_style_gen.h **** static inline lv_opa_t lv_obj_get_style_outline_opa(const struct _lv_obj_t * obj, uint32_t part)
 290:Drivers/lvgl/lvgl/src/widgets/../core/lv_obj_style_gen.h **** {
 291:Drivers/lvgl/lvgl/src/widgets/../core/lv_obj_style_gen.h ****     lv_style_value_t v = lv_obj_get_style_prop(obj, part, LV_STYLE_OUTLINE_OPA);
 292:Drivers/lvgl/lvgl/src/widgets/../core/lv_obj_style_gen.h ****     return (lv_opa_t)v.num;
 293:Drivers/lvgl/lvgl/src/widgets/../core/lv_obj_style_gen.h **** }
 294:Drivers/lvgl/lvgl/src/widgets/../core/lv_obj_style_gen.h **** 
 295:Drivers/lvgl/lvgl/src/widgets/../core/lv_obj_style_gen.h **** static inline lv_coord_t lv_obj_get_style_outline_pad(const struct _lv_obj_t * obj, uint32_t part)
 296:Drivers/lvgl/lvgl/src/widgets/../core/lv_obj_style_gen.h **** {
 297:Drivers/lvgl/lvgl/src/widgets/../core/lv_obj_style_gen.h ****     lv_style_value_t v = lv_obj_get_style_prop(obj, part, LV_STYLE_OUTLINE_PAD);
 298:Drivers/lvgl/lvgl/src/widgets/../core/lv_obj_style_gen.h ****     return (lv_coord_t)v.num;
 299:Drivers/lvgl/lvgl/src/widgets/../core/lv_obj_style_gen.h **** }
 300:Drivers/lvgl/lvgl/src/widgets/../core/lv_obj_style_gen.h **** 
 301:Drivers/lvgl/lvgl/src/widgets/../core/lv_obj_style_gen.h **** static inline lv_coord_t lv_obj_get_style_shadow_width(const struct _lv_obj_t * obj, uint32_t part)
 302:Drivers/lvgl/lvgl/src/widgets/../core/lv_obj_style_gen.h **** {
 303:Drivers/lvgl/lvgl/src/widgets/../core/lv_obj_style_gen.h ****     lv_style_value_t v = lv_obj_get_style_prop(obj, part, LV_STYLE_SHADOW_WIDTH);
 304:Drivers/lvgl/lvgl/src/widgets/../core/lv_obj_style_gen.h ****     return (lv_coord_t)v.num;
 305:Drivers/lvgl/lvgl/src/widgets/../core/lv_obj_style_gen.h **** }
 306:Drivers/lvgl/lvgl/src/widgets/../core/lv_obj_style_gen.h **** 
 307:Drivers/lvgl/lvgl/src/widgets/../core/lv_obj_style_gen.h **** static inline lv_coord_t lv_obj_get_style_shadow_ofs_x(const struct _lv_obj_t * obj, uint32_t part)
 308:Drivers/lvgl/lvgl/src/widgets/../core/lv_obj_style_gen.h **** {
 309:Drivers/lvgl/lvgl/src/widgets/../core/lv_obj_style_gen.h ****     lv_style_value_t v = lv_obj_get_style_prop(obj, part, LV_STYLE_SHADOW_OFS_X);
 310:Drivers/lvgl/lvgl/src/widgets/../core/lv_obj_style_gen.h ****     return (lv_coord_t)v.num;
 311:Drivers/lvgl/lvgl/src/widgets/../core/lv_obj_style_gen.h **** }
 312:Drivers/lvgl/lvgl/src/widgets/../core/lv_obj_style_gen.h **** 
 313:Drivers/lvgl/lvgl/src/widgets/../core/lv_obj_style_gen.h **** static inline lv_coord_t lv_obj_get_style_shadow_ofs_y(const struct _lv_obj_t * obj, uint32_t part)
 314:Drivers/lvgl/lvgl/src/widgets/../core/lv_obj_style_gen.h **** {
 315:Drivers/lvgl/lvgl/src/widgets/../core/lv_obj_style_gen.h ****     lv_style_value_t v = lv_obj_get_style_prop(obj, part, LV_STYLE_SHADOW_OFS_Y);
ARM GAS  /tmp/ccgcxpqE.s 			page 13


 316:Drivers/lvgl/lvgl/src/widgets/../core/lv_obj_style_gen.h ****     return (lv_coord_t)v.num;
 317:Drivers/lvgl/lvgl/src/widgets/../core/lv_obj_style_gen.h **** }
 318:Drivers/lvgl/lvgl/src/widgets/../core/lv_obj_style_gen.h **** 
 319:Drivers/lvgl/lvgl/src/widgets/../core/lv_obj_style_gen.h **** static inline lv_coord_t lv_obj_get_style_shadow_spread(const struct _lv_obj_t * obj, uint32_t part
 320:Drivers/lvgl/lvgl/src/widgets/../core/lv_obj_style_gen.h **** {
 321:Drivers/lvgl/lvgl/src/widgets/../core/lv_obj_style_gen.h ****     lv_style_value_t v = lv_obj_get_style_prop(obj, part, LV_STYLE_SHADOW_SPREAD);
 322:Drivers/lvgl/lvgl/src/widgets/../core/lv_obj_style_gen.h ****     return (lv_coord_t)v.num;
 323:Drivers/lvgl/lvgl/src/widgets/../core/lv_obj_style_gen.h **** }
 324:Drivers/lvgl/lvgl/src/widgets/../core/lv_obj_style_gen.h **** 
 325:Drivers/lvgl/lvgl/src/widgets/../core/lv_obj_style_gen.h **** static inline lv_color_t lv_obj_get_style_shadow_color(const struct _lv_obj_t * obj, uint32_t part)
 326:Drivers/lvgl/lvgl/src/widgets/../core/lv_obj_style_gen.h **** {
 327:Drivers/lvgl/lvgl/src/widgets/../core/lv_obj_style_gen.h ****     lv_style_value_t v = lv_obj_get_style_prop(obj, part, LV_STYLE_SHADOW_COLOR);
 328:Drivers/lvgl/lvgl/src/widgets/../core/lv_obj_style_gen.h ****     return v.color;
 329:Drivers/lvgl/lvgl/src/widgets/../core/lv_obj_style_gen.h **** }
 330:Drivers/lvgl/lvgl/src/widgets/../core/lv_obj_style_gen.h **** 
 331:Drivers/lvgl/lvgl/src/widgets/../core/lv_obj_style_gen.h **** static inline lv_color_t lv_obj_get_style_shadow_color_filtered(const struct _lv_obj_t * obj, uint3
 332:Drivers/lvgl/lvgl/src/widgets/../core/lv_obj_style_gen.h **** {
 333:Drivers/lvgl/lvgl/src/widgets/../core/lv_obj_style_gen.h ****     lv_style_value_t v = _lv_obj_style_apply_color_filter(obj, part, lv_obj_get_style_prop(obj, par
 334:Drivers/lvgl/lvgl/src/widgets/../core/lv_obj_style_gen.h ****     return v.color;
 335:Drivers/lvgl/lvgl/src/widgets/../core/lv_obj_style_gen.h **** }
 336:Drivers/lvgl/lvgl/src/widgets/../core/lv_obj_style_gen.h **** 
 337:Drivers/lvgl/lvgl/src/widgets/../core/lv_obj_style_gen.h **** static inline lv_opa_t lv_obj_get_style_shadow_opa(const struct _lv_obj_t * obj, uint32_t part)
 338:Drivers/lvgl/lvgl/src/widgets/../core/lv_obj_style_gen.h **** {
 339:Drivers/lvgl/lvgl/src/widgets/../core/lv_obj_style_gen.h ****     lv_style_value_t v = lv_obj_get_style_prop(obj, part, LV_STYLE_SHADOW_OPA);
 340:Drivers/lvgl/lvgl/src/widgets/../core/lv_obj_style_gen.h ****     return (lv_opa_t)v.num;
 341:Drivers/lvgl/lvgl/src/widgets/../core/lv_obj_style_gen.h **** }
 342:Drivers/lvgl/lvgl/src/widgets/../core/lv_obj_style_gen.h **** 
 343:Drivers/lvgl/lvgl/src/widgets/../core/lv_obj_style_gen.h **** static inline lv_opa_t lv_obj_get_style_img_opa(const struct _lv_obj_t * obj, uint32_t part)
 344:Drivers/lvgl/lvgl/src/widgets/../core/lv_obj_style_gen.h **** {
 345:Drivers/lvgl/lvgl/src/widgets/../core/lv_obj_style_gen.h ****     lv_style_value_t v = lv_obj_get_style_prop(obj, part, LV_STYLE_IMG_OPA);
 346:Drivers/lvgl/lvgl/src/widgets/../core/lv_obj_style_gen.h ****     return (lv_opa_t)v.num;
 347:Drivers/lvgl/lvgl/src/widgets/../core/lv_obj_style_gen.h **** }
 348:Drivers/lvgl/lvgl/src/widgets/../core/lv_obj_style_gen.h **** 
 349:Drivers/lvgl/lvgl/src/widgets/../core/lv_obj_style_gen.h **** static inline lv_color_t lv_obj_get_style_img_recolor(const struct _lv_obj_t * obj, uint32_t part)
 350:Drivers/lvgl/lvgl/src/widgets/../core/lv_obj_style_gen.h **** {
 351:Drivers/lvgl/lvgl/src/widgets/../core/lv_obj_style_gen.h ****     lv_style_value_t v = lv_obj_get_style_prop(obj, part, LV_STYLE_IMG_RECOLOR);
 352:Drivers/lvgl/lvgl/src/widgets/../core/lv_obj_style_gen.h ****     return v.color;
 353:Drivers/lvgl/lvgl/src/widgets/../core/lv_obj_style_gen.h **** }
 354:Drivers/lvgl/lvgl/src/widgets/../core/lv_obj_style_gen.h **** 
 355:Drivers/lvgl/lvgl/src/widgets/../core/lv_obj_style_gen.h **** static inline lv_color_t lv_obj_get_style_img_recolor_filtered(const struct _lv_obj_t * obj, uint32
 356:Drivers/lvgl/lvgl/src/widgets/../core/lv_obj_style_gen.h **** {
 357:Drivers/lvgl/lvgl/src/widgets/../core/lv_obj_style_gen.h ****     lv_style_value_t v = _lv_obj_style_apply_color_filter(obj, part, lv_obj_get_style_prop(obj, par
 358:Drivers/lvgl/lvgl/src/widgets/../core/lv_obj_style_gen.h ****     return v.color;
 359:Drivers/lvgl/lvgl/src/widgets/../core/lv_obj_style_gen.h **** }
 360:Drivers/lvgl/lvgl/src/widgets/../core/lv_obj_style_gen.h **** 
 361:Drivers/lvgl/lvgl/src/widgets/../core/lv_obj_style_gen.h **** static inline lv_opa_t lv_obj_get_style_img_recolor_opa(const struct _lv_obj_t * obj, uint32_t part
 362:Drivers/lvgl/lvgl/src/widgets/../core/lv_obj_style_gen.h **** {
 363:Drivers/lvgl/lvgl/src/widgets/../core/lv_obj_style_gen.h ****     lv_style_value_t v = lv_obj_get_style_prop(obj, part, LV_STYLE_IMG_RECOLOR_OPA);
 364:Drivers/lvgl/lvgl/src/widgets/../core/lv_obj_style_gen.h ****     return (lv_opa_t)v.num;
 365:Drivers/lvgl/lvgl/src/widgets/../core/lv_obj_style_gen.h **** }
 366:Drivers/lvgl/lvgl/src/widgets/../core/lv_obj_style_gen.h **** 
 367:Drivers/lvgl/lvgl/src/widgets/../core/lv_obj_style_gen.h **** static inline lv_coord_t lv_obj_get_style_line_width(const struct _lv_obj_t * obj, uint32_t part)
 368:Drivers/lvgl/lvgl/src/widgets/../core/lv_obj_style_gen.h **** {
 369:Drivers/lvgl/lvgl/src/widgets/../core/lv_obj_style_gen.h ****     lv_style_value_t v = lv_obj_get_style_prop(obj, part, LV_STYLE_LINE_WIDTH);
 156              		.loc 2 369 0
 157 008c 4922     		movs	r2, #73
 158 008e 0021     		movs	r1, #0
ARM GAS  /tmp/ccgcxpqE.s 			page 14


 159 0090 FFF7FEFF 		bl	lv_obj_get_style_prop
 160              	.LVL26:
 370:Drivers/lvgl/lvgl/src/widgets/../core/lv_obj_style_gen.h ****     return (lv_coord_t)v.num;
 161              		.loc 2 370 0
 162 0094 05B2     		sxth	r5, r0
 163              	.LVL27:
 164              	.LBE15:
 165              	.LBE14:
 140:Drivers/lvgl/lvgl/src/widgets/lv_line.c ****         if(*s < line_width) *s = line_width;
 166              		.loc 1 140 0
 167 0096 2046     		mov	r0, r4
 168 0098 FFF7FEFF 		bl	lv_event_get_param
 169              	.LVL28:
 141:Drivers/lvgl/lvgl/src/widgets/lv_line.c ****     }
 170              		.loc 1 141 0
 171 009c B0F90030 		ldrsh	r3, [r0]
 172 00a0 AB42     		cmp	r3, r5
 173 00a2 B6DA     		bge	.L1
 141:Drivers/lvgl/lvgl/src/widgets/lv_line.c ****     }
 174              		.loc 1 141 0 is_stmt 0 discriminator 1
 175 00a4 0580     		strh	r5, [r0]	@ movhi
 176 00a6 B4E7     		b	.L1
 177              	.LVL29:
 178              	.L15:
 179              	.LBE13:
 180              	.LBB16:
 146:Drivers/lvgl/lvgl/src/widgets/lv_line.c **** 
 181              		.loc 1 146 0 is_stmt 1
 182 00a8 038D     		ldrh	r3, [r0, #40]
 183 00aa 002B     		cmp	r3, #0
 184 00ac B1D0     		beq	.L1
 146:Drivers/lvgl/lvgl/src/widgets/lv_line.c **** 
 185              		.loc 1 146 0 is_stmt 0 discriminator 1
 186 00ae 436A     		ldr	r3, [r0, #36]
 187 00b0 002B     		cmp	r3, #0
 188 00b2 AED0     		beq	.L1
 148:Drivers/lvgl/lvgl/src/widgets/lv_line.c ****         lv_coord_t w = 0;
 189              		.loc 1 148 0 is_stmt 1
 190 00b4 2046     		mov	r0, r4
 191              	.LVL30:
 192 00b6 FFF7FEFF 		bl	lv_event_get_param
 193              	.LVL31:
 194 00ba 0746     		mov	r7, r0
 195              	.LVL32:
 153:Drivers/lvgl/lvgl/src/widgets/lv_line.c ****             w = LV_MAX(line->point_array[i].x, w);
 196              		.loc 1 153 0
 197 00bc 0023     		movs	r3, #0
 150:Drivers/lvgl/lvgl/src/widgets/lv_line.c **** 
 198              		.loc 1 150 0
 199 00be 1E46     		mov	r6, r3
 200              	.LVL33:
 149:Drivers/lvgl/lvgl/src/widgets/lv_line.c ****         lv_coord_t h = 0;
 201              		.loc 1 149 0
 202 00c0 1C46     		mov	r4, r3
 203              	.LVL34:
 153:Drivers/lvgl/lvgl/src/widgets/lv_line.c ****             w = LV_MAX(line->point_array[i].x, w);
 204              		.loc 1 153 0
ARM GAS  /tmp/ccgcxpqE.s 			page 15


 205 00c2 0EE0     		b	.L5
 206              	.LVL35:
 207              	.L6:
 154:Drivers/lvgl/lvgl/src/widgets/lv_line.c ****             h = LV_MAX(line->point_array[i].y, h);
 208              		.loc 1 154 0 discriminator 3
 209 00c4 6A6A     		ldr	r2, [r5, #36]
 210 00c6 02EB8301 		add	r1, r2, r3, lsl #2
 211 00ca 32F92320 		ldrsh	r2, [r2, r3, lsl #2]
 212 00ce 9442     		cmp	r4, r2
 213 00d0 B8BF     		it	lt
 214 00d2 1446     		movlt	r4, r2
 215              	.LVL36:
 155:Drivers/lvgl/lvgl/src/widgets/lv_line.c ****         }
 216              		.loc 1 155 0 discriminator 3
 217 00d4 B1F90220 		ldrsh	r2, [r1, #2]
 218 00d8 9642     		cmp	r6, r2
 219 00da B8BF     		it	lt
 220 00dc 1646     		movlt	r6, r2
 221              	.LVL37:
 153:Drivers/lvgl/lvgl/src/widgets/lv_line.c ****             w = LV_MAX(line->point_array[i].x, w);
 222              		.loc 1 153 0 discriminator 3
 223 00de 0133     		adds	r3, r3, #1
 224              	.LVL38:
 225 00e0 9BB2     		uxth	r3, r3
 226              	.LVL39:
 227              	.L5:
 153:Drivers/lvgl/lvgl/src/widgets/lv_line.c ****             w = LV_MAX(line->point_array[i].x, w);
 228              		.loc 1 153 0 is_stmt 0 discriminator 1
 229 00e2 2A8D     		ldrh	r2, [r5, #40]
 230 00e4 9A42     		cmp	r2, r3
 231 00e6 EDD8     		bhi	.L6
 232              	.LVL40:
 233              	.LBB17:
 234              	.LBB18:
 369:Drivers/lvgl/lvgl/src/widgets/../core/lv_obj_style_gen.h ****     return (lv_coord_t)v.num;
 235              		.loc 2 369 0 is_stmt 1
 236 00e8 4922     		movs	r2, #73
 237 00ea 0021     		movs	r1, #0
 238 00ec 2846     		mov	r0, r5
 239              	.LVL41:
 240 00ee FFF7FEFF 		bl	lv_obj_get_style_prop
 241              	.LVL42:
 242              	.LBE18:
 243              	.LBE17:
 159:Drivers/lvgl/lvgl/src/widgets/lv_line.c ****         h += line_width;
 244              		.loc 1 159 0
 245 00f2 80B2     		uxth	r0, r0
 246 00f4 0444     		add	r4, r4, r0
 247              	.LVL43:
 160:Drivers/lvgl/lvgl/src/widgets/lv_line.c ****         p->x = w;
 248              		.loc 1 160 0
 249 00f6 3044     		add	r0, r0, r6
 250              	.LVL44:
 161:Drivers/lvgl/lvgl/src/widgets/lv_line.c ****         p->y = h;
 251              		.loc 1 161 0
 252 00f8 3C80     		strh	r4, [r7]	@ movhi
 162:Drivers/lvgl/lvgl/src/widgets/lv_line.c ****     }
ARM GAS  /tmp/ccgcxpqE.s 			page 16


 253              		.loc 1 162 0
 254 00fa 7880     		strh	r0, [r7, #2]	@ movhi
 255              	.LBE16:
 256 00fc 89E7     		b	.L1
 257              	.LVL45:
 258              	.L9:
 259              	.LBB19:
 260              	.LBB11:
 193:Drivers/lvgl/lvgl/src/widgets/lv_line.c ****                 p2.y = h - line->point_array[i + 1].y + y_ofs;
 261              		.loc 1 193 0
 262 00fe 1FFA89F3 		uxth	r3, r9
 263 0102 4288     		ldrh	r2, [r0, #2]
 264 0104 9A1A     		subs	r2, r3, r2
 265 0106 16FA82F2 		uxtah	r2, r6, r2
 266 010a ADF80620 		strh	r2, [sp, #6]	@ movhi
 194:Drivers/lvgl/lvgl/src/widgets/lv_line.c ****             }
 267              		.loc 1 194 0
 268 010e 4A88     		ldrh	r2, [r1, #2]
 269 0110 9B1A     		subs	r3, r3, r2
 270 0112 16FA83F3 		uxtah	r3, r6, r3
 271 0116 ADF80A30 		strh	r3, [sp, #10]	@ movhi
 272              	.L10:
 196:Drivers/lvgl/lvgl/src/widgets/lv_line.c ****             line_dsc.round_start = 0;   /*Draw the rounding only on the end points after the first 
 273              		.loc 1 196 0 discriminator 2
 274 011a 02AB     		add	r3, sp, #8
 275 011c 01AA     		add	r2, sp, #4
 276 011e 05A9     		add	r1, sp, #20
 277 0120 4046     		mov	r0, r8
 278 0122 FFF7FEFF 		bl	lv_draw_line
 279              	.LVL46:
 197:Drivers/lvgl/lvgl/src/widgets/lv_line.c ****         }
 280              		.loc 1 197 0 discriminator 2
 281 0126 9DF81D30 		ldrb	r3, [sp, #29]	@ zero_extendqisi2
 282 012a 6FF38203 		bfc	r3, #2, #1
 283 012e 8DF81D30 		strb	r3, [sp, #29]
 284              	.LBE11:
 182:Drivers/lvgl/lvgl/src/widgets/lv_line.c ****             lv_point_t p1;
 285              		.loc 1 182 0 discriminator 2
 286 0132 0134     		adds	r4, r4, #1
 287              	.LVL47:
 288 0134 A4B2     		uxth	r4, r4
 289              	.LVL48:
 290              	.L8:
 182:Drivers/lvgl/lvgl/src/widgets/lv_line.c ****             lv_point_t p1;
 291              		.loc 1 182 0 is_stmt 0 discriminator 1
 292 0136 2B8D     		ldrh	r3, [r5, #40]
 293 0138 013B     		subs	r3, r3, #1
 294 013a 9C42     		cmp	r4, r3
 295 013c BFF669AF 		bge	.L1
 296              	.LBB12:
 185:Drivers/lvgl/lvgl/src/widgets/lv_line.c ****             p2.x = line->point_array[i + 1].x + x_ofs;
 297              		.loc 1 185 0 is_stmt 1
 298 0140 6B6A     		ldr	r3, [r5, #36]
 299 0142 03EB8400 		add	r0, r3, r4, lsl #2
 300 0146 33F82420 		ldrh	r2, [r3, r4, lsl #2]
 301 014a 3A44     		add	r2, r2, r7
 302 014c ADF80420 		strh	r2, [sp, #4]	@ movhi
ARM GAS  /tmp/ccgcxpqE.s 			page 17


 186:Drivers/lvgl/lvgl/src/widgets/lv_line.c **** 
 303              		.loc 1 186 0
 304 0150 621C     		adds	r2, r4, #1
 305 0152 03EB8201 		add	r1, r3, r2, lsl #2
 306 0156 33F82230 		ldrh	r3, [r3, r2, lsl #2]
 307 015a 3B44     		add	r3, r3, r7
 308 015c ADF80830 		strh	r3, [sp, #8]	@ movhi
 188:Drivers/lvgl/lvgl/src/widgets/lv_line.c ****                 p1.y = line->point_array[i].y + y_ofs;
 309              		.loc 1 188 0
 310 0160 95F82A30 		ldrb	r3, [r5, #42]	@ zero_extendqisi2
 311 0164 13F0010F 		tst	r3, #1
 312 0168 C9D1     		bne	.L9
 189:Drivers/lvgl/lvgl/src/widgets/lv_line.c ****                 p2.y = line->point_array[i + 1].y + y_ofs;
 313              		.loc 1 189 0
 314 016a 4388     		ldrh	r3, [r0, #2]
 315 016c 3344     		add	r3, r3, r6
 316 016e ADF80630 		strh	r3, [sp, #6]	@ movhi
 190:Drivers/lvgl/lvgl/src/widgets/lv_line.c ****             }
 317              		.loc 1 190 0
 318 0172 4B88     		ldrh	r3, [r1, #2]
 319 0174 3344     		add	r3, r3, r6
 320 0176 ADF80A30 		strh	r3, [sp, #10]	@ movhi
 321 017a CEE7     		b	.L10
 322              	.L17:
 323              		.align	2
 324              	.L16:
 325 017c 00000000 		.word	.LANCHOR0
 326              	.LBE12:
 327              	.LBE19:
 328              		.cfi_endproc
 329              	.LFE164:
 331              		.section	.text.lv_line_constructor,"ax",%progbits
 332              		.align	1
 333              		.syntax unified
 334              		.thumb
 335              		.thumb_func
 336              		.fpu fpv5-d16
 338              	lv_line_constructor:
 339              	.LFB163:
 109:Drivers/lvgl/lvgl/src/widgets/lv_line.c ****     LV_UNUSED(class_p);
 340              		.loc 1 109 0
 341              		.cfi_startproc
 342              		@ args = 0, pretend = 0, frame = 0
 343              		@ frame_needed = 0, uses_anonymous_args = 0
 344              	.LVL49:
 345 0000 08B5     		push	{r3, lr}
 346              	.LCFI4:
 347              		.cfi_def_cfa_offset 8
 348              		.cfi_offset 3, -8
 349              		.cfi_offset 14, -4
 350 0002 0846     		mov	r0, r1
 351              	.LVL50:
 115:Drivers/lvgl/lvgl/src/widgets/lv_line.c ****     line->point_array = NULL;
 352              		.loc 1 115 0
 353 0004 0023     		movs	r3, #0
 354 0006 0B85     		strh	r3, [r1, #40]	@ movhi
 116:Drivers/lvgl/lvgl/src/widgets/lv_line.c ****     line->y_inv       = 0;
ARM GAS  /tmp/ccgcxpqE.s 			page 18


 355              		.loc 1 116 0
 356 0008 4B62     		str	r3, [r1, #36]
 117:Drivers/lvgl/lvgl/src/widgets/lv_line.c **** 
 357              		.loc 1 117 0
 358 000a 91F82A20 		ldrb	r2, [r1, #42]	@ zero_extendqisi2
 359 000e 63F30002 		bfi	r2, r3, #0, #1
 360 0012 81F82A20 		strb	r2, [r1, #42]
 119:Drivers/lvgl/lvgl/src/widgets/lv_line.c **** 
 361              		.loc 1 119 0
 362 0016 0221     		movs	r1, #2
 363              	.LVL51:
 364 0018 FFF7FEFF 		bl	lv_obj_clear_flag
 365              	.LVL52:
 122:Drivers/lvgl/lvgl/src/widgets/lv_line.c **** 
 366              		.loc 1 122 0
 367 001c 08BD     		pop	{r3, pc}
 368              		.cfi_endproc
 369              	.LFE163:
 371              		.section	.text.lv_line_create,"ax",%progbits
 372              		.align	1
 373              		.global	lv_line_create
 374              		.syntax unified
 375              		.thumb
 376              		.thumb_func
 377              		.fpu fpv5-d16
 379              	lv_line_create:
 380              	.LFB159:
  55:Drivers/lvgl/lvgl/src/widgets/lv_line.c ****     LV_LOG_INFO("begin");
 381              		.loc 1 55 0
 382              		.cfi_startproc
 383              		@ args = 0, pretend = 0, frame = 0
 384              		@ frame_needed = 0, uses_anonymous_args = 0
 385              	.LVL53:
 386 0000 10B5     		push	{r4, lr}
 387              	.LCFI5:
 388              		.cfi_def_cfa_offset 8
 389              		.cfi_offset 4, -8
 390              		.cfi_offset 14, -4
  57:Drivers/lvgl/lvgl/src/widgets/lv_line.c ****     lv_obj_class_init_obj(obj);
 391              		.loc 1 57 0
 392 0002 0146     		mov	r1, r0
 393 0004 0348     		ldr	r0, .L22
 394              	.LVL54:
 395 0006 FFF7FEFF 		bl	lv_obj_class_create_obj
 396              	.LVL55:
 397 000a 0446     		mov	r4, r0
 398              	.LVL56:
  58:Drivers/lvgl/lvgl/src/widgets/lv_line.c ****     return obj;
 399              		.loc 1 58 0
 400 000c FFF7FEFF 		bl	lv_obj_class_init_obj
 401              	.LVL57:
  60:Drivers/lvgl/lvgl/src/widgets/lv_line.c **** 
 402              		.loc 1 60 0
 403 0010 2046     		mov	r0, r4
 404 0012 10BD     		pop	{r4, pc}
 405              	.LVL58:
 406              	.L23:
ARM GAS  /tmp/ccgcxpqE.s 			page 19


 407              		.align	2
 408              	.L22:
 409 0014 00000000 		.word	.LANCHOR0
 410              		.cfi_endproc
 411              	.LFE159:
 413              		.section	.text.lv_line_set_points,"ax",%progbits
 414              		.align	1
 415              		.global	lv_line_set_points
 416              		.syntax unified
 417              		.thumb
 418              		.thumb_func
 419              		.fpu fpv5-d16
 421              	lv_line_set_points:
 422              	.LFB160:
  67:Drivers/lvgl/lvgl/src/widgets/lv_line.c ****     LV_ASSERT_OBJ(obj, MY_CLASS);
 423              		.loc 1 67 0
 424              		.cfi_startproc
 425              		@ args = 0, pretend = 0, frame = 0
 426              		@ frame_needed = 0, uses_anonymous_args = 0
 427              	.LVL59:
 428 0000 10B5     		push	{r4, lr}
 429              	.LCFI6:
 430              		.cfi_def_cfa_offset 8
 431              		.cfi_offset 4, -8
 432              		.cfi_offset 14, -4
 433 0002 0446     		mov	r4, r0
 434              	.LVL60:
  71:Drivers/lvgl/lvgl/src/widgets/lv_line.c ****     line->point_num      = point_num;
 435              		.loc 1 71 0
 436 0004 4162     		str	r1, [r0, #36]
  72:Drivers/lvgl/lvgl/src/widgets/lv_line.c **** 
 437              		.loc 1 72 0
 438 0006 0285     		strh	r2, [r0, #40]	@ movhi
  74:Drivers/lvgl/lvgl/src/widgets/lv_line.c **** 
 439              		.loc 1 74 0
 440 0008 FFF7FEFF 		bl	lv_obj_refresh_self_size
 441              	.LVL61:
  76:Drivers/lvgl/lvgl/src/widgets/lv_line.c **** }
 442              		.loc 1 76 0
 443 000c 2046     		mov	r0, r4
 444 000e FFF7FEFF 		bl	lv_obj_invalidate
 445              	.LVL62:
  77:Drivers/lvgl/lvgl/src/widgets/lv_line.c **** 
 446              		.loc 1 77 0
 447 0012 10BD     		pop	{r4, pc}
 448              		.cfi_endproc
 449              	.LFE160:
 451              		.section	.text.lv_line_set_y_invert,"ax",%progbits
 452              		.align	1
 453              		.global	lv_line_set_y_invert
 454              		.syntax unified
 455              		.thumb
 456              		.thumb_func
 457              		.fpu fpv5-d16
 459              	lv_line_set_y_invert:
 460              	.LFB161:
  80:Drivers/lvgl/lvgl/src/widgets/lv_line.c ****     LV_ASSERT_OBJ(obj, MY_CLASS);
ARM GAS  /tmp/ccgcxpqE.s 			page 20


 461              		.loc 1 80 0
 462              		.cfi_startproc
 463              		@ args = 0, pretend = 0, frame = 0
 464              		@ frame_needed = 0, uses_anonymous_args = 0
 465              	.LVL63:
 466 0000 08B5     		push	{r3, lr}
 467              	.LCFI7:
 468              		.cfi_def_cfa_offset 8
 469              		.cfi_offset 3, -8
 470              		.cfi_offset 14, -4
 471              	.LVL64:
  84:Drivers/lvgl/lvgl/src/widgets/lv_line.c **** 
 472              		.loc 1 84 0
 473 0002 90F82A30 		ldrb	r3, [r0, #42]	@ zero_extendqisi2
 474 0006 03F00103 		and	r3, r3, #1
 475 000a 8B42     		cmp	r3, r1
 476 000c 09D0     		beq	.L26
  86:Drivers/lvgl/lvgl/src/widgets/lv_line.c **** 
 477              		.loc 1 86 0
 478 000e 49B1     		cbz	r1, .L29
 479 0010 0122     		movs	r2, #1
 480              	.L28:
  86:Drivers/lvgl/lvgl/src/widgets/lv_line.c **** 
 481              		.loc 1 86 0 is_stmt 0 discriminator 4
 482 0012 90F82A30 		ldrb	r3, [r0, #42]	@ zero_extendqisi2
 483 0016 62F30003 		bfi	r3, r2, #0, #1
 484 001a 80F82A30 		strb	r3, [r0, #42]
  88:Drivers/lvgl/lvgl/src/widgets/lv_line.c **** }
 485              		.loc 1 88 0 is_stmt 1 discriminator 4
 486 001e FFF7FEFF 		bl	lv_obj_invalidate
 487              	.LVL65:
 488              	.L26:
  89:Drivers/lvgl/lvgl/src/widgets/lv_line.c **** 
 489              		.loc 1 89 0
 490 0022 08BD     		pop	{r3, pc}
 491              	.LVL66:
 492              	.L29:
  86:Drivers/lvgl/lvgl/src/widgets/lv_line.c **** 
 493              		.loc 1 86 0
 494 0024 0022     		movs	r2, #0
 495 0026 F4E7     		b	.L28
 496              		.cfi_endproc
 497              	.LFE161:
 499              		.section	.text.lv_line_get_y_invert,"ax",%progbits
 500              		.align	1
 501              		.global	lv_line_get_y_invert
 502              		.syntax unified
 503              		.thumb
 504              		.thumb_func
 505              		.fpu fpv5-d16
 507              	lv_line_get_y_invert:
 508              	.LFB162:
  96:Drivers/lvgl/lvgl/src/widgets/lv_line.c ****     LV_ASSERT_OBJ(obj, MY_CLASS);
 509              		.loc 1 96 0
 510              		.cfi_startproc
 511              		@ args = 0, pretend = 0, frame = 0
 512              		@ frame_needed = 0, uses_anonymous_args = 0
ARM GAS  /tmp/ccgcxpqE.s 			page 21


 513              		@ link register save eliminated.
 514              	.LVL67:
 101:Drivers/lvgl/lvgl/src/widgets/lv_line.c **** }
 515              		.loc 1 101 0
 516 0000 90F82A00 		ldrb	r0, [r0, #42]	@ zero_extendqisi2
 517              	.LVL68:
 102:Drivers/lvgl/lvgl/src/widgets/lv_line.c **** 
 518              		.loc 1 102 0
 519 0004 00F00100 		and	r0, r0, #1
 520 0008 7047     		bx	lr
 521              		.cfi_endproc
 522              	.LFE162:
 524              		.global	lv_line_class
 525              		.section	.rodata.lv_line_class,"a",%progbits
 526              		.align	2
 527              		.set	.LANCHOR0,. + 0
 530              	lv_line_class:
 531 0000 00000000 		.word	lv_obj_class
 532 0004 00000000 		.word	lv_line_constructor
 533 0008 00000000 		.space	8
 533      00000000 
 534 0010 00000000 		.word	lv_line_event
 535 0014 D127     		.short	10193
 536 0016 D127     		.short	10193
 537 0018 C0       		.byte	192
 538 0019 02       		.byte	2
 539 001a 00       		.byte	0
 540 001b 00       		.space	1
 541              		.text
 542              	.Letext0:
 543              		.file 3 "/opt/gcc-arm-none-eabi-7-2017-q4-major/arm-none-eabi/include/machine/_default_types.h"
 544              		.file 4 "/opt/gcc-arm-none-eabi-7-2017-q4-major/arm-none-eabi/include/sys/_stdint.h"
 545              		.file 5 "/opt/gcc-arm-none-eabi-7-2017-q4-major/lib/gcc/arm-none-eabi/7.2.1/include/stddef.h"
 546              		.file 6 "Drivers/lvgl/lvgl/src/widgets/../core/../misc/../font/../misc/lv_area.h"
 547              		.file 7 "Drivers/lvgl/lvgl/src/widgets/../core/../misc/../font/lv_font.h"
 548              		.file 8 "Drivers/lvgl/lvgl/src/widgets/../core/../misc/lv_types.h"
 549              		.file 9 "/opt/gcc-arm-none-eabi-7-2017-q4-major/arm-none-eabi/include/sys/lock.h"
 550              		.file 10 "/opt/gcc-arm-none-eabi-7-2017-q4-major/arm-none-eabi/include/sys/_types.h"
 551              		.file 11 "/opt/gcc-arm-none-eabi-7-2017-q4-major/arm-none-eabi/include/sys/reent.h"
 552              		.file 12 "Drivers/lvgl/lvgl/src/widgets/../core/../misc/lv_color.h"
 553              		.file 13 "Drivers/lvgl/lvgl/src/widgets/../core/../misc/lv_txt.h"
 554              		.file 14 "Drivers/lvgl/lvgl/src/widgets/../core/../misc/lv_bidi.h"
 555              		.file 15 "Drivers/lvgl/lvgl/src/widgets/../core/../misc/lv_style.h"
 556              		.file 16 "Drivers/lvgl/lvgl/src/widgets/../core/../hal/../draw/lv_img_buf.h"
 557              		.file 17 "Drivers/lvgl/lvgl/src/widgets/../core/lv_obj.h"
 558              		.file 18 "Drivers/lvgl/lvgl/src/widgets/../core/../hal/../draw/lv_draw_rect.h"
 559              		.file 19 "Drivers/lvgl/lvgl/src/widgets/../core/../hal/../draw/lv_draw_label.h"
 560              		.file 20 "Drivers/lvgl/lvgl/src/widgets/../core/../hal/../draw/lv_draw_img.h"
 561              		.file 21 "Drivers/lvgl/lvgl/src/widgets/../core/../hal/../draw/lv_draw_line.h"
 562              		.file 22 "Drivers/lvgl/lvgl/src/widgets/../core/../hal/../draw/lv_draw_arc.h"
 563              		.file 23 "Drivers/lvgl/lvgl/src/widgets/../core/../hal/../draw/lv_draw_layer.h"
 564              		.file 24 "Drivers/lvgl/lvgl/src/widgets/../core/../hal/../draw/lv_draw.h"
 565              		.file 25 "Drivers/lvgl/lvgl/src/widgets/../core/../hal/../misc/lv_ll.h"
 566              		.file 26 "Drivers/lvgl/lvgl/src/widgets/../core/lv_group.h"
 567              		.file 27 "Drivers/lvgl/lvgl/src/widgets/../core/lv_obj_scroll.h"
 568              		.file 28 "Drivers/lvgl/lvgl/src/widgets/../core/lv_obj_style.h"
 569              		.file 29 "Drivers/lvgl/lvgl/src/widgets/../core/lv_obj_class.h"
ARM GAS  /tmp/ccgcxpqE.s 			page 22


 570              		.file 30 "Drivers/lvgl/lvgl/src/widgets/../core/lv_event.h"
 571              		.file 31 "Drivers/lvgl/lvgl/src/widgets/lv_line.h"
 572              		.file 32 "Drivers/lvgl/lvgl/src/widgets/../core/../hal/../draw/sw/../../core/lv_obj_pos.h"
 573              		.file 33 "Drivers/lvgl/lvgl/src/widgets/../core/lv_obj_draw.h"
ARM GAS  /tmp/ccgcxpqE.s 			page 23


DEFINED SYMBOLS
                            *ABS*:0000000000000000 lv_line.c
     /tmp/ccgcxpqE.s:17     .text.lv_line_event:0000000000000000 $t
     /tmp/ccgcxpqE.s:23     .text.lv_line_event:0000000000000000 lv_line_event
     /tmp/ccgcxpqE.s:325    .text.lv_line_event:000000000000017c $d
     /tmp/ccgcxpqE.s:332    .text.lv_line_constructor:0000000000000000 $t
     /tmp/ccgcxpqE.s:338    .text.lv_line_constructor:0000000000000000 lv_line_constructor
     /tmp/ccgcxpqE.s:372    .text.lv_line_create:0000000000000000 $t
     /tmp/ccgcxpqE.s:379    .text.lv_line_create:0000000000000000 lv_line_create
     /tmp/ccgcxpqE.s:409    .text.lv_line_create:0000000000000014 $d
     /tmp/ccgcxpqE.s:414    .text.lv_line_set_points:0000000000000000 $t
     /tmp/ccgcxpqE.s:421    .text.lv_line_set_points:0000000000000000 lv_line_set_points
     /tmp/ccgcxpqE.s:452    .text.lv_line_set_y_invert:0000000000000000 $t
     /tmp/ccgcxpqE.s:459    .text.lv_line_set_y_invert:0000000000000000 lv_line_set_y_invert
     /tmp/ccgcxpqE.s:500    .text.lv_line_get_y_invert:0000000000000000 $t
     /tmp/ccgcxpqE.s:507    .text.lv_line_get_y_invert:0000000000000000 lv_line_get_y_invert
     /tmp/ccgcxpqE.s:530    .rodata.lv_line_class:0000000000000000 lv_line_class
     /tmp/ccgcxpqE.s:526    .rodata.lv_line_class:0000000000000000 $d

UNDEFINED SYMBOLS
lv_obj_event_base
lv_event_get_code
lv_event_get_target
lv_event_get_draw_ctx
lv_obj_get_coords
lv_obj_get_scroll_x
lv_obj_get_scroll_y
lv_obj_get_height
lv_draw_line_dsc_init
lv_obj_init_draw_line_dsc
lv_obj_get_style_prop
lv_event_get_param
lv_draw_line
lv_obj_clear_flag
lv_obj_class_create_obj
lv_obj_class_init_obj
lv_obj_refresh_self_size
lv_obj_invalidate
lv_obj_class
