ARM GAS  /tmp/ccv1QBJq.s 			page 1


   1              		.cpu cortex-m7
   2              		.eabi_attribute 28, 1
   3              		.eabi_attribute 20, 1
   4              		.eabi_attribute 21, 1
   5              		.eabi_attribute 23, 3
   6              		.eabi_attribute 24, 1
   7              		.eabi_attribute 25, 1
   8              		.eabi_attribute 26, 1
   9              		.eabi_attribute 30, 1
  10              		.eabi_attribute 34, 1
  11              		.eabi_attribute 18, 4
  12              		.file	"lv_list.c"
  13              		.text
  14              	.Ltext0:
  15              		.cfi_sections	.debug_frame
  16              		.section	.text.lv_list_create,"ax",%progbits
  17              		.align	1
  18              		.global	lv_list_create
  19              		.syntax unified
  20              		.thumb
  21              		.thumb_func
  22              		.fpu fpv5-d16
  24              	lv_list_create:
  25              	.LFB170:
  26              		.file 1 "Drivers/lvgl/lvgl/src/extra/widgets/list/lv_list.c"
   1:Drivers/lvgl/lvgl/src/extra/widgets/list/lv_list.c **** /**
   2:Drivers/lvgl/lvgl/src/extra/widgets/list/lv_list.c ****  * @file lv_list.c
   3:Drivers/lvgl/lvgl/src/extra/widgets/list/lv_list.c ****  *
   4:Drivers/lvgl/lvgl/src/extra/widgets/list/lv_list.c ****  */
   5:Drivers/lvgl/lvgl/src/extra/widgets/list/lv_list.c **** 
   6:Drivers/lvgl/lvgl/src/extra/widgets/list/lv_list.c **** /*********************
   7:Drivers/lvgl/lvgl/src/extra/widgets/list/lv_list.c ****  *      INCLUDES
   8:Drivers/lvgl/lvgl/src/extra/widgets/list/lv_list.c ****  *********************/
   9:Drivers/lvgl/lvgl/src/extra/widgets/list/lv_list.c **** #include "lv_list.h"
  10:Drivers/lvgl/lvgl/src/extra/widgets/list/lv_list.c **** #include "../../../core/lv_disp.h"
  11:Drivers/lvgl/lvgl/src/extra/widgets/list/lv_list.c **** #include "../../../widgets/lv_label.h"
  12:Drivers/lvgl/lvgl/src/extra/widgets/list/lv_list.c **** #include "../../../widgets/lv_img.h"
  13:Drivers/lvgl/lvgl/src/extra/widgets/list/lv_list.c **** #include "../../../widgets/lv_btn.h"
  14:Drivers/lvgl/lvgl/src/extra/widgets/list/lv_list.c **** 
  15:Drivers/lvgl/lvgl/src/extra/widgets/list/lv_list.c **** #if LV_USE_LIST
  16:Drivers/lvgl/lvgl/src/extra/widgets/list/lv_list.c **** 
  17:Drivers/lvgl/lvgl/src/extra/widgets/list/lv_list.c **** /*********************
  18:Drivers/lvgl/lvgl/src/extra/widgets/list/lv_list.c ****  *      DEFINES
  19:Drivers/lvgl/lvgl/src/extra/widgets/list/lv_list.c ****  *********************/
  20:Drivers/lvgl/lvgl/src/extra/widgets/list/lv_list.c **** #define MV_CLASS &lv_list
  21:Drivers/lvgl/lvgl/src/extra/widgets/list/lv_list.c **** 
  22:Drivers/lvgl/lvgl/src/extra/widgets/list/lv_list.c **** /**********************
  23:Drivers/lvgl/lvgl/src/extra/widgets/list/lv_list.c ****  *      TYPEDEFS
  24:Drivers/lvgl/lvgl/src/extra/widgets/list/lv_list.c ****  **********************/
  25:Drivers/lvgl/lvgl/src/extra/widgets/list/lv_list.c **** 
  26:Drivers/lvgl/lvgl/src/extra/widgets/list/lv_list.c **** /**********************
  27:Drivers/lvgl/lvgl/src/extra/widgets/list/lv_list.c ****  *  STATIC PROTOTYPES
  28:Drivers/lvgl/lvgl/src/extra/widgets/list/lv_list.c ****  **********************/
  29:Drivers/lvgl/lvgl/src/extra/widgets/list/lv_list.c **** 
  30:Drivers/lvgl/lvgl/src/extra/widgets/list/lv_list.c **** const lv_obj_class_t lv_list_class = {
  31:Drivers/lvgl/lvgl/src/extra/widgets/list/lv_list.c ****     .base_class = &lv_obj_class,
  32:Drivers/lvgl/lvgl/src/extra/widgets/list/lv_list.c ****     .width_def = (LV_DPI_DEF * 3) / 2,
ARM GAS  /tmp/ccv1QBJq.s 			page 2


  33:Drivers/lvgl/lvgl/src/extra/widgets/list/lv_list.c ****     .height_def = LV_DPI_DEF * 2
  34:Drivers/lvgl/lvgl/src/extra/widgets/list/lv_list.c **** };
  35:Drivers/lvgl/lvgl/src/extra/widgets/list/lv_list.c **** 
  36:Drivers/lvgl/lvgl/src/extra/widgets/list/lv_list.c **** const lv_obj_class_t lv_list_btn_class = {
  37:Drivers/lvgl/lvgl/src/extra/widgets/list/lv_list.c ****     .base_class = &lv_btn_class,
  38:Drivers/lvgl/lvgl/src/extra/widgets/list/lv_list.c **** };
  39:Drivers/lvgl/lvgl/src/extra/widgets/list/lv_list.c **** 
  40:Drivers/lvgl/lvgl/src/extra/widgets/list/lv_list.c **** const lv_obj_class_t lv_list_text_class = {
  41:Drivers/lvgl/lvgl/src/extra/widgets/list/lv_list.c ****     .base_class = &lv_label_class,
  42:Drivers/lvgl/lvgl/src/extra/widgets/list/lv_list.c **** };
  43:Drivers/lvgl/lvgl/src/extra/widgets/list/lv_list.c **** 
  44:Drivers/lvgl/lvgl/src/extra/widgets/list/lv_list.c **** /**********************
  45:Drivers/lvgl/lvgl/src/extra/widgets/list/lv_list.c ****  *  STATIC VARIABLES
  46:Drivers/lvgl/lvgl/src/extra/widgets/list/lv_list.c ****  **********************/
  47:Drivers/lvgl/lvgl/src/extra/widgets/list/lv_list.c **** 
  48:Drivers/lvgl/lvgl/src/extra/widgets/list/lv_list.c **** /**********************
  49:Drivers/lvgl/lvgl/src/extra/widgets/list/lv_list.c ****  *      MACROS
  50:Drivers/lvgl/lvgl/src/extra/widgets/list/lv_list.c ****  **********************/
  51:Drivers/lvgl/lvgl/src/extra/widgets/list/lv_list.c **** 
  52:Drivers/lvgl/lvgl/src/extra/widgets/list/lv_list.c **** /**********************
  53:Drivers/lvgl/lvgl/src/extra/widgets/list/lv_list.c ****  *   GLOBAL FUNCTIONS
  54:Drivers/lvgl/lvgl/src/extra/widgets/list/lv_list.c ****  **********************/
  55:Drivers/lvgl/lvgl/src/extra/widgets/list/lv_list.c **** 
  56:Drivers/lvgl/lvgl/src/extra/widgets/list/lv_list.c **** lv_obj_t * lv_list_create(lv_obj_t * parent)
  57:Drivers/lvgl/lvgl/src/extra/widgets/list/lv_list.c **** {
  27              		.loc 1 57 0
  28              		.cfi_startproc
  29              		@ args = 0, pretend = 0, frame = 0
  30              		@ frame_needed = 0, uses_anonymous_args = 0
  31              	.LVL0:
  32 0000 10B5     		push	{r4, lr}
  33              	.LCFI0:
  34              		.cfi_def_cfa_offset 8
  35              		.cfi_offset 4, -8
  36              		.cfi_offset 14, -4
  58:Drivers/lvgl/lvgl/src/extra/widgets/list/lv_list.c ****     LV_LOG_INFO("begin");
  59:Drivers/lvgl/lvgl/src/extra/widgets/list/lv_list.c ****     lv_obj_t * obj = lv_obj_class_create_obj(&lv_list_class, parent);
  37              		.loc 1 59 0
  38 0002 0146     		mov	r1, r0
  39 0004 0548     		ldr	r0, .L3
  40              	.LVL1:
  41 0006 FFF7FEFF 		bl	lv_obj_class_create_obj
  42              	.LVL2:
  43 000a 0446     		mov	r4, r0
  44              	.LVL3:
  60:Drivers/lvgl/lvgl/src/extra/widgets/list/lv_list.c ****     lv_obj_class_init_obj(obj);
  45              		.loc 1 60 0
  46 000c FFF7FEFF 		bl	lv_obj_class_init_obj
  47              	.LVL4:
  61:Drivers/lvgl/lvgl/src/extra/widgets/list/lv_list.c ****     lv_obj_set_flex_flow(obj, LV_FLEX_FLOW_COLUMN);
  48              		.loc 1 61 0
  49 0010 0121     		movs	r1, #1
  50 0012 2046     		mov	r0, r4
  51 0014 FFF7FEFF 		bl	lv_obj_set_flex_flow
  52              	.LVL5:
  62:Drivers/lvgl/lvgl/src/extra/widgets/list/lv_list.c ****     return obj;
  63:Drivers/lvgl/lvgl/src/extra/widgets/list/lv_list.c **** }
ARM GAS  /tmp/ccv1QBJq.s 			page 3


  53              		.loc 1 63 0
  54 0018 2046     		mov	r0, r4
  55 001a 10BD     		pop	{r4, pc}
  56              	.LVL6:
  57              	.L4:
  58              		.align	2
  59              	.L3:
  60 001c 00000000 		.word	.LANCHOR0
  61              		.cfi_endproc
  62              	.LFE170:
  64              		.section	.text.lv_list_add_text,"ax",%progbits
  65              		.align	1
  66              		.global	lv_list_add_text
  67              		.syntax unified
  68              		.thumb
  69              		.thumb_func
  70              		.fpu fpv5-d16
  72              	lv_list_add_text:
  73              	.LFB171:
  64:Drivers/lvgl/lvgl/src/extra/widgets/list/lv_list.c **** 
  65:Drivers/lvgl/lvgl/src/extra/widgets/list/lv_list.c **** lv_obj_t * lv_list_add_text(lv_obj_t * list, const char * txt)
  66:Drivers/lvgl/lvgl/src/extra/widgets/list/lv_list.c **** {
  74              		.loc 1 66 0
  75              		.cfi_startproc
  76              		@ args = 0, pretend = 0, frame = 0
  77              		@ frame_needed = 0, uses_anonymous_args = 0
  78              	.LVL7:
  79 0000 38B5     		push	{r3, r4, r5, lr}
  80              	.LCFI1:
  81              		.cfi_def_cfa_offset 16
  82              		.cfi_offset 3, -16
  83              		.cfi_offset 4, -12
  84              		.cfi_offset 5, -8
  85              		.cfi_offset 14, -4
  86 0002 0D46     		mov	r5, r1
  67:Drivers/lvgl/lvgl/src/extra/widgets/list/lv_list.c ****     LV_LOG_INFO("begin");
  68:Drivers/lvgl/lvgl/src/extra/widgets/list/lv_list.c ****     lv_obj_t * obj = lv_obj_class_create_obj(&lv_list_text_class, list);
  87              		.loc 1 68 0
  88 0004 0146     		mov	r1, r0
  89              	.LVL8:
  90 0006 0A48     		ldr	r0, .L7
  91              	.LVL9:
  92 0008 FFF7FEFF 		bl	lv_obj_class_create_obj
  93              	.LVL10:
  94 000c 0446     		mov	r4, r0
  95              	.LVL11:
  69:Drivers/lvgl/lvgl/src/extra/widgets/list/lv_list.c ****     lv_obj_class_init_obj(obj);
  96              		.loc 1 69 0
  97 000e FFF7FEFF 		bl	lv_obj_class_init_obj
  98              	.LVL12:
  70:Drivers/lvgl/lvgl/src/extra/widgets/list/lv_list.c ****     lv_label_set_text(obj, txt);
  99              		.loc 1 70 0
 100 0012 2946     		mov	r1, r5
 101 0014 2046     		mov	r0, r4
 102 0016 FFF7FEFF 		bl	lv_label_set_text
 103              	.LVL13:
  71:Drivers/lvgl/lvgl/src/extra/widgets/list/lv_list.c ****     lv_label_set_long_mode(obj, LV_LABEL_LONG_SCROLL_CIRCULAR);
ARM GAS  /tmp/ccv1QBJq.s 			page 4


 104              		.loc 1 71 0
 105 001a 0321     		movs	r1, #3
 106 001c 2046     		mov	r0, r4
 107 001e FFF7FEFF 		bl	lv_label_set_long_mode
 108              	.LVL14:
  72:Drivers/lvgl/lvgl/src/extra/widgets/list/lv_list.c ****     lv_obj_set_width(obj, LV_PCT(100));
 109              		.loc 1 72 0
 110 0022 42F26401 		movw	r1, #8292
 111 0026 2046     		mov	r0, r4
 112 0028 FFF7FEFF 		bl	lv_obj_set_width
 113              	.LVL15:
  73:Drivers/lvgl/lvgl/src/extra/widgets/list/lv_list.c ****     return obj;
  74:Drivers/lvgl/lvgl/src/extra/widgets/list/lv_list.c **** }
 114              		.loc 1 74 0
 115 002c 2046     		mov	r0, r4
 116 002e 38BD     		pop	{r3, r4, r5, pc}
 117              	.LVL16:
 118              	.L8:
 119              		.align	2
 120              	.L7:
 121 0030 00000000 		.word	.LANCHOR1
 122              		.cfi_endproc
 123              	.LFE171:
 125              		.section	.text.lv_list_add_btn,"ax",%progbits
 126              		.align	1
 127              		.global	lv_list_add_btn
 128              		.syntax unified
 129              		.thumb
 130              		.thumb_func
 131              		.fpu fpv5-d16
 133              	lv_list_add_btn:
 134              	.LFB172:
  75:Drivers/lvgl/lvgl/src/extra/widgets/list/lv_list.c **** 
  76:Drivers/lvgl/lvgl/src/extra/widgets/list/lv_list.c **** lv_obj_t * lv_list_add_btn(lv_obj_t * list, const void * icon, const char * txt)
  77:Drivers/lvgl/lvgl/src/extra/widgets/list/lv_list.c **** {
 135              		.loc 1 77 0
 136              		.cfi_startproc
 137              		@ args = 0, pretend = 0, frame = 0
 138              		@ frame_needed = 0, uses_anonymous_args = 0
 139              	.LVL17:
 140 0000 70B5     		push	{r4, r5, r6, lr}
 141              	.LCFI2:
 142              		.cfi_def_cfa_offset 16
 143              		.cfi_offset 4, -16
 144              		.cfi_offset 5, -12
 145              		.cfi_offset 6, -8
 146              		.cfi_offset 14, -4
 147 0002 0E46     		mov	r6, r1
 148 0004 1546     		mov	r5, r2
  78:Drivers/lvgl/lvgl/src/extra/widgets/list/lv_list.c ****     LV_LOG_INFO("begin");
  79:Drivers/lvgl/lvgl/src/extra/widgets/list/lv_list.c ****     lv_obj_t * obj = lv_obj_class_create_obj(&lv_list_btn_class, list);
 149              		.loc 1 79 0
 150 0006 0146     		mov	r1, r0
 151              	.LVL18:
 152 0008 1448     		ldr	r0, .L13
 153              	.LVL19:
 154 000a FFF7FEFF 		bl	lv_obj_class_create_obj
ARM GAS  /tmp/ccv1QBJq.s 			page 5


 155              	.LVL20:
 156 000e 0446     		mov	r4, r0
 157              	.LVL21:
  80:Drivers/lvgl/lvgl/src/extra/widgets/list/lv_list.c ****     lv_obj_class_init_obj(obj);
 158              		.loc 1 80 0
 159 0010 FFF7FEFF 		bl	lv_obj_class_init_obj
 160              	.LVL22:
  81:Drivers/lvgl/lvgl/src/extra/widgets/list/lv_list.c ****     lv_obj_set_size(obj, LV_PCT(100), LV_SIZE_CONTENT);
 161              		.loc 1 81 0
 162 0014 42F2D172 		movw	r2, #10193
 163 0018 42F26401 		movw	r1, #8292
 164 001c 2046     		mov	r0, r4
 165 001e FFF7FEFF 		bl	lv_obj_set_size
 166              	.LVL23:
  82:Drivers/lvgl/lvgl/src/extra/widgets/list/lv_list.c ****     lv_obj_set_flex_flow(obj, LV_FLEX_FLOW_ROW);
 167              		.loc 1 82 0
 168 0022 0021     		movs	r1, #0
 169 0024 2046     		mov	r0, r4
 170 0026 FFF7FEFF 		bl	lv_obj_set_flex_flow
 171              	.LVL24:
  83:Drivers/lvgl/lvgl/src/extra/widgets/list/lv_list.c **** 
  84:Drivers/lvgl/lvgl/src/extra/widgets/list/lv_list.c **** #if LV_USE_IMG == 1
  85:Drivers/lvgl/lvgl/src/extra/widgets/list/lv_list.c ****     if(icon) {
 172              		.loc 1 85 0
 173 002a 2EB1     		cbz	r6, .L10
 174              	.LBB2:
  86:Drivers/lvgl/lvgl/src/extra/widgets/list/lv_list.c ****         lv_obj_t * img = lv_img_create(obj);
 175              		.loc 1 86 0
 176 002c 2046     		mov	r0, r4
 177 002e FFF7FEFF 		bl	lv_img_create
 178              	.LVL25:
  87:Drivers/lvgl/lvgl/src/extra/widgets/list/lv_list.c ****         lv_img_set_src(img, icon);
 179              		.loc 1 87 0
 180 0032 3146     		mov	r1, r6
 181 0034 FFF7FEFF 		bl	lv_img_set_src
 182              	.LVL26:
 183              	.L10:
 184              	.LBE2:
  88:Drivers/lvgl/lvgl/src/extra/widgets/list/lv_list.c ****     }
  89:Drivers/lvgl/lvgl/src/extra/widgets/list/lv_list.c **** #endif
  90:Drivers/lvgl/lvgl/src/extra/widgets/list/lv_list.c **** 
  91:Drivers/lvgl/lvgl/src/extra/widgets/list/lv_list.c ****     if(txt) {
 185              		.loc 1 91 0
 186 0038 75B1     		cbz	r5, .L9
 187              	.LBB3:
  92:Drivers/lvgl/lvgl/src/extra/widgets/list/lv_list.c ****         lv_obj_t * label = lv_label_create(obj);
 188              		.loc 1 92 0
 189 003a 2046     		mov	r0, r4
 190 003c FFF7FEFF 		bl	lv_label_create
 191              	.LVL27:
 192 0040 0646     		mov	r6, r0
 193              	.LVL28:
  93:Drivers/lvgl/lvgl/src/extra/widgets/list/lv_list.c ****         lv_label_set_text(label, txt);
 194              		.loc 1 93 0
 195 0042 2946     		mov	r1, r5
 196 0044 FFF7FEFF 		bl	lv_label_set_text
 197              	.LVL29:
ARM GAS  /tmp/ccv1QBJq.s 			page 6


  94:Drivers/lvgl/lvgl/src/extra/widgets/list/lv_list.c ****         lv_label_set_long_mode(label, LV_LABEL_LONG_SCROLL_CIRCULAR);
 198              		.loc 1 94 0
 199 0048 0321     		movs	r1, #3
 200 004a 3046     		mov	r0, r6
 201 004c FFF7FEFF 		bl	lv_label_set_long_mode
 202              	.LVL30:
  95:Drivers/lvgl/lvgl/src/extra/widgets/list/lv_list.c ****         lv_obj_set_flex_grow(label, 1);
 203              		.loc 1 95 0
 204 0050 0121     		movs	r1, #1
 205 0052 3046     		mov	r0, r6
 206 0054 FFF7FEFF 		bl	lv_obj_set_flex_grow
 207              	.LVL31:
 208              	.L9:
 209              	.LBE3:
  96:Drivers/lvgl/lvgl/src/extra/widgets/list/lv_list.c ****     }
  97:Drivers/lvgl/lvgl/src/extra/widgets/list/lv_list.c **** 
  98:Drivers/lvgl/lvgl/src/extra/widgets/list/lv_list.c ****     return obj;
  99:Drivers/lvgl/lvgl/src/extra/widgets/list/lv_list.c **** }
 210              		.loc 1 99 0
 211 0058 2046     		mov	r0, r4
 212 005a 70BD     		pop	{r4, r5, r6, pc}
 213              	.LVL32:
 214              	.L14:
 215              		.align	2
 216              	.L13:
 217 005c 00000000 		.word	.LANCHOR2
 218              		.cfi_endproc
 219              	.LFE172:
 221              		.section	.text.lv_list_get_btn_text,"ax",%progbits
 222              		.align	1
 223              		.global	lv_list_get_btn_text
 224              		.syntax unified
 225              		.thumb
 226              		.thumb_func
 227              		.fpu fpv5-d16
 229              	lv_list_get_btn_text:
 230              	.LFB173:
 100:Drivers/lvgl/lvgl/src/extra/widgets/list/lv_list.c **** 
 101:Drivers/lvgl/lvgl/src/extra/widgets/list/lv_list.c **** const char * lv_list_get_btn_text(lv_obj_t * list, lv_obj_t * btn)
 102:Drivers/lvgl/lvgl/src/extra/widgets/list/lv_list.c **** {
 231              		.loc 1 102 0
 232              		.cfi_startproc
 233              		@ args = 0, pretend = 0, frame = 0
 234              		@ frame_needed = 0, uses_anonymous_args = 0
 235              	.LVL33:
 236 0000 70B5     		push	{r4, r5, r6, lr}
 237              	.LCFI3:
 238              		.cfi_def_cfa_offset 16
 239              		.cfi_offset 4, -16
 240              		.cfi_offset 5, -12
 241              		.cfi_offset 6, -8
 242              		.cfi_offset 14, -4
 243 0002 0D46     		mov	r5, r1
 244              	.LVL34:
 103:Drivers/lvgl/lvgl/src/extra/widgets/list/lv_list.c ****     LV_UNUSED(list);
 104:Drivers/lvgl/lvgl/src/extra/widgets/list/lv_list.c ****     uint32_t i;
 105:Drivers/lvgl/lvgl/src/extra/widgets/list/lv_list.c ****     for(i = 0; i < lv_obj_get_child_cnt(btn); i++) {
ARM GAS  /tmp/ccv1QBJq.s 			page 7


 245              		.loc 1 105 0
 246 0004 0024     		movs	r4, #0
 247              	.LVL35:
 248              	.L16:
 249              		.loc 1 105 0 is_stmt 0 discriminator 1
 250 0006 2846     		mov	r0, r5
 251 0008 FFF7FEFF 		bl	lv_obj_get_child_cnt
 252              	.LVL36:
 253 000c A042     		cmp	r0, r4
 254 000e 0ED9     		bls	.L21
 255              	.LBB4:
 106:Drivers/lvgl/lvgl/src/extra/widgets/list/lv_list.c ****         lv_obj_t * child = lv_obj_get_child(btn, i);
 256              		.loc 1 106 0 is_stmt 1
 257 0010 2146     		mov	r1, r4
 258 0012 2846     		mov	r0, r5
 259 0014 FFF7FEFF 		bl	lv_obj_get_child
 260              	.LVL37:
 261 0018 0646     		mov	r6, r0
 262              	.LVL38:
 107:Drivers/lvgl/lvgl/src/extra/widgets/list/lv_list.c ****         if(lv_obj_check_type(child, &lv_label_class)) {
 263              		.loc 1 107 0
 264 001a 0649     		ldr	r1, .L23
 265 001c FFF7FEFF 		bl	lv_obj_check_type
 266              	.LVL39:
 267 0020 08B9     		cbnz	r0, .L22
 268              	.LBE4:
 105:Drivers/lvgl/lvgl/src/extra/widgets/list/lv_list.c ****         lv_obj_t * child = lv_obj_get_child(btn, i);
 269              		.loc 1 105 0 discriminator 2
 270 0022 0134     		adds	r4, r4, #1
 271              	.LVL40:
 272 0024 EFE7     		b	.L16
 273              	.L22:
 274              	.LBB5:
 108:Drivers/lvgl/lvgl/src/extra/widgets/list/lv_list.c ****             return lv_label_get_text(child);
 275              		.loc 1 108 0
 276 0026 3046     		mov	r0, r6
 277 0028 FFF7FEFF 		bl	lv_label_get_text
 278              	.LVL41:
 279 002c 00E0     		b	.L15
 280              	.LVL42:
 281              	.L21:
 282              	.LBE5:
 109:Drivers/lvgl/lvgl/src/extra/widgets/list/lv_list.c ****         }
 110:Drivers/lvgl/lvgl/src/extra/widgets/list/lv_list.c **** 
 111:Drivers/lvgl/lvgl/src/extra/widgets/list/lv_list.c ****     }
 112:Drivers/lvgl/lvgl/src/extra/widgets/list/lv_list.c **** 
 113:Drivers/lvgl/lvgl/src/extra/widgets/list/lv_list.c ****     return "";
 283              		.loc 1 113 0
 284 002e 0248     		ldr	r0, .L23+4
 285              	.L15:
 114:Drivers/lvgl/lvgl/src/extra/widgets/list/lv_list.c **** }
 286              		.loc 1 114 0
 287 0030 70BD     		pop	{r4, r5, r6, pc}
 288              	.LVL43:
 289              	.L24:
 290 0032 00BF     		.align	2
 291              	.L23:
ARM GAS  /tmp/ccv1QBJq.s 			page 8


 292 0034 00000000 		.word	lv_label_class
 293 0038 00000000 		.word	.LC0
 294              		.cfi_endproc
 295              	.LFE173:
 297              		.global	lv_list_text_class
 298              		.global	lv_list_btn_class
 299              		.global	lv_list_class
 300              		.section	.rodata.lv_list_btn_class,"a",%progbits
 301              		.align	2
 302              		.set	.LANCHOR2,. + 0
 305              	lv_list_btn_class:
 306 0000 00000000 		.word	lv_btn_class
 307 0004 00000000 		.space	24
 307      00000000 
 307      00000000 
 307      00000000 
 307      00000000 
 308              		.section	.rodata.lv_list_class,"a",%progbits
 309              		.align	2
 310              		.set	.LANCHOR0,. + 0
 313              	lv_list_class:
 314 0000 00000000 		.word	lv_obj_class
 315 0004 00000000 		.space	16
 315      00000000 
 315      00000000 
 315      00000000 
 316 0014 C300     		.short	195
 317 0016 0401     		.short	260
 318 0018 00000000 		.space	4
 319              		.section	.rodata.lv_list_get_btn_text.str1.4,"aMS",%progbits,1
 320              		.align	2
 321              	.LC0:
 322 0000 00       		.ascii	"\000"
 323              		.section	.rodata.lv_list_text_class,"a",%progbits
 324              		.align	2
 325              		.set	.LANCHOR1,. + 0
 328              	lv_list_text_class:
 329 0000 00000000 		.word	lv_label_class
 330 0004 00000000 		.space	24
 330      00000000 
 330      00000000 
 330      00000000 
 330      00000000 
 331              		.text
 332              	.Letext0:
 333              		.file 2 "/opt/gcc-arm-none-eabi-7-2017-q4-major/arm-none-eabi/include/machine/_default_types.h"
 334              		.file 3 "/opt/gcc-arm-none-eabi-7-2017-q4-major/arm-none-eabi/include/sys/_stdint.h"
 335              		.file 4 "Drivers/lvgl/lvgl/src/extra/widgets/list/../../../core/../misc/../font/../misc/lv_area.h"
 336              		.file 5 "Drivers/lvgl/lvgl/src/extra/widgets/list/../../../core/../misc/../font/lv_font.h"
 337              		.file 6 "/opt/gcc-arm-none-eabi-7-2017-q4-major/arm-none-eabi/include/sys/lock.h"
 338              		.file 7 "/opt/gcc-arm-none-eabi-7-2017-q4-major/arm-none-eabi/include/sys/_types.h"
 339              		.file 8 "/opt/gcc-arm-none-eabi-7-2017-q4-major/lib/gcc/arm-none-eabi/7.2.1/include/stddef.h"
 340              		.file 9 "/opt/gcc-arm-none-eabi-7-2017-q4-major/arm-none-eabi/include/sys/reent.h"
 341              		.file 10 "Drivers/lvgl/lvgl/src/extra/widgets/list/../../../core/../misc/lv_color.h"
 342              		.file 11 "Drivers/lvgl/lvgl/src/extra/widgets/list/../../../core/../misc/lv_txt.h"
 343              		.file 12 "Drivers/lvgl/lvgl/src/extra/widgets/list/../../../core/../misc/lv_style.h"
 344              		.file 13 "Drivers/lvgl/lvgl/src/extra/widgets/list/../../../core/lv_obj.h"
ARM GAS  /tmp/ccv1QBJq.s 			page 9


 345              		.file 14 "Drivers/lvgl/lvgl/src/extra/widgets/list/../../../core/../hal/../misc/lv_ll.h"
 346              		.file 15 "Drivers/lvgl/lvgl/src/extra/widgets/list/../../../core/lv_group.h"
 347              		.file 16 "Drivers/lvgl/lvgl/src/extra/widgets/list/../../../core/lv_obj_scroll.h"
 348              		.file 17 "Drivers/lvgl/lvgl/src/extra/widgets/list/../../../core/lv_obj_style.h"
 349              		.file 18 "Drivers/lvgl/lvgl/src/extra/widgets/list/../../../core/lv_obj_class.h"
 350              		.file 19 "Drivers/lvgl/lvgl/src/extra/widgets/list/../../../core/lv_event.h"
 351              		.file 20 "Drivers/lvgl/lvgl/src/extra/widgets/list/../../layouts/flex/lv_flex.h"
 352              		.file 21 "Drivers/lvgl/lvgl/src/extra/widgets/list/lv_list.h"
 353              		.file 22 "Drivers/lvgl/lvgl/src/extra/widgets/list/../../../widgets/lv_label.h"
 354              		.file 23 "Drivers/lvgl/lvgl/src/extra/widgets/list/../../../widgets/lv_img.h"
 355              		.file 24 "Drivers/lvgl/lvgl/src/extra/widgets/list/../../../widgets/lv_btn.h"
 356              		.file 25 "Drivers/lvgl/lvgl/src/extra/widgets/list/../../../core/lv_obj_tree.h"
 357              		.file 26 "Drivers/lvgl/lvgl/src/extra/widgets/list/../../../core/../hal/../draw/sw/../../core/lv_o
ARM GAS  /tmp/ccv1QBJq.s 			page 10


DEFINED SYMBOLS
                            *ABS*:0000000000000000 lv_list.c
     /tmp/ccv1QBJq.s:17     .text.lv_list_create:0000000000000000 $t
     /tmp/ccv1QBJq.s:24     .text.lv_list_create:0000000000000000 lv_list_create
     /tmp/ccv1QBJq.s:60     .text.lv_list_create:000000000000001c $d
     /tmp/ccv1QBJq.s:65     .text.lv_list_add_text:0000000000000000 $t
     /tmp/ccv1QBJq.s:72     .text.lv_list_add_text:0000000000000000 lv_list_add_text
     /tmp/ccv1QBJq.s:121    .text.lv_list_add_text:0000000000000030 $d
     /tmp/ccv1QBJq.s:126    .text.lv_list_add_btn:0000000000000000 $t
     /tmp/ccv1QBJq.s:133    .text.lv_list_add_btn:0000000000000000 lv_list_add_btn
     /tmp/ccv1QBJq.s:217    .text.lv_list_add_btn:000000000000005c $d
     /tmp/ccv1QBJq.s:222    .text.lv_list_get_btn_text:0000000000000000 $t
     /tmp/ccv1QBJq.s:229    .text.lv_list_get_btn_text:0000000000000000 lv_list_get_btn_text
     /tmp/ccv1QBJq.s:292    .text.lv_list_get_btn_text:0000000000000034 $d
     /tmp/ccv1QBJq.s:328    .rodata.lv_list_text_class:0000000000000000 lv_list_text_class
     /tmp/ccv1QBJq.s:305    .rodata.lv_list_btn_class:0000000000000000 lv_list_btn_class
     /tmp/ccv1QBJq.s:313    .rodata.lv_list_class:0000000000000000 lv_list_class
     /tmp/ccv1QBJq.s:301    .rodata.lv_list_btn_class:0000000000000000 $d
     /tmp/ccv1QBJq.s:309    .rodata.lv_list_class:0000000000000000 $d
     /tmp/ccv1QBJq.s:320    .rodata.lv_list_get_btn_text.str1.4:0000000000000000 $d
     /tmp/ccv1QBJq.s:324    .rodata.lv_list_text_class:0000000000000000 $d

UNDEFINED SYMBOLS
lv_obj_class_create_obj
lv_obj_class_init_obj
lv_obj_set_flex_flow
lv_label_set_text
lv_label_set_long_mode
lv_obj_set_width
lv_obj_set_size
lv_img_create
lv_img_set_src
lv_label_create
lv_obj_set_flex_grow
lv_obj_get_child_cnt
lv_obj_get_child
lv_obj_check_type
lv_label_get_text
lv_label_class
lv_btn_class
lv_obj_class
