ARM GAS  /tmp/ccKMBwi5.s 			page 1


   1              		.cpu cortex-m7
   2              		.eabi_attribute 28, 1
   3              		.eabi_attribute 20, 1
   4              		.eabi_attribute 21, 1
   5              		.eabi_attribute 23, 3
   6              		.eabi_attribute 24, 1
   7              		.eabi_attribute 25, 1
   8              		.eabi_attribute 26, 1
   9              		.eabi_attribute 30, 1
  10              		.eabi_attribute 34, 1
  11              		.eabi_attribute 18, 4
  12              		.file	"lv_obj_class.c"
  13              		.text
  14              	.Ltext0:
  15              		.cfi_sections	.debug_frame
  16              		.section	.text.lv_obj_construct,"ax",%progbits
  17              		.align	1
  18              		.syntax unified
  19              		.thumb
  20              		.thumb_func
  21              		.fpu fpv5-d16
  23              	lv_obj_construct:
  24              	.LFB164:
  25              		.file 1 "Drivers/lvgl/lvgl/src/core/lv_obj_class.c"
   1:Drivers/lvgl/lvgl/src/core/lv_obj_class.c **** /**
   2:Drivers/lvgl/lvgl/src/core/lv_obj_class.c ****  * @file lv_obj_class.c
   3:Drivers/lvgl/lvgl/src/core/lv_obj_class.c ****  *
   4:Drivers/lvgl/lvgl/src/core/lv_obj_class.c ****  */
   5:Drivers/lvgl/lvgl/src/core/lv_obj_class.c **** 
   6:Drivers/lvgl/lvgl/src/core/lv_obj_class.c **** /*********************
   7:Drivers/lvgl/lvgl/src/core/lv_obj_class.c ****  *      INCLUDES
   8:Drivers/lvgl/lvgl/src/core/lv_obj_class.c ****  *********************/
   9:Drivers/lvgl/lvgl/src/core/lv_obj_class.c **** #include "lv_obj.h"
  10:Drivers/lvgl/lvgl/src/core/lv_obj_class.c **** #include "lv_theme.h"
  11:Drivers/lvgl/lvgl/src/core/lv_obj_class.c **** 
  12:Drivers/lvgl/lvgl/src/core/lv_obj_class.c **** /*********************
  13:Drivers/lvgl/lvgl/src/core/lv_obj_class.c ****  *      DEFINES
  14:Drivers/lvgl/lvgl/src/core/lv_obj_class.c ****  *********************/
  15:Drivers/lvgl/lvgl/src/core/lv_obj_class.c **** #define MY_CLASS &lv_obj_class
  16:Drivers/lvgl/lvgl/src/core/lv_obj_class.c **** 
  17:Drivers/lvgl/lvgl/src/core/lv_obj_class.c **** /**********************
  18:Drivers/lvgl/lvgl/src/core/lv_obj_class.c ****  *      TYPEDEFS
  19:Drivers/lvgl/lvgl/src/core/lv_obj_class.c ****  **********************/
  20:Drivers/lvgl/lvgl/src/core/lv_obj_class.c **** 
  21:Drivers/lvgl/lvgl/src/core/lv_obj_class.c **** /**********************
  22:Drivers/lvgl/lvgl/src/core/lv_obj_class.c ****  *  GLOBAL PROTOTYPES
  23:Drivers/lvgl/lvgl/src/core/lv_obj_class.c ****  **********************/
  24:Drivers/lvgl/lvgl/src/core/lv_obj_class.c **** 
  25:Drivers/lvgl/lvgl/src/core/lv_obj_class.c **** /**********************
  26:Drivers/lvgl/lvgl/src/core/lv_obj_class.c ****  *  STATIC PROTOTYPES
  27:Drivers/lvgl/lvgl/src/core/lv_obj_class.c ****  **********************/
  28:Drivers/lvgl/lvgl/src/core/lv_obj_class.c **** static void lv_obj_construct(lv_obj_t * obj);
  29:Drivers/lvgl/lvgl/src/core/lv_obj_class.c **** static uint32_t get_instance_size(const lv_obj_class_t * class_p);
  30:Drivers/lvgl/lvgl/src/core/lv_obj_class.c **** 
  31:Drivers/lvgl/lvgl/src/core/lv_obj_class.c **** /**********************
  32:Drivers/lvgl/lvgl/src/core/lv_obj_class.c ****  *  STATIC VARIABLES
  33:Drivers/lvgl/lvgl/src/core/lv_obj_class.c ****  **********************/
ARM GAS  /tmp/ccKMBwi5.s 			page 2


  34:Drivers/lvgl/lvgl/src/core/lv_obj_class.c **** 
  35:Drivers/lvgl/lvgl/src/core/lv_obj_class.c **** /**********************
  36:Drivers/lvgl/lvgl/src/core/lv_obj_class.c ****  *      MACROS
  37:Drivers/lvgl/lvgl/src/core/lv_obj_class.c ****  **********************/
  38:Drivers/lvgl/lvgl/src/core/lv_obj_class.c **** 
  39:Drivers/lvgl/lvgl/src/core/lv_obj_class.c **** /**********************
  40:Drivers/lvgl/lvgl/src/core/lv_obj_class.c ****  *   GLOBAL FUNCTIONS
  41:Drivers/lvgl/lvgl/src/core/lv_obj_class.c ****  **********************/
  42:Drivers/lvgl/lvgl/src/core/lv_obj_class.c **** 
  43:Drivers/lvgl/lvgl/src/core/lv_obj_class.c **** lv_obj_t * lv_obj_class_create_obj(const lv_obj_class_t * class_p, lv_obj_t * parent)
  44:Drivers/lvgl/lvgl/src/core/lv_obj_class.c **** {
  45:Drivers/lvgl/lvgl/src/core/lv_obj_class.c ****     LV_TRACE_OBJ_CREATE("Creating object with %p class on %p parent", (void *)class_p, (void *)pare
  46:Drivers/lvgl/lvgl/src/core/lv_obj_class.c ****     uint32_t s = get_instance_size(class_p);
  47:Drivers/lvgl/lvgl/src/core/lv_obj_class.c ****     lv_obj_t * obj = lv_mem_alloc(s);
  48:Drivers/lvgl/lvgl/src/core/lv_obj_class.c ****     if(obj == NULL) return NULL;
  49:Drivers/lvgl/lvgl/src/core/lv_obj_class.c ****     lv_memset_00(obj, s);
  50:Drivers/lvgl/lvgl/src/core/lv_obj_class.c ****     obj->class_p = class_p;
  51:Drivers/lvgl/lvgl/src/core/lv_obj_class.c ****     obj->parent = parent;
  52:Drivers/lvgl/lvgl/src/core/lv_obj_class.c **** 
  53:Drivers/lvgl/lvgl/src/core/lv_obj_class.c ****     /*Create a screen*/
  54:Drivers/lvgl/lvgl/src/core/lv_obj_class.c ****     if(parent == NULL) {
  55:Drivers/lvgl/lvgl/src/core/lv_obj_class.c ****         LV_TRACE_OBJ_CREATE("creating a screen");
  56:Drivers/lvgl/lvgl/src/core/lv_obj_class.c ****         lv_disp_t * disp = lv_disp_get_default();
  57:Drivers/lvgl/lvgl/src/core/lv_obj_class.c ****         if(!disp) {
  58:Drivers/lvgl/lvgl/src/core/lv_obj_class.c ****             LV_LOG_WARN("No display created yet. No place to assign the new screen");
  59:Drivers/lvgl/lvgl/src/core/lv_obj_class.c ****             lv_mem_free(obj);
  60:Drivers/lvgl/lvgl/src/core/lv_obj_class.c ****             return NULL;
  61:Drivers/lvgl/lvgl/src/core/lv_obj_class.c ****         }
  62:Drivers/lvgl/lvgl/src/core/lv_obj_class.c **** 
  63:Drivers/lvgl/lvgl/src/core/lv_obj_class.c ****         if(disp->screens == NULL) {
  64:Drivers/lvgl/lvgl/src/core/lv_obj_class.c ****             disp->screens = lv_mem_alloc(sizeof(lv_obj_t *));
  65:Drivers/lvgl/lvgl/src/core/lv_obj_class.c ****             disp->screens[0] = obj;
  66:Drivers/lvgl/lvgl/src/core/lv_obj_class.c ****             disp->screen_cnt = 1;
  67:Drivers/lvgl/lvgl/src/core/lv_obj_class.c ****         }
  68:Drivers/lvgl/lvgl/src/core/lv_obj_class.c ****         else {
  69:Drivers/lvgl/lvgl/src/core/lv_obj_class.c ****             disp->screen_cnt++;
  70:Drivers/lvgl/lvgl/src/core/lv_obj_class.c ****             disp->screens = lv_mem_realloc(disp->screens, sizeof(lv_obj_t *) * disp->screen_cnt);
  71:Drivers/lvgl/lvgl/src/core/lv_obj_class.c ****             disp->screens[disp->screen_cnt - 1] = obj;
  72:Drivers/lvgl/lvgl/src/core/lv_obj_class.c ****         }
  73:Drivers/lvgl/lvgl/src/core/lv_obj_class.c **** 
  74:Drivers/lvgl/lvgl/src/core/lv_obj_class.c ****         /*Set coordinates to full screen size*/
  75:Drivers/lvgl/lvgl/src/core/lv_obj_class.c ****         obj->coords.x1 = 0;
  76:Drivers/lvgl/lvgl/src/core/lv_obj_class.c ****         obj->coords.y1 = 0;
  77:Drivers/lvgl/lvgl/src/core/lv_obj_class.c ****         obj->coords.x2 = lv_disp_get_hor_res(NULL) - 1;
  78:Drivers/lvgl/lvgl/src/core/lv_obj_class.c ****         obj->coords.y2 = lv_disp_get_ver_res(NULL) - 1;
  79:Drivers/lvgl/lvgl/src/core/lv_obj_class.c ****     }
  80:Drivers/lvgl/lvgl/src/core/lv_obj_class.c ****     /*Create a normal object*/
  81:Drivers/lvgl/lvgl/src/core/lv_obj_class.c ****     else {
  82:Drivers/lvgl/lvgl/src/core/lv_obj_class.c ****         LV_TRACE_OBJ_CREATE("creating normal object");
  83:Drivers/lvgl/lvgl/src/core/lv_obj_class.c ****         LV_ASSERT_OBJ(parent, MY_CLASS);
  84:Drivers/lvgl/lvgl/src/core/lv_obj_class.c ****         if(parent->spec_attr == NULL) {
  85:Drivers/lvgl/lvgl/src/core/lv_obj_class.c ****             lv_obj_allocate_spec_attr(parent);
  86:Drivers/lvgl/lvgl/src/core/lv_obj_class.c ****         }
  87:Drivers/lvgl/lvgl/src/core/lv_obj_class.c **** 
  88:Drivers/lvgl/lvgl/src/core/lv_obj_class.c ****         if(parent->spec_attr->children == NULL) {
  89:Drivers/lvgl/lvgl/src/core/lv_obj_class.c ****             parent->spec_attr->children = lv_mem_alloc(sizeof(lv_obj_t *));
  90:Drivers/lvgl/lvgl/src/core/lv_obj_class.c ****             parent->spec_attr->children[0] = obj;
ARM GAS  /tmp/ccKMBwi5.s 			page 3


  91:Drivers/lvgl/lvgl/src/core/lv_obj_class.c ****             parent->spec_attr->child_cnt = 1;
  92:Drivers/lvgl/lvgl/src/core/lv_obj_class.c ****         }
  93:Drivers/lvgl/lvgl/src/core/lv_obj_class.c ****         else {
  94:Drivers/lvgl/lvgl/src/core/lv_obj_class.c ****             parent->spec_attr->child_cnt++;
  95:Drivers/lvgl/lvgl/src/core/lv_obj_class.c ****             parent->spec_attr->children = lv_mem_realloc(parent->spec_attr->children,
  96:Drivers/lvgl/lvgl/src/core/lv_obj_class.c ****                                                          sizeof(lv_obj_t *) * parent->spec_attr->ch
  97:Drivers/lvgl/lvgl/src/core/lv_obj_class.c ****             parent->spec_attr->children[parent->spec_attr->child_cnt - 1] = obj;
  98:Drivers/lvgl/lvgl/src/core/lv_obj_class.c ****         }
  99:Drivers/lvgl/lvgl/src/core/lv_obj_class.c ****     }
 100:Drivers/lvgl/lvgl/src/core/lv_obj_class.c **** 
 101:Drivers/lvgl/lvgl/src/core/lv_obj_class.c ****     return obj;
 102:Drivers/lvgl/lvgl/src/core/lv_obj_class.c **** }
 103:Drivers/lvgl/lvgl/src/core/lv_obj_class.c **** 
 104:Drivers/lvgl/lvgl/src/core/lv_obj_class.c **** void lv_obj_class_init_obj(lv_obj_t * obj)
 105:Drivers/lvgl/lvgl/src/core/lv_obj_class.c **** {
 106:Drivers/lvgl/lvgl/src/core/lv_obj_class.c ****     lv_obj_mark_layout_as_dirty(obj);
 107:Drivers/lvgl/lvgl/src/core/lv_obj_class.c ****     lv_obj_enable_style_refresh(false);
 108:Drivers/lvgl/lvgl/src/core/lv_obj_class.c **** 
 109:Drivers/lvgl/lvgl/src/core/lv_obj_class.c ****     lv_theme_apply(obj);
 110:Drivers/lvgl/lvgl/src/core/lv_obj_class.c ****     lv_obj_construct(obj);
 111:Drivers/lvgl/lvgl/src/core/lv_obj_class.c **** 
 112:Drivers/lvgl/lvgl/src/core/lv_obj_class.c ****     lv_obj_enable_style_refresh(true);
 113:Drivers/lvgl/lvgl/src/core/lv_obj_class.c ****     lv_obj_refresh_style(obj, LV_PART_ANY, LV_STYLE_PROP_ANY);
 114:Drivers/lvgl/lvgl/src/core/lv_obj_class.c **** 
 115:Drivers/lvgl/lvgl/src/core/lv_obj_class.c ****     lv_obj_refresh_self_size(obj);
 116:Drivers/lvgl/lvgl/src/core/lv_obj_class.c **** 
 117:Drivers/lvgl/lvgl/src/core/lv_obj_class.c ****     lv_group_t * def_group = lv_group_get_default();
 118:Drivers/lvgl/lvgl/src/core/lv_obj_class.c ****     if(def_group && lv_obj_is_group_def(obj)) {
 119:Drivers/lvgl/lvgl/src/core/lv_obj_class.c ****         lv_group_add_obj(def_group, obj);
 120:Drivers/lvgl/lvgl/src/core/lv_obj_class.c ****     }
 121:Drivers/lvgl/lvgl/src/core/lv_obj_class.c **** 
 122:Drivers/lvgl/lvgl/src/core/lv_obj_class.c ****     lv_obj_t * parent = lv_obj_get_parent(obj);
 123:Drivers/lvgl/lvgl/src/core/lv_obj_class.c ****     if(parent) {
 124:Drivers/lvgl/lvgl/src/core/lv_obj_class.c ****         /*Call the ancestor's event handler to the parent to notify it about the new child.
 125:Drivers/lvgl/lvgl/src/core/lv_obj_class.c ****          *Also triggers layout update*/
 126:Drivers/lvgl/lvgl/src/core/lv_obj_class.c ****         lv_event_send(parent, LV_EVENT_CHILD_CHANGED, obj);
 127:Drivers/lvgl/lvgl/src/core/lv_obj_class.c ****         lv_event_send(parent, LV_EVENT_CHILD_CREATED, obj);
 128:Drivers/lvgl/lvgl/src/core/lv_obj_class.c **** 
 129:Drivers/lvgl/lvgl/src/core/lv_obj_class.c ****         /*Invalidate the area if not screen created*/
 130:Drivers/lvgl/lvgl/src/core/lv_obj_class.c ****         lv_obj_invalidate(obj);
 131:Drivers/lvgl/lvgl/src/core/lv_obj_class.c ****     }
 132:Drivers/lvgl/lvgl/src/core/lv_obj_class.c **** }
 133:Drivers/lvgl/lvgl/src/core/lv_obj_class.c **** 
 134:Drivers/lvgl/lvgl/src/core/lv_obj_class.c **** void _lv_obj_destruct(lv_obj_t * obj)
 135:Drivers/lvgl/lvgl/src/core/lv_obj_class.c **** {
 136:Drivers/lvgl/lvgl/src/core/lv_obj_class.c ****     if(obj->class_p->destructor_cb) obj->class_p->destructor_cb(obj->class_p, obj);
 137:Drivers/lvgl/lvgl/src/core/lv_obj_class.c **** 
 138:Drivers/lvgl/lvgl/src/core/lv_obj_class.c ****     if(obj->class_p->base_class) {
 139:Drivers/lvgl/lvgl/src/core/lv_obj_class.c ****         /*Don't let the descendant methods run during destructing the ancestor type*/
 140:Drivers/lvgl/lvgl/src/core/lv_obj_class.c ****         obj->class_p = obj->class_p->base_class;
 141:Drivers/lvgl/lvgl/src/core/lv_obj_class.c **** 
 142:Drivers/lvgl/lvgl/src/core/lv_obj_class.c ****         /*Call the base class's destructor too*/
 143:Drivers/lvgl/lvgl/src/core/lv_obj_class.c ****         _lv_obj_destruct(obj);
 144:Drivers/lvgl/lvgl/src/core/lv_obj_class.c ****     }
 145:Drivers/lvgl/lvgl/src/core/lv_obj_class.c **** }
 146:Drivers/lvgl/lvgl/src/core/lv_obj_class.c **** 
 147:Drivers/lvgl/lvgl/src/core/lv_obj_class.c **** bool lv_obj_is_editable(lv_obj_t * obj)
ARM GAS  /tmp/ccKMBwi5.s 			page 4


 148:Drivers/lvgl/lvgl/src/core/lv_obj_class.c **** {
 149:Drivers/lvgl/lvgl/src/core/lv_obj_class.c ****     const lv_obj_class_t * class_p = obj->class_p;
 150:Drivers/lvgl/lvgl/src/core/lv_obj_class.c **** 
 151:Drivers/lvgl/lvgl/src/core/lv_obj_class.c ****     /*Find a base in which editable is set*/
 152:Drivers/lvgl/lvgl/src/core/lv_obj_class.c ****     while(class_p && class_p->editable == LV_OBJ_CLASS_EDITABLE_INHERIT) class_p = class_p->base_cl
 153:Drivers/lvgl/lvgl/src/core/lv_obj_class.c **** 
 154:Drivers/lvgl/lvgl/src/core/lv_obj_class.c ****     if(class_p == NULL) return false;
 155:Drivers/lvgl/lvgl/src/core/lv_obj_class.c **** 
 156:Drivers/lvgl/lvgl/src/core/lv_obj_class.c ****     return class_p->editable == LV_OBJ_CLASS_EDITABLE_TRUE ? true : false;
 157:Drivers/lvgl/lvgl/src/core/lv_obj_class.c **** }
 158:Drivers/lvgl/lvgl/src/core/lv_obj_class.c **** 
 159:Drivers/lvgl/lvgl/src/core/lv_obj_class.c **** bool lv_obj_is_group_def(lv_obj_t * obj)
 160:Drivers/lvgl/lvgl/src/core/lv_obj_class.c **** {
 161:Drivers/lvgl/lvgl/src/core/lv_obj_class.c ****     const lv_obj_class_t * class_p = obj->class_p;
 162:Drivers/lvgl/lvgl/src/core/lv_obj_class.c **** 
 163:Drivers/lvgl/lvgl/src/core/lv_obj_class.c ****     /*Find a base in which group_def is set*/
 164:Drivers/lvgl/lvgl/src/core/lv_obj_class.c ****     while(class_p && class_p->group_def == LV_OBJ_CLASS_GROUP_DEF_INHERIT) class_p = class_p->base_
 165:Drivers/lvgl/lvgl/src/core/lv_obj_class.c **** 
 166:Drivers/lvgl/lvgl/src/core/lv_obj_class.c ****     if(class_p == NULL) return false;
 167:Drivers/lvgl/lvgl/src/core/lv_obj_class.c **** 
 168:Drivers/lvgl/lvgl/src/core/lv_obj_class.c ****     return class_p->group_def == LV_OBJ_CLASS_GROUP_DEF_TRUE ? true : false;
 169:Drivers/lvgl/lvgl/src/core/lv_obj_class.c **** }
 170:Drivers/lvgl/lvgl/src/core/lv_obj_class.c **** 
 171:Drivers/lvgl/lvgl/src/core/lv_obj_class.c **** /**********************
 172:Drivers/lvgl/lvgl/src/core/lv_obj_class.c ****  *   STATIC FUNCTIONS
 173:Drivers/lvgl/lvgl/src/core/lv_obj_class.c ****  **********************/
 174:Drivers/lvgl/lvgl/src/core/lv_obj_class.c **** 
 175:Drivers/lvgl/lvgl/src/core/lv_obj_class.c **** static void lv_obj_construct(lv_obj_t * obj)
 176:Drivers/lvgl/lvgl/src/core/lv_obj_class.c **** {
  26              		.loc 1 176 0
  27              		.cfi_startproc
  28              		@ args = 0, pretend = 0, frame = 0
  29              		@ frame_needed = 0, uses_anonymous_args = 0
  30              	.LVL0:
  31 0000 38B5     		push	{r3, r4, r5, lr}
  32              	.LCFI0:
  33              		.cfi_def_cfa_offset 16
  34              		.cfi_offset 3, -16
  35              		.cfi_offset 4, -12
  36              		.cfi_offset 5, -8
  37              		.cfi_offset 14, -4
  38 0002 0546     		mov	r5, r0
 177:Drivers/lvgl/lvgl/src/core/lv_obj_class.c ****     const lv_obj_class_t * original_class_p = obj->class_p;
  39              		.loc 1 177 0
  40 0004 0468     		ldr	r4, [r0]
  41              	.LVL1:
 178:Drivers/lvgl/lvgl/src/core/lv_obj_class.c **** 
 179:Drivers/lvgl/lvgl/src/core/lv_obj_class.c ****     if(obj->class_p->base_class) {
  42              		.loc 1 179 0
  43 0006 2368     		ldr	r3, [r4]
  44 0008 33B9     		cbnz	r3, .L5
  45              	.LVL2:
  46              	.L2:
 180:Drivers/lvgl/lvgl/src/core/lv_obj_class.c ****         /*Don't let the descendant methods run during constructing the ancestor type*/
 181:Drivers/lvgl/lvgl/src/core/lv_obj_class.c ****         obj->class_p = obj->class_p->base_class;
 182:Drivers/lvgl/lvgl/src/core/lv_obj_class.c **** 
 183:Drivers/lvgl/lvgl/src/core/lv_obj_class.c ****         /*Construct the base first*/
ARM GAS  /tmp/ccKMBwi5.s 			page 5


 184:Drivers/lvgl/lvgl/src/core/lv_obj_class.c ****         lv_obj_construct(obj);
 185:Drivers/lvgl/lvgl/src/core/lv_obj_class.c ****     }
 186:Drivers/lvgl/lvgl/src/core/lv_obj_class.c **** 
 187:Drivers/lvgl/lvgl/src/core/lv_obj_class.c ****     /*Restore the original class*/
 188:Drivers/lvgl/lvgl/src/core/lv_obj_class.c ****     obj->class_p = original_class_p;
  47              		.loc 1 188 0
  48 000a 2C60     		str	r4, [r5]
 189:Drivers/lvgl/lvgl/src/core/lv_obj_class.c **** 
 190:Drivers/lvgl/lvgl/src/core/lv_obj_class.c ****     if(obj->class_p->constructor_cb) obj->class_p->constructor_cb(obj->class_p, obj);
  49              		.loc 1 190 0
  50 000c 6368     		ldr	r3, [r4, #4]
  51 000e 13B1     		cbz	r3, .L1
  52              		.loc 1 190 0 is_stmt 0 discriminator 1
  53 0010 2946     		mov	r1, r5
  54 0012 2046     		mov	r0, r4
  55 0014 9847     		blx	r3
  56              	.LVL3:
  57              	.L1:
 191:Drivers/lvgl/lvgl/src/core/lv_obj_class.c **** }
  58              		.loc 1 191 0 is_stmt 1
  59 0016 38BD     		pop	{r3, r4, r5, pc}
  60              	.LVL4:
  61              	.L5:
 181:Drivers/lvgl/lvgl/src/core/lv_obj_class.c **** 
  62              		.loc 1 181 0
  63 0018 0360     		str	r3, [r0]
 184:Drivers/lvgl/lvgl/src/core/lv_obj_class.c ****     }
  64              		.loc 1 184 0
  65 001a FFF7F1FF 		bl	lv_obj_construct
  66              	.LVL5:
  67 001e F4E7     		b	.L2
  68              		.cfi_endproc
  69              	.LFE164:
  71              		.section	.text.get_instance_size,"ax",%progbits
  72              		.align	1
  73              		.syntax unified
  74              		.thumb
  75              		.thumb_func
  76              		.fpu fpv5-d16
  78              	get_instance_size:
  79              	.LFB165:
 192:Drivers/lvgl/lvgl/src/core/lv_obj_class.c **** 
 193:Drivers/lvgl/lvgl/src/core/lv_obj_class.c **** static uint32_t get_instance_size(const lv_obj_class_t * class_p)
 194:Drivers/lvgl/lvgl/src/core/lv_obj_class.c **** {
  80              		.loc 1 194 0
  81              		.cfi_startproc
  82              		@ args = 0, pretend = 0, frame = 0
  83              		@ frame_needed = 0, uses_anonymous_args = 0
  84              		@ link register save eliminated.
  85              	.LVL6:
 195:Drivers/lvgl/lvgl/src/core/lv_obj_class.c ****     /*Find a base in which instance size is set*/
 196:Drivers/lvgl/lvgl/src/core/lv_obj_class.c ****     const lv_obj_class_t * base = class_p;
 197:Drivers/lvgl/lvgl/src/core/lv_obj_class.c ****     while(base && base->instance_size == 0) base = base->base_class;
  86              		.loc 1 197 0
  87 0000 00E0     		b	.L7
  88              	.LVL7:
  89              	.L9:
ARM GAS  /tmp/ccKMBwi5.s 			page 6


  90              		.loc 1 197 0 is_stmt 0 discriminator 3
  91 0002 0068     		ldr	r0, [r0]
  92              	.LVL8:
  93              	.L7:
  94              		.loc 1 197 0 discriminator 1
  95 0004 20B1     		cbz	r0, .L8
  96              		.loc 1 197 0 discriminator 2
  97 0006 8269     		ldr	r2, [r0, #24]
  98 0008 054B     		ldr	r3, .L12
  99 000a 1340     		ands	r3, r3, r2
 100 000c 002B     		cmp	r3, #0
 101 000e F8D0     		beq	.L9
 102              	.L8:
 198:Drivers/lvgl/lvgl/src/core/lv_obj_class.c **** 
 199:Drivers/lvgl/lvgl/src/core/lv_obj_class.c ****     if(base == NULL) return 0;  /*Never happens: set at least in `lv_obj` class*/
 103              		.loc 1 199 0 is_stmt 1
 104 0010 18B1     		cbz	r0, .L11
 200:Drivers/lvgl/lvgl/src/core/lv_obj_class.c **** 
 201:Drivers/lvgl/lvgl/src/core/lv_obj_class.c ****     return base->instance_size;
 105              		.loc 1 201 0
 106 0012 8069     		ldr	r0, [r0, #24]
 107              	.LVL9:
 108 0014 C0F30F10 		ubfx	r0, r0, #4, #16
 109 0018 7047     		bx	lr
 110              	.LVL10:
 111              	.L11:
 199:Drivers/lvgl/lvgl/src/core/lv_obj_class.c **** 
 112              		.loc 1 199 0
 113 001a 0020     		movs	r0, #0
 114              	.LVL11:
 202:Drivers/lvgl/lvgl/src/core/lv_obj_class.c **** }
 115              		.loc 1 202 0
 116 001c 7047     		bx	lr
 117              	.L13:
 118 001e 00BF     		.align	2
 119              	.L12:
 120 0020 F0FF0F00 		.word	1048560
 121              		.cfi_endproc
 122              	.LFE165:
 124              		.section	.text.lv_obj_class_create_obj,"ax",%progbits
 125              		.align	1
 126              		.global	lv_obj_class_create_obj
 127              		.syntax unified
 128              		.thumb
 129              		.thumb_func
 130              		.fpu fpv5-d16
 132              	lv_obj_class_create_obj:
 133              	.LFB159:
  44:Drivers/lvgl/lvgl/src/core/lv_obj_class.c ****     LV_TRACE_OBJ_CREATE("Creating object with %p class on %p parent", (void *)class_p, (void *)pare
 134              		.loc 1 44 0
 135              		.cfi_startproc
 136              		@ args = 0, pretend = 0, frame = 0
 137              		@ frame_needed = 0, uses_anonymous_args = 0
 138              	.LVL12:
 139 0000 F8B5     		push	{r3, r4, r5, r6, r7, lr}
 140              	.LCFI1:
 141              		.cfi_def_cfa_offset 24
ARM GAS  /tmp/ccKMBwi5.s 			page 7


 142              		.cfi_offset 3, -24
 143              		.cfi_offset 4, -20
 144              		.cfi_offset 5, -16
 145              		.cfi_offset 6, -12
 146              		.cfi_offset 7, -8
 147              		.cfi_offset 14, -4
 148 0002 0646     		mov	r6, r0
 149 0004 0D46     		mov	r5, r1
  46:Drivers/lvgl/lvgl/src/core/lv_obj_class.c ****     lv_obj_t * obj = lv_mem_alloc(s);
 150              		.loc 1 46 0
 151 0006 FFF7FEFF 		bl	get_instance_size
 152              	.LVL13:
 153 000a 0746     		mov	r7, r0
 154              	.LVL14:
  47:Drivers/lvgl/lvgl/src/core/lv_obj_class.c ****     if(obj == NULL) return NULL;
 155              		.loc 1 47 0
 156 000c FFF7FEFF 		bl	lv_mem_alloc
 157              	.LVL15:
  48:Drivers/lvgl/lvgl/src/core/lv_obj_class.c ****     lv_memset_00(obj, s);
 158              		.loc 1 48 0
 159 0010 0028     		cmp	r0, #0
 160 0012 60D0     		beq	.L22
 161 0014 0446     		mov	r4, r0
  49:Drivers/lvgl/lvgl/src/core/lv_obj_class.c ****     obj->class_p = class_p;
 162              		.loc 1 49 0
 163 0016 3946     		mov	r1, r7
 164 0018 FFF7FEFF 		bl	lv_memset_00
 165              	.LVL16:
  50:Drivers/lvgl/lvgl/src/core/lv_obj_class.c ****     obj->parent = parent;
 166              		.loc 1 50 0
 167 001c 2660     		str	r6, [r4]
  51:Drivers/lvgl/lvgl/src/core/lv_obj_class.c **** 
 168              		.loc 1 51 0
 169 001e 6560     		str	r5, [r4, #4]
  54:Drivers/lvgl/lvgl/src/core/lv_obj_class.c ****         LV_TRACE_OBJ_CREATE("creating a screen");
 170              		.loc 1 54 0
 171 0020 D5B1     		cbz	r5, .L24
  84:Drivers/lvgl/lvgl/src/core/lv_obj_class.c ****             lv_obj_allocate_spec_attr(parent);
 172              		.loc 1 84 0
 173 0022 AB68     		ldr	r3, [r5, #8]
 174 0024 002B     		cmp	r3, #0
 175 0026 47D0     		beq	.L25
 176              	.L20:
  88:Drivers/lvgl/lvgl/src/core/lv_obj_class.c ****             parent->spec_attr->children = lv_mem_alloc(sizeof(lv_obj_t *));
 177              		.loc 1 88 0
 178 0028 AE68     		ldr	r6, [r5, #8]
 179              	.LVL17:
 180 002a 3368     		ldr	r3, [r6]
 181 002c 002B     		cmp	r3, #0
 182 002e 47D0     		beq	.L26
  94:Drivers/lvgl/lvgl/src/core/lv_obj_class.c ****             parent->spec_attr->children = lv_mem_realloc(parent->spec_attr->children,
 183              		.loc 1 94 0
 184 0030 7368     		ldr	r3, [r6, #4]
 185 0032 0133     		adds	r3, r3, #1
 186 0034 7360     		str	r3, [r6, #4]
  95:Drivers/lvgl/lvgl/src/core/lv_obj_class.c ****                                                          sizeof(lv_obj_t *) * parent->spec_attr->ch
 187              		.loc 1 95 0
ARM GAS  /tmp/ccKMBwi5.s 			page 8


 188 0036 AE68     		ldr	r6, [r5, #8]
  96:Drivers/lvgl/lvgl/src/core/lv_obj_class.c ****             parent->spec_attr->children[parent->spec_attr->child_cnt - 1] = obj;
 189              		.loc 1 96 0
 190 0038 7168     		ldr	r1, [r6, #4]
  95:Drivers/lvgl/lvgl/src/core/lv_obj_class.c ****                                                          sizeof(lv_obj_t *) * parent->spec_attr->ch
 191              		.loc 1 95 0
 192 003a 8900     		lsls	r1, r1, #2
 193 003c 3068     		ldr	r0, [r6]
 194 003e FFF7FEFF 		bl	lv_mem_realloc
 195              	.LVL18:
 196 0042 3060     		str	r0, [r6]
  97:Drivers/lvgl/lvgl/src/core/lv_obj_class.c ****         }
 197              		.loc 1 97 0
 198 0044 AB68     		ldr	r3, [r5, #8]
 199 0046 1A68     		ldr	r2, [r3]
 200 0048 5968     		ldr	r1, [r3, #4]
 201 004a 6FF04043 		mvn	r3, #-1073741824
 202 004e 0B44     		add	r3, r3, r1
 203 0050 42F82340 		str	r4, [r2, r3, lsl #2]
 204              	.LVL19:
 205              	.L14:
 102:Drivers/lvgl/lvgl/src/core/lv_obj_class.c **** 
 206              		.loc 1 102 0
 207 0054 2046     		mov	r0, r4
 208 0056 F8BD     		pop	{r3, r4, r5, r6, r7, pc}
 209              	.LVL20:
 210              	.L24:
 211              	.LBB2:
  56:Drivers/lvgl/lvgl/src/core/lv_obj_class.c ****         if(!disp) {
 212              		.loc 1 56 0
 213 0058 FFF7FEFF 		bl	lv_disp_get_default
 214              	.LVL21:
  57:Drivers/lvgl/lvgl/src/core/lv_obj_class.c ****             LV_LOG_WARN("No display created yet. No place to assign the new screen");
 215              		.loc 1 57 0
 216 005c 0546     		mov	r5, r0
 217              	.LVL22:
 218 005e F0B1     		cbz	r0, .L27
  63:Drivers/lvgl/lvgl/src/core/lv_obj_class.c ****             disp->screens = lv_mem_alloc(sizeof(lv_obj_t *));
 219              		.loc 1 63 0
 220 0060 C068     		ldr	r0, [r0, #12]
 221              	.LVL23:
 222 0062 08B3     		cbz	r0, .L28
  69:Drivers/lvgl/lvgl/src/core/lv_obj_class.c ****             disp->screens = lv_mem_realloc(disp->screens, sizeof(lv_obj_t *) * disp->screen_cnt);
 223              		.loc 1 69 0
 224 0064 696A     		ldr	r1, [r5, #36]
 225 0066 0131     		adds	r1, r1, #1
 226 0068 6962     		str	r1, [r5, #36]
  70:Drivers/lvgl/lvgl/src/core/lv_obj_class.c ****             disp->screens[disp->screen_cnt - 1] = obj;
 227              		.loc 1 70 0
 228 006a 8900     		lsls	r1, r1, #2
 229 006c FFF7FEFF 		bl	lv_mem_realloc
 230              	.LVL24:
 231 0070 E860     		str	r0, [r5, #12]
  71:Drivers/lvgl/lvgl/src/core/lv_obj_class.c ****         }
 232              		.loc 1 71 0
 233 0072 6A6A     		ldr	r2, [r5, #36]
 234 0074 6FF04043 		mvn	r3, #-1073741824
ARM GAS  /tmp/ccKMBwi5.s 			page 9


 235 0078 1344     		add	r3, r3, r2
 236 007a 40F82340 		str	r4, [r0, r3, lsl #2]
 237              	.L19:
  75:Drivers/lvgl/lvgl/src/core/lv_obj_class.c ****         obj->coords.y1 = 0;
 238              		.loc 1 75 0
 239 007e 0025     		movs	r5, #0
 240              	.LVL25:
 241 0080 A582     		strh	r5, [r4, #20]	@ movhi
  76:Drivers/lvgl/lvgl/src/core/lv_obj_class.c ****         obj->coords.x2 = lv_disp_get_hor_res(NULL) - 1;
 242              		.loc 1 76 0
 243 0082 E582     		strh	r5, [r4, #22]	@ movhi
  77:Drivers/lvgl/lvgl/src/core/lv_obj_class.c ****         obj->coords.y2 = lv_disp_get_ver_res(NULL) - 1;
 244              		.loc 1 77 0
 245 0084 2846     		mov	r0, r5
 246 0086 FFF7FEFF 		bl	lv_disp_get_hor_res
 247              	.LVL26:
 248 008a 80B2     		uxth	r0, r0
 249 008c 0138     		subs	r0, r0, #1
 250 008e 2083     		strh	r0, [r4, #24]	@ movhi
  78:Drivers/lvgl/lvgl/src/core/lv_obj_class.c ****     }
 251              		.loc 1 78 0
 252 0090 2846     		mov	r0, r5
 253 0092 FFF7FEFF 		bl	lv_disp_get_ver_res
 254              	.LVL27:
 255 0096 80B2     		uxth	r0, r0
 256 0098 0138     		subs	r0, r0, #1
 257 009a 6083     		strh	r0, [r4, #26]	@ movhi
 258              	.LBE2:
 259 009c DAE7     		b	.L14
 260              	.LVL28:
 261              	.L27:
 262              	.LBB3:
  59:Drivers/lvgl/lvgl/src/core/lv_obj_class.c ****             return NULL;
 263              		.loc 1 59 0
 264 009e 2046     		mov	r0, r4
 265              	.LVL29:
 266 00a0 FFF7FEFF 		bl	lv_mem_free
 267              	.LVL30:
  60:Drivers/lvgl/lvgl/src/core/lv_obj_class.c ****         }
 268              		.loc 1 60 0
 269 00a4 0024     		movs	r4, #0
 270              	.LVL31:
 271 00a6 D5E7     		b	.L14
 272              	.LVL32:
 273              	.L28:
  64:Drivers/lvgl/lvgl/src/core/lv_obj_class.c ****             disp->screens[0] = obj;
 274              		.loc 1 64 0
 275 00a8 0420     		movs	r0, #4
 276 00aa FFF7FEFF 		bl	lv_mem_alloc
 277              	.LVL33:
 278 00ae E860     		str	r0, [r5, #12]
  65:Drivers/lvgl/lvgl/src/core/lv_obj_class.c ****             disp->screen_cnt = 1;
 279              		.loc 1 65 0
 280 00b0 0460     		str	r4, [r0]
  66:Drivers/lvgl/lvgl/src/core/lv_obj_class.c ****         }
 281              		.loc 1 66 0
 282 00b2 0123     		movs	r3, #1
ARM GAS  /tmp/ccKMBwi5.s 			page 10


 283 00b4 6B62     		str	r3, [r5, #36]
 284 00b6 E2E7     		b	.L19
 285              	.LVL34:
 286              	.L25:
 287              	.LBE3:
  85:Drivers/lvgl/lvgl/src/core/lv_obj_class.c ****         }
 288              		.loc 1 85 0
 289 00b8 2846     		mov	r0, r5
 290 00ba FFF7FEFF 		bl	lv_obj_allocate_spec_attr
 291              	.LVL35:
 292 00be B3E7     		b	.L20
 293              	.LVL36:
 294              	.L26:
  89:Drivers/lvgl/lvgl/src/core/lv_obj_class.c ****             parent->spec_attr->children[0] = obj;
 295              		.loc 1 89 0
 296 00c0 0420     		movs	r0, #4
 297 00c2 FFF7FEFF 		bl	lv_mem_alloc
 298              	.LVL37:
 299 00c6 3060     		str	r0, [r6]
  90:Drivers/lvgl/lvgl/src/core/lv_obj_class.c ****             parent->spec_attr->child_cnt = 1;
 300              		.loc 1 90 0
 301 00c8 AB68     		ldr	r3, [r5, #8]
 302 00ca 1B68     		ldr	r3, [r3]
 303 00cc 1C60     		str	r4, [r3]
  91:Drivers/lvgl/lvgl/src/core/lv_obj_class.c ****         }
 304              		.loc 1 91 0
 305 00ce AB68     		ldr	r3, [r5, #8]
 306 00d0 0122     		movs	r2, #1
 307 00d2 5A60     		str	r2, [r3, #4]
 308 00d4 BEE7     		b	.L14
 309              	.LVL38:
 310              	.L22:
  48:Drivers/lvgl/lvgl/src/core/lv_obj_class.c ****     lv_memset_00(obj, s);
 311              		.loc 1 48 0
 312 00d6 0024     		movs	r4, #0
 313 00d8 BCE7     		b	.L14
 314              		.cfi_endproc
 315              	.LFE159:
 317              		.section	.text._lv_obj_destruct,"ax",%progbits
 318              		.align	1
 319              		.global	_lv_obj_destruct
 320              		.syntax unified
 321              		.thumb
 322              		.thumb_func
 323              		.fpu fpv5-d16
 325              	_lv_obj_destruct:
 326              	.LFB161:
 135:Drivers/lvgl/lvgl/src/core/lv_obj_class.c ****     if(obj->class_p->destructor_cb) obj->class_p->destructor_cb(obj->class_p, obj);
 327              		.loc 1 135 0
 328              		.cfi_startproc
 329              		@ args = 0, pretend = 0, frame = 0
 330              		@ frame_needed = 0, uses_anonymous_args = 0
 331              	.LVL39:
 332 0000 10B5     		push	{r4, lr}
 333              	.LCFI2:
 334              		.cfi_def_cfa_offset 8
 335              		.cfi_offset 4, -8
ARM GAS  /tmp/ccKMBwi5.s 			page 11


 336              		.cfi_offset 14, -4
 337 0002 0446     		mov	r4, r0
 136:Drivers/lvgl/lvgl/src/core/lv_obj_class.c **** 
 338              		.loc 1 136 0
 339 0004 0068     		ldr	r0, [r0]
 340              	.LVL40:
 341 0006 8368     		ldr	r3, [r0, #8]
 342 0008 0BB1     		cbz	r3, .L30
 136:Drivers/lvgl/lvgl/src/core/lv_obj_class.c **** 
 343              		.loc 1 136 0 is_stmt 0 discriminator 1
 344 000a 2146     		mov	r1, r4
 345 000c 9847     		blx	r3
 346              	.LVL41:
 347              	.L30:
 138:Drivers/lvgl/lvgl/src/core/lv_obj_class.c ****         /*Don't let the descendant methods run during destructing the ancestor type*/
 348              		.loc 1 138 0 is_stmt 1
 349 000e 2368     		ldr	r3, [r4]
 350 0010 1B68     		ldr	r3, [r3]
 351 0012 03B9     		cbnz	r3, .L33
 352              	.L29:
 145:Drivers/lvgl/lvgl/src/core/lv_obj_class.c **** 
 353              		.loc 1 145 0
 354 0014 10BD     		pop	{r4, pc}
 355              	.LVL42:
 356              	.L33:
 140:Drivers/lvgl/lvgl/src/core/lv_obj_class.c **** 
 357              		.loc 1 140 0
 358 0016 2360     		str	r3, [r4]
 143:Drivers/lvgl/lvgl/src/core/lv_obj_class.c ****     }
 359              		.loc 1 143 0
 360 0018 2046     		mov	r0, r4
 361 001a FFF7FEFF 		bl	_lv_obj_destruct
 362              	.LVL43:
 145:Drivers/lvgl/lvgl/src/core/lv_obj_class.c **** 
 363              		.loc 1 145 0
 364 001e F9E7     		b	.L29
 365              		.cfi_endproc
 366              	.LFE161:
 368              		.section	.text.lv_obj_is_editable,"ax",%progbits
 369              		.align	1
 370              		.global	lv_obj_is_editable
 371              		.syntax unified
 372              		.thumb
 373              		.thumb_func
 374              		.fpu fpv5-d16
 376              	lv_obj_is_editable:
 377              	.LFB162:
 148:Drivers/lvgl/lvgl/src/core/lv_obj_class.c ****     const lv_obj_class_t * class_p = obj->class_p;
 378              		.loc 1 148 0
 379              		.cfi_startproc
 380              		@ args = 0, pretend = 0, frame = 0
 381              		@ frame_needed = 0, uses_anonymous_args = 0
 382              		@ link register save eliminated.
 383              	.LVL44:
 149:Drivers/lvgl/lvgl/src/core/lv_obj_class.c **** 
 384              		.loc 1 149 0
 385 0000 0368     		ldr	r3, [r0]
ARM GAS  /tmp/ccKMBwi5.s 			page 12


 386              	.LVL45:
 152:Drivers/lvgl/lvgl/src/core/lv_obj_class.c **** 
 387              		.loc 1 152 0
 388 0002 00E0     		b	.L35
 389              	.L37:
 152:Drivers/lvgl/lvgl/src/core/lv_obj_class.c **** 
 390              		.loc 1 152 0 is_stmt 0 discriminator 3
 391 0004 1B68     		ldr	r3, [r3]
 392              	.LVL46:
 393              	.L35:
 152:Drivers/lvgl/lvgl/src/core/lv_obj_class.c **** 
 394              		.loc 1 152 0 discriminator 1
 395 0006 1BB1     		cbz	r3, .L36
 152:Drivers/lvgl/lvgl/src/core/lv_obj_class.c **** 
 396              		.loc 1 152 0 discriminator 2
 397 0008 1A7E     		ldrb	r2, [r3, #24]	@ zero_extendqisi2
 398 000a 12F0030F 		tst	r2, #3
 399 000e F9D0     		beq	.L37
 400              	.L36:
 154:Drivers/lvgl/lvgl/src/core/lv_obj_class.c **** 
 401              		.loc 1 154 0 is_stmt 1
 402 0010 3BB1     		cbz	r3, .L39
 156:Drivers/lvgl/lvgl/src/core/lv_obj_class.c **** }
 403              		.loc 1 156 0
 404 0012 187E     		ldrb	r0, [r3, #24]	@ zero_extendqisi2
 405              	.LVL47:
 406 0014 00F00300 		and	r0, r0, #3
 407 0018 0128     		cmp	r0, #1
 408 001a 14BF     		ite	ne
 409 001c 0020     		movne	r0, #0
 410 001e 0120     		moveq	r0, #1
 411 0020 7047     		bx	lr
 412              	.LVL48:
 413              	.L39:
 154:Drivers/lvgl/lvgl/src/core/lv_obj_class.c **** 
 414              		.loc 1 154 0
 415 0022 0020     		movs	r0, #0
 416              	.LVL49:
 157:Drivers/lvgl/lvgl/src/core/lv_obj_class.c **** 
 417              		.loc 1 157 0
 418 0024 7047     		bx	lr
 419              		.cfi_endproc
 420              	.LFE162:
 422              		.section	.text.lv_obj_is_group_def,"ax",%progbits
 423              		.align	1
 424              		.global	lv_obj_is_group_def
 425              		.syntax unified
 426              		.thumb
 427              		.thumb_func
 428              		.fpu fpv5-d16
 430              	lv_obj_is_group_def:
 431              	.LFB163:
 160:Drivers/lvgl/lvgl/src/core/lv_obj_class.c ****     const lv_obj_class_t * class_p = obj->class_p;
 432              		.loc 1 160 0
 433              		.cfi_startproc
 434              		@ args = 0, pretend = 0, frame = 0
 435              		@ frame_needed = 0, uses_anonymous_args = 0
ARM GAS  /tmp/ccKMBwi5.s 			page 13


 436              		@ link register save eliminated.
 437              	.LVL50:
 161:Drivers/lvgl/lvgl/src/core/lv_obj_class.c **** 
 438              		.loc 1 161 0
 439 0000 0368     		ldr	r3, [r0]
 440              	.LVL51:
 164:Drivers/lvgl/lvgl/src/core/lv_obj_class.c **** 
 441              		.loc 1 164 0
 442 0002 00E0     		b	.L41
 443              	.L43:
 164:Drivers/lvgl/lvgl/src/core/lv_obj_class.c **** 
 444              		.loc 1 164 0 is_stmt 0 discriminator 3
 445 0004 1B68     		ldr	r3, [r3]
 446              	.LVL52:
 447              	.L41:
 164:Drivers/lvgl/lvgl/src/core/lv_obj_class.c **** 
 448              		.loc 1 164 0 discriminator 1
 449 0006 1BB1     		cbz	r3, .L42
 164:Drivers/lvgl/lvgl/src/core/lv_obj_class.c **** 
 450              		.loc 1 164 0 discriminator 2
 451 0008 1A7E     		ldrb	r2, [r3, #24]	@ zero_extendqisi2
 452 000a 12F00C0F 		tst	r2, #12
 453 000e F9D0     		beq	.L43
 454              	.L42:
 166:Drivers/lvgl/lvgl/src/core/lv_obj_class.c **** 
 455              		.loc 1 166 0 is_stmt 1
 456 0010 3BB1     		cbz	r3, .L45
 168:Drivers/lvgl/lvgl/src/core/lv_obj_class.c **** }
 457              		.loc 1 168 0
 458 0012 187E     		ldrb	r0, [r3, #24]	@ zero_extendqisi2
 459              	.LVL53:
 460 0014 00F00C00 		and	r0, r0, #12
 461 0018 0428     		cmp	r0, #4
 462 001a 14BF     		ite	ne
 463 001c 0020     		movne	r0, #0
 464 001e 0120     		moveq	r0, #1
 465 0020 7047     		bx	lr
 466              	.LVL54:
 467              	.L45:
 166:Drivers/lvgl/lvgl/src/core/lv_obj_class.c **** 
 468              		.loc 1 166 0
 469 0022 0020     		movs	r0, #0
 470              	.LVL55:
 169:Drivers/lvgl/lvgl/src/core/lv_obj_class.c **** 
 471              		.loc 1 169 0
 472 0024 7047     		bx	lr
 473              		.cfi_endproc
 474              	.LFE163:
 476              		.section	.text.lv_obj_class_init_obj,"ax",%progbits
 477              		.align	1
 478              		.global	lv_obj_class_init_obj
 479              		.syntax unified
 480              		.thumb
 481              		.thumb_func
 482              		.fpu fpv5-d16
 484              	lv_obj_class_init_obj:
 485              	.LFB160:
ARM GAS  /tmp/ccKMBwi5.s 			page 14


 105:Drivers/lvgl/lvgl/src/core/lv_obj_class.c ****     lv_obj_mark_layout_as_dirty(obj);
 486              		.loc 1 105 0
 487              		.cfi_startproc
 488              		@ args = 0, pretend = 0, frame = 0
 489              		@ frame_needed = 0, uses_anonymous_args = 0
 490              	.LVL56:
 491 0000 38B5     		push	{r3, r4, r5, lr}
 492              	.LCFI3:
 493              		.cfi_def_cfa_offset 16
 494              		.cfi_offset 3, -16
 495              		.cfi_offset 4, -12
 496              		.cfi_offset 5, -8
 497              		.cfi_offset 14, -4
 498 0002 0446     		mov	r4, r0
 106:Drivers/lvgl/lvgl/src/core/lv_obj_class.c ****     lv_obj_enable_style_refresh(false);
 499              		.loc 1 106 0
 500 0004 FFF7FEFF 		bl	lv_obj_mark_layout_as_dirty
 501              	.LVL57:
 107:Drivers/lvgl/lvgl/src/core/lv_obj_class.c **** 
 502              		.loc 1 107 0
 503 0008 0020     		movs	r0, #0
 504 000a FFF7FEFF 		bl	lv_obj_enable_style_refresh
 505              	.LVL58:
 109:Drivers/lvgl/lvgl/src/core/lv_obj_class.c ****     lv_obj_construct(obj);
 506              		.loc 1 109 0
 507 000e 2046     		mov	r0, r4
 508 0010 FFF7FEFF 		bl	lv_theme_apply
 509              	.LVL59:
 110:Drivers/lvgl/lvgl/src/core/lv_obj_class.c **** 
 510              		.loc 1 110 0
 511 0014 2046     		mov	r0, r4
 512 0016 FFF7FEFF 		bl	lv_obj_construct
 513              	.LVL60:
 112:Drivers/lvgl/lvgl/src/core/lv_obj_class.c ****     lv_obj_refresh_style(obj, LV_PART_ANY, LV_STYLE_PROP_ANY);
 514              		.loc 1 112 0
 515 001a 0120     		movs	r0, #1
 516 001c FFF7FEFF 		bl	lv_obj_enable_style_refresh
 517              	.LVL61:
 113:Drivers/lvgl/lvgl/src/core/lv_obj_class.c **** 
 518              		.loc 1 113 0
 519 0020 4FF6FF72 		movw	r2, #65535
 520 0024 4FF47021 		mov	r1, #983040
 521 0028 2046     		mov	r0, r4
 522 002a FFF7FEFF 		bl	lv_obj_refresh_style
 523              	.LVL62:
 115:Drivers/lvgl/lvgl/src/core/lv_obj_class.c **** 
 524              		.loc 1 115 0
 525 002e 2046     		mov	r0, r4
 526 0030 FFF7FEFF 		bl	lv_obj_refresh_self_size
 527              	.LVL63:
 117:Drivers/lvgl/lvgl/src/core/lv_obj_class.c ****     if(def_group && lv_obj_is_group_def(obj)) {
 528              		.loc 1 117 0
 529 0034 FFF7FEFF 		bl	lv_group_get_default
 530              	.LVL64:
 118:Drivers/lvgl/lvgl/src/core/lv_obj_class.c ****         lv_group_add_obj(def_group, obj);
 531              		.loc 1 118 0
 532 0038 20B1     		cbz	r0, .L47
ARM GAS  /tmp/ccKMBwi5.s 			page 15


 533 003a 0546     		mov	r5, r0
 118:Drivers/lvgl/lvgl/src/core/lv_obj_class.c ****         lv_group_add_obj(def_group, obj);
 534              		.loc 1 118 0 is_stmt 0 discriminator 1
 535 003c 2046     		mov	r0, r4
 536              	.LVL65:
 537 003e FFF7FEFF 		bl	lv_obj_is_group_def
 538              	.LVL66:
 539 0042 88B9     		cbnz	r0, .L50
 540              	.LVL67:
 541              	.L47:
 122:Drivers/lvgl/lvgl/src/core/lv_obj_class.c ****     if(parent) {
 542              		.loc 1 122 0 is_stmt 1
 543 0044 2046     		mov	r0, r4
 544 0046 FFF7FEFF 		bl	lv_obj_get_parent
 545              	.LVL68:
 123:Drivers/lvgl/lvgl/src/core/lv_obj_class.c ****         /*Call the ancestor's event handler to the parent to notify it about the new child.
 546              		.loc 1 123 0
 547 004a 0546     		mov	r5, r0
 548 004c 58B1     		cbz	r0, .L46
 126:Drivers/lvgl/lvgl/src/core/lv_obj_class.c ****         lv_event_send(parent, LV_EVENT_CHILD_CREATED, obj);
 549              		.loc 1 126 0
 550 004e 2246     		mov	r2, r4
 551 0050 2221     		movs	r1, #34
 552 0052 FFF7FEFF 		bl	lv_event_send
 553              	.LVL69:
 127:Drivers/lvgl/lvgl/src/core/lv_obj_class.c **** 
 554              		.loc 1 127 0
 555 0056 2246     		mov	r2, r4
 556 0058 2321     		movs	r1, #35
 557 005a 2846     		mov	r0, r5
 558 005c FFF7FEFF 		bl	lv_event_send
 559              	.LVL70:
 130:Drivers/lvgl/lvgl/src/core/lv_obj_class.c ****     }
 560              		.loc 1 130 0
 561 0060 2046     		mov	r0, r4
 562 0062 FFF7FEFF 		bl	lv_obj_invalidate
 563              	.LVL71:
 564              	.L46:
 132:Drivers/lvgl/lvgl/src/core/lv_obj_class.c **** 
 565              		.loc 1 132 0
 566 0066 38BD     		pop	{r3, r4, r5, pc}
 567              	.LVL72:
 568              	.L50:
 119:Drivers/lvgl/lvgl/src/core/lv_obj_class.c ****     }
 569              		.loc 1 119 0
 570 0068 2146     		mov	r1, r4
 571 006a 2846     		mov	r0, r5
 572 006c FFF7FEFF 		bl	lv_group_add_obj
 573              	.LVL73:
 574 0070 E8E7     		b	.L47
 575              		.cfi_endproc
 576              	.LFE160:
 578              		.text
 579              	.Letext0:
 580              		.file 2 "/opt/gcc-arm-none-eabi-7-2017-q4-major/arm-none-eabi/include/machine/_default_types.h"
 581              		.file 3 "/opt/gcc-arm-none-eabi-7-2017-q4-major/arm-none-eabi/include/sys/_stdint.h"
 582              		.file 4 "/opt/gcc-arm-none-eabi-7-2017-q4-major/lib/gcc/arm-none-eabi/7.2.1/include/stddef.h"
ARM GAS  /tmp/ccKMBwi5.s 			page 16


 583              		.file 5 "Drivers/lvgl/lvgl/src/core/../misc/../font/../misc/lv_area.h"
 584              		.file 6 "Drivers/lvgl/lvgl/src/core/../misc/../font/lv_font.h"
 585              		.file 7 "Drivers/lvgl/lvgl/src/core/../misc/lv_types.h"
 586              		.file 8 "/opt/gcc-arm-none-eabi-7-2017-q4-major/arm-none-eabi/include/sys/lock.h"
 587              		.file 9 "/opt/gcc-arm-none-eabi-7-2017-q4-major/arm-none-eabi/include/sys/_types.h"
 588              		.file 10 "/opt/gcc-arm-none-eabi-7-2017-q4-major/arm-none-eabi/include/sys/reent.h"
 589              		.file 11 "Drivers/lvgl/lvgl/src/core/../misc/lv_color.h"
 590              		.file 12 "Drivers/lvgl/lvgl/src/core/../misc/lv_txt.h"
 591              		.file 13 "Drivers/lvgl/lvgl/src/core/../misc/lv_bidi.h"
 592              		.file 14 "Drivers/lvgl/lvgl/src/core/../misc/lv_style.h"
 593              		.file 15 "Drivers/lvgl/lvgl/src/core/../hal/../draw/lv_img_buf.h"
 594              		.file 16 "Drivers/lvgl/lvgl/src/core/lv_obj.h"
 595              		.file 17 "Drivers/lvgl/lvgl/src/core/../hal/../draw/lv_draw_rect.h"
 596              		.file 18 "Drivers/lvgl/lvgl/src/core/../hal/../draw/lv_draw_label.h"
 597              		.file 19 "Drivers/lvgl/lvgl/src/core/../hal/../draw/lv_draw_img.h"
 598              		.file 20 "Drivers/lvgl/lvgl/src/core/../hal/../draw/lv_draw_line.h"
 599              		.file 21 "Drivers/lvgl/lvgl/src/core/../hal/../draw/lv_draw_arc.h"
 600              		.file 22 "Drivers/lvgl/lvgl/src/core/../hal/../draw/lv_draw_layer.h"
 601              		.file 23 "Drivers/lvgl/lvgl/src/core/../hal/../draw/lv_draw.h"
 602              		.file 24 "Drivers/lvgl/lvgl/src/core/../hal/../misc/lv_ll.h"
 603              		.file 25 "Drivers/lvgl/lvgl/src/core/../hal/../misc/lv_timer.h"
 604              		.file 26 "Drivers/lvgl/lvgl/src/core/../hal/lv_hal_disp.h"
 605              		.file 27 "Drivers/lvgl/lvgl/src/core/lv_theme.h"
 606              		.file 28 "Drivers/lvgl/lvgl/src/core/lv_group.h"
 607              		.file 29 "Drivers/lvgl/lvgl/src/core/lv_obj_scroll.h"
 608              		.file 30 "Drivers/lvgl/lvgl/src/core/lv_obj_style.h"
 609              		.file 31 "Drivers/lvgl/lvgl/src/core/lv_obj_class.h"
 610              		.file 32 "Drivers/lvgl/lvgl/src/core/lv_event.h"
 611              		.file 33 "Drivers/lvgl/lvgl/src/core/../hal/../draw/sw/../../core/lv_obj_pos.h"
 612              		.file 34 "Drivers/lvgl/lvgl/src/core/lv_obj_tree.h"
 613              		.file 35 "Drivers/lvgl/lvgl/src/core/../misc/lv_mem.h"
ARM GAS  /tmp/ccKMBwi5.s 			page 17


DEFINED SYMBOLS
                            *ABS*:0000000000000000 lv_obj_class.c
     /tmp/ccKMBwi5.s:17     .text.lv_obj_construct:0000000000000000 $t
     /tmp/ccKMBwi5.s:23     .text.lv_obj_construct:0000000000000000 lv_obj_construct
     /tmp/ccKMBwi5.s:72     .text.get_instance_size:0000000000000000 $t
     /tmp/ccKMBwi5.s:78     .text.get_instance_size:0000000000000000 get_instance_size
     /tmp/ccKMBwi5.s:120    .text.get_instance_size:0000000000000020 $d
     /tmp/ccKMBwi5.s:125    .text.lv_obj_class_create_obj:0000000000000000 $t
     /tmp/ccKMBwi5.s:132    .text.lv_obj_class_create_obj:0000000000000000 lv_obj_class_create_obj
     /tmp/ccKMBwi5.s:318    .text._lv_obj_destruct:0000000000000000 $t
     /tmp/ccKMBwi5.s:325    .text._lv_obj_destruct:0000000000000000 _lv_obj_destruct
     /tmp/ccKMBwi5.s:369    .text.lv_obj_is_editable:0000000000000000 $t
     /tmp/ccKMBwi5.s:376    .text.lv_obj_is_editable:0000000000000000 lv_obj_is_editable
     /tmp/ccKMBwi5.s:423    .text.lv_obj_is_group_def:0000000000000000 $t
     /tmp/ccKMBwi5.s:430    .text.lv_obj_is_group_def:0000000000000000 lv_obj_is_group_def
     /tmp/ccKMBwi5.s:477    .text.lv_obj_class_init_obj:0000000000000000 $t
     /tmp/ccKMBwi5.s:484    .text.lv_obj_class_init_obj:0000000000000000 lv_obj_class_init_obj

UNDEFINED SYMBOLS
lv_mem_alloc
lv_memset_00
lv_mem_realloc
lv_disp_get_default
lv_disp_get_hor_res
lv_disp_get_ver_res
lv_mem_free
lv_obj_allocate_spec_attr
lv_obj_mark_layout_as_dirty
lv_obj_enable_style_refresh
lv_theme_apply
lv_obj_refresh_style
lv_obj_refresh_self_size
lv_group_get_default
lv_obj_get_parent
lv_event_send
lv_obj_invalidate
lv_group_add_obj
