ARM GAS  /tmp/cc37Y0du.s 			page 1


   1              		.cpu cortex-m7
   2              		.eabi_attribute 28, 1
   3              		.eabi_attribute 20, 1
   4              		.eabi_attribute 21, 1
   5              		.eabi_attribute 23, 3
   6              		.eabi_attribute 24, 1
   7              		.eabi_attribute 25, 1
   8              		.eabi_attribute 26, 1
   9              		.eabi_attribute 30, 1
  10              		.eabi_attribute 34, 1
  11              		.eabi_attribute 18, 4
  12              		.file	"stm32h7xx_it.c"
  13              		.text
  14              	.Ltext0:
  15              		.cfi_sections	.debug_frame
  16              		.section	.text.NMI_Handler,"ax",%progbits
  17              		.align	1
  18              		.global	NMI_Handler
  19              		.syntax unified
  20              		.thumb
  21              		.thumb_func
  22              		.fpu fpv5-d16
  24              	NMI_Handler:
  25              	.LFB350:
  26              		.file 1 "Core/Src/stm32h7xx_it.c"
   1:Core/Src/stm32h7xx_it.c **** /* USER CODE BEGIN Header */
   2:Core/Src/stm32h7xx_it.c **** /**
   3:Core/Src/stm32h7xx_it.c ****   ******************************************************************************
   4:Core/Src/stm32h7xx_it.c ****   * @file    stm32h7xx_it.c
   5:Core/Src/stm32h7xx_it.c ****   * @brief   Interrupt Service Routines.
   6:Core/Src/stm32h7xx_it.c ****   ******************************************************************************
   7:Core/Src/stm32h7xx_it.c ****   * @attention
   8:Core/Src/stm32h7xx_it.c ****   *
   9:Core/Src/stm32h7xx_it.c ****   * Copyright (c) 2023 STMicroelectronics.
  10:Core/Src/stm32h7xx_it.c ****   * All rights reserved.
  11:Core/Src/stm32h7xx_it.c ****   *
  12:Core/Src/stm32h7xx_it.c ****   * This software is licensed under terms that can be found in the LICENSE file
  13:Core/Src/stm32h7xx_it.c ****   * in the root directory of this software component.
  14:Core/Src/stm32h7xx_it.c ****   * If no LICENSE file comes with this software, it is provided AS-IS.
  15:Core/Src/stm32h7xx_it.c ****   *
  16:Core/Src/stm32h7xx_it.c ****   ******************************************************************************
  17:Core/Src/stm32h7xx_it.c ****   */
  18:Core/Src/stm32h7xx_it.c **** /* USER CODE END Header */
  19:Core/Src/stm32h7xx_it.c **** 
  20:Core/Src/stm32h7xx_it.c **** /* Includes ------------------------------------------------------------------*/
  21:Core/Src/stm32h7xx_it.c **** #include "main.h"
  22:Core/Src/stm32h7xx_it.c **** #include "stm32h7xx_it.h"
  23:Core/Src/stm32h7xx_it.c **** /* Private includes ----------------------------------------------------------*/
  24:Core/Src/stm32h7xx_it.c **** /* USER CODE BEGIN Includes */
  25:Core/Src/stm32h7xx_it.c **** /* USER CODE END Includes */
  26:Core/Src/stm32h7xx_it.c **** 
  27:Core/Src/stm32h7xx_it.c **** /* Private typedef -----------------------------------------------------------*/
  28:Core/Src/stm32h7xx_it.c **** /* USER CODE BEGIN TD */
  29:Core/Src/stm32h7xx_it.c **** 
  30:Core/Src/stm32h7xx_it.c **** /* USER CODE END TD */
  31:Core/Src/stm32h7xx_it.c **** 
  32:Core/Src/stm32h7xx_it.c **** /* Private define ------------------------------------------------------------*/
ARM GAS  /tmp/cc37Y0du.s 			page 2


  33:Core/Src/stm32h7xx_it.c **** /* USER CODE BEGIN PD */
  34:Core/Src/stm32h7xx_it.c **** 
  35:Core/Src/stm32h7xx_it.c **** /* USER CODE END PD */
  36:Core/Src/stm32h7xx_it.c **** 
  37:Core/Src/stm32h7xx_it.c **** /* Private macro -------------------------------------------------------------*/
  38:Core/Src/stm32h7xx_it.c **** /* USER CODE BEGIN PM */
  39:Core/Src/stm32h7xx_it.c **** 
  40:Core/Src/stm32h7xx_it.c **** /* USER CODE END PM */
  41:Core/Src/stm32h7xx_it.c **** 
  42:Core/Src/stm32h7xx_it.c **** /* Private variables ---------------------------------------------------------*/
  43:Core/Src/stm32h7xx_it.c **** /* USER CODE BEGIN PV */
  44:Core/Src/stm32h7xx_it.c **** 
  45:Core/Src/stm32h7xx_it.c **** /* USER CODE END PV */
  46:Core/Src/stm32h7xx_it.c **** 
  47:Core/Src/stm32h7xx_it.c **** /* Private function prototypes -----------------------------------------------*/
  48:Core/Src/stm32h7xx_it.c **** /* USER CODE BEGIN PFP */
  49:Core/Src/stm32h7xx_it.c **** 
  50:Core/Src/stm32h7xx_it.c **** /* USER CODE END PFP */
  51:Core/Src/stm32h7xx_it.c **** 
  52:Core/Src/stm32h7xx_it.c **** /* Private user code ---------------------------------------------------------*/
  53:Core/Src/stm32h7xx_it.c **** /* USER CODE BEGIN 0 */
  54:Core/Src/stm32h7xx_it.c **** 
  55:Core/Src/stm32h7xx_it.c **** /* USER CODE END 0 */
  56:Core/Src/stm32h7xx_it.c **** 
  57:Core/Src/stm32h7xx_it.c **** /* External variables --------------------------------------------------------*/
  58:Core/Src/stm32h7xx_it.c **** extern TIM_HandleTypeDef htim1;
  59:Core/Src/stm32h7xx_it.c **** 
  60:Core/Src/stm32h7xx_it.c **** /* USER CODE BEGIN EV */
  61:Core/Src/stm32h7xx_it.c **** 
  62:Core/Src/stm32h7xx_it.c **** /* USER CODE END EV */
  63:Core/Src/stm32h7xx_it.c **** 
  64:Core/Src/stm32h7xx_it.c **** /******************************************************************************/
  65:Core/Src/stm32h7xx_it.c **** /*           Cortex Processor Interruption and Exception Handlers          */
  66:Core/Src/stm32h7xx_it.c **** /******************************************************************************/
  67:Core/Src/stm32h7xx_it.c **** /**
  68:Core/Src/stm32h7xx_it.c ****   * @brief This function handles Non maskable interrupt.
  69:Core/Src/stm32h7xx_it.c ****   */
  70:Core/Src/stm32h7xx_it.c **** void NMI_Handler(void)
  71:Core/Src/stm32h7xx_it.c **** {
  27              		.loc 1 71 0
  28              		.cfi_startproc
  29              		@ Volatile: function does not return.
  30              		@ args = 0, pretend = 0, frame = 0
  31              		@ frame_needed = 0, uses_anonymous_args = 0
  32              		@ link register save eliminated.
  33              	.L2:
  34 0000 FEE7     		b	.L2
  35              		.cfi_endproc
  36              	.LFE350:
  38              		.section	.text.HardFault_Handler,"ax",%progbits
  39              		.align	1
  40              		.global	HardFault_Handler
  41              		.syntax unified
  42              		.thumb
  43              		.thumb_func
  44              		.fpu fpv5-d16
  46              	HardFault_Handler:
ARM GAS  /tmp/cc37Y0du.s 			page 3


  47              	.LFB351:
  72:Core/Src/stm32h7xx_it.c ****   /* USER CODE BEGIN NonMaskableInt_IRQn 0 */
  73:Core/Src/stm32h7xx_it.c **** 
  74:Core/Src/stm32h7xx_it.c ****   /* USER CODE END NonMaskableInt_IRQn 0 */
  75:Core/Src/stm32h7xx_it.c ****   /* USER CODE BEGIN NonMaskableInt_IRQn 1 */
  76:Core/Src/stm32h7xx_it.c ****   while (1)
  77:Core/Src/stm32h7xx_it.c ****   {
  78:Core/Src/stm32h7xx_it.c ****   }
  79:Core/Src/stm32h7xx_it.c ****   /* USER CODE END NonMaskableInt_IRQn 1 */
  80:Core/Src/stm32h7xx_it.c **** }
  81:Core/Src/stm32h7xx_it.c **** 
  82:Core/Src/stm32h7xx_it.c **** /**
  83:Core/Src/stm32h7xx_it.c ****   * @brief This function handles Hard fault interrupt.
  84:Core/Src/stm32h7xx_it.c ****   */
  85:Core/Src/stm32h7xx_it.c **** void HardFault_Handler(void)
  86:Core/Src/stm32h7xx_it.c **** {
  48              		.loc 1 86 0
  49              		.cfi_startproc
  50              		@ Volatile: function does not return.
  51              		@ args = 0, pretend = 0, frame = 0
  52              		@ frame_needed = 0, uses_anonymous_args = 0
  53              		@ link register save eliminated.
  54              	.L4:
  55 0000 FEE7     		b	.L4
  56              		.cfi_endproc
  57              	.LFE351:
  59              		.section	.text.MemManage_Handler,"ax",%progbits
  60              		.align	1
  61              		.global	MemManage_Handler
  62              		.syntax unified
  63              		.thumb
  64              		.thumb_func
  65              		.fpu fpv5-d16
  67              	MemManage_Handler:
  68              	.LFB352:
  87:Core/Src/stm32h7xx_it.c ****   /* USER CODE BEGIN HardFault_IRQn 0 */
  88:Core/Src/stm32h7xx_it.c **** 
  89:Core/Src/stm32h7xx_it.c ****   /* USER CODE END HardFault_IRQn 0 */
  90:Core/Src/stm32h7xx_it.c ****   while (1)
  91:Core/Src/stm32h7xx_it.c ****   {
  92:Core/Src/stm32h7xx_it.c ****     /* USER CODE BEGIN W1_HardFault_IRQn 0 */
  93:Core/Src/stm32h7xx_it.c ****     /* USER CODE END W1_HardFault_IRQn 0 */
  94:Core/Src/stm32h7xx_it.c ****   }
  95:Core/Src/stm32h7xx_it.c **** }
  96:Core/Src/stm32h7xx_it.c **** 
  97:Core/Src/stm32h7xx_it.c **** /**
  98:Core/Src/stm32h7xx_it.c ****   * @brief This function handles Memory management fault.
  99:Core/Src/stm32h7xx_it.c ****   */
 100:Core/Src/stm32h7xx_it.c **** void MemManage_Handler(void)
 101:Core/Src/stm32h7xx_it.c **** {
  69              		.loc 1 101 0
  70              		.cfi_startproc
  71              		@ Volatile: function does not return.
  72              		@ args = 0, pretend = 0, frame = 0
  73              		@ frame_needed = 0, uses_anonymous_args = 0
  74              		@ link register save eliminated.
  75              	.L6:
ARM GAS  /tmp/cc37Y0du.s 			page 4


  76 0000 FEE7     		b	.L6
  77              		.cfi_endproc
  78              	.LFE352:
  80              		.section	.text.BusFault_Handler,"ax",%progbits
  81              		.align	1
  82              		.global	BusFault_Handler
  83              		.syntax unified
  84              		.thumb
  85              		.thumb_func
  86              		.fpu fpv5-d16
  88              	BusFault_Handler:
  89              	.LFB353:
 102:Core/Src/stm32h7xx_it.c ****   /* USER CODE BEGIN MemoryManagement_IRQn 0 */
 103:Core/Src/stm32h7xx_it.c **** 
 104:Core/Src/stm32h7xx_it.c ****   /* USER CODE END MemoryManagement_IRQn 0 */
 105:Core/Src/stm32h7xx_it.c ****   while (1)
 106:Core/Src/stm32h7xx_it.c ****   {
 107:Core/Src/stm32h7xx_it.c ****     /* USER CODE BEGIN W1_MemoryManagement_IRQn 0 */
 108:Core/Src/stm32h7xx_it.c ****     /* USER CODE END W1_MemoryManagement_IRQn 0 */
 109:Core/Src/stm32h7xx_it.c ****   }
 110:Core/Src/stm32h7xx_it.c **** }
 111:Core/Src/stm32h7xx_it.c **** 
 112:Core/Src/stm32h7xx_it.c **** /**
 113:Core/Src/stm32h7xx_it.c ****   * @brief This function handles Pre-fetch fault, memory access fault.
 114:Core/Src/stm32h7xx_it.c ****   */
 115:Core/Src/stm32h7xx_it.c **** void BusFault_Handler(void)
 116:Core/Src/stm32h7xx_it.c **** {
  90              		.loc 1 116 0
  91              		.cfi_startproc
  92              		@ Volatile: function does not return.
  93              		@ args = 0, pretend = 0, frame = 0
  94              		@ frame_needed = 0, uses_anonymous_args = 0
  95              		@ link register save eliminated.
  96              	.L8:
  97 0000 FEE7     		b	.L8
  98              		.cfi_endproc
  99              	.LFE353:
 101              		.section	.text.UsageFault_Handler,"ax",%progbits
 102              		.align	1
 103              		.global	UsageFault_Handler
 104              		.syntax unified
 105              		.thumb
 106              		.thumb_func
 107              		.fpu fpv5-d16
 109              	UsageFault_Handler:
 110              	.LFB354:
 117:Core/Src/stm32h7xx_it.c ****   /* USER CODE BEGIN BusFault_IRQn 0 */
 118:Core/Src/stm32h7xx_it.c **** 
 119:Core/Src/stm32h7xx_it.c ****   /* USER CODE END BusFault_IRQn 0 */
 120:Core/Src/stm32h7xx_it.c ****   while (1)
 121:Core/Src/stm32h7xx_it.c ****   {
 122:Core/Src/stm32h7xx_it.c ****     /* USER CODE BEGIN W1_BusFault_IRQn 0 */
 123:Core/Src/stm32h7xx_it.c ****     /* USER CODE END W1_BusFault_IRQn 0 */
 124:Core/Src/stm32h7xx_it.c ****   }
 125:Core/Src/stm32h7xx_it.c **** }
 126:Core/Src/stm32h7xx_it.c **** 
 127:Core/Src/stm32h7xx_it.c **** /**
ARM GAS  /tmp/cc37Y0du.s 			page 5


 128:Core/Src/stm32h7xx_it.c ****   * @brief This function handles Undefined instruction or illegal state.
 129:Core/Src/stm32h7xx_it.c ****   */
 130:Core/Src/stm32h7xx_it.c **** void UsageFault_Handler(void)
 131:Core/Src/stm32h7xx_it.c **** {
 111              		.loc 1 131 0
 112              		.cfi_startproc
 113              		@ Volatile: function does not return.
 114              		@ args = 0, pretend = 0, frame = 0
 115              		@ frame_needed = 0, uses_anonymous_args = 0
 116              		@ link register save eliminated.
 117              	.L10:
 118 0000 FEE7     		b	.L10
 119              		.cfi_endproc
 120              	.LFE354:
 122              		.section	.text.DebugMon_Handler,"ax",%progbits
 123              		.align	1
 124              		.global	DebugMon_Handler
 125              		.syntax unified
 126              		.thumb
 127              		.thumb_func
 128              		.fpu fpv5-d16
 130              	DebugMon_Handler:
 131              	.LFB355:
 132:Core/Src/stm32h7xx_it.c ****   /* USER CODE BEGIN UsageFault_IRQn 0 */
 133:Core/Src/stm32h7xx_it.c **** 
 134:Core/Src/stm32h7xx_it.c ****   /* USER CODE END UsageFault_IRQn 0 */
 135:Core/Src/stm32h7xx_it.c ****   while (1)
 136:Core/Src/stm32h7xx_it.c ****   {
 137:Core/Src/stm32h7xx_it.c ****     /* USER CODE BEGIN W1_UsageFault_IRQn 0 */
 138:Core/Src/stm32h7xx_it.c ****     /* USER CODE END W1_UsageFault_IRQn 0 */
 139:Core/Src/stm32h7xx_it.c ****   }
 140:Core/Src/stm32h7xx_it.c **** }
 141:Core/Src/stm32h7xx_it.c **** 
 142:Core/Src/stm32h7xx_it.c **** /**
 143:Core/Src/stm32h7xx_it.c ****   * @brief This function handles Debug monitor.
 144:Core/Src/stm32h7xx_it.c ****   */
 145:Core/Src/stm32h7xx_it.c **** void DebugMon_Handler(void)
 146:Core/Src/stm32h7xx_it.c **** {
 132              		.loc 1 146 0
 133              		.cfi_startproc
 134              		@ args = 0, pretend = 0, frame = 0
 135              		@ frame_needed = 0, uses_anonymous_args = 0
 136              		@ link register save eliminated.
 147:Core/Src/stm32h7xx_it.c ****   /* USER CODE BEGIN DebugMonitor_IRQn 0 */
 148:Core/Src/stm32h7xx_it.c **** 
 149:Core/Src/stm32h7xx_it.c ****   /* USER CODE END DebugMonitor_IRQn 0 */
 150:Core/Src/stm32h7xx_it.c ****   /* USER CODE BEGIN DebugMonitor_IRQn 1 */
 151:Core/Src/stm32h7xx_it.c **** 
 152:Core/Src/stm32h7xx_it.c ****   /* USER CODE END DebugMonitor_IRQn 1 */
 153:Core/Src/stm32h7xx_it.c **** }
 137              		.loc 1 153 0
 138 0000 7047     		bx	lr
 139              		.cfi_endproc
 140              	.LFE355:
 142              		.section	.text.TIM1_UP_IRQHandler,"ax",%progbits
 143              		.align	1
 144              		.global	TIM1_UP_IRQHandler
ARM GAS  /tmp/cc37Y0du.s 			page 6


 145              		.syntax unified
 146              		.thumb
 147              		.thumb_func
 148              		.fpu fpv5-d16
 150              	TIM1_UP_IRQHandler:
 151              	.LFB356:
 154:Core/Src/stm32h7xx_it.c **** 
 155:Core/Src/stm32h7xx_it.c **** /******************************************************************************/
 156:Core/Src/stm32h7xx_it.c **** /* STM32H7xx Peripheral Interrupt Handlers                                    */
 157:Core/Src/stm32h7xx_it.c **** /* Add here the Interrupt Handlers for the used peripherals.                  */
 158:Core/Src/stm32h7xx_it.c **** /* For the available peripheral interrupt handler names,                      */
 159:Core/Src/stm32h7xx_it.c **** /* please refer to the startup file (startup_stm32h7xx.s).                    */
 160:Core/Src/stm32h7xx_it.c **** /******************************************************************************/
 161:Core/Src/stm32h7xx_it.c **** 
 162:Core/Src/stm32h7xx_it.c **** /**
 163:Core/Src/stm32h7xx_it.c ****   * @brief This function handles TIM1 update interrupt.
 164:Core/Src/stm32h7xx_it.c ****   */
 165:Core/Src/stm32h7xx_it.c **** void TIM1_UP_IRQHandler(void)
 166:Core/Src/stm32h7xx_it.c **** {
 152              		.loc 1 166 0
 153              		.cfi_startproc
 154              		@ args = 0, pretend = 0, frame = 0
 155              		@ frame_needed = 0, uses_anonymous_args = 0
 156 0000 08B5     		push	{r3, lr}
 157              	.LCFI0:
 158              		.cfi_def_cfa_offset 8
 159              		.cfi_offset 3, -8
 160              		.cfi_offset 14, -4
 167:Core/Src/stm32h7xx_it.c ****   /* USER CODE BEGIN TIM1_UP_IRQn 0 */
 168:Core/Src/stm32h7xx_it.c **** 
 169:Core/Src/stm32h7xx_it.c ****   /* USER CODE END TIM1_UP_IRQn 0 */
 170:Core/Src/stm32h7xx_it.c ****   HAL_TIM_IRQHandler(&htim1);
 161              		.loc 1 170 0
 162 0002 0248     		ldr	r0, .L14
 163 0004 FFF7FEFF 		bl	HAL_TIM_IRQHandler
 164              	.LVL0:
 171:Core/Src/stm32h7xx_it.c ****   /* USER CODE BEGIN TIM1_UP_IRQn 1 */
 172:Core/Src/stm32h7xx_it.c **** 
 173:Core/Src/stm32h7xx_it.c ****   /* USER CODE END TIM1_UP_IRQn 1 */
 174:Core/Src/stm32h7xx_it.c **** }
 165              		.loc 1 174 0
 166 0008 08BD     		pop	{r3, pc}
 167              	.L15:
 168 000a 00BF     		.align	2
 169              	.L14:
 170 000c 00000000 		.word	htim1
 171              		.cfi_endproc
 172              	.LFE356:
 174              		.text
 175              	.Letext0:
 176              		.file 2 "/opt/gcc-arm-none-eabi-7-2017-q4-major/arm-none-eabi/include/machine/_default_types.h"
 177              		.file 3 "/opt/gcc-arm-none-eabi-7-2017-q4-major/arm-none-eabi/include/sys/_stdint.h"
 178              		.file 4 "Drivers/CMSIS/Include/core_cm7.h"
 179              		.file 5 "Drivers/CMSIS/Device/ST/STM32H7xx/Include/system_stm32h7xx.h"
 180              		.file 6 "Drivers/CMSIS/Device/ST/STM32H7xx/Include/stm32h743xx.h"
 181              		.file 7 "/opt/gcc-arm-none-eabi-7-2017-q4-major/arm-none-eabi/include/sys/lock.h"
 182              		.file 8 "/opt/gcc-arm-none-eabi-7-2017-q4-major/arm-none-eabi/include/sys/_types.h"
ARM GAS  /tmp/cc37Y0du.s 			page 7


 183              		.file 9 "/opt/gcc-arm-none-eabi-7-2017-q4-major/lib/gcc/arm-none-eabi/7.2.1/include/stddef.h"
 184              		.file 10 "/opt/gcc-arm-none-eabi-7-2017-q4-major/arm-none-eabi/include/sys/reent.h"
 185              		.file 11 "/opt/gcc-arm-none-eabi-7-2017-q4-major/arm-none-eabi/include/math.h"
 186              		.file 12 "Drivers/STM32H7xx_HAL_Driver/Inc/stm32h7xx_hal_def.h"
 187              		.file 13 "Drivers/STM32H7xx_HAL_Driver/Inc/stm32h7xx_hal_dma.h"
 188              		.file 14 "Drivers/STM32H7xx_HAL_Driver/Inc/stm32h7xx_hal_flash.h"
 189              		.file 15 "Drivers/STM32H7xx_HAL_Driver/Inc/stm32h7xx_hal_spi.h"
 190              		.file 16 "Drivers/STM32H7xx_HAL_Driver/Inc/stm32h7xx_hal_tim.h"
 191              		.file 17 "Drivers/STM32H7xx_HAL_Driver/Inc/stm32h7xx_hal.h"
 192              		.file 18 "Drivers/lvgl/lvgl/src/hal/../draw/../misc/../font/../misc/lv_area.h"
 193              		.file 19 "Drivers/lvgl/lvgl/src/hal/../draw/../misc/../font/lv_font.h"
 194              		.file 20 "Drivers/lvgl/lvgl/src/hal/../draw/../misc/lv_color.h"
 195              		.file 21 "Drivers/lvgl/lvgl/src/hal/../draw/../misc/lv_txt.h"
 196              		.file 22 "Drivers/lvgl/lvgl/src/hal/../draw/../misc/lv_style.h"
 197              		.file 23 "Drivers/lvgl/lvgl/src/core/lv_obj.h"
 198              		.file 24 "Drivers/lvgl/lvgl/src/hal/../misc/lv_ll.h"
 199              		.file 25 "Drivers/lvgl/lvgl/src/core/lv_group.h"
 200              		.file 26 "Drivers/lvgl/lvgl/src/core/lv_obj_scroll.h"
 201              		.file 27 "Drivers/lvgl/lvgl/src/core/lv_obj_style.h"
 202              		.file 28 "Drivers/lvgl/lvgl/src/core/lv_obj_class.h"
 203              		.file 29 "Drivers/lvgl/lvgl/src/core/lv_event.h"
 204              		.file 30 "Drivers/lvgl/lvgl/src/widgets/lv_arc.h"
 205              		.file 31 "Drivers/lvgl/lvgl/src/widgets/lv_btn.h"
 206              		.file 32 "Drivers/lvgl/lvgl/src/widgets/lv_img.h"
 207              		.file 33 "Drivers/lvgl/lvgl/src/widgets/lv_label.h"
 208              		.file 34 "Drivers/lvgl/lvgl/src/widgets/lv_line.h"
 209              		.file 35 "Drivers/lvgl/lvgl/src/widgets/lv_table.h"
 210              		.file 36 "Drivers/lvgl/lvgl/src/widgets/lv_checkbox.h"
 211              		.file 37 "Drivers/lvgl/lvgl/src/widgets/lv_bar.h"
 212              		.file 38 "Drivers/lvgl/lvgl/src/widgets/lv_slider.h"
 213              		.file 39 "Drivers/lvgl/lvgl/src/widgets/lv_btnmatrix.h"
 214              		.file 40 "Drivers/lvgl/lvgl/src/widgets/lv_dropdown.h"
 215              		.file 41 "Drivers/lvgl/lvgl/src/widgets/lv_roller.h"
 216              		.file 42 "Drivers/lvgl/lvgl/src/widgets/lv_textarea.h"
 217              		.file 43 "Drivers/lvgl/lvgl/src/widgets/lv_canvas.h"
 218              		.file 44 "Drivers/lvgl/lvgl/src/widgets/lv_switch.h"
 219              		.file 45 "Drivers/lvgl/lvgl/src/extra/layouts/flex/lv_flex.h"
 220              		.file 46 "Drivers/lvgl/lvgl/src/extra/layouts/grid/lv_grid.h"
 221              		.file 47 "Drivers/lvgl/lvgl/src/extra/widgets/animimg/lv_animimg.h"
 222              		.file 48 "Drivers/lvgl/lvgl/src/extra/widgets/calendar/lv_calendar.h"
 223              		.file 49 "Drivers/lvgl/lvgl/src/extra/widgets/calendar/lv_calendar_header_arrow.h"
 224              		.file 50 "Drivers/lvgl/lvgl/src/extra/widgets/calendar/lv_calendar_header_dropdown.h"
 225              		.file 51 "Drivers/lvgl/lvgl/src/extra/widgets/chart/lv_chart.h"
 226              		.file 52 "Drivers/lvgl/lvgl/src/extra/widgets/keyboard/lv_keyboard.h"
 227              		.file 53 "Drivers/lvgl/lvgl/src/extra/widgets/list/lv_list.h"
 228              		.file 54 "Drivers/lvgl/lvgl/src/extra/widgets/menu/lv_menu.h"
 229              		.file 55 "Drivers/lvgl/lvgl/src/extra/widgets/msgbox/lv_msgbox.h"
 230              		.file 56 "Drivers/lvgl/lvgl/src/extra/widgets/meter/lv_meter.h"
 231              		.file 57 "Drivers/lvgl/lvgl/src/extra/widgets/spinbox/lv_spinbox.h"
 232              		.file 58 "Drivers/lvgl/lvgl/src/extra/widgets/spinner/lv_spinner.h"
 233              		.file 59 "Drivers/lvgl/lvgl/src/extra/widgets/tabview/lv_tabview.h"
 234              		.file 60 "Drivers/lvgl/lvgl/src/extra/widgets/tileview/lv_tileview.h"
 235              		.file 61 "Drivers/lvgl/lvgl/src/extra/widgets/win/lv_win.h"
 236              		.file 62 "Drivers/lvgl/lvgl/src/extra/widgets/colorwheel/lv_colorwheel.h"
 237              		.file 63 "Drivers/lvgl/lvgl/src/extra/widgets/led/lv_led.h"
 238              		.file 64 "Drivers/lvgl/lvgl/src/extra/widgets/imgbtn/lv_imgbtn.h"
 239              		.file 65 "Drivers/lvgl/lvgl/src/extra/widgets/span/lv_span.h"
ARM GAS  /tmp/cc37Y0du.s 			page 8


 240              		.file 66 "Drivers/ST7789/fonts.h"
 241              		.file 67 "Drivers/ST7789/st7789.h"
ARM GAS  /tmp/cc37Y0du.s 			page 9


DEFINED SYMBOLS
                            *ABS*:0000000000000000 stm32h7xx_it.c
     /tmp/cc37Y0du.s:17     .text.NMI_Handler:0000000000000000 $t
     /tmp/cc37Y0du.s:24     .text.NMI_Handler:0000000000000000 NMI_Handler
     /tmp/cc37Y0du.s:39     .text.HardFault_Handler:0000000000000000 $t
     /tmp/cc37Y0du.s:46     .text.HardFault_Handler:0000000000000000 HardFault_Handler
     /tmp/cc37Y0du.s:60     .text.MemManage_Handler:0000000000000000 $t
     /tmp/cc37Y0du.s:67     .text.MemManage_Handler:0000000000000000 MemManage_Handler
     /tmp/cc37Y0du.s:81     .text.BusFault_Handler:0000000000000000 $t
     /tmp/cc37Y0du.s:88     .text.BusFault_Handler:0000000000000000 BusFault_Handler
     /tmp/cc37Y0du.s:102    .text.UsageFault_Handler:0000000000000000 $t
     /tmp/cc37Y0du.s:109    .text.UsageFault_Handler:0000000000000000 UsageFault_Handler
     /tmp/cc37Y0du.s:123    .text.DebugMon_Handler:0000000000000000 $t
     /tmp/cc37Y0du.s:130    .text.DebugMon_Handler:0000000000000000 DebugMon_Handler
     /tmp/cc37Y0du.s:143    .text.TIM1_UP_IRQHandler:0000000000000000 $t
     /tmp/cc37Y0du.s:150    .text.TIM1_UP_IRQHandler:0000000000000000 TIM1_UP_IRQHandler
     /tmp/cc37Y0du.s:170    .text.TIM1_UP_IRQHandler:000000000000000c $d

UNDEFINED SYMBOLS
HAL_TIM_IRQHandler
htim1
