ARM GAS  /tmp/cc8Lc6C2.s 			page 1


   1              		.cpu cortex-m7
   2              		.eabi_attribute 28, 1
   3              		.eabi_attribute 20, 1
   4              		.eabi_attribute 21, 1
   5              		.eabi_attribute 23, 3
   6              		.eabi_attribute 24, 1
   7              		.eabi_attribute 25, 1
   8              		.eabi_attribute 26, 1
   9              		.eabi_attribute 30, 1
  10              		.eabi_attribute 34, 1
  11              		.eabi_attribute 18, 4
  12              		.file	"stm32h7xx_hal_gpio.c"
  13              		.text
  14              	.Ltext0:
  15              		.cfi_sections	.debug_frame
  16              		.section	.text.HAL_GPIO_Init,"ax",%progbits
  17              		.align	1
  18              		.global	HAL_GPIO_Init
  19              		.syntax unified
  20              		.thumb
  21              		.thumb_func
  22              		.fpu fpv5-d16
  24              	HAL_GPIO_Init:
  25              	.LFB144:
  26              		.file 1 "Drivers/STM32H7xx_HAL_Driver/Src/stm32h7xx_hal_gpio.c"
   1:Drivers/STM32H7xx_HAL_Driver/Src/stm32h7xx_hal_gpio.c **** /**
   2:Drivers/STM32H7xx_HAL_Driver/Src/stm32h7xx_hal_gpio.c ****   ******************************************************************************
   3:Drivers/STM32H7xx_HAL_Driver/Src/stm32h7xx_hal_gpio.c ****   * @file    stm32h7xx_hal_gpio.c
   4:Drivers/STM32H7xx_HAL_Driver/Src/stm32h7xx_hal_gpio.c ****   * @author  MCD Application Team
   5:Drivers/STM32H7xx_HAL_Driver/Src/stm32h7xx_hal_gpio.c ****   * @brief   GPIO HAL module driver.
   6:Drivers/STM32H7xx_HAL_Driver/Src/stm32h7xx_hal_gpio.c ****   *          This file provides firmware functions to manage the following
   7:Drivers/STM32H7xx_HAL_Driver/Src/stm32h7xx_hal_gpio.c ****   *          functionalities of the General Purpose Input/Output (GPIO) peripheral:
   8:Drivers/STM32H7xx_HAL_Driver/Src/stm32h7xx_hal_gpio.c ****   *           + Initialization and de-initialization functions
   9:Drivers/STM32H7xx_HAL_Driver/Src/stm32h7xx_hal_gpio.c ****   *           + IO operation functions
  10:Drivers/STM32H7xx_HAL_Driver/Src/stm32h7xx_hal_gpio.c ****   *
  11:Drivers/STM32H7xx_HAL_Driver/Src/stm32h7xx_hal_gpio.c ****   ******************************************************************************
  12:Drivers/STM32H7xx_HAL_Driver/Src/stm32h7xx_hal_gpio.c ****   * @attention
  13:Drivers/STM32H7xx_HAL_Driver/Src/stm32h7xx_hal_gpio.c ****   *
  14:Drivers/STM32H7xx_HAL_Driver/Src/stm32h7xx_hal_gpio.c ****   * Copyright (c) 2017 STMicroelectronics.
  15:Drivers/STM32H7xx_HAL_Driver/Src/stm32h7xx_hal_gpio.c ****   * All rights reserved.
  16:Drivers/STM32H7xx_HAL_Driver/Src/stm32h7xx_hal_gpio.c ****   *
  17:Drivers/STM32H7xx_HAL_Driver/Src/stm32h7xx_hal_gpio.c ****   * This software is licensed under terms that can be found in the LICENSE file
  18:Drivers/STM32H7xx_HAL_Driver/Src/stm32h7xx_hal_gpio.c ****   * in the root directory of this software component.
  19:Drivers/STM32H7xx_HAL_Driver/Src/stm32h7xx_hal_gpio.c ****   * If no LICENSE file comes with this software, it is provided AS-IS.
  20:Drivers/STM32H7xx_HAL_Driver/Src/stm32h7xx_hal_gpio.c ****   *
  21:Drivers/STM32H7xx_HAL_Driver/Src/stm32h7xx_hal_gpio.c ****   ******************************************************************************
  22:Drivers/STM32H7xx_HAL_Driver/Src/stm32h7xx_hal_gpio.c ****   @verbatim
  23:Drivers/STM32H7xx_HAL_Driver/Src/stm32h7xx_hal_gpio.c ****   ==============================================================================
  24:Drivers/STM32H7xx_HAL_Driver/Src/stm32h7xx_hal_gpio.c ****                     ##### GPIO Peripheral features #####
  25:Drivers/STM32H7xx_HAL_Driver/Src/stm32h7xx_hal_gpio.c ****   ==============================================================================
  26:Drivers/STM32H7xx_HAL_Driver/Src/stm32h7xx_hal_gpio.c ****   [..]
  27:Drivers/STM32H7xx_HAL_Driver/Src/stm32h7xx_hal_gpio.c ****     (+) Each port bit of the general-purpose I/O (GPIO) ports can be individually
  28:Drivers/STM32H7xx_HAL_Driver/Src/stm32h7xx_hal_gpio.c ****         configured by software in several modes:
  29:Drivers/STM32H7xx_HAL_Driver/Src/stm32h7xx_hal_gpio.c ****         (++) Input mode
  30:Drivers/STM32H7xx_HAL_Driver/Src/stm32h7xx_hal_gpio.c ****         (++) Analog mode
  31:Drivers/STM32H7xx_HAL_Driver/Src/stm32h7xx_hal_gpio.c ****         (++) Output mode
  32:Drivers/STM32H7xx_HAL_Driver/Src/stm32h7xx_hal_gpio.c ****         (++) Alternate function mode
ARM GAS  /tmp/cc8Lc6C2.s 			page 2


  33:Drivers/STM32H7xx_HAL_Driver/Src/stm32h7xx_hal_gpio.c ****         (++) External interrupt/event lines
  34:Drivers/STM32H7xx_HAL_Driver/Src/stm32h7xx_hal_gpio.c **** 
  35:Drivers/STM32H7xx_HAL_Driver/Src/stm32h7xx_hal_gpio.c ****     (+) During and just after reset, the alternate functions and external interrupt
  36:Drivers/STM32H7xx_HAL_Driver/Src/stm32h7xx_hal_gpio.c ****         lines are not active and the I/O ports are configured in input floating mode.
  37:Drivers/STM32H7xx_HAL_Driver/Src/stm32h7xx_hal_gpio.c **** 
  38:Drivers/STM32H7xx_HAL_Driver/Src/stm32h7xx_hal_gpio.c ****     (+) All GPIO pins have weak internal pull-up and pull-down resistors, which can be
  39:Drivers/STM32H7xx_HAL_Driver/Src/stm32h7xx_hal_gpio.c ****         activated or not.
  40:Drivers/STM32H7xx_HAL_Driver/Src/stm32h7xx_hal_gpio.c **** 
  41:Drivers/STM32H7xx_HAL_Driver/Src/stm32h7xx_hal_gpio.c ****     (+) In Output or Alternate mode, each IO can be configured on open-drain or push-pull
  42:Drivers/STM32H7xx_HAL_Driver/Src/stm32h7xx_hal_gpio.c ****         type and the IO speed can be selected depending on the VDD value.
  43:Drivers/STM32H7xx_HAL_Driver/Src/stm32h7xx_hal_gpio.c **** 
  44:Drivers/STM32H7xx_HAL_Driver/Src/stm32h7xx_hal_gpio.c ****     (+) The microcontroller IO pins are connected to onboard peripherals/modules through a
  45:Drivers/STM32H7xx_HAL_Driver/Src/stm32h7xx_hal_gpio.c ****         multiplexer that allows only one peripheral alternate function (AF) connected
  46:Drivers/STM32H7xx_HAL_Driver/Src/stm32h7xx_hal_gpio.c ****        to an IO pin at a time. In this way, there can be no conflict between peripherals
  47:Drivers/STM32H7xx_HAL_Driver/Src/stm32h7xx_hal_gpio.c ****        sharing the same IO pin.
  48:Drivers/STM32H7xx_HAL_Driver/Src/stm32h7xx_hal_gpio.c **** 
  49:Drivers/STM32H7xx_HAL_Driver/Src/stm32h7xx_hal_gpio.c ****     (+) All ports have external interrupt/event capability. To use external interrupt
  50:Drivers/STM32H7xx_HAL_Driver/Src/stm32h7xx_hal_gpio.c ****         lines, the port must be configured in input mode. All available GPIO pins are
  51:Drivers/STM32H7xx_HAL_Driver/Src/stm32h7xx_hal_gpio.c ****         connected to the 16 external interrupt/event lines from EXTI0 to EXTI15.
  52:Drivers/STM32H7xx_HAL_Driver/Src/stm32h7xx_hal_gpio.c **** 
  53:Drivers/STM32H7xx_HAL_Driver/Src/stm32h7xx_hal_gpio.c ****   The external interrupt/event controller consists of up to 23 edge detectors
  54:Drivers/STM32H7xx_HAL_Driver/Src/stm32h7xx_hal_gpio.c ****         (16 lines are connected to GPIO) for generating event/interrupt requests (each
  55:Drivers/STM32H7xx_HAL_Driver/Src/stm32h7xx_hal_gpio.c ****         input line can be independently configured to select the type (interrupt or event)
  56:Drivers/STM32H7xx_HAL_Driver/Src/stm32h7xx_hal_gpio.c ****         and the corresponding trigger event (rising or falling or both). Each line can
  57:Drivers/STM32H7xx_HAL_Driver/Src/stm32h7xx_hal_gpio.c ****         also be masked independently.
  58:Drivers/STM32H7xx_HAL_Driver/Src/stm32h7xx_hal_gpio.c **** 
  59:Drivers/STM32H7xx_HAL_Driver/Src/stm32h7xx_hal_gpio.c ****                      ##### How to use this driver #####
  60:Drivers/STM32H7xx_HAL_Driver/Src/stm32h7xx_hal_gpio.c ****   ==============================================================================
  61:Drivers/STM32H7xx_HAL_Driver/Src/stm32h7xx_hal_gpio.c ****   [..]
  62:Drivers/STM32H7xx_HAL_Driver/Src/stm32h7xx_hal_gpio.c ****     (#) Enable the GPIO AHB clock using the following function: __HAL_RCC_GPIOx_CLK_ENABLE().
  63:Drivers/STM32H7xx_HAL_Driver/Src/stm32h7xx_hal_gpio.c **** 
  64:Drivers/STM32H7xx_HAL_Driver/Src/stm32h7xx_hal_gpio.c ****     (#) Configure the GPIO pin(s) using HAL_GPIO_Init().
  65:Drivers/STM32H7xx_HAL_Driver/Src/stm32h7xx_hal_gpio.c ****         (++) Configure the IO mode using "Mode" member from GPIO_InitTypeDef structure
  66:Drivers/STM32H7xx_HAL_Driver/Src/stm32h7xx_hal_gpio.c ****         (++) Activate Pull-up, Pull-down resistor using "Pull" member from GPIO_InitTypeDef
  67:Drivers/STM32H7xx_HAL_Driver/Src/stm32h7xx_hal_gpio.c ****              structure.
  68:Drivers/STM32H7xx_HAL_Driver/Src/stm32h7xx_hal_gpio.c ****         (++) In case of Output or alternate function mode selection: the speed is
  69:Drivers/STM32H7xx_HAL_Driver/Src/stm32h7xx_hal_gpio.c ****              configured through "Speed" member from GPIO_InitTypeDef structure.
  70:Drivers/STM32H7xx_HAL_Driver/Src/stm32h7xx_hal_gpio.c ****         (++) In alternate mode is selection, the alternate function connected to the IO
  71:Drivers/STM32H7xx_HAL_Driver/Src/stm32h7xx_hal_gpio.c ****              is configured through "Alternate" member from GPIO_InitTypeDef structure.
  72:Drivers/STM32H7xx_HAL_Driver/Src/stm32h7xx_hal_gpio.c ****         (++) Analog mode is required when a pin is to be used as ADC channel
  73:Drivers/STM32H7xx_HAL_Driver/Src/stm32h7xx_hal_gpio.c ****              or DAC output.
  74:Drivers/STM32H7xx_HAL_Driver/Src/stm32h7xx_hal_gpio.c ****         (++) In case of external interrupt/event selection the "Mode" member from
  75:Drivers/STM32H7xx_HAL_Driver/Src/stm32h7xx_hal_gpio.c ****              GPIO_InitTypeDef structure select the type (interrupt or event) and
  76:Drivers/STM32H7xx_HAL_Driver/Src/stm32h7xx_hal_gpio.c ****              the corresponding trigger event (rising or falling or both).
  77:Drivers/STM32H7xx_HAL_Driver/Src/stm32h7xx_hal_gpio.c **** 
  78:Drivers/STM32H7xx_HAL_Driver/Src/stm32h7xx_hal_gpio.c ****     (#) In case of external interrupt/event mode selection, configure NVIC IRQ priority
  79:Drivers/STM32H7xx_HAL_Driver/Src/stm32h7xx_hal_gpio.c ****         mapped to the EXTI line using HAL_NVIC_SetPriority() and enable it using
  80:Drivers/STM32H7xx_HAL_Driver/Src/stm32h7xx_hal_gpio.c ****         HAL_NVIC_EnableIRQ().
  81:Drivers/STM32H7xx_HAL_Driver/Src/stm32h7xx_hal_gpio.c **** 
  82:Drivers/STM32H7xx_HAL_Driver/Src/stm32h7xx_hal_gpio.c ****     (#) To get the level of a pin configured in input mode use HAL_GPIO_ReadPin().
  83:Drivers/STM32H7xx_HAL_Driver/Src/stm32h7xx_hal_gpio.c **** 
  84:Drivers/STM32H7xx_HAL_Driver/Src/stm32h7xx_hal_gpio.c ****     (#) To set/reset the level of a pin configured in output mode use
  85:Drivers/STM32H7xx_HAL_Driver/Src/stm32h7xx_hal_gpio.c ****         HAL_GPIO_WritePin()/HAL_GPIO_TogglePin().
  86:Drivers/STM32H7xx_HAL_Driver/Src/stm32h7xx_hal_gpio.c **** 
  87:Drivers/STM32H7xx_HAL_Driver/Src/stm32h7xx_hal_gpio.c ****    (#) To lock pin configuration until next reset use HAL_GPIO_LockPin().
  88:Drivers/STM32H7xx_HAL_Driver/Src/stm32h7xx_hal_gpio.c **** 
  89:Drivers/STM32H7xx_HAL_Driver/Src/stm32h7xx_hal_gpio.c **** 
ARM GAS  /tmp/cc8Lc6C2.s 			page 3


  90:Drivers/STM32H7xx_HAL_Driver/Src/stm32h7xx_hal_gpio.c ****     (#) During and just after reset, the alternate functions are not
  91:Drivers/STM32H7xx_HAL_Driver/Src/stm32h7xx_hal_gpio.c ****         active and the GPIO pins are configured in input floating mode (except JTAG
  92:Drivers/STM32H7xx_HAL_Driver/Src/stm32h7xx_hal_gpio.c ****         pins).
  93:Drivers/STM32H7xx_HAL_Driver/Src/stm32h7xx_hal_gpio.c **** 
  94:Drivers/STM32H7xx_HAL_Driver/Src/stm32h7xx_hal_gpio.c ****     (#) The LSE oscillator pins OSC32_IN and OSC32_OUT can be used as general purpose
  95:Drivers/STM32H7xx_HAL_Driver/Src/stm32h7xx_hal_gpio.c ****         (PC14 and PC15, respectively) when the LSE oscillator is off. The LSE has
  96:Drivers/STM32H7xx_HAL_Driver/Src/stm32h7xx_hal_gpio.c ****         priority over the GPIO function.
  97:Drivers/STM32H7xx_HAL_Driver/Src/stm32h7xx_hal_gpio.c **** 
  98:Drivers/STM32H7xx_HAL_Driver/Src/stm32h7xx_hal_gpio.c ****     (#) The HSE oscillator pins OSC_IN/OSC_OUT can be used as
  99:Drivers/STM32H7xx_HAL_Driver/Src/stm32h7xx_hal_gpio.c ****         general purpose PH0 and PH1, respectively, when the HSE oscillator is off.
 100:Drivers/STM32H7xx_HAL_Driver/Src/stm32h7xx_hal_gpio.c ****         The HSE has priority over the GPIO function.
 101:Drivers/STM32H7xx_HAL_Driver/Src/stm32h7xx_hal_gpio.c **** 
 102:Drivers/STM32H7xx_HAL_Driver/Src/stm32h7xx_hal_gpio.c ****   @endverbatim
 103:Drivers/STM32H7xx_HAL_Driver/Src/stm32h7xx_hal_gpio.c ****   ******************************************************************************
 104:Drivers/STM32H7xx_HAL_Driver/Src/stm32h7xx_hal_gpio.c ****   */
 105:Drivers/STM32H7xx_HAL_Driver/Src/stm32h7xx_hal_gpio.c **** 
 106:Drivers/STM32H7xx_HAL_Driver/Src/stm32h7xx_hal_gpio.c **** /* Includes ------------------------------------------------------------------*/
 107:Drivers/STM32H7xx_HAL_Driver/Src/stm32h7xx_hal_gpio.c **** #include "stm32h7xx_hal.h"
 108:Drivers/STM32H7xx_HAL_Driver/Src/stm32h7xx_hal_gpio.c **** 
 109:Drivers/STM32H7xx_HAL_Driver/Src/stm32h7xx_hal_gpio.c **** /** @addtogroup STM32H7xx_HAL_Driver
 110:Drivers/STM32H7xx_HAL_Driver/Src/stm32h7xx_hal_gpio.c ****   * @{
 111:Drivers/STM32H7xx_HAL_Driver/Src/stm32h7xx_hal_gpio.c ****   */
 112:Drivers/STM32H7xx_HAL_Driver/Src/stm32h7xx_hal_gpio.c **** 
 113:Drivers/STM32H7xx_HAL_Driver/Src/stm32h7xx_hal_gpio.c **** /** @defgroup GPIO  GPIO
 114:Drivers/STM32H7xx_HAL_Driver/Src/stm32h7xx_hal_gpio.c ****   * @brief GPIO HAL module driver
 115:Drivers/STM32H7xx_HAL_Driver/Src/stm32h7xx_hal_gpio.c ****   * @{
 116:Drivers/STM32H7xx_HAL_Driver/Src/stm32h7xx_hal_gpio.c ****   */
 117:Drivers/STM32H7xx_HAL_Driver/Src/stm32h7xx_hal_gpio.c **** 
 118:Drivers/STM32H7xx_HAL_Driver/Src/stm32h7xx_hal_gpio.c **** #ifdef HAL_GPIO_MODULE_ENABLED
 119:Drivers/STM32H7xx_HAL_Driver/Src/stm32h7xx_hal_gpio.c **** 
 120:Drivers/STM32H7xx_HAL_Driver/Src/stm32h7xx_hal_gpio.c **** /* Private typedef -----------------------------------------------------------*/
 121:Drivers/STM32H7xx_HAL_Driver/Src/stm32h7xx_hal_gpio.c **** /* Private defines ------------------------------------------------------------*/
 122:Drivers/STM32H7xx_HAL_Driver/Src/stm32h7xx_hal_gpio.c **** /** @addtogroup GPIO_Private_Constants GPIO Private Constants
 123:Drivers/STM32H7xx_HAL_Driver/Src/stm32h7xx_hal_gpio.c ****   * @{
 124:Drivers/STM32H7xx_HAL_Driver/Src/stm32h7xx_hal_gpio.c ****   */
 125:Drivers/STM32H7xx_HAL_Driver/Src/stm32h7xx_hal_gpio.c **** 
 126:Drivers/STM32H7xx_HAL_Driver/Src/stm32h7xx_hal_gpio.c **** #if defined(DUAL_CORE)
 127:Drivers/STM32H7xx_HAL_Driver/Src/stm32h7xx_hal_gpio.c **** #define EXTI_CPU1             (0x01000000U)
 128:Drivers/STM32H7xx_HAL_Driver/Src/stm32h7xx_hal_gpio.c **** #define EXTI_CPU2             (0x02000000U)
 129:Drivers/STM32H7xx_HAL_Driver/Src/stm32h7xx_hal_gpio.c **** #endif /*DUAL_CORE*/
 130:Drivers/STM32H7xx_HAL_Driver/Src/stm32h7xx_hal_gpio.c **** #define GPIO_NUMBER           (16U)
 131:Drivers/STM32H7xx_HAL_Driver/Src/stm32h7xx_hal_gpio.c **** /**
 132:Drivers/STM32H7xx_HAL_Driver/Src/stm32h7xx_hal_gpio.c ****   * @}
 133:Drivers/STM32H7xx_HAL_Driver/Src/stm32h7xx_hal_gpio.c ****   */
 134:Drivers/STM32H7xx_HAL_Driver/Src/stm32h7xx_hal_gpio.c **** /* Private macro -------------------------------------------------------------*/
 135:Drivers/STM32H7xx_HAL_Driver/Src/stm32h7xx_hal_gpio.c **** /* Private variables ---------------------------------------------------------*/
 136:Drivers/STM32H7xx_HAL_Driver/Src/stm32h7xx_hal_gpio.c **** /* Private function prototypes -----------------------------------------------*/
 137:Drivers/STM32H7xx_HAL_Driver/Src/stm32h7xx_hal_gpio.c **** /* Private functions ---------------------------------------------------------*/
 138:Drivers/STM32H7xx_HAL_Driver/Src/stm32h7xx_hal_gpio.c **** /* Exported functions --------------------------------------------------------*/
 139:Drivers/STM32H7xx_HAL_Driver/Src/stm32h7xx_hal_gpio.c **** /** @defgroup GPIO_Exported_Functions GPIO Exported Functions
 140:Drivers/STM32H7xx_HAL_Driver/Src/stm32h7xx_hal_gpio.c ****   * @{
 141:Drivers/STM32H7xx_HAL_Driver/Src/stm32h7xx_hal_gpio.c ****   */
 142:Drivers/STM32H7xx_HAL_Driver/Src/stm32h7xx_hal_gpio.c **** 
 143:Drivers/STM32H7xx_HAL_Driver/Src/stm32h7xx_hal_gpio.c **** /** @defgroup GPIO_Exported_Functions_Group1 Initialization and de-initialization functions
 144:Drivers/STM32H7xx_HAL_Driver/Src/stm32h7xx_hal_gpio.c ****  *  @brief    Initialization and Configuration functions
 145:Drivers/STM32H7xx_HAL_Driver/Src/stm32h7xx_hal_gpio.c ****  *
 146:Drivers/STM32H7xx_HAL_Driver/Src/stm32h7xx_hal_gpio.c **** @verbatim
ARM GAS  /tmp/cc8Lc6C2.s 			page 4


 147:Drivers/STM32H7xx_HAL_Driver/Src/stm32h7xx_hal_gpio.c ****  ===============================================================================
 148:Drivers/STM32H7xx_HAL_Driver/Src/stm32h7xx_hal_gpio.c ****               ##### Initialization and de-initialization functions #####
 149:Drivers/STM32H7xx_HAL_Driver/Src/stm32h7xx_hal_gpio.c ****  ===============================================================================
 150:Drivers/STM32H7xx_HAL_Driver/Src/stm32h7xx_hal_gpio.c ****   [..]
 151:Drivers/STM32H7xx_HAL_Driver/Src/stm32h7xx_hal_gpio.c ****     This section provides functions allowing to initialize and de-initialize the GPIOs
 152:Drivers/STM32H7xx_HAL_Driver/Src/stm32h7xx_hal_gpio.c ****     to be ready for use.
 153:Drivers/STM32H7xx_HAL_Driver/Src/stm32h7xx_hal_gpio.c **** 
 154:Drivers/STM32H7xx_HAL_Driver/Src/stm32h7xx_hal_gpio.c **** @endverbatim
 155:Drivers/STM32H7xx_HAL_Driver/Src/stm32h7xx_hal_gpio.c ****   * @{
 156:Drivers/STM32H7xx_HAL_Driver/Src/stm32h7xx_hal_gpio.c ****   */
 157:Drivers/STM32H7xx_HAL_Driver/Src/stm32h7xx_hal_gpio.c **** 
 158:Drivers/STM32H7xx_HAL_Driver/Src/stm32h7xx_hal_gpio.c **** /**
 159:Drivers/STM32H7xx_HAL_Driver/Src/stm32h7xx_hal_gpio.c ****   * @brief  Initializes the GPIOx peripheral according to the specified parameters in the GPIO_Init
 160:Drivers/STM32H7xx_HAL_Driver/Src/stm32h7xx_hal_gpio.c ****   * @param  GPIOx: where x can be (A..K) to select the GPIO peripheral.
 161:Drivers/STM32H7xx_HAL_Driver/Src/stm32h7xx_hal_gpio.c ****   * @param  GPIO_Init: pointer to a GPIO_InitTypeDef structure that contains
 162:Drivers/STM32H7xx_HAL_Driver/Src/stm32h7xx_hal_gpio.c ****   *         the configuration information for the specified GPIO peripheral.
 163:Drivers/STM32H7xx_HAL_Driver/Src/stm32h7xx_hal_gpio.c ****   * @retval None
 164:Drivers/STM32H7xx_HAL_Driver/Src/stm32h7xx_hal_gpio.c ****   */
 165:Drivers/STM32H7xx_HAL_Driver/Src/stm32h7xx_hal_gpio.c **** void HAL_GPIO_Init(GPIO_TypeDef  *GPIOx, GPIO_InitTypeDef *GPIO_Init)
 166:Drivers/STM32H7xx_HAL_Driver/Src/stm32h7xx_hal_gpio.c **** {
  27              		.loc 1 166 0
  28              		.cfi_startproc
  29              		@ args = 0, pretend = 0, frame = 8
  30              		@ frame_needed = 0, uses_anonymous_args = 0
  31              		@ link register save eliminated.
  32              	.LVL0:
  33 0000 F0B4     		push	{r4, r5, r6, r7}
  34              	.LCFI0:
  35              		.cfi_def_cfa_offset 16
  36              		.cfi_offset 4, -16
  37              		.cfi_offset 5, -12
  38              		.cfi_offset 6, -8
  39              		.cfi_offset 7, -4
  40 0002 82B0     		sub	sp, sp, #8
  41              	.LCFI1:
  42              		.cfi_def_cfa_offset 24
  43              	.LVL1:
 167:Drivers/STM32H7xx_HAL_Driver/Src/stm32h7xx_hal_gpio.c ****   uint32_t position = 0x00U;
  44              		.loc 1 167 0
  45 0004 0023     		movs	r3, #0
 168:Drivers/STM32H7xx_HAL_Driver/Src/stm32h7xx_hal_gpio.c ****   uint32_t iocurrent;
 169:Drivers/STM32H7xx_HAL_Driver/Src/stm32h7xx_hal_gpio.c ****   uint32_t temp;
 170:Drivers/STM32H7xx_HAL_Driver/Src/stm32h7xx_hal_gpio.c ****   EXTI_Core_TypeDef *EXTI_CurrentCPU;
 171:Drivers/STM32H7xx_HAL_Driver/Src/stm32h7xx_hal_gpio.c **** 
 172:Drivers/STM32H7xx_HAL_Driver/Src/stm32h7xx_hal_gpio.c **** #if defined(DUAL_CORE) && defined(CORE_CM4)
 173:Drivers/STM32H7xx_HAL_Driver/Src/stm32h7xx_hal_gpio.c ****   EXTI_CurrentCPU = EXTI_D2; /* EXTI for CM4 CPU */
 174:Drivers/STM32H7xx_HAL_Driver/Src/stm32h7xx_hal_gpio.c **** #else
 175:Drivers/STM32H7xx_HAL_Driver/Src/stm32h7xx_hal_gpio.c ****   EXTI_CurrentCPU = EXTI_D1; /* EXTI for CM7 CPU */
 176:Drivers/STM32H7xx_HAL_Driver/Src/stm32h7xx_hal_gpio.c **** #endif
 177:Drivers/STM32H7xx_HAL_Driver/Src/stm32h7xx_hal_gpio.c **** 
 178:Drivers/STM32H7xx_HAL_Driver/Src/stm32h7xx_hal_gpio.c ****   /* Check the parameters */
 179:Drivers/STM32H7xx_HAL_Driver/Src/stm32h7xx_hal_gpio.c ****   assert_param(IS_GPIO_ALL_INSTANCE(GPIOx));
 180:Drivers/STM32H7xx_HAL_Driver/Src/stm32h7xx_hal_gpio.c ****   assert_param(IS_GPIO_PIN(GPIO_Init->Pin));
 181:Drivers/STM32H7xx_HAL_Driver/Src/stm32h7xx_hal_gpio.c ****   assert_param(IS_GPIO_MODE(GPIO_Init->Mode));
 182:Drivers/STM32H7xx_HAL_Driver/Src/stm32h7xx_hal_gpio.c **** 
 183:Drivers/STM32H7xx_HAL_Driver/Src/stm32h7xx_hal_gpio.c ****   /* Configure the port pins */
 184:Drivers/STM32H7xx_HAL_Driver/Src/stm32h7xx_hal_gpio.c ****   while (((GPIO_Init->Pin) >> position) != 0x00U)
ARM GAS  /tmp/cc8Lc6C2.s 			page 5


  46              		.loc 1 184 0
  47 0006 5FE0     		b	.L2
  48              	.LVL2:
  49              	.L25:
 185:Drivers/STM32H7xx_HAL_Driver/Src/stm32h7xx_hal_gpio.c ****   {
 186:Drivers/STM32H7xx_HAL_Driver/Src/stm32h7xx_hal_gpio.c ****     /* Get current io position */
 187:Drivers/STM32H7xx_HAL_Driver/Src/stm32h7xx_hal_gpio.c ****     iocurrent = (GPIO_Init->Pin) & (1UL << position);
 188:Drivers/STM32H7xx_HAL_Driver/Src/stm32h7xx_hal_gpio.c **** 
 189:Drivers/STM32H7xx_HAL_Driver/Src/stm32h7xx_hal_gpio.c ****     if (iocurrent != 0x00U)
 190:Drivers/STM32H7xx_HAL_Driver/Src/stm32h7xx_hal_gpio.c ****     {
 191:Drivers/STM32H7xx_HAL_Driver/Src/stm32h7xx_hal_gpio.c ****       /*--------------------- GPIO Mode Configuration ------------------------*/
 192:Drivers/STM32H7xx_HAL_Driver/Src/stm32h7xx_hal_gpio.c ****       /* In case of Output or Alternate function mode selection */
 193:Drivers/STM32H7xx_HAL_Driver/Src/stm32h7xx_hal_gpio.c ****       if (((GPIO_Init->Mode & GPIO_MODE) == MODE_OUTPUT) || ((GPIO_Init->Mode & GPIO_MODE) == MODE_
 194:Drivers/STM32H7xx_HAL_Driver/Src/stm32h7xx_hal_gpio.c ****       {
 195:Drivers/STM32H7xx_HAL_Driver/Src/stm32h7xx_hal_gpio.c ****         /* Check the Speed parameter */
 196:Drivers/STM32H7xx_HAL_Driver/Src/stm32h7xx_hal_gpio.c ****         assert_param(IS_GPIO_SPEED(GPIO_Init->Speed));
 197:Drivers/STM32H7xx_HAL_Driver/Src/stm32h7xx_hal_gpio.c **** 
 198:Drivers/STM32H7xx_HAL_Driver/Src/stm32h7xx_hal_gpio.c ****         /* Configure the IO Speed */
 199:Drivers/STM32H7xx_HAL_Driver/Src/stm32h7xx_hal_gpio.c ****         temp = GPIOx->OSPEEDR;
  50              		.loc 1 199 0
  51 0008 8668     		ldr	r6, [r0, #8]
  52              	.LVL3:
 200:Drivers/STM32H7xx_HAL_Driver/Src/stm32h7xx_hal_gpio.c ****         temp &= ~(GPIO_OSPEEDR_OSPEED0 << (position * 2U));
  53              		.loc 1 200 0
  54 000a 5F00     		lsls	r7, r3, #1
  55 000c 0325     		movs	r5, #3
  56 000e BD40     		lsls	r5, r5, r7
  57 0010 26EA0506 		bic	r6, r6, r5
  58              	.LVL4:
 201:Drivers/STM32H7xx_HAL_Driver/Src/stm32h7xx_hal_gpio.c ****         temp |= (GPIO_Init->Speed << (position * 2U));
  59              		.loc 1 201 0
  60 0014 CD68     		ldr	r5, [r1, #12]
  61 0016 BD40     		lsls	r5, r5, r7
  62 0018 3543     		orrs	r5, r5, r6
  63              	.LVL5:
 202:Drivers/STM32H7xx_HAL_Driver/Src/stm32h7xx_hal_gpio.c ****         GPIOx->OSPEEDR = temp;
  64              		.loc 1 202 0
  65 001a 8560     		str	r5, [r0, #8]
 203:Drivers/STM32H7xx_HAL_Driver/Src/stm32h7xx_hal_gpio.c **** 
 204:Drivers/STM32H7xx_HAL_Driver/Src/stm32h7xx_hal_gpio.c ****         /* Configure the IO Output Type */
 205:Drivers/STM32H7xx_HAL_Driver/Src/stm32h7xx_hal_gpio.c ****         temp = GPIOx->OTYPER;
  66              		.loc 1 205 0
  67 001c 4668     		ldr	r6, [r0, #4]
  68              	.LVL6:
 206:Drivers/STM32H7xx_HAL_Driver/Src/stm32h7xx_hal_gpio.c ****         temp &= ~(GPIO_OTYPER_OT0 << position) ;
  69              		.loc 1 206 0
  70 001e 26EA0406 		bic	r6, r6, r4
  71              	.LVL7:
 207:Drivers/STM32H7xx_HAL_Driver/Src/stm32h7xx_hal_gpio.c ****         temp |= (((GPIO_Init->Mode & OUTPUT_TYPE) >> OUTPUT_TYPE_Pos) << position);
  72              		.loc 1 207 0
  73 0022 4D68     		ldr	r5, [r1, #4]
  74 0024 C5F30014 		ubfx	r4, r5, #4, #1
  75 0028 9C40     		lsls	r4, r4, r3
  76 002a 3443     		orrs	r4, r4, r6
  77              	.LVL8:
 208:Drivers/STM32H7xx_HAL_Driver/Src/stm32h7xx_hal_gpio.c ****         GPIOx->OTYPER = temp;
  78              		.loc 1 208 0
ARM GAS  /tmp/cc8Lc6C2.s 			page 6


  79 002c 4460     		str	r4, [r0, #4]
  80 002e 5AE0     		b	.L4
  81              	.LVL9:
  82              	.L26:
 209:Drivers/STM32H7xx_HAL_Driver/Src/stm32h7xx_hal_gpio.c ****       }
 210:Drivers/STM32H7xx_HAL_Driver/Src/stm32h7xx_hal_gpio.c **** 
 211:Drivers/STM32H7xx_HAL_Driver/Src/stm32h7xx_hal_gpio.c ****       if ((GPIO_Init->Mode & GPIO_MODE) != MODE_ANALOG)
 212:Drivers/STM32H7xx_HAL_Driver/Src/stm32h7xx_hal_gpio.c ****       {
 213:Drivers/STM32H7xx_HAL_Driver/Src/stm32h7xx_hal_gpio.c ****        /* Check the Pull parameter */
 214:Drivers/STM32H7xx_HAL_Driver/Src/stm32h7xx_hal_gpio.c ****        assert_param(IS_GPIO_PULL(GPIO_Init->Pull));
 215:Drivers/STM32H7xx_HAL_Driver/Src/stm32h7xx_hal_gpio.c **** 
 216:Drivers/STM32H7xx_HAL_Driver/Src/stm32h7xx_hal_gpio.c ****       /* Activate the Pull-up or Pull down resistor for the current IO */
 217:Drivers/STM32H7xx_HAL_Driver/Src/stm32h7xx_hal_gpio.c ****       temp = GPIOx->PUPDR;
 218:Drivers/STM32H7xx_HAL_Driver/Src/stm32h7xx_hal_gpio.c ****       temp &= ~(GPIO_PUPDR_PUPD0 << (position * 2U));
 219:Drivers/STM32H7xx_HAL_Driver/Src/stm32h7xx_hal_gpio.c ****       temp |= ((GPIO_Init->Pull) << (position * 2U));
 220:Drivers/STM32H7xx_HAL_Driver/Src/stm32h7xx_hal_gpio.c ****       GPIOx->PUPDR = temp;
 221:Drivers/STM32H7xx_HAL_Driver/Src/stm32h7xx_hal_gpio.c ****       }
 222:Drivers/STM32H7xx_HAL_Driver/Src/stm32h7xx_hal_gpio.c **** 
 223:Drivers/STM32H7xx_HAL_Driver/Src/stm32h7xx_hal_gpio.c ****       /* In case of Alternate function mode selection */
 224:Drivers/STM32H7xx_HAL_Driver/Src/stm32h7xx_hal_gpio.c ****       if ((GPIO_Init->Mode & GPIO_MODE) == MODE_AF)
 225:Drivers/STM32H7xx_HAL_Driver/Src/stm32h7xx_hal_gpio.c ****       {
 226:Drivers/STM32H7xx_HAL_Driver/Src/stm32h7xx_hal_gpio.c ****         /* Check the Alternate function parameters */
 227:Drivers/STM32H7xx_HAL_Driver/Src/stm32h7xx_hal_gpio.c ****         assert_param(IS_GPIO_AF_INSTANCE(GPIOx));
 228:Drivers/STM32H7xx_HAL_Driver/Src/stm32h7xx_hal_gpio.c ****         assert_param(IS_GPIO_AF(GPIO_Init->Alternate));
 229:Drivers/STM32H7xx_HAL_Driver/Src/stm32h7xx_hal_gpio.c **** 
 230:Drivers/STM32H7xx_HAL_Driver/Src/stm32h7xx_hal_gpio.c ****         /* Configure Alternate function mapped with the current IO */
 231:Drivers/STM32H7xx_HAL_Driver/Src/stm32h7xx_hal_gpio.c ****         temp = GPIOx->AFR[position >> 3U];
  83              		.loc 1 231 0
  84 0030 DD08     		lsrs	r5, r3, #3
  85 0032 0835     		adds	r5, r5, #8
  86 0034 50F82570 		ldr	r7, [r0, r5, lsl #2]
  87              	.LVL10:
 232:Drivers/STM32H7xx_HAL_Driver/Src/stm32h7xx_hal_gpio.c ****         temp &= ~(0xFU << ((position & 0x07U) * 4U));
  88              		.loc 1 232 0
  89 0038 03F00704 		and	r4, r3, #7
  90 003c A600     		lsls	r6, r4, #2
  91 003e 0F24     		movs	r4, #15
  92 0040 B440     		lsls	r4, r4, r6
  93 0042 27EA0407 		bic	r7, r7, r4
  94              	.LVL11:
 233:Drivers/STM32H7xx_HAL_Driver/Src/stm32h7xx_hal_gpio.c ****         temp |= ((GPIO_Init->Alternate) << ((position & 0x07U) * 4U));
  95              		.loc 1 233 0
  96 0046 0C69     		ldr	r4, [r1, #16]
  97 0048 B440     		lsls	r4, r4, r6
  98 004a 3C43     		orrs	r4, r4, r7
  99              	.LVL12:
 234:Drivers/STM32H7xx_HAL_Driver/Src/stm32h7xx_hal_gpio.c ****         GPIOx->AFR[position >> 3U] = temp;
 100              		.loc 1 234 0
 101 004c 40F82540 		str	r4, [r0, r5, lsl #2]
 102 0050 5DE0     		b	.L6
 103              	.LVL13:
 104              	.L27:
 235:Drivers/STM32H7xx_HAL_Driver/Src/stm32h7xx_hal_gpio.c ****       }
 236:Drivers/STM32H7xx_HAL_Driver/Src/stm32h7xx_hal_gpio.c **** 
 237:Drivers/STM32H7xx_HAL_Driver/Src/stm32h7xx_hal_gpio.c ****       /* Configure IO Direction mode (Input, Output, Alternate or Analog) */
 238:Drivers/STM32H7xx_HAL_Driver/Src/stm32h7xx_hal_gpio.c ****       temp = GPIOx->MODER;
 239:Drivers/STM32H7xx_HAL_Driver/Src/stm32h7xx_hal_gpio.c ****       temp &= ~(GPIO_MODER_MODE0 << (position * 2U));
ARM GAS  /tmp/cc8Lc6C2.s 			page 7


 240:Drivers/STM32H7xx_HAL_Driver/Src/stm32h7xx_hal_gpio.c ****       temp |= ((GPIO_Init->Mode & GPIO_MODE) << (position * 2U));
 241:Drivers/STM32H7xx_HAL_Driver/Src/stm32h7xx_hal_gpio.c ****       GPIOx->MODER = temp;
 242:Drivers/STM32H7xx_HAL_Driver/Src/stm32h7xx_hal_gpio.c **** 
 243:Drivers/STM32H7xx_HAL_Driver/Src/stm32h7xx_hal_gpio.c ****       /*--------------------- EXTI Mode Configuration ------------------------*/
 244:Drivers/STM32H7xx_HAL_Driver/Src/stm32h7xx_hal_gpio.c ****       /* Configure the External Interrupt or event for the current IO */
 245:Drivers/STM32H7xx_HAL_Driver/Src/stm32h7xx_hal_gpio.c ****       if ((GPIO_Init->Mode & EXTI_MODE) != 0x00U)
 246:Drivers/STM32H7xx_HAL_Driver/Src/stm32h7xx_hal_gpio.c ****       {
 247:Drivers/STM32H7xx_HAL_Driver/Src/stm32h7xx_hal_gpio.c ****         /* Enable SYSCFG Clock */
 248:Drivers/STM32H7xx_HAL_Driver/Src/stm32h7xx_hal_gpio.c ****         __HAL_RCC_SYSCFG_CLK_ENABLE();
 249:Drivers/STM32H7xx_HAL_Driver/Src/stm32h7xx_hal_gpio.c **** 
 250:Drivers/STM32H7xx_HAL_Driver/Src/stm32h7xx_hal_gpio.c ****         temp = SYSCFG->EXTICR[position >> 2U];
 251:Drivers/STM32H7xx_HAL_Driver/Src/stm32h7xx_hal_gpio.c ****         temp &= ~(0x0FUL << (4U * (position & 0x03U)));
 252:Drivers/STM32H7xx_HAL_Driver/Src/stm32h7xx_hal_gpio.c ****         temp |= (GPIO_GET_INDEX(GPIOx) << (4U * (position & 0x03U)));
 105              		.loc 1 252 0
 106 0052 0924     		movs	r4, #9
 107 0054 00E0     		b	.L7
 108              	.L13:
 109 0056 0024     		movs	r4, #0
 110              	.L7:
 111              		.loc 1 252 0 is_stmt 0 discriminator 40
 112 0058 B440     		lsls	r4, r4, r6
 113 005a 3C43     		orrs	r4, r4, r7
 114              	.LVL14:
 253:Drivers/STM32H7xx_HAL_Driver/Src/stm32h7xx_hal_gpio.c ****         SYSCFG->EXTICR[position >> 2U] = temp;
 115              		.loc 1 253 0 is_stmt 1 discriminator 40
 116 005c 0235     		adds	r5, r5, #2
 117 005e 5F4E     		ldr	r6, .L28
 118 0060 46F82540 		str	r4, [r6, r5, lsl #2]
 254:Drivers/STM32H7xx_HAL_Driver/Src/stm32h7xx_hal_gpio.c **** 
 255:Drivers/STM32H7xx_HAL_Driver/Src/stm32h7xx_hal_gpio.c ****         /* Clear Rising Falling edge configuration */
 256:Drivers/STM32H7xx_HAL_Driver/Src/stm32h7xx_hal_gpio.c ****         temp = EXTI->RTSR1;
 119              		.loc 1 256 0 discriminator 40
 120 0064 4FF0B044 		mov	r4, #1476395008
 121              	.LVL15:
 122 0068 2568     		ldr	r5, [r4]
 123              	.LVL16:
 257:Drivers/STM32H7xx_HAL_Driver/Src/stm32h7xx_hal_gpio.c ****         temp &= ~(iocurrent);
 124              		.loc 1 257 0 discriminator 40
 125 006a D443     		mvns	r4, r2
 126 006c 04EA0506 		and	r6, r4, r5
 127              	.LVL17:
 258:Drivers/STM32H7xx_HAL_Driver/Src/stm32h7xx_hal_gpio.c ****         if ((GPIO_Init->Mode & TRIGGER_RISING) != 0x00U)
 128              		.loc 1 258 0 discriminator 40
 129 0070 4F68     		ldr	r7, [r1, #4]
 130 0072 17F4801F 		tst	r7, #1048576
 131 0076 01D0     		beq	.L8
 259:Drivers/STM32H7xx_HAL_Driver/Src/stm32h7xx_hal_gpio.c ****         {
 260:Drivers/STM32H7xx_HAL_Driver/Src/stm32h7xx_hal_gpio.c ****           temp |= iocurrent;
 132              		.loc 1 260 0
 133 0078 42EA0506 		orr	r6, r2, r5
 134              	.LVL18:
 135              	.L8:
 261:Drivers/STM32H7xx_HAL_Driver/Src/stm32h7xx_hal_gpio.c ****         }
 262:Drivers/STM32H7xx_HAL_Driver/Src/stm32h7xx_hal_gpio.c ****         EXTI->RTSR1 = temp;
 136              		.loc 1 262 0
 137 007c 4FF0B045 		mov	r5, #1476395008
 138 0080 2E60     		str	r6, [r5]
ARM GAS  /tmp/cc8Lc6C2.s 			page 8


 263:Drivers/STM32H7xx_HAL_Driver/Src/stm32h7xx_hal_gpio.c **** 
 264:Drivers/STM32H7xx_HAL_Driver/Src/stm32h7xx_hal_gpio.c ****         temp = EXTI->FTSR1;
 139              		.loc 1 264 0
 140 0082 6E68     		ldr	r6, [r5, #4]
 141              	.LVL19:
 265:Drivers/STM32H7xx_HAL_Driver/Src/stm32h7xx_hal_gpio.c ****         temp &= ~(iocurrent);
 142              		.loc 1 265 0
 143 0084 04EA0605 		and	r5, r4, r6
 144              	.LVL20:
 266:Drivers/STM32H7xx_HAL_Driver/Src/stm32h7xx_hal_gpio.c ****         if ((GPIO_Init->Mode & TRIGGER_FALLING) != 0x00U)
 145              		.loc 1 266 0
 146 0088 4F68     		ldr	r7, [r1, #4]
 147 008a 17F4001F 		tst	r7, #2097152
 148 008e 01D0     		beq	.L9
 267:Drivers/STM32H7xx_HAL_Driver/Src/stm32h7xx_hal_gpio.c ****         {
 268:Drivers/STM32H7xx_HAL_Driver/Src/stm32h7xx_hal_gpio.c ****           temp |= iocurrent;
 149              		.loc 1 268 0
 150 0090 42EA0605 		orr	r5, r2, r6
 151              	.LVL21:
 152              	.L9:
 269:Drivers/STM32H7xx_HAL_Driver/Src/stm32h7xx_hal_gpio.c ****         }
 270:Drivers/STM32H7xx_HAL_Driver/Src/stm32h7xx_hal_gpio.c ****         EXTI->FTSR1 = temp;
 153              		.loc 1 270 0
 154 0094 4FF0B046 		mov	r6, #1476395008
 155 0098 7560     		str	r5, [r6, #4]
 271:Drivers/STM32H7xx_HAL_Driver/Src/stm32h7xx_hal_gpio.c **** 
 272:Drivers/STM32H7xx_HAL_Driver/Src/stm32h7xx_hal_gpio.c ****         temp = EXTI_CurrentCPU->EMR1;
 156              		.loc 1 272 0
 157 009a 514D     		ldr	r5, .L28+4
 158              	.LVL22:
 159 009c 6D68     		ldr	r5, [r5, #4]
 160              	.LVL23:
 273:Drivers/STM32H7xx_HAL_Driver/Src/stm32h7xx_hal_gpio.c ****         temp &= ~(iocurrent);
 161              		.loc 1 273 0
 162 009e 04EA0506 		and	r6, r4, r5
 163              	.LVL24:
 274:Drivers/STM32H7xx_HAL_Driver/Src/stm32h7xx_hal_gpio.c ****         if ((GPIO_Init->Mode & EXTI_EVT) != 0x00U)
 164              		.loc 1 274 0
 165 00a2 4F68     		ldr	r7, [r1, #4]
 166 00a4 17F4003F 		tst	r7, #131072
 167 00a8 01D0     		beq	.L10
 275:Drivers/STM32H7xx_HAL_Driver/Src/stm32h7xx_hal_gpio.c ****         {
 276:Drivers/STM32H7xx_HAL_Driver/Src/stm32h7xx_hal_gpio.c ****           temp |= iocurrent;
 168              		.loc 1 276 0
 169 00aa 42EA0506 		orr	r6, r2, r5
 170              	.LVL25:
 171              	.L10:
 277:Drivers/STM32H7xx_HAL_Driver/Src/stm32h7xx_hal_gpio.c ****         }
 278:Drivers/STM32H7xx_HAL_Driver/Src/stm32h7xx_hal_gpio.c ****         EXTI_CurrentCPU->EMR1 = temp;
 172              		.loc 1 278 0
 173 00ae 4C4D     		ldr	r5, .L28+4
 174 00b0 6E60     		str	r6, [r5, #4]
 279:Drivers/STM32H7xx_HAL_Driver/Src/stm32h7xx_hal_gpio.c **** 
 280:Drivers/STM32H7xx_HAL_Driver/Src/stm32h7xx_hal_gpio.c ****         /* Clear EXTI line configuration */
 281:Drivers/STM32H7xx_HAL_Driver/Src/stm32h7xx_hal_gpio.c ****         temp = EXTI_CurrentCPU->IMR1;
 175              		.loc 1 281 0
 176 00b2 2D68     		ldr	r5, [r5]
ARM GAS  /tmp/cc8Lc6C2.s 			page 9


 177              	.LVL26:
 282:Drivers/STM32H7xx_HAL_Driver/Src/stm32h7xx_hal_gpio.c ****         temp &= ~(iocurrent);
 178              		.loc 1 282 0
 179 00b4 2C40     		ands	r4, r4, r5
 180              	.LVL27:
 283:Drivers/STM32H7xx_HAL_Driver/Src/stm32h7xx_hal_gpio.c ****         if ((GPIO_Init->Mode & EXTI_IT) != 0x00U)
 181              		.loc 1 283 0
 182 00b6 4E68     		ldr	r6, [r1, #4]
 183 00b8 16F4803F 		tst	r6, #65536
 184 00bc 01D0     		beq	.L11
 284:Drivers/STM32H7xx_HAL_Driver/Src/stm32h7xx_hal_gpio.c ****         {
 285:Drivers/STM32H7xx_HAL_Driver/Src/stm32h7xx_hal_gpio.c ****           temp |= iocurrent;
 185              		.loc 1 285 0
 186 00be 42EA0504 		orr	r4, r2, r5
 187              	.LVL28:
 188              	.L11:
 286:Drivers/STM32H7xx_HAL_Driver/Src/stm32h7xx_hal_gpio.c ****         }
 287:Drivers/STM32H7xx_HAL_Driver/Src/stm32h7xx_hal_gpio.c ****         EXTI_CurrentCPU->IMR1 = temp;
 189              		.loc 1 287 0
 190 00c2 474A     		ldr	r2, .L28+4
 191              	.LVL29:
 192 00c4 1460     		str	r4, [r2]
 193              	.LVL30:
 194              	.L3:
 288:Drivers/STM32H7xx_HAL_Driver/Src/stm32h7xx_hal_gpio.c ****       }
 289:Drivers/STM32H7xx_HAL_Driver/Src/stm32h7xx_hal_gpio.c ****     }
 290:Drivers/STM32H7xx_HAL_Driver/Src/stm32h7xx_hal_gpio.c **** 
 291:Drivers/STM32H7xx_HAL_Driver/Src/stm32h7xx_hal_gpio.c ****     position++;
 195              		.loc 1 291 0
 196 00c6 0133     		adds	r3, r3, #1
 197              	.LVL31:
 198              	.L2:
 184:Drivers/STM32H7xx_HAL_Driver/Src/stm32h7xx_hal_gpio.c ****   {
 199              		.loc 1 184 0
 200 00c8 0A68     		ldr	r2, [r1]
 201 00ca 32FA03F4 		lsrs	r4, r2, r3
 202 00ce 00F08280 		beq	.L24
 187:Drivers/STM32H7xx_HAL_Driver/Src/stm32h7xx_hal_gpio.c **** 
 203              		.loc 1 187 0
 204 00d2 0124     		movs	r4, #1
 205 00d4 9C40     		lsls	r4, r4, r3
 206              	.LVL32:
 189:Drivers/STM32H7xx_HAL_Driver/Src/stm32h7xx_hal_gpio.c ****     {
 207              		.loc 1 189 0
 208 00d6 2240     		ands	r2, r4, r2
 209              	.LVL33:
 210 00d8 F5D0     		beq	.L3
 193:Drivers/STM32H7xx_HAL_Driver/Src/stm32h7xx_hal_gpio.c ****       {
 211              		.loc 1 193 0
 212 00da 4D68     		ldr	r5, [r1, #4]
 213 00dc 05F00305 		and	r5, r5, #3
 214 00e0 013D     		subs	r5, r5, #1
 215 00e2 012D     		cmp	r5, #1
 216 00e4 90D9     		bls	.L25
 217              	.L4:
 211:Drivers/STM32H7xx_HAL_Driver/Src/stm32h7xx_hal_gpio.c ****       {
 218              		.loc 1 211 0
ARM GAS  /tmp/cc8Lc6C2.s 			page 10


 219 00e6 4C68     		ldr	r4, [r1, #4]
 220 00e8 04F00304 		and	r4, r4, #3
 221 00ec 032C     		cmp	r4, #3
 222 00ee 09D0     		beq	.L5
 217:Drivers/STM32H7xx_HAL_Driver/Src/stm32h7xx_hal_gpio.c ****       temp &= ~(GPIO_PUPDR_PUPD0 << (position * 2U));
 223              		.loc 1 217 0
 224 00f0 C568     		ldr	r5, [r0, #12]
 225              	.LVL34:
 218:Drivers/STM32H7xx_HAL_Driver/Src/stm32h7xx_hal_gpio.c ****       temp |= ((GPIO_Init->Pull) << (position * 2U));
 226              		.loc 1 218 0
 227 00f2 5E00     		lsls	r6, r3, #1
 228 00f4 0324     		movs	r4, #3
 229 00f6 B440     		lsls	r4, r4, r6
 230 00f8 25EA0405 		bic	r5, r5, r4
 231              	.LVL35:
 219:Drivers/STM32H7xx_HAL_Driver/Src/stm32h7xx_hal_gpio.c ****       GPIOx->PUPDR = temp;
 232              		.loc 1 219 0
 233 00fc 8C68     		ldr	r4, [r1, #8]
 234 00fe B440     		lsls	r4, r4, r6
 235 0100 2C43     		orrs	r4, r4, r5
 236              	.LVL36:
 220:Drivers/STM32H7xx_HAL_Driver/Src/stm32h7xx_hal_gpio.c ****       }
 237              		.loc 1 220 0
 238 0102 C460     		str	r4, [r0, #12]
 239              	.LVL37:
 240              	.L5:
 224:Drivers/STM32H7xx_HAL_Driver/Src/stm32h7xx_hal_gpio.c ****       {
 241              		.loc 1 224 0
 242 0104 4C68     		ldr	r4, [r1, #4]
 243 0106 04F00304 		and	r4, r4, #3
 244 010a 022C     		cmp	r4, #2
 245 010c 90D0     		beq	.L26
 246              	.L6:
 238:Drivers/STM32H7xx_HAL_Driver/Src/stm32h7xx_hal_gpio.c ****       temp &= ~(GPIO_MODER_MODE0 << (position * 2U));
 247              		.loc 1 238 0
 248 010e 0568     		ldr	r5, [r0]
 249              	.LVL38:
 239:Drivers/STM32H7xx_HAL_Driver/Src/stm32h7xx_hal_gpio.c ****       temp |= ((GPIO_Init->Mode & GPIO_MODE) << (position * 2U));
 250              		.loc 1 239 0
 251 0110 5E00     		lsls	r6, r3, #1
 252 0112 0324     		movs	r4, #3
 253 0114 B440     		lsls	r4, r4, r6
 254 0116 25EA0405 		bic	r5, r5, r4
 255              	.LVL39:
 240:Drivers/STM32H7xx_HAL_Driver/Src/stm32h7xx_hal_gpio.c ****       GPIOx->MODER = temp;
 256              		.loc 1 240 0
 257 011a 4C68     		ldr	r4, [r1, #4]
 258 011c 04F00304 		and	r4, r4, #3
 259 0120 B440     		lsls	r4, r4, r6
 260 0122 2C43     		orrs	r4, r4, r5
 261              	.LVL40:
 241:Drivers/STM32H7xx_HAL_Driver/Src/stm32h7xx_hal_gpio.c **** 
 262              		.loc 1 241 0
 263 0124 0460     		str	r4, [r0]
 245:Drivers/STM32H7xx_HAL_Driver/Src/stm32h7xx_hal_gpio.c ****       {
 264              		.loc 1 245 0
 265 0126 4C68     		ldr	r4, [r1, #4]
ARM GAS  /tmp/cc8Lc6C2.s 			page 11


 266              	.LVL41:
 267 0128 14F4403F 		tst	r4, #196608
 268 012c CBD0     		beq	.L3
 269              	.LBB2:
 248:Drivers/STM32H7xx_HAL_Driver/Src/stm32h7xx_hal_gpio.c **** 
 270              		.loc 1 248 0
 271 012e 2D4C     		ldr	r4, .L28+8
 272 0130 D4F8F450 		ldr	r5, [r4, #244]
 273 0134 45F00205 		orr	r5, r5, #2
 274 0138 C4F8F450 		str	r5, [r4, #244]
 275              	.LVL42:
 276 013c D4F8F440 		ldr	r4, [r4, #244]
 277 0140 04F00204 		and	r4, r4, #2
 278 0144 0194     		str	r4, [sp, #4]
 279 0146 019C     		ldr	r4, [sp, #4]
 280              	.LBE2:
 250:Drivers/STM32H7xx_HAL_Driver/Src/stm32h7xx_hal_gpio.c ****         temp &= ~(0x0FUL << (4U * (position & 0x03U)));
 281              		.loc 1 250 0
 282 0148 9D08     		lsrs	r5, r3, #2
 283 014a AE1C     		adds	r6, r5, #2
 284 014c 234C     		ldr	r4, .L28
 285 014e 54F82670 		ldr	r7, [r4, r6, lsl #2]
 286              	.LVL43:
 251:Drivers/STM32H7xx_HAL_Driver/Src/stm32h7xx_hal_gpio.c ****         temp |= (GPIO_GET_INDEX(GPIOx) << (4U * (position & 0x03U)));
 287              		.loc 1 251 0
 288 0152 03F00304 		and	r4, r3, #3
 289 0156 A600     		lsls	r6, r4, #2
 290 0158 0F24     		movs	r4, #15
 291 015a B440     		lsls	r4, r4, r6
 292 015c 27EA0407 		bic	r7, r7, r4
 293              	.LVL44:
 252:Drivers/STM32H7xx_HAL_Driver/Src/stm32h7xx_hal_gpio.c ****         SYSCFG->EXTICR[position >> 2U] = temp;
 294              		.loc 1 252 0
 295 0160 214C     		ldr	r4, .L28+12
 296 0162 A042     		cmp	r0, r4
 297 0164 3FF477AF 		beq	.L13
 252:Drivers/STM32H7xx_HAL_Driver/Src/stm32h7xx_hal_gpio.c ****         SYSCFG->EXTICR[position >> 2U] = temp;
 298              		.loc 1 252 0 is_stmt 0 discriminator 1
 299 0168 04F58064 		add	r4, r4, #1024
 300 016c A042     		cmp	r0, r4
 301 016e 22D0     		beq	.L14
 252:Drivers/STM32H7xx_HAL_Driver/Src/stm32h7xx_hal_gpio.c ****         SYSCFG->EXTICR[position >> 2U] = temp;
 302              		.loc 1 252 0 discriminator 3
 303 0170 04F58064 		add	r4, r4, #1024
 304 0174 A042     		cmp	r0, r4
 305 0176 20D0     		beq	.L15
 252:Drivers/STM32H7xx_HAL_Driver/Src/stm32h7xx_hal_gpio.c ****         SYSCFG->EXTICR[position >> 2U] = temp;
 306              		.loc 1 252 0 discriminator 5
 307 0178 04F58064 		add	r4, r4, #1024
 308 017c A042     		cmp	r0, r4
 309 017e 1ED0     		beq	.L16
 252:Drivers/STM32H7xx_HAL_Driver/Src/stm32h7xx_hal_gpio.c ****         SYSCFG->EXTICR[position >> 2U] = temp;
 310              		.loc 1 252 0 discriminator 7
 311 0180 04F58064 		add	r4, r4, #1024
 312 0184 A042     		cmp	r0, r4
 313 0186 1CD0     		beq	.L17
 252:Drivers/STM32H7xx_HAL_Driver/Src/stm32h7xx_hal_gpio.c ****         SYSCFG->EXTICR[position >> 2U] = temp;
ARM GAS  /tmp/cc8Lc6C2.s 			page 12


 314              		.loc 1 252 0 discriminator 9
 315 0188 04F58064 		add	r4, r4, #1024
 316 018c A042     		cmp	r0, r4
 317 018e 1AD0     		beq	.L18
 252:Drivers/STM32H7xx_HAL_Driver/Src/stm32h7xx_hal_gpio.c ****         SYSCFG->EXTICR[position >> 2U] = temp;
 318              		.loc 1 252 0 discriminator 11
 319 0190 04F58064 		add	r4, r4, #1024
 320 0194 A042     		cmp	r0, r4
 321 0196 18D0     		beq	.L19
 252:Drivers/STM32H7xx_HAL_Driver/Src/stm32h7xx_hal_gpio.c ****         SYSCFG->EXTICR[position >> 2U] = temp;
 322              		.loc 1 252 0 discriminator 13
 323 0198 04F58064 		add	r4, r4, #1024
 324 019c A042     		cmp	r0, r4
 325 019e 16D0     		beq	.L20
 252:Drivers/STM32H7xx_HAL_Driver/Src/stm32h7xx_hal_gpio.c ****         SYSCFG->EXTICR[position >> 2U] = temp;
 326              		.loc 1 252 0 discriminator 15
 327 01a0 04F58064 		add	r4, r4, #1024
 328 01a4 A042     		cmp	r0, r4
 329 01a6 14D0     		beq	.L21
 252:Drivers/STM32H7xx_HAL_Driver/Src/stm32h7xx_hal_gpio.c ****         SYSCFG->EXTICR[position >> 2U] = temp;
 330              		.loc 1 252 0 discriminator 17
 331 01a8 04F58064 		add	r4, r4, #1024
 332 01ac A042     		cmp	r0, r4
 333 01ae 3FF450AF 		beq	.L27
 252:Drivers/STM32H7xx_HAL_Driver/Src/stm32h7xx_hal_gpio.c ****         SYSCFG->EXTICR[position >> 2U] = temp;
 334              		.loc 1 252 0
 335 01b2 0A24     		movs	r4, #10
 336 01b4 50E7     		b	.L7
 337              	.L14:
 338 01b6 0124     		movs	r4, #1
 339 01b8 4EE7     		b	.L7
 340              	.L15:
 341 01ba 0224     		movs	r4, #2
 342 01bc 4CE7     		b	.L7
 343              	.L16:
 344 01be 0324     		movs	r4, #3
 345 01c0 4AE7     		b	.L7
 346              	.L17:
 347 01c2 0424     		movs	r4, #4
 348 01c4 48E7     		b	.L7
 349              	.L18:
 350 01c6 0524     		movs	r4, #5
 351 01c8 46E7     		b	.L7
 352              	.L19:
 353 01ca 0624     		movs	r4, #6
 354 01cc 44E7     		b	.L7
 355              	.L20:
 356 01ce 0724     		movs	r4, #7
 357 01d0 42E7     		b	.L7
 358              	.L21:
 359 01d2 0824     		movs	r4, #8
 360 01d4 40E7     		b	.L7
 361              	.LVL45:
 362              	.L24:
 292:Drivers/STM32H7xx_HAL_Driver/Src/stm32h7xx_hal_gpio.c ****   }
 293:Drivers/STM32H7xx_HAL_Driver/Src/stm32h7xx_hal_gpio.c **** }
 363              		.loc 1 293 0 is_stmt 1
ARM GAS  /tmp/cc8Lc6C2.s 			page 13


 364 01d6 02B0     		add	sp, sp, #8
 365              	.LCFI2:
 366              		.cfi_def_cfa_offset 16
 367              		@ sp needed
 368 01d8 F0BC     		pop	{r4, r5, r6, r7}
 369              	.LCFI3:
 370              		.cfi_restore 7
 371              		.cfi_restore 6
 372              		.cfi_restore 5
 373              		.cfi_restore 4
 374              		.cfi_def_cfa_offset 0
 375 01da 7047     		bx	lr
 376              	.L29:
 377              		.align	2
 378              	.L28:
 379 01dc 00040058 		.word	1476396032
 380 01e0 80000058 		.word	1476395136
 381 01e4 00440258 		.word	1476543488
 382 01e8 00000258 		.word	1476526080
 383              		.cfi_endproc
 384              	.LFE144:
 386              		.section	.text.HAL_GPIO_DeInit,"ax",%progbits
 387              		.align	1
 388              		.global	HAL_GPIO_DeInit
 389              		.syntax unified
 390              		.thumb
 391              		.thumb_func
 392              		.fpu fpv5-d16
 394              	HAL_GPIO_DeInit:
 395              	.LFB145:
 294:Drivers/STM32H7xx_HAL_Driver/Src/stm32h7xx_hal_gpio.c **** 
 295:Drivers/STM32H7xx_HAL_Driver/Src/stm32h7xx_hal_gpio.c **** /**
 296:Drivers/STM32H7xx_HAL_Driver/Src/stm32h7xx_hal_gpio.c ****   * @brief  De-initializes the GPIOx peripheral registers to their default reset values.
 297:Drivers/STM32H7xx_HAL_Driver/Src/stm32h7xx_hal_gpio.c ****   * @param  GPIOx: where x can be (A..K) to select the GPIO peripheral.
 298:Drivers/STM32H7xx_HAL_Driver/Src/stm32h7xx_hal_gpio.c ****   * @param  GPIO_Pin: specifies the port bit to be written.
 299:Drivers/STM32H7xx_HAL_Driver/Src/stm32h7xx_hal_gpio.c ****   *          This parameter can be one of GPIO_PIN_x where x can be (0..15).
 300:Drivers/STM32H7xx_HAL_Driver/Src/stm32h7xx_hal_gpio.c ****   * @retval None
 301:Drivers/STM32H7xx_HAL_Driver/Src/stm32h7xx_hal_gpio.c ****   */
 302:Drivers/STM32H7xx_HAL_Driver/Src/stm32h7xx_hal_gpio.c **** void HAL_GPIO_DeInit(GPIO_TypeDef  *GPIOx, uint32_t GPIO_Pin)
 303:Drivers/STM32H7xx_HAL_Driver/Src/stm32h7xx_hal_gpio.c **** {
 396              		.loc 1 303 0
 397              		.cfi_startproc
 398              		@ args = 0, pretend = 0, frame = 0
 399              		@ frame_needed = 0, uses_anonymous_args = 0
 400              	.LVL46:
 304:Drivers/STM32H7xx_HAL_Driver/Src/stm32h7xx_hal_gpio.c ****   uint32_t position = 0x00U;
 401              		.loc 1 304 0
 402 0000 0023     		movs	r3, #0
 403              	.LVL47:
 305:Drivers/STM32H7xx_HAL_Driver/Src/stm32h7xx_hal_gpio.c ****   uint32_t iocurrent;
 306:Drivers/STM32H7xx_HAL_Driver/Src/stm32h7xx_hal_gpio.c ****   uint32_t tmp;
 307:Drivers/STM32H7xx_HAL_Driver/Src/stm32h7xx_hal_gpio.c ****   EXTI_Core_TypeDef *EXTI_CurrentCPU;
 308:Drivers/STM32H7xx_HAL_Driver/Src/stm32h7xx_hal_gpio.c **** 
 309:Drivers/STM32H7xx_HAL_Driver/Src/stm32h7xx_hal_gpio.c **** #if defined(DUAL_CORE) && defined(CORE_CM4)
 310:Drivers/STM32H7xx_HAL_Driver/Src/stm32h7xx_hal_gpio.c ****   EXTI_CurrentCPU = EXTI_D2; /* EXTI for CM4 CPU */
 311:Drivers/STM32H7xx_HAL_Driver/Src/stm32h7xx_hal_gpio.c **** #else
 312:Drivers/STM32H7xx_HAL_Driver/Src/stm32h7xx_hal_gpio.c ****   EXTI_CurrentCPU = EXTI_D1; /* EXTI for CM7 CPU */
ARM GAS  /tmp/cc8Lc6C2.s 			page 14


 313:Drivers/STM32H7xx_HAL_Driver/Src/stm32h7xx_hal_gpio.c **** #endif
 314:Drivers/STM32H7xx_HAL_Driver/Src/stm32h7xx_hal_gpio.c **** 
 315:Drivers/STM32H7xx_HAL_Driver/Src/stm32h7xx_hal_gpio.c ****   /* Check the parameters */
 316:Drivers/STM32H7xx_HAL_Driver/Src/stm32h7xx_hal_gpio.c ****   assert_param(IS_GPIO_ALL_INSTANCE(GPIOx));
 317:Drivers/STM32H7xx_HAL_Driver/Src/stm32h7xx_hal_gpio.c ****   assert_param(IS_GPIO_PIN(GPIO_Pin));
 318:Drivers/STM32H7xx_HAL_Driver/Src/stm32h7xx_hal_gpio.c **** 
 319:Drivers/STM32H7xx_HAL_Driver/Src/stm32h7xx_hal_gpio.c ****   /* Configure the port pins */
 320:Drivers/STM32H7xx_HAL_Driver/Src/stm32h7xx_hal_gpio.c ****   while ((GPIO_Pin >> position) != 0x00U)
 404              		.loc 1 320 0
 405 0002 31FA03F2 		lsrs	r2, r1, r3
 406 0006 00F09880 		beq	.L49
 303:Drivers/STM32H7xx_HAL_Driver/Src/stm32h7xx_hal_gpio.c ****   uint32_t position = 0x00U;
 407              		.loc 1 303 0
 408 000a F0B5     		push	{r4, r5, r6, r7, lr}
 409              	.LCFI4:
 410              		.cfi_def_cfa_offset 20
 411              		.cfi_offset 4, -20
 412              		.cfi_offset 5, -16
 413              		.cfi_offset 6, -12
 414              		.cfi_offset 7, -8
 415              		.cfi_offset 14, -4
 416 000c 2CE0     		b	.L35
 417              	.LVL48:
 418              	.L52:
 321:Drivers/STM32H7xx_HAL_Driver/Src/stm32h7xx_hal_gpio.c ****   {
 322:Drivers/STM32H7xx_HAL_Driver/Src/stm32h7xx_hal_gpio.c ****     /* Get current io position */
 323:Drivers/STM32H7xx_HAL_Driver/Src/stm32h7xx_hal_gpio.c ****     iocurrent = GPIO_Pin & (1UL << position) ;
 324:Drivers/STM32H7xx_HAL_Driver/Src/stm32h7xx_hal_gpio.c **** 
 325:Drivers/STM32H7xx_HAL_Driver/Src/stm32h7xx_hal_gpio.c ****     if (iocurrent != 0x00U)
 326:Drivers/STM32H7xx_HAL_Driver/Src/stm32h7xx_hal_gpio.c ****     {
 327:Drivers/STM32H7xx_HAL_Driver/Src/stm32h7xx_hal_gpio.c ****       /*------------------------- EXTI Mode Configuration --------------------*/
 328:Drivers/STM32H7xx_HAL_Driver/Src/stm32h7xx_hal_gpio.c ****       /* Clear the External Interrupt or Event for the current IO */
 329:Drivers/STM32H7xx_HAL_Driver/Src/stm32h7xx_hal_gpio.c ****       tmp = SYSCFG->EXTICR[position >> 2U];
 330:Drivers/STM32H7xx_HAL_Driver/Src/stm32h7xx_hal_gpio.c ****       tmp &= (0x0FUL << (4U * (position & 0x03U)));
 331:Drivers/STM32H7xx_HAL_Driver/Src/stm32h7xx_hal_gpio.c ****       if (tmp == (GPIO_GET_INDEX(GPIOx) << (4U * (position & 0x03U))))
 419              		.loc 1 331 0
 420 000e 0927     		movs	r7, #9
 421 0010 00E0     		b	.L33
 422              	.L36:
 423 0012 0027     		movs	r7, #0
 424              	.L33:
 425              		.loc 1 331 0 is_stmt 0 discriminator 40
 426 0014 07FA04F4 		lsl	r4, r7, r4
 427 0018 B442     		cmp	r4, r6
 428 001a 73D0     		beq	.L50
 429              	.LVL49:
 430              	.L34:
 332:Drivers/STM32H7xx_HAL_Driver/Src/stm32h7xx_hal_gpio.c ****       {
 333:Drivers/STM32H7xx_HAL_Driver/Src/stm32h7xx_hal_gpio.c ****         /* Clear EXTI line configuration for Current CPU */
 334:Drivers/STM32H7xx_HAL_Driver/Src/stm32h7xx_hal_gpio.c ****         EXTI_CurrentCPU->IMR1 &= ~(iocurrent);
 335:Drivers/STM32H7xx_HAL_Driver/Src/stm32h7xx_hal_gpio.c ****         EXTI_CurrentCPU->EMR1 &= ~(iocurrent);
 336:Drivers/STM32H7xx_HAL_Driver/Src/stm32h7xx_hal_gpio.c **** 
 337:Drivers/STM32H7xx_HAL_Driver/Src/stm32h7xx_hal_gpio.c ****         /* Clear Rising Falling edge configuration */
 338:Drivers/STM32H7xx_HAL_Driver/Src/stm32h7xx_hal_gpio.c ****         EXTI->FTSR1 &= ~(iocurrent);
 339:Drivers/STM32H7xx_HAL_Driver/Src/stm32h7xx_hal_gpio.c ****         EXTI->RTSR1 &= ~(iocurrent);
 340:Drivers/STM32H7xx_HAL_Driver/Src/stm32h7xx_hal_gpio.c **** 
 341:Drivers/STM32H7xx_HAL_Driver/Src/stm32h7xx_hal_gpio.c ****         tmp = 0x0FUL << (4U * (position & 0x03U));
ARM GAS  /tmp/cc8Lc6C2.s 			page 15


 342:Drivers/STM32H7xx_HAL_Driver/Src/stm32h7xx_hal_gpio.c ****         SYSCFG->EXTICR[position >> 2U] &= ~tmp;
 343:Drivers/STM32H7xx_HAL_Driver/Src/stm32h7xx_hal_gpio.c ****       }
 344:Drivers/STM32H7xx_HAL_Driver/Src/stm32h7xx_hal_gpio.c **** 
 345:Drivers/STM32H7xx_HAL_Driver/Src/stm32h7xx_hal_gpio.c ****       /*------------------------- GPIO Mode Configuration --------------------*/
 346:Drivers/STM32H7xx_HAL_Driver/Src/stm32h7xx_hal_gpio.c ****       /* Configure IO in Analog Mode */
 347:Drivers/STM32H7xx_HAL_Driver/Src/stm32h7xx_hal_gpio.c ****       GPIOx->MODER |= (GPIO_MODER_MODE0 << (position * 2U));
 431              		.loc 1 347 0 is_stmt 1
 432 001c 0568     		ldr	r5, [r0]
 433 001e 5C00     		lsls	r4, r3, #1
 434 0020 0326     		movs	r6, #3
 435 0022 06FA04F4 		lsl	r4, r6, r4
 436 0026 2543     		orrs	r5, r5, r4
 437 0028 0560     		str	r5, [r0]
 348:Drivers/STM32H7xx_HAL_Driver/Src/stm32h7xx_hal_gpio.c **** 
 349:Drivers/STM32H7xx_HAL_Driver/Src/stm32h7xx_hal_gpio.c ****       /* Configure the default Alternate Function in current IO */
 350:Drivers/STM32H7xx_HAL_Driver/Src/stm32h7xx_hal_gpio.c ****       GPIOx->AFR[position >> 3U] &= ~(0xFU << ((position & 0x07U) * 4U)) ;
 438              		.loc 1 350 0
 439 002a 23FA06F5 		lsr	r5, r3, r6
 440 002e 0835     		adds	r5, r5, #8
 441 0030 50F82560 		ldr	r6, [r0, r5, lsl #2]
 442 0034 03F00707 		and	r7, r3, #7
 443 0038 4FEA870C 		lsl	ip, r7, #2
 444 003c 0F27     		movs	r7, #15
 445 003e 07FA0CF7 		lsl	r7, r7, ip
 446 0042 26EA0706 		bic	r6, r6, r7
 447 0046 40F82560 		str	r6, [r0, r5, lsl #2]
 351:Drivers/STM32H7xx_HAL_Driver/Src/stm32h7xx_hal_gpio.c **** 
 352:Drivers/STM32H7xx_HAL_Driver/Src/stm32h7xx_hal_gpio.c ****       /* Deactivate the Pull-up and Pull-down resistor for the current IO */
 353:Drivers/STM32H7xx_HAL_Driver/Src/stm32h7xx_hal_gpio.c ****       GPIOx->PUPDR &= ~(GPIO_PUPDR_PUPD0 << (position * 2U));
 448              		.loc 1 353 0
 449 004a C568     		ldr	r5, [r0, #12]
 450 004c E443     		mvns	r4, r4
 451 004e 2540     		ands	r5, r5, r4
 452 0050 C560     		str	r5, [r0, #12]
 354:Drivers/STM32H7xx_HAL_Driver/Src/stm32h7xx_hal_gpio.c **** 
 355:Drivers/STM32H7xx_HAL_Driver/Src/stm32h7xx_hal_gpio.c ****       /* Configure the default value IO Output Type */
 356:Drivers/STM32H7xx_HAL_Driver/Src/stm32h7xx_hal_gpio.c ****       GPIOx->OTYPER  &= ~(GPIO_OTYPER_OT0 << position) ;
 453              		.loc 1 356 0
 454 0052 4568     		ldr	r5, [r0, #4]
 455 0054 25EA0202 		bic	r2, r5, r2
 456              	.LVL50:
 457 0058 4260     		str	r2, [r0, #4]
 357:Drivers/STM32H7xx_HAL_Driver/Src/stm32h7xx_hal_gpio.c **** 
 358:Drivers/STM32H7xx_HAL_Driver/Src/stm32h7xx_hal_gpio.c ****       /* Configure the default value for IO Speed */
 359:Drivers/STM32H7xx_HAL_Driver/Src/stm32h7xx_hal_gpio.c ****       GPIOx->OSPEEDR &= ~(GPIO_OSPEEDR_OSPEED0 << (position * 2U));
 458              		.loc 1 359 0
 459 005a 8268     		ldr	r2, [r0, #8]
 460 005c 1440     		ands	r4, r4, r2
 461 005e 8460     		str	r4, [r0, #8]
 462              	.L32:
 360:Drivers/STM32H7xx_HAL_Driver/Src/stm32h7xx_hal_gpio.c ****     }
 361:Drivers/STM32H7xx_HAL_Driver/Src/stm32h7xx_hal_gpio.c **** 
 362:Drivers/STM32H7xx_HAL_Driver/Src/stm32h7xx_hal_gpio.c ****     position++;
 463              		.loc 1 362 0
 464 0060 0133     		adds	r3, r3, #1
 465              	.LVL51:
 320:Drivers/STM32H7xx_HAL_Driver/Src/stm32h7xx_hal_gpio.c ****   {
ARM GAS  /tmp/cc8Lc6C2.s 			page 16


 466              		.loc 1 320 0
 467 0062 31FA03F2 		lsrs	r2, r1, r3
 468 0066 67D0     		beq	.L51
 469              	.LVL52:
 470              	.L35:
 323:Drivers/STM32H7xx_HAL_Driver/Src/stm32h7xx_hal_gpio.c **** 
 471              		.loc 1 323 0
 472 0068 0122     		movs	r2, #1
 473 006a 9A40     		lsls	r2, r2, r3
 474              	.LVL53:
 325:Drivers/STM32H7xx_HAL_Driver/Src/stm32h7xx_hal_gpio.c ****     {
 475              		.loc 1 325 0
 476 006c 12EA0105 		ands	r5, r2, r1
 477              	.LVL54:
 478 0070 F6D0     		beq	.L32
 329:Drivers/STM32H7xx_HAL_Driver/Src/stm32h7xx_hal_gpio.c ****       tmp &= (0x0FUL << (4U * (position & 0x03U)));
 479              		.loc 1 329 0
 480 0072 4FEA930E 		lsr	lr, r3, #2
 481 0076 0EF10206 		add	r6, lr, #2
 482 007a 304C     		ldr	r4, .L53
 483 007c 54F82660 		ldr	r6, [r4, r6, lsl #2]
 484              	.LVL55:
 330:Drivers/STM32H7xx_HAL_Driver/Src/stm32h7xx_hal_gpio.c ****       if (tmp == (GPIO_GET_INDEX(GPIOx) << (4U * (position & 0x03U))))
 485              		.loc 1 330 0
 486 0080 03F00304 		and	r4, r3, #3
 487 0084 A400     		lsls	r4, r4, #2
 488 0086 4FF00F0C 		mov	ip, #15
 489 008a 0CFA04FC 		lsl	ip, ip, r4
 490 008e 0CEA0606 		and	r6, ip, r6
 491              	.LVL56:
 331:Drivers/STM32H7xx_HAL_Driver/Src/stm32h7xx_hal_gpio.c ****       {
 492              		.loc 1 331 0
 493 0092 2B4F     		ldr	r7, .L53+4
 494 0094 B842     		cmp	r0, r7
 495 0096 BCD0     		beq	.L36
 331:Drivers/STM32H7xx_HAL_Driver/Src/stm32h7xx_hal_gpio.c ****       {
 496              		.loc 1 331 0 is_stmt 0 discriminator 1
 497 0098 07F58067 		add	r7, r7, #1024
 498 009c B842     		cmp	r0, r7
 499 009e 21D0     		beq	.L37
 331:Drivers/STM32H7xx_HAL_Driver/Src/stm32h7xx_hal_gpio.c ****       {
 500              		.loc 1 331 0 discriminator 3
 501 00a0 07F58067 		add	r7, r7, #1024
 502 00a4 B842     		cmp	r0, r7
 503 00a6 1FD0     		beq	.L38
 331:Drivers/STM32H7xx_HAL_Driver/Src/stm32h7xx_hal_gpio.c ****       {
 504              		.loc 1 331 0 discriminator 5
 505 00a8 07F58067 		add	r7, r7, #1024
 506 00ac B842     		cmp	r0, r7
 507 00ae 1DD0     		beq	.L39
 331:Drivers/STM32H7xx_HAL_Driver/Src/stm32h7xx_hal_gpio.c ****       {
 508              		.loc 1 331 0 discriminator 7
 509 00b0 07F58067 		add	r7, r7, #1024
 510 00b4 B842     		cmp	r0, r7
 511 00b6 1BD0     		beq	.L40
 331:Drivers/STM32H7xx_HAL_Driver/Src/stm32h7xx_hal_gpio.c ****       {
 512              		.loc 1 331 0 discriminator 9
ARM GAS  /tmp/cc8Lc6C2.s 			page 17


 513 00b8 07F58067 		add	r7, r7, #1024
 514 00bc B842     		cmp	r0, r7
 515 00be 19D0     		beq	.L41
 331:Drivers/STM32H7xx_HAL_Driver/Src/stm32h7xx_hal_gpio.c ****       {
 516              		.loc 1 331 0 discriminator 11
 517 00c0 07F58067 		add	r7, r7, #1024
 518 00c4 B842     		cmp	r0, r7
 519 00c6 17D0     		beq	.L42
 331:Drivers/STM32H7xx_HAL_Driver/Src/stm32h7xx_hal_gpio.c ****       {
 520              		.loc 1 331 0 discriminator 13
 521 00c8 07F58067 		add	r7, r7, #1024
 522 00cc B842     		cmp	r0, r7
 523 00ce 15D0     		beq	.L43
 331:Drivers/STM32H7xx_HAL_Driver/Src/stm32h7xx_hal_gpio.c ****       {
 524              		.loc 1 331 0 discriminator 15
 525 00d0 07F58067 		add	r7, r7, #1024
 526 00d4 B842     		cmp	r0, r7
 527 00d6 13D0     		beq	.L44
 331:Drivers/STM32H7xx_HAL_Driver/Src/stm32h7xx_hal_gpio.c ****       {
 528              		.loc 1 331 0 discriminator 17
 529 00d8 07F58067 		add	r7, r7, #1024
 530 00dc B842     		cmp	r0, r7
 531 00de 96D0     		beq	.L52
 331:Drivers/STM32H7xx_HAL_Driver/Src/stm32h7xx_hal_gpio.c ****       {
 532              		.loc 1 331 0
 533 00e0 0A27     		movs	r7, #10
 534 00e2 97E7     		b	.L33
 535              	.L37:
 536 00e4 0127     		movs	r7, #1
 537 00e6 95E7     		b	.L33
 538              	.L38:
 539 00e8 0227     		movs	r7, #2
 540 00ea 93E7     		b	.L33
 541              	.L39:
 542 00ec 0327     		movs	r7, #3
 543 00ee 91E7     		b	.L33
 544              	.L40:
 545 00f0 0427     		movs	r7, #4
 546 00f2 8FE7     		b	.L33
 547              	.L41:
 548 00f4 0527     		movs	r7, #5
 549 00f6 8DE7     		b	.L33
 550              	.L42:
 551 00f8 0627     		movs	r7, #6
 552 00fa 8BE7     		b	.L33
 553              	.L43:
 554 00fc 0727     		movs	r7, #7
 555 00fe 89E7     		b	.L33
 556              	.L44:
 557 0100 0827     		movs	r7, #8
 558 0102 87E7     		b	.L33
 559              	.L50:
 334:Drivers/STM32H7xx_HAL_Driver/Src/stm32h7xx_hal_gpio.c ****         EXTI_CurrentCPU->EMR1 &= ~(iocurrent);
 560              		.loc 1 334 0 is_stmt 1
 561 0104 0F4C     		ldr	r4, .L53+8
 562 0106 2668     		ldr	r6, [r4]
 563              	.LVL57:
ARM GAS  /tmp/cc8Lc6C2.s 			page 18


 564 0108 ED43     		mvns	r5, r5
 565              	.LVL58:
 566 010a 2E40     		ands	r6, r6, r5
 567 010c 2660     		str	r6, [r4]
 335:Drivers/STM32H7xx_HAL_Driver/Src/stm32h7xx_hal_gpio.c **** 
 568              		.loc 1 335 0
 569 010e 6668     		ldr	r6, [r4, #4]
 570 0110 2E40     		ands	r6, r6, r5
 571 0112 6660     		str	r6, [r4, #4]
 338:Drivers/STM32H7xx_HAL_Driver/Src/stm32h7xx_hal_gpio.c ****         EXTI->RTSR1 &= ~(iocurrent);
 572              		.loc 1 338 0
 573 0114 4FF0B044 		mov	r4, #1476395008
 574 0118 6668     		ldr	r6, [r4, #4]
 575 011a 2E40     		ands	r6, r6, r5
 576 011c 6660     		str	r6, [r4, #4]
 339:Drivers/STM32H7xx_HAL_Driver/Src/stm32h7xx_hal_gpio.c **** 
 577              		.loc 1 339 0
 578 011e 2668     		ldr	r6, [r4]
 579 0120 3540     		ands	r5, r5, r6
 580              	.LVL59:
 581 0122 2560     		str	r5, [r4]
 582              	.LVL60:
 342:Drivers/STM32H7xx_HAL_Driver/Src/stm32h7xx_hal_gpio.c ****       }
 583              		.loc 1 342 0
 584 0124 054E     		ldr	r6, .L53
 585 0126 0EF10204 		add	r4, lr, #2
 586 012a 56F82450 		ldr	r5, [r6, r4, lsl #2]
 587 012e 25EA0C05 		bic	r5, r5, ip
 588 0132 46F82450 		str	r5, [r6, r4, lsl #2]
 589 0136 71E7     		b	.L34
 590              	.LVL61:
 591              	.L51:
 363:Drivers/STM32H7xx_HAL_Driver/Src/stm32h7xx_hal_gpio.c ****   }
 364:Drivers/STM32H7xx_HAL_Driver/Src/stm32h7xx_hal_gpio.c **** }
 592              		.loc 1 364 0
 593 0138 F0BD     		pop	{r4, r5, r6, r7, pc}
 594              	.LVL62:
 595              	.L49:
 596              	.LCFI5:
 597              		.cfi_def_cfa_offset 0
 598              		.cfi_restore 4
 599              		.cfi_restore 5
 600              		.cfi_restore 6
 601              		.cfi_restore 7
 602              		.cfi_restore 14
 603 013a 7047     		bx	lr
 604              	.L54:
 605              		.align	2
 606              	.L53:
 607 013c 00040058 		.word	1476396032
 608 0140 00000258 		.word	1476526080
 609 0144 80000058 		.word	1476395136
 610              		.cfi_endproc
 611              	.LFE145:
 613              		.section	.text.HAL_GPIO_ReadPin,"ax",%progbits
 614              		.align	1
 615              		.global	HAL_GPIO_ReadPin
ARM GAS  /tmp/cc8Lc6C2.s 			page 19


 616              		.syntax unified
 617              		.thumb
 618              		.thumb_func
 619              		.fpu fpv5-d16
 621              	HAL_GPIO_ReadPin:
 622              	.LFB146:
 365:Drivers/STM32H7xx_HAL_Driver/Src/stm32h7xx_hal_gpio.c **** 
 366:Drivers/STM32H7xx_HAL_Driver/Src/stm32h7xx_hal_gpio.c **** /**
 367:Drivers/STM32H7xx_HAL_Driver/Src/stm32h7xx_hal_gpio.c ****   * @}
 368:Drivers/STM32H7xx_HAL_Driver/Src/stm32h7xx_hal_gpio.c ****   */
 369:Drivers/STM32H7xx_HAL_Driver/Src/stm32h7xx_hal_gpio.c **** 
 370:Drivers/STM32H7xx_HAL_Driver/Src/stm32h7xx_hal_gpio.c **** /** @defgroup GPIO_Exported_Functions_Group2 IO operation functions
 371:Drivers/STM32H7xx_HAL_Driver/Src/stm32h7xx_hal_gpio.c ****  *  @brief GPIO Read, Write, Toggle, Lock and EXTI management functions.
 372:Drivers/STM32H7xx_HAL_Driver/Src/stm32h7xx_hal_gpio.c ****  *
 373:Drivers/STM32H7xx_HAL_Driver/Src/stm32h7xx_hal_gpio.c **** @verbatim
 374:Drivers/STM32H7xx_HAL_Driver/Src/stm32h7xx_hal_gpio.c ****  ===============================================================================
 375:Drivers/STM32H7xx_HAL_Driver/Src/stm32h7xx_hal_gpio.c ****                        ##### IO operation functions #####
 376:Drivers/STM32H7xx_HAL_Driver/Src/stm32h7xx_hal_gpio.c ****  ===============================================================================
 377:Drivers/STM32H7xx_HAL_Driver/Src/stm32h7xx_hal_gpio.c **** 
 378:Drivers/STM32H7xx_HAL_Driver/Src/stm32h7xx_hal_gpio.c **** @endverbatim
 379:Drivers/STM32H7xx_HAL_Driver/Src/stm32h7xx_hal_gpio.c ****   * @{
 380:Drivers/STM32H7xx_HAL_Driver/Src/stm32h7xx_hal_gpio.c ****   */
 381:Drivers/STM32H7xx_HAL_Driver/Src/stm32h7xx_hal_gpio.c **** 
 382:Drivers/STM32H7xx_HAL_Driver/Src/stm32h7xx_hal_gpio.c **** /**
 383:Drivers/STM32H7xx_HAL_Driver/Src/stm32h7xx_hal_gpio.c ****   * @brief  Reads the specified input port pin.
 384:Drivers/STM32H7xx_HAL_Driver/Src/stm32h7xx_hal_gpio.c ****   * @param  GPIOx: where x can be (A..K) to select the GPIO peripheral.
 385:Drivers/STM32H7xx_HAL_Driver/Src/stm32h7xx_hal_gpio.c ****   * @param  GPIO_Pin: specifies the port bit to read.
 386:Drivers/STM32H7xx_HAL_Driver/Src/stm32h7xx_hal_gpio.c ****   *         This parameter can be GPIO_PIN_x where x can be (0..15).
 387:Drivers/STM32H7xx_HAL_Driver/Src/stm32h7xx_hal_gpio.c ****   * @retval The input port pin value.
 388:Drivers/STM32H7xx_HAL_Driver/Src/stm32h7xx_hal_gpio.c ****   */
 389:Drivers/STM32H7xx_HAL_Driver/Src/stm32h7xx_hal_gpio.c **** GPIO_PinState HAL_GPIO_ReadPin(GPIO_TypeDef *GPIOx, uint16_t GPIO_Pin)
 390:Drivers/STM32H7xx_HAL_Driver/Src/stm32h7xx_hal_gpio.c **** {
 623              		.loc 1 390 0
 624              		.cfi_startproc
 625              		@ args = 0, pretend = 0, frame = 0
 626              		@ frame_needed = 0, uses_anonymous_args = 0
 627              		@ link register save eliminated.
 628              	.LVL63:
 391:Drivers/STM32H7xx_HAL_Driver/Src/stm32h7xx_hal_gpio.c ****   GPIO_PinState bitstatus;
 392:Drivers/STM32H7xx_HAL_Driver/Src/stm32h7xx_hal_gpio.c **** 
 393:Drivers/STM32H7xx_HAL_Driver/Src/stm32h7xx_hal_gpio.c ****   /* Check the parameters */
 394:Drivers/STM32H7xx_HAL_Driver/Src/stm32h7xx_hal_gpio.c ****   assert_param(IS_GPIO_PIN(GPIO_Pin));
 395:Drivers/STM32H7xx_HAL_Driver/Src/stm32h7xx_hal_gpio.c **** 
 396:Drivers/STM32H7xx_HAL_Driver/Src/stm32h7xx_hal_gpio.c ****   if ((GPIOx->IDR & GPIO_Pin) != 0x00U)
 629              		.loc 1 396 0
 630 0000 0369     		ldr	r3, [r0, #16]
 631 0002 1942     		tst	r1, r3
 632 0004 01D1     		bne	.L58
 397:Drivers/STM32H7xx_HAL_Driver/Src/stm32h7xx_hal_gpio.c ****   {
 398:Drivers/STM32H7xx_HAL_Driver/Src/stm32h7xx_hal_gpio.c ****     bitstatus = GPIO_PIN_SET;
 399:Drivers/STM32H7xx_HAL_Driver/Src/stm32h7xx_hal_gpio.c ****   }
 400:Drivers/STM32H7xx_HAL_Driver/Src/stm32h7xx_hal_gpio.c ****   else
 401:Drivers/STM32H7xx_HAL_Driver/Src/stm32h7xx_hal_gpio.c ****   {
 402:Drivers/STM32H7xx_HAL_Driver/Src/stm32h7xx_hal_gpio.c ****     bitstatus = GPIO_PIN_RESET;
 633              		.loc 1 402 0
 634 0006 0020     		movs	r0, #0
 635              	.LVL64:
ARM GAS  /tmp/cc8Lc6C2.s 			page 20


 403:Drivers/STM32H7xx_HAL_Driver/Src/stm32h7xx_hal_gpio.c ****   }
 404:Drivers/STM32H7xx_HAL_Driver/Src/stm32h7xx_hal_gpio.c ****   return bitstatus;
 405:Drivers/STM32H7xx_HAL_Driver/Src/stm32h7xx_hal_gpio.c **** }
 636              		.loc 1 405 0
 637 0008 7047     		bx	lr
 638              	.LVL65:
 639              	.L58:
 398:Drivers/STM32H7xx_HAL_Driver/Src/stm32h7xx_hal_gpio.c ****   }
 640              		.loc 1 398 0
 641 000a 0120     		movs	r0, #1
 642              	.LVL66:
 643 000c 7047     		bx	lr
 644              		.cfi_endproc
 645              	.LFE146:
 647              		.section	.text.HAL_GPIO_WritePin,"ax",%progbits
 648              		.align	1
 649              		.global	HAL_GPIO_WritePin
 650              		.syntax unified
 651              		.thumb
 652              		.thumb_func
 653              		.fpu fpv5-d16
 655              	HAL_GPIO_WritePin:
 656              	.LFB147:
 406:Drivers/STM32H7xx_HAL_Driver/Src/stm32h7xx_hal_gpio.c **** 
 407:Drivers/STM32H7xx_HAL_Driver/Src/stm32h7xx_hal_gpio.c **** /**
 408:Drivers/STM32H7xx_HAL_Driver/Src/stm32h7xx_hal_gpio.c ****   * @brief  Sets or clears the selected data port bit.
 409:Drivers/STM32H7xx_HAL_Driver/Src/stm32h7xx_hal_gpio.c ****   *
 410:Drivers/STM32H7xx_HAL_Driver/Src/stm32h7xx_hal_gpio.c ****   * @note   This function uses GPIOx_BSRR register to allow atomic read/modify
 411:Drivers/STM32H7xx_HAL_Driver/Src/stm32h7xx_hal_gpio.c ****   *         accesses. In this way, there is no risk of an IRQ occurring between
 412:Drivers/STM32H7xx_HAL_Driver/Src/stm32h7xx_hal_gpio.c ****   *         the read and the modify access.
 413:Drivers/STM32H7xx_HAL_Driver/Src/stm32h7xx_hal_gpio.c ****   *
 414:Drivers/STM32H7xx_HAL_Driver/Src/stm32h7xx_hal_gpio.c ****   * @param  GPIOx: where x can be (A..K) to select the GPIO peripheral.
 415:Drivers/STM32H7xx_HAL_Driver/Src/stm32h7xx_hal_gpio.c ****   * @param  GPIO_Pin: specifies the port bit to be written.
 416:Drivers/STM32H7xx_HAL_Driver/Src/stm32h7xx_hal_gpio.c ****   *          This parameter can be one of GPIO_PIN_x where x can be (0..15).
 417:Drivers/STM32H7xx_HAL_Driver/Src/stm32h7xx_hal_gpio.c ****   * @param  PinState: specifies the value to be written to the selected bit.
 418:Drivers/STM32H7xx_HAL_Driver/Src/stm32h7xx_hal_gpio.c ****   *          This parameter can be one of the GPIO_PinState enum values:
 419:Drivers/STM32H7xx_HAL_Driver/Src/stm32h7xx_hal_gpio.c ****   *            @arg GPIO_PIN_RESET: to clear the port pin
 420:Drivers/STM32H7xx_HAL_Driver/Src/stm32h7xx_hal_gpio.c ****   *            @arg GPIO_PIN_SET: to set the port pin
 421:Drivers/STM32H7xx_HAL_Driver/Src/stm32h7xx_hal_gpio.c ****   * @retval None
 422:Drivers/STM32H7xx_HAL_Driver/Src/stm32h7xx_hal_gpio.c ****   */
 423:Drivers/STM32H7xx_HAL_Driver/Src/stm32h7xx_hal_gpio.c **** void HAL_GPIO_WritePin(GPIO_TypeDef *GPIOx, uint16_t GPIO_Pin, GPIO_PinState PinState)
 424:Drivers/STM32H7xx_HAL_Driver/Src/stm32h7xx_hal_gpio.c **** {
 657              		.loc 1 424 0
 658              		.cfi_startproc
 659              		@ args = 0, pretend = 0, frame = 0
 660              		@ frame_needed = 0, uses_anonymous_args = 0
 661              		@ link register save eliminated.
 662              	.LVL67:
 425:Drivers/STM32H7xx_HAL_Driver/Src/stm32h7xx_hal_gpio.c ****   /* Check the parameters */
 426:Drivers/STM32H7xx_HAL_Driver/Src/stm32h7xx_hal_gpio.c ****   assert_param(IS_GPIO_PIN(GPIO_Pin));
 427:Drivers/STM32H7xx_HAL_Driver/Src/stm32h7xx_hal_gpio.c ****   assert_param(IS_GPIO_PIN_ACTION(PinState));
 428:Drivers/STM32H7xx_HAL_Driver/Src/stm32h7xx_hal_gpio.c **** 
 429:Drivers/STM32H7xx_HAL_Driver/Src/stm32h7xx_hal_gpio.c ****   if (PinState != GPIO_PIN_RESET)
 663              		.loc 1 429 0
 664 0000 12B9     		cbnz	r2, .L62
 430:Drivers/STM32H7xx_HAL_Driver/Src/stm32h7xx_hal_gpio.c ****   {
 431:Drivers/STM32H7xx_HAL_Driver/Src/stm32h7xx_hal_gpio.c ****     GPIOx->BSRR = GPIO_Pin;
ARM GAS  /tmp/cc8Lc6C2.s 			page 21


 432:Drivers/STM32H7xx_HAL_Driver/Src/stm32h7xx_hal_gpio.c ****   }
 433:Drivers/STM32H7xx_HAL_Driver/Src/stm32h7xx_hal_gpio.c ****   else
 434:Drivers/STM32H7xx_HAL_Driver/Src/stm32h7xx_hal_gpio.c ****   {
 435:Drivers/STM32H7xx_HAL_Driver/Src/stm32h7xx_hal_gpio.c ****     GPIOx->BSRR = (uint32_t)GPIO_Pin << GPIO_NUMBER;
 665              		.loc 1 435 0
 666 0002 0904     		lsls	r1, r1, #16
 667              	.LVL68:
 668 0004 8161     		str	r1, [r0, #24]
 436:Drivers/STM32H7xx_HAL_Driver/Src/stm32h7xx_hal_gpio.c ****   }
 437:Drivers/STM32H7xx_HAL_Driver/Src/stm32h7xx_hal_gpio.c **** }
 669              		.loc 1 437 0
 670 0006 7047     		bx	lr
 671              	.LVL69:
 672              	.L62:
 431:Drivers/STM32H7xx_HAL_Driver/Src/stm32h7xx_hal_gpio.c ****   }
 673              		.loc 1 431 0
 674 0008 8161     		str	r1, [r0, #24]
 675 000a 7047     		bx	lr
 676              		.cfi_endproc
 677              	.LFE147:
 679              		.section	.text.HAL_GPIO_TogglePin,"ax",%progbits
 680              		.align	1
 681              		.global	HAL_GPIO_TogglePin
 682              		.syntax unified
 683              		.thumb
 684              		.thumb_func
 685              		.fpu fpv5-d16
 687              	HAL_GPIO_TogglePin:
 688              	.LFB148:
 438:Drivers/STM32H7xx_HAL_Driver/Src/stm32h7xx_hal_gpio.c **** 
 439:Drivers/STM32H7xx_HAL_Driver/Src/stm32h7xx_hal_gpio.c **** /**
 440:Drivers/STM32H7xx_HAL_Driver/Src/stm32h7xx_hal_gpio.c ****   * @brief  Toggles the specified GPIO pins.
 441:Drivers/STM32H7xx_HAL_Driver/Src/stm32h7xx_hal_gpio.c ****   * @param  GPIOx: Where x can be (A..K) to select the GPIO peripheral.
 442:Drivers/STM32H7xx_HAL_Driver/Src/stm32h7xx_hal_gpio.c ****   * @param  GPIO_Pin: Specifies the pins to be toggled.
 443:Drivers/STM32H7xx_HAL_Driver/Src/stm32h7xx_hal_gpio.c ****   * @retval None
 444:Drivers/STM32H7xx_HAL_Driver/Src/stm32h7xx_hal_gpio.c ****   */
 445:Drivers/STM32H7xx_HAL_Driver/Src/stm32h7xx_hal_gpio.c **** void HAL_GPIO_TogglePin(GPIO_TypeDef *GPIOx, uint16_t GPIO_Pin)
 446:Drivers/STM32H7xx_HAL_Driver/Src/stm32h7xx_hal_gpio.c **** {
 689              		.loc 1 446 0
 690              		.cfi_startproc
 691              		@ args = 0, pretend = 0, frame = 0
 692              		@ frame_needed = 0, uses_anonymous_args = 0
 693              		@ link register save eliminated.
 694              	.LVL70:
 447:Drivers/STM32H7xx_HAL_Driver/Src/stm32h7xx_hal_gpio.c ****   uint32_t odr;
 448:Drivers/STM32H7xx_HAL_Driver/Src/stm32h7xx_hal_gpio.c **** 
 449:Drivers/STM32H7xx_HAL_Driver/Src/stm32h7xx_hal_gpio.c ****   /* Check the parameters */
 450:Drivers/STM32H7xx_HAL_Driver/Src/stm32h7xx_hal_gpio.c ****   assert_param(IS_GPIO_PIN(GPIO_Pin));
 451:Drivers/STM32H7xx_HAL_Driver/Src/stm32h7xx_hal_gpio.c **** 
 452:Drivers/STM32H7xx_HAL_Driver/Src/stm32h7xx_hal_gpio.c ****   /* get current Output Data Register value */
 453:Drivers/STM32H7xx_HAL_Driver/Src/stm32h7xx_hal_gpio.c ****   odr = GPIOx->ODR;
 695              		.loc 1 453 0
 696 0000 4369     		ldr	r3, [r0, #20]
 697              	.LVL71:
 454:Drivers/STM32H7xx_HAL_Driver/Src/stm32h7xx_hal_gpio.c **** 
 455:Drivers/STM32H7xx_HAL_Driver/Src/stm32h7xx_hal_gpio.c ****   /* Set selected pins that were at low level, and reset ones that were high */
 456:Drivers/STM32H7xx_HAL_Driver/Src/stm32h7xx_hal_gpio.c ****   GPIOx->BSRR = ((odr & GPIO_Pin) << GPIO_NUMBER) | (~odr & GPIO_Pin);
ARM GAS  /tmp/cc8Lc6C2.s 			page 22


 698              		.loc 1 456 0
 699 0002 01EA0302 		and	r2, r1, r3
 700 0006 21EA0301 		bic	r1, r1, r3
 701              	.LVL72:
 702 000a 41EA0241 		orr	r1, r1, r2, lsl #16
 703 000e 8161     		str	r1, [r0, #24]
 457:Drivers/STM32H7xx_HAL_Driver/Src/stm32h7xx_hal_gpio.c **** }
 704              		.loc 1 457 0
 705 0010 7047     		bx	lr
 706              		.cfi_endproc
 707              	.LFE148:
 709              		.section	.text.HAL_GPIO_LockPin,"ax",%progbits
 710              		.align	1
 711              		.global	HAL_GPIO_LockPin
 712              		.syntax unified
 713              		.thumb
 714              		.thumb_func
 715              		.fpu fpv5-d16
 717              	HAL_GPIO_LockPin:
 718              	.LFB149:
 458:Drivers/STM32H7xx_HAL_Driver/Src/stm32h7xx_hal_gpio.c **** 
 459:Drivers/STM32H7xx_HAL_Driver/Src/stm32h7xx_hal_gpio.c **** /**
 460:Drivers/STM32H7xx_HAL_Driver/Src/stm32h7xx_hal_gpio.c ****   * @brief  Locks GPIO Pins configuration registers.
 461:Drivers/STM32H7xx_HAL_Driver/Src/stm32h7xx_hal_gpio.c ****   * @note   The locked registers are GPIOx_MODER, GPIOx_OTYPER, GPIOx_OSPEEDR,
 462:Drivers/STM32H7xx_HAL_Driver/Src/stm32h7xx_hal_gpio.c ****   *         GPIOx_PUPDR, GPIOx_AFRL and GPIOx_AFRH.
 463:Drivers/STM32H7xx_HAL_Driver/Src/stm32h7xx_hal_gpio.c ****   * @note   The configuration of the locked GPIO pins can no longer be modified
 464:Drivers/STM32H7xx_HAL_Driver/Src/stm32h7xx_hal_gpio.c ****   *         until the next reset.
 465:Drivers/STM32H7xx_HAL_Driver/Src/stm32h7xx_hal_gpio.c ****   * @param  GPIOx: where x can be (A..K) to select the GPIO peripheral for STM32H7 family
 466:Drivers/STM32H7xx_HAL_Driver/Src/stm32h7xx_hal_gpio.c ****   * @param  GPIO_Pin: specifies the port bit to be locked.
 467:Drivers/STM32H7xx_HAL_Driver/Src/stm32h7xx_hal_gpio.c ****   *         This parameter can be any combination of GPIO_PIN_x where x can be (0..15).
 468:Drivers/STM32H7xx_HAL_Driver/Src/stm32h7xx_hal_gpio.c ****   * @retval None
 469:Drivers/STM32H7xx_HAL_Driver/Src/stm32h7xx_hal_gpio.c ****   */
 470:Drivers/STM32H7xx_HAL_Driver/Src/stm32h7xx_hal_gpio.c **** HAL_StatusTypeDef HAL_GPIO_LockPin(GPIO_TypeDef *GPIOx, uint16_t GPIO_Pin)
 471:Drivers/STM32H7xx_HAL_Driver/Src/stm32h7xx_hal_gpio.c **** {
 719              		.loc 1 471 0
 720              		.cfi_startproc
 721              		@ args = 0, pretend = 0, frame = 8
 722              		@ frame_needed = 0, uses_anonymous_args = 0
 723              		@ link register save eliminated.
 724              	.LVL73:
 725 0000 82B0     		sub	sp, sp, #8
 726              	.LCFI6:
 727              		.cfi_def_cfa_offset 8
 472:Drivers/STM32H7xx_HAL_Driver/Src/stm32h7xx_hal_gpio.c ****   __IO uint32_t tmp = GPIO_LCKR_LCKK;
 728              		.loc 1 472 0
 729 0002 4FF48033 		mov	r3, #65536
 730 0006 0193     		str	r3, [sp, #4]
 473:Drivers/STM32H7xx_HAL_Driver/Src/stm32h7xx_hal_gpio.c **** 
 474:Drivers/STM32H7xx_HAL_Driver/Src/stm32h7xx_hal_gpio.c ****   /* Check the parameters */
 475:Drivers/STM32H7xx_HAL_Driver/Src/stm32h7xx_hal_gpio.c ****   assert_param(IS_GPIO_LOCK_INSTANCE(GPIOx));
 476:Drivers/STM32H7xx_HAL_Driver/Src/stm32h7xx_hal_gpio.c ****   assert_param(IS_GPIO_PIN(GPIO_Pin));
 477:Drivers/STM32H7xx_HAL_Driver/Src/stm32h7xx_hal_gpio.c **** 
 478:Drivers/STM32H7xx_HAL_Driver/Src/stm32h7xx_hal_gpio.c ****   /* Apply lock key write sequence */
 479:Drivers/STM32H7xx_HAL_Driver/Src/stm32h7xx_hal_gpio.c ****   tmp |= GPIO_Pin;
 731              		.loc 1 479 0
 732 0008 019B     		ldr	r3, [sp, #4]
 733 000a 0B43     		orrs	r3, r3, r1
ARM GAS  /tmp/cc8Lc6C2.s 			page 23


 734 000c 0193     		str	r3, [sp, #4]
 480:Drivers/STM32H7xx_HAL_Driver/Src/stm32h7xx_hal_gpio.c ****   /* Set LCKx bit(s): LCKK='1' + LCK[15-0] */
 481:Drivers/STM32H7xx_HAL_Driver/Src/stm32h7xx_hal_gpio.c ****   GPIOx->LCKR = tmp;
 735              		.loc 1 481 0
 736 000e 019B     		ldr	r3, [sp, #4]
 737 0010 C361     		str	r3, [r0, #28]
 482:Drivers/STM32H7xx_HAL_Driver/Src/stm32h7xx_hal_gpio.c ****   /* Reset LCKx bit(s): LCKK='0' + LCK[15-0] */
 483:Drivers/STM32H7xx_HAL_Driver/Src/stm32h7xx_hal_gpio.c ****   GPIOx->LCKR = GPIO_Pin;
 738              		.loc 1 483 0
 739 0012 C161     		str	r1, [r0, #28]
 484:Drivers/STM32H7xx_HAL_Driver/Src/stm32h7xx_hal_gpio.c ****   /* Set LCKx bit(s): LCKK='1' + LCK[15-0] */
 485:Drivers/STM32H7xx_HAL_Driver/Src/stm32h7xx_hal_gpio.c ****   GPIOx->LCKR = tmp;
 740              		.loc 1 485 0
 741 0014 019B     		ldr	r3, [sp, #4]
 742 0016 C361     		str	r3, [r0, #28]
 486:Drivers/STM32H7xx_HAL_Driver/Src/stm32h7xx_hal_gpio.c ****   /* Read LCKK register. This read is mandatory to complete key lock sequence*/
 487:Drivers/STM32H7xx_HAL_Driver/Src/stm32h7xx_hal_gpio.c ****   tmp = GPIOx->LCKR;
 743              		.loc 1 487 0
 744 0018 C369     		ldr	r3, [r0, #28]
 745 001a 0193     		str	r3, [sp, #4]
 488:Drivers/STM32H7xx_HAL_Driver/Src/stm32h7xx_hal_gpio.c **** 
 489:Drivers/STM32H7xx_HAL_Driver/Src/stm32h7xx_hal_gpio.c ****   /* read again in order to confirm lock is active */
 490:Drivers/STM32H7xx_HAL_Driver/Src/stm32h7xx_hal_gpio.c ****   if ((GPIOx->LCKR & GPIO_LCKR_LCKK) != 0x00U)
 746              		.loc 1 490 0
 747 001c C369     		ldr	r3, [r0, #28]
 748 001e 13F4803F 		tst	r3, #65536
 749 0022 02D1     		bne	.L68
 491:Drivers/STM32H7xx_HAL_Driver/Src/stm32h7xx_hal_gpio.c ****   {
 492:Drivers/STM32H7xx_HAL_Driver/Src/stm32h7xx_hal_gpio.c ****     return HAL_OK;
 493:Drivers/STM32H7xx_HAL_Driver/Src/stm32h7xx_hal_gpio.c ****   }
 494:Drivers/STM32H7xx_HAL_Driver/Src/stm32h7xx_hal_gpio.c ****   else
 495:Drivers/STM32H7xx_HAL_Driver/Src/stm32h7xx_hal_gpio.c ****   {
 496:Drivers/STM32H7xx_HAL_Driver/Src/stm32h7xx_hal_gpio.c ****     return HAL_ERROR;
 750              		.loc 1 496 0
 751 0024 0120     		movs	r0, #1
 752              	.LVL74:
 753              	.L65:
 497:Drivers/STM32H7xx_HAL_Driver/Src/stm32h7xx_hal_gpio.c ****   }
 498:Drivers/STM32H7xx_HAL_Driver/Src/stm32h7xx_hal_gpio.c **** }
 754              		.loc 1 498 0
 755 0026 02B0     		add	sp, sp, #8
 756              	.LCFI7:
 757              		.cfi_remember_state
 758              		.cfi_def_cfa_offset 0
 759              		@ sp needed
 760 0028 7047     		bx	lr
 761              	.LVL75:
 762              	.L68:
 763              	.LCFI8:
 764              		.cfi_restore_state
 492:Drivers/STM32H7xx_HAL_Driver/Src/stm32h7xx_hal_gpio.c ****   }
 765              		.loc 1 492 0
 766 002a 0020     		movs	r0, #0
 767              	.LVL76:
 768 002c FBE7     		b	.L65
 769              		.cfi_endproc
 770              	.LFE149:
ARM GAS  /tmp/cc8Lc6C2.s 			page 24


 772              		.section	.text.HAL_GPIO_EXTI_Callback,"ax",%progbits
 773              		.align	1
 774              		.weak	HAL_GPIO_EXTI_Callback
 775              		.syntax unified
 776              		.thumb
 777              		.thumb_func
 778              		.fpu fpv5-d16
 780              	HAL_GPIO_EXTI_Callback:
 781              	.LFB151:
 499:Drivers/STM32H7xx_HAL_Driver/Src/stm32h7xx_hal_gpio.c **** 
 500:Drivers/STM32H7xx_HAL_Driver/Src/stm32h7xx_hal_gpio.c **** /**
 501:Drivers/STM32H7xx_HAL_Driver/Src/stm32h7xx_hal_gpio.c ****   * @brief  Handle EXTI interrupt request.
 502:Drivers/STM32H7xx_HAL_Driver/Src/stm32h7xx_hal_gpio.c ****   * @param  GPIO_Pin: Specifies the port pin connected to corresponding EXTI line.
 503:Drivers/STM32H7xx_HAL_Driver/Src/stm32h7xx_hal_gpio.c ****   * @retval None
 504:Drivers/STM32H7xx_HAL_Driver/Src/stm32h7xx_hal_gpio.c ****   */
 505:Drivers/STM32H7xx_HAL_Driver/Src/stm32h7xx_hal_gpio.c **** void HAL_GPIO_EXTI_IRQHandler(uint16_t GPIO_Pin)
 506:Drivers/STM32H7xx_HAL_Driver/Src/stm32h7xx_hal_gpio.c **** {
 507:Drivers/STM32H7xx_HAL_Driver/Src/stm32h7xx_hal_gpio.c **** #if defined(DUAL_CORE) && defined(CORE_CM4)
 508:Drivers/STM32H7xx_HAL_Driver/Src/stm32h7xx_hal_gpio.c ****   if (__HAL_GPIO_EXTID2_GET_IT(GPIO_Pin) != 0x00U)
 509:Drivers/STM32H7xx_HAL_Driver/Src/stm32h7xx_hal_gpio.c ****   {
 510:Drivers/STM32H7xx_HAL_Driver/Src/stm32h7xx_hal_gpio.c ****     __HAL_GPIO_EXTID2_CLEAR_IT(GPIO_Pin);
 511:Drivers/STM32H7xx_HAL_Driver/Src/stm32h7xx_hal_gpio.c ****     HAL_GPIO_EXTI_Callback(GPIO_Pin);
 512:Drivers/STM32H7xx_HAL_Driver/Src/stm32h7xx_hal_gpio.c ****   }
 513:Drivers/STM32H7xx_HAL_Driver/Src/stm32h7xx_hal_gpio.c **** #else
 514:Drivers/STM32H7xx_HAL_Driver/Src/stm32h7xx_hal_gpio.c ****   /* EXTI line interrupt detected */
 515:Drivers/STM32H7xx_HAL_Driver/Src/stm32h7xx_hal_gpio.c ****   if (__HAL_GPIO_EXTI_GET_IT(GPIO_Pin) != 0x00U)
 516:Drivers/STM32H7xx_HAL_Driver/Src/stm32h7xx_hal_gpio.c ****   {
 517:Drivers/STM32H7xx_HAL_Driver/Src/stm32h7xx_hal_gpio.c ****     __HAL_GPIO_EXTI_CLEAR_IT(GPIO_Pin);
 518:Drivers/STM32H7xx_HAL_Driver/Src/stm32h7xx_hal_gpio.c ****     HAL_GPIO_EXTI_Callback(GPIO_Pin);
 519:Drivers/STM32H7xx_HAL_Driver/Src/stm32h7xx_hal_gpio.c ****   }
 520:Drivers/STM32H7xx_HAL_Driver/Src/stm32h7xx_hal_gpio.c **** #endif
 521:Drivers/STM32H7xx_HAL_Driver/Src/stm32h7xx_hal_gpio.c **** }
 522:Drivers/STM32H7xx_HAL_Driver/Src/stm32h7xx_hal_gpio.c **** 
 523:Drivers/STM32H7xx_HAL_Driver/Src/stm32h7xx_hal_gpio.c **** /**
 524:Drivers/STM32H7xx_HAL_Driver/Src/stm32h7xx_hal_gpio.c ****   * @brief  EXTI line detection callback.
 525:Drivers/STM32H7xx_HAL_Driver/Src/stm32h7xx_hal_gpio.c ****   * @param  GPIO_Pin: Specifies the port pin connected to corresponding EXTI line.
 526:Drivers/STM32H7xx_HAL_Driver/Src/stm32h7xx_hal_gpio.c ****   * @retval None
 527:Drivers/STM32H7xx_HAL_Driver/Src/stm32h7xx_hal_gpio.c ****   */
 528:Drivers/STM32H7xx_HAL_Driver/Src/stm32h7xx_hal_gpio.c **** __weak void HAL_GPIO_EXTI_Callback(uint16_t GPIO_Pin)
 529:Drivers/STM32H7xx_HAL_Driver/Src/stm32h7xx_hal_gpio.c **** {
 782              		.loc 1 529 0
 783              		.cfi_startproc
 784              		@ args = 0, pretend = 0, frame = 0
 785              		@ frame_needed = 0, uses_anonymous_args = 0
 786              		@ link register save eliminated.
 787              	.LVL77:
 530:Drivers/STM32H7xx_HAL_Driver/Src/stm32h7xx_hal_gpio.c ****   /* Prevent unused argument(s) compilation warning */
 531:Drivers/STM32H7xx_HAL_Driver/Src/stm32h7xx_hal_gpio.c ****   UNUSED(GPIO_Pin);
 532:Drivers/STM32H7xx_HAL_Driver/Src/stm32h7xx_hal_gpio.c **** 
 533:Drivers/STM32H7xx_HAL_Driver/Src/stm32h7xx_hal_gpio.c ****   /* NOTE: This function Should not be modified, when the callback is needed,
 534:Drivers/STM32H7xx_HAL_Driver/Src/stm32h7xx_hal_gpio.c ****            the HAL_GPIO_EXTI_Callback could be implemented in the user file
 535:Drivers/STM32H7xx_HAL_Driver/Src/stm32h7xx_hal_gpio.c ****    */
 536:Drivers/STM32H7xx_HAL_Driver/Src/stm32h7xx_hal_gpio.c **** }
 788              		.loc 1 536 0
 789 0000 7047     		bx	lr
 790              		.cfi_endproc
 791              	.LFE151:
ARM GAS  /tmp/cc8Lc6C2.s 			page 25


 793              		.section	.text.HAL_GPIO_EXTI_IRQHandler,"ax",%progbits
 794              		.align	1
 795              		.global	HAL_GPIO_EXTI_IRQHandler
 796              		.syntax unified
 797              		.thumb
 798              		.thumb_func
 799              		.fpu fpv5-d16
 801              	HAL_GPIO_EXTI_IRQHandler:
 802              	.LFB150:
 506:Drivers/STM32H7xx_HAL_Driver/Src/stm32h7xx_hal_gpio.c **** #if defined(DUAL_CORE) && defined(CORE_CM4)
 803              		.loc 1 506 0
 804              		.cfi_startproc
 805              		@ args = 0, pretend = 0, frame = 0
 806              		@ frame_needed = 0, uses_anonymous_args = 0
 807              	.LVL78:
 808 0000 08B5     		push	{r3, lr}
 809              	.LCFI9:
 810              		.cfi_def_cfa_offset 8
 811              		.cfi_offset 3, -8
 812              		.cfi_offset 14, -4
 515:Drivers/STM32H7xx_HAL_Driver/Src/stm32h7xx_hal_gpio.c ****   {
 813              		.loc 1 515 0
 814 0002 4FF0B043 		mov	r3, #1476395008
 815 0006 D3F88830 		ldr	r3, [r3, #136]
 816 000a 0342     		tst	r3, r0
 817 000c 00D1     		bne	.L73
 818              	.LVL79:
 819              	.L70:
 521:Drivers/STM32H7xx_HAL_Driver/Src/stm32h7xx_hal_gpio.c **** 
 820              		.loc 1 521 0
 821 000e 08BD     		pop	{r3, pc}
 822              	.LVL80:
 823              	.L73:
 517:Drivers/STM32H7xx_HAL_Driver/Src/stm32h7xx_hal_gpio.c ****     HAL_GPIO_EXTI_Callback(GPIO_Pin);
 824              		.loc 1 517 0
 825 0010 4FF0B043 		mov	r3, #1476395008
 826 0014 C3F88800 		str	r0, [r3, #136]
 518:Drivers/STM32H7xx_HAL_Driver/Src/stm32h7xx_hal_gpio.c ****   }
 827              		.loc 1 518 0
 828 0018 FFF7FEFF 		bl	HAL_GPIO_EXTI_Callback
 829              	.LVL81:
 521:Drivers/STM32H7xx_HAL_Driver/Src/stm32h7xx_hal_gpio.c **** 
 830              		.loc 1 521 0
 831 001c F7E7     		b	.L70
 832              		.cfi_endproc
 833              	.LFE150:
 835              		.text
 836              	.Letext0:
 837              		.file 2 "/opt/gcc-arm-none-eabi-7-2017-q4-major/arm-none-eabi/include/machine/_default_types.h"
 838              		.file 3 "/opt/gcc-arm-none-eabi-7-2017-q4-major/arm-none-eabi/include/sys/_stdint.h"
 839              		.file 4 "Drivers/CMSIS/Include/core_cm7.h"
 840              		.file 5 "Drivers/CMSIS/Device/ST/STM32H7xx/Include/system_stm32h7xx.h"
 841              		.file 6 "Drivers/CMSIS/Device/ST/STM32H7xx/Include/stm32h743xx.h"
 842              		.file 7 "/opt/gcc-arm-none-eabi-7-2017-q4-major/arm-none-eabi/include/sys/lock.h"
 843              		.file 8 "/opt/gcc-arm-none-eabi-7-2017-q4-major/arm-none-eabi/include/sys/_types.h"
 844              		.file 9 "/opt/gcc-arm-none-eabi-7-2017-q4-major/lib/gcc/arm-none-eabi/7.2.1/include/stddef.h"
 845              		.file 10 "/opt/gcc-arm-none-eabi-7-2017-q4-major/arm-none-eabi/include/sys/reent.h"
ARM GAS  /tmp/cc8Lc6C2.s 			page 26


 846              		.file 11 "/opt/gcc-arm-none-eabi-7-2017-q4-major/arm-none-eabi/include/math.h"
 847              		.file 12 "Drivers/STM32H7xx_HAL_Driver/Inc/stm32h7xx_hal_def.h"
 848              		.file 13 "Drivers/STM32H7xx_HAL_Driver/Inc/stm32h7xx_hal_gpio.h"
 849              		.file 14 "Drivers/STM32H7xx_HAL_Driver/Inc/stm32h7xx_hal_flash.h"
 850              		.file 15 "Drivers/STM32H7xx_HAL_Driver/Inc/stm32h7xx_hal.h"
ARM GAS  /tmp/cc8Lc6C2.s 			page 27


DEFINED SYMBOLS
                            *ABS*:0000000000000000 stm32h7xx_hal_gpio.c
     /tmp/cc8Lc6C2.s:17     .text.HAL_GPIO_Init:0000000000000000 $t
     /tmp/cc8Lc6C2.s:24     .text.HAL_GPIO_Init:0000000000000000 HAL_GPIO_Init
     /tmp/cc8Lc6C2.s:379    .text.HAL_GPIO_Init:00000000000001dc $d
     /tmp/cc8Lc6C2.s:387    .text.HAL_GPIO_DeInit:0000000000000000 $t
     /tmp/cc8Lc6C2.s:394    .text.HAL_GPIO_DeInit:0000000000000000 HAL_GPIO_DeInit
     /tmp/cc8Lc6C2.s:607    .text.HAL_GPIO_DeInit:000000000000013c $d
     /tmp/cc8Lc6C2.s:614    .text.HAL_GPIO_ReadPin:0000000000000000 $t
     /tmp/cc8Lc6C2.s:621    .text.HAL_GPIO_ReadPin:0000000000000000 HAL_GPIO_ReadPin
     /tmp/cc8Lc6C2.s:648    .text.HAL_GPIO_WritePin:0000000000000000 $t
     /tmp/cc8Lc6C2.s:655    .text.HAL_GPIO_WritePin:0000000000000000 HAL_GPIO_WritePin
     /tmp/cc8Lc6C2.s:680    .text.HAL_GPIO_TogglePin:0000000000000000 $t
     /tmp/cc8Lc6C2.s:687    .text.HAL_GPIO_TogglePin:0000000000000000 HAL_GPIO_TogglePin
     /tmp/cc8Lc6C2.s:710    .text.HAL_GPIO_LockPin:0000000000000000 $t
     /tmp/cc8Lc6C2.s:717    .text.HAL_GPIO_LockPin:0000000000000000 HAL_GPIO_LockPin
     /tmp/cc8Lc6C2.s:773    .text.HAL_GPIO_EXTI_Callback:0000000000000000 $t
     /tmp/cc8Lc6C2.s:780    .text.HAL_GPIO_EXTI_Callback:0000000000000000 HAL_GPIO_EXTI_Callback
     /tmp/cc8Lc6C2.s:794    .text.HAL_GPIO_EXTI_IRQHandler:0000000000000000 $t
     /tmp/cc8Lc6C2.s:801    .text.HAL_GPIO_EXTI_IRQHandler:0000000000000000 HAL_GPIO_EXTI_IRQHandler

NO UNDEFINED SYMBOLS
